
 ************************************************************
 ************************************************************
 ****  T-BLADE3:Turbomachinery BLADE 3D Geometry Builder ****
 ****                                                    ****
 ****  Master Version 1.13                               ****
 ****                                                    ****
 ****  ...was also called as below till Aug 2016...      ****
 ****  3DBGB: 3 Dimensional Blade Geometry Builder       ****
 ****                                                    ****
 ****  Develop Version 1.2                               ****
 ****                                                    ****
 ****  This software comes with ABSOLUTELY NO WARRANTY   ****
 ****                                                    ****
 ****  This is a program which generates a 3D blade...   ****
 ****  ...shape and outputs 3D blade section files.      ****
 ****                                                    ****
 ****  Inputs: LE and TE curve(x,r), inlet angle,        ****
 ****          exit angle, chord, tm/c, incidence,       ****
 ****          deviation, secondary flow angles,         ****
 ****          streamline coordinates:(x,r)              ****
 ****          control points for sweep, lean,           ****
 ****          blade scaling factor.                     ****
 ****                                                    ****
 ****  Outputs: 3D blade sections (x,y,z),               ****
 ****           2D airfoils (mprime,theta).              ****
 ****                                                    ****
 ****  ---------------by Kiran Siddappaji         ----   ****
 ****  ---------------by Mark G. Turner           ----   ****
 ****  ------------------- turnermr@ucmail.uc.edu ----   ****
 ****  ---------------by Karthik Balasubramanian  ----   ****
 ****  ---------------by Syed Moez Hussain Mahmood----   ****
 ****  ---------------by Ahmed Nemnem             ----   ****
 ****  ---------------by Marshall C. Galbraith    ----   ****
 ************************************************************
 ************************************************************

 T-Blade3 Copyright (C) 2017 University of Cincinnati, developed by Kiran Siddappaji,
 Dr. Mark G. Turner, Karthik  Balasubramanian, Syed Moez Hussain, Ahmed Farid Nemnem 
  and Marshall C. Galbraith.

 This program is free software; you can redistribute it and/or modify it under the 
 terms of the GNU General Public License as published by the Free Software Foundation; 
 either version 2 of the License, or (at your option) any later version.

 This program is distributed in the hope that it will be useful, but WITHOUT ANY WARRANTY;
 without even the implied warranty of MERCHANTABILITY or FITNESS FOR A PARTICULAR PURPOSE. 
 See the GNU General Public License for more details.  For the complete terms of the 
 GNU General Public License, please see this URL: http://www.gnu.org/licenses/gpl-2.0.html

 ************************************************************

 Row number and blade  type is 1nax5                                                                                                                                                                                                                                                           
 
 3dbgbinput.1nax5.dat                                                                                                                                                                                                                                            
 
 Incidence and Deviation defined spanwise as a B-spline using control points
 
 inci_dev_spline
 
 Reading inputs from file: 3dbgbinput.1nax5.dat                                                                                                                                                                                                                                            
 
 Reading the spanwise_input file ....
 
 Spanwise input file read successfully

 case:Case6_2                                                                                                                                                                                                                                                         
 bladerow #:           1
   1       

 Number of blades in this row:          20
 bsf:   152.40000000000001     

 Number of streamlines:          21

    in_betaZ*    out_betaZ*
   0.0000000000000000       -19.030736500000000     
   0.0000000000000000       -13.772680429999999     
   0.0000000000000000       -10.258185670000000     
   0.0000000000000000       -8.1097568599999992     
   0.0000000000000000       -6.3683073500000003     
   0.0000000000000000       -4.8750483899999999     
   0.0000000000000000       -3.6576954800000001     
   0.0000000000000000       -2.5996792599999998     
   0.0000000000000000       -1.7006599600000001     
   0.0000000000000000      -0.91793367999999997     
   0.0000000000000000      -0.25471163000000002     
   0.0000000000000000       0.33827494000000002     
   0.0000000000000000       0.85759470000000004     
   0.0000000000000000        1.3219841500000000     
   0.0000000000000000        1.7276708199999999     
   0.0000000000000000        2.1195313900000001     
   0.0000000000000000        2.4897911000000001     
   0.0000000000000000        2.8427144000000002     
   0.0000000000000000        3.1807965000000000     
   0.0000000000000000        3.5276307199999999     
   0.0000000000000000        3.8970639100000000     

 LE/TE defined by a curve with no. of points as:          27
 xLE    rLE     xTE     rTE
 -0.38559800000000000       0.33446199999999998      -0.15491800000000000       0.32155000000000000     
 -0.38349400000000000       0.35834300000000002      -0.15277499999999999       0.34657700000000002     
 -0.38139000000000001       0.38222299999999998      -0.15063299999999999       0.37160399999999999     
 -0.37928600000000001       0.40610400000000002      -0.14849000000000001       0.39663100000000001     
 -0.37718200000000002       0.42998500000000001      -0.14634700000000000       0.42165700000000000     
 -0.37507800000000002       0.45386599999999999      -0.14420500000000000       0.44668400000000003     
 -0.37297400000000003       0.47774600000000000      -0.14206199999999999       0.47171099999999999     
 -0.37086999999999998       0.50162700000000005      -0.13991899999999999       0.49673800000000001     
 -0.36876599999999998       0.52550799999999998      -0.13777600000000001       0.52176500000000003     
 -0.36666199999999999       0.54938799999999999      -0.13563400000000000       0.54679199999999994     
 -0.36455799999999999       0.57326900000000003      -0.13349100000000000       0.57181899999999997     
 -0.36245300000000003       0.59714999999999996      -0.13134799999999999       0.59684599999999999     
 -0.36034899999999997       0.62103100000000000      -0.12920599999999999       0.62187300000000001     
 -0.35824499999999998       0.64491200000000004      -0.12706300000000001       0.64690000000000003     
 -0.35614099999999999       0.66879299999999997      -0.12492000000000000       0.67192700000000005     
 -0.35403699999999999       0.69267299999999998      -0.12277800000000000       0.69695399999999996     
 -0.35193300000000000       0.71655400000000002      -0.12063500000000001       0.72198099999999998     
 -0.34982900000000000       0.74043499999999995      -0.11849200000000000       0.74700699999999998     
 -0.34772500000000001       0.76431600000000000      -0.11635000000000000       0.77203400000000000     
 -0.34562100000000001       0.78819600000000001      -0.11420700000000000       0.79706100000000002     
 -0.34351700000000002       0.81207700000000005      -0.11206400000000000       0.82208800000000004     
 -0.34141300000000002       0.83595799999999998      -0.10992100000000000       0.84711499999999995     
 -0.33930900000000003       0.85983799999999999      -0.10777900000000000       0.87214199999999997     
 -0.33720499999999998       0.88371900000000003      -0.10563599999999999       0.89716899999999999     
 -0.33510099999999998       0.90759999999999996      -0.10349300000000000       0.92219600000000002     
 -0.33299699999999999       0.93148100000000000      -0.10135100000000000       0.94722300000000004     
 -0.32559900000000003        1.0154440000000000       -9.4880000000000006E-002   1.0227999999999999     
 
 sect1                  25.000000000000000        0.0000000000000000       0.29999999999999999        2.0000000000000000E-002   2.0000000000000000E-002   15.000000000000000        10.000000000000000                0
 sect1                  25.000000000000000        0.0000000000000000       0.29999999999999999        2.0000000000000000E-002   2.0000000000000000E-002   15.000000000000000        10.000000000000000                0
 sect1                  25.000000000000000        0.0000000000000000       0.29999999999999999        2.0000000000000000E-002   2.0000000000000000E-002   15.000000000000000        10.000000000000000                0
 sect1                  25.000000000000000        0.0000000000000000       0.29999999999999999        2.0000000000000000E-002   2.0000000000000000E-002   15.000000000000000        10.000000000000000                0
 sect1                  25.000000000000000        0.0000000000000000       0.29999999999999999        2.0000000000000000E-002   2.0000000000000000E-002   15.000000000000000        10.000000000000000                0
 sect1                  25.000000000000000        0.0000000000000000       0.29999999999999999        2.0000000000000000E-002   2.0000000000000000E-002   15.000000000000000        10.000000000000000                0
 sect1                  25.000000000000000        0.0000000000000000       0.29999999999999999        2.0000000000000000E-002   2.0000000000000000E-002   15.000000000000000        10.000000000000000                0
 sect1                  25.000000000000000        0.0000000000000000       0.29999999999999999        2.0000000000000000E-002   2.0000000000000000E-002   15.000000000000000        10.000000000000000                0
 sect1                  25.000000000000000        0.0000000000000000       0.29999999999999999        2.0000000000000000E-002   2.0000000000000000E-002   15.000000000000000        10.000000000000000                0
 sect1                  25.000000000000000        0.0000000000000000       0.29999999999999999        2.0000000000000000E-002   2.0000000000000000E-002   15.000000000000000        10.000000000000000                0
 sect1                  25.000000000000000        0.0000000000000000       0.29999999999999999        2.0000000000000000E-002   2.0000000000000000E-002   15.000000000000000        10.000000000000000                0
 sect1                  25.000000000000000        0.0000000000000000       0.29999999999999999        2.0000000000000000E-002   2.0000000000000000E-002   15.000000000000000        10.000000000000000                0
 sect1                  25.000000000000000        0.0000000000000000       0.29999999999999999        2.0000000000000000E-002   2.0000000000000000E-002   15.000000000000000        10.000000000000000                0
 sect1                  25.000000000000000        0.0000000000000000       0.29999999999999999        2.0000000000000000E-002   2.0000000000000000E-002   15.000000000000000        10.000000000000000                0
 sect1                  25.000000000000000        0.0000000000000000       0.29999999999999999        2.0000000000000000E-002   2.0000000000000000E-002   15.000000000000000        10.000000000000000                0
 sect1                  25.000000000000000        0.0000000000000000       0.29999999999999999        2.0000000000000000E-002   2.0000000000000000E-002   15.000000000000000        10.000000000000000                0
 sect1                  25.000000000000000        0.0000000000000000       0.29999999999999999        2.0000000000000000E-002   2.0000000000000000E-002   15.000000000000000        10.000000000000000                0
 sect1                  25.000000000000000        0.0000000000000000       0.29999999999999999        2.0000000000000000E-002   2.0000000000000000E-002   15.000000000000000        10.000000000000000                0
 sect1                  25.000000000000000        0.0000000000000000       0.29999999999999999        2.0000000000000000E-002   2.0000000000000000E-002   15.000000000000000        10.000000000000000                0
 sect1                  25.000000000000000        0.0000000000000000       0.29999999999999999        2.0000000000000000E-002   2.0000000000000000E-002   15.000000000000000        10.000000000000000                0
 sect1                  25.000000000000000        0.0000000000000000       0.29999999999999999        2.0000000000000000E-002   2.0000000000000000E-002   15.000000000000000        10.000000000000000                0
 
 Sweep in the axial direction (m-prime).
 
 Lean in the tangential direction (theta).
 
 Writing dimensional hub and casing streamlines

 Using x_s and r_s coordinates for streamline from the input file...

 Calculating the m_prime coordinates for each streamline...

 
 hub offset:   0.0000000000000000     
 tip offset:   0.0000000000000000     

 xLE    rLE     xTE     rTE
 
 Calculating LE x, r points... 
 
 Calculating TE x, r points...
 
 i_slope           0
 i_slope           0
 i_slope           0
 i_slope           0
 i_slope           0
 i_slope           0
 i_slope           0
 i_slope           0
 i_slope           0
 i_slope           0
 i_slope           0
 i_slope           0
 i_slope           0
 i_slope           0
 i_slope           0
 i_slope           0
 i_slope           0
 i_slope           0
 i_slope           0
 i_slope           0
 i_slope           0
 
 ile:           2
 ite:           5
 ile:          14
 ite:          51
 ile:          14
 ite:          52
 ile:          15
 ite:          53
 ile:          15
 ite:          53
 ile:          15
 ite:          54
 ile:          16
 ite:          54
 ile:          16
 ite:          55
 ile:          17
 ite:          55
 ile:          17
 ite:          56
 ile:          18
 ite:          56
 ile:          18
 ite:          57
 ile:          19
 ite:          57
 ile:          19
 ite:          58
 ile:          20
 ite:          58
 ile:          20
 ite:          58
 ile:          21
 ite:          59
 ile:          21
 ite:          59
 ile:          22
 ite:          60
 ile:          22
 ite:          60
 ile:           4
 ite:           9

 Using x values for msLE due to a purely axial flow.
 Using x values for msTE due to a purely axial flow.
 msle:  0.31997201583567025     
 mste:  0.96347654244761249     
 chordm:  0.64350452661194224     
 Using x values for msLE due to a purely axial flow.
 Using x values for msTE due to a purely axial flow.
 msle:  0.19591061812972421     
 mste:  0.78122589299639089     
 chordm:  0.58531527486666668     
 Using x values for msLE due to a purely axial flow.
 Using x values for msTE due to a purely axial flow.
 msle:  0.18858472554247366     
 mste:  0.72587005897914580     
 chordm:  0.53728533343667217     
 Using x values for msLE due to a purely axial flow.
 Using x values for msTE due to a purely axial flow.
 msle:  0.18202228819863855     
 mste:  0.67898268460117983     
 chordm:  0.49696039640254130     
 Using x values for msLE due to a purely axial flow.
 Using x values for msTE due to a purely axial flow.
 msle:  0.17614470457452563     
 mste:  0.63883669129540321     
 chordm:  0.46269198672087758     
 Using x values for msLE due to a purely axial flow.
 Using x values for msTE due to a purely axial flow.
 msle:  0.17089595124690959     
 mste:  0.60422999736951954     
 chordm:  0.43333404612260995     
 Using x values for msLE due to a purely axial flow.
 Using x values for msTE due to a purely axial flow.
 msle:  0.16621265013027903     
 mste:  0.57402662646346414     
 chordm:  0.40781397633318511     
 Using x values for msLE due to a purely axial flow.
 Using x values for msTE due to a purely axial flow.
 msle:  0.16202686761307153     
 mste:  0.54747317435424436     
 chordm:  0.38544630674117286     
 Using x values for msLE due to a purely axial flow.
 Using x values for msTE due to a purely axial flow.
 msle:  0.15826704240584155     
 mste:  0.52391879987733658     
 chordm:  0.36565175747149503     
 Using x values for msLE due to a purely axial flow.
 Using x values for msTE due to a purely axial flow.
 msle:  0.15487455567161304     
 mste:  0.50285511902735058     
 chordm:  0.34798056335573757     
 Using x values for msLE due to a purely axial flow.
 Using x values for msTE due to a purely axial flow.
 msle:  0.15179715234105678     
 mste:  0.48388147294776918     
 chordm:  0.33208432060671239     
 Using x values for msLE due to a purely axial flow.
 Using x values for msTE due to a purely axial flow.
 msle:  0.14899024894909024     
 mste:  0.46668088574850536     
 chordm:  0.31769063679941512     
 Using x values for msLE due to a purely axial flow.
 Using x values for msTE due to a purely axial flow.
 msle:  0.14641641117394560     
 mste:  0.45099283419618041     
 chordm:  0.30457642302223481     
 Using x values for msLE due to a purely axial flow.
 Using x values for msTE due to a purely axial flow.
 msle:  0.14404389552946165     
 mste:  0.43661375322377421     
 chordm:  0.29256985769431254     
 Using x values for msLE due to a purely axial flow.
 Using x values for msTE due to a purely axial flow.
 msle:  0.14184575532997165     
 mste:  0.42337347550665283     
 chordm:  0.28152772017668115     
 Using x values for msLE due to a purely axial flow.
 Using x values for msTE due to a purely axial flow.
 msle:  0.13979964887105908     
 mste:  0.41111659638134473     
 chordm:  0.27131694751028568     
 Using x values for msLE due to a purely axial flow.
 Using x values for msTE due to a purely axial flow.
 msle:  0.13788623181072737     
 mste:  0.39970106503241376     
 chordm:  0.26181483322168642     
 Using x values for msLE due to a purely axial flow.
 Using x values for msTE due to a purely axial flow.
 msle:  0.13608793150139117     
 mste:  0.38898868932967218     
 chordm:  0.25290075782828103     
 Using x values for msLE due to a purely axial flow.
 Using x values for msTE due to a purely axial flow.
 msle:  0.13439292192103683     
 mste:  0.37883608768943461     
 chordm:  0.24444316576839778     
 Using x values for msLE due to a purely axial flow.
 Using x values for msTE due to a purely axial flow.
 msle:  0.13280531026374201     
 mste:  0.36904839003825551     
 chordm:  0.23624307977451350     
 Using x values for msLE due to a purely axial flow.
 Using x values for msTE due to a purely axial flow.
 msle:  0.13865186232444504     
 mste:  0.36616931882926257     
 chordm:  0.22751745650481753     
 
 phi_s_in(ia)  -8.1681972192684462     
 phi_s_in(ia)  -5.3489122838975414     
 phi_s_in(ia)  -2.8643540865073414     
 phi_s_in(ia) -0.98359490077386924     
 phi_s_in(ia)  0.37008750378295663     
 phi_s_in(ia)   1.3157268673562235     
 phi_s_in(ia)   1.9634820599118101     
 phi_s_in(ia)   2.3697212053073144     
 phi_s_in(ia)   2.5703248259334832     
 phi_s_in(ia)   2.5952992786169351     
 phi_s_in(ia)   2.4712304018026918     
 phi_s_in(ia)   2.2202643590329538     
 phi_s_in(ia)   1.8562541586298471     
 phi_s_in(ia)   1.3815300239749826     
 phi_s_in(ia)  0.80100011706022467     
 phi_s_in(ia)  0.13014569980949914     
 phi_s_in(ia) -0.61052704954440806     
 phi_s_in(ia)  -1.3994675440785769     
 phi_s_in(ia)  -2.2021210458103666     
 phi_s_in(ia)  -2.9642064555909902     
 phi_s_in(ia)  -3.6325789877822059     
 phi_s_out(ia)  -7.0643607153971786     
 phi_s_out(ia)  -3.2325674022299431     
 phi_s_out(ia)  -1.0279521760648429     
 phi_s_out(ia)  0.46979160250659852     
 phi_s_out(ia)   1.5156758427136672     
 phi_s_out(ia)   2.1708357199746748     
 phi_s_out(ia)   2.5666988827012571     
 phi_s_out(ia)   2.7292312715203839     
 phi_s_out(ia)   2.7135364675276850     
 phi_s_out(ia)   2.5657235809381937     
 phi_s_out(ia)   2.3223553537939505     
 phi_s_out(ia)   2.0098197735321470     
 phi_s_out(ia)   1.6453578005193750     
 phi_s_out(ia)   1.2459929945809223     
 phi_s_out(ia)  0.83215528710413889     
 phi_s_out(ia)  0.41734573751443399     
 phi_s_out(ia)   1.6493882429051643E-002
 phi_s_out(ia) -0.35854412563930482     
 phi_s_out(ia) -0.69188693013008074     
 phi_s_out(ia) -0.96615944959174838     
 phi_s_out(ia)  -1.2136468930237228     
 
 Creating cubic B-spline with spancontrolinput file
 B-spline created successfully

  Inlet Beta incidence defined spanwise by a cubic B-spline using control points.
    span         in_Beta (spline)
   0.0000000000000000        0.0000000000000000     
   4.3387452907245522E-002   0.0000000000000000     
   9.1666814348395992E-002   0.0000000000000000     
  0.14180684101438704        0.0000000000000000     
  0.19287314220344681        0.0000000000000000     
  0.24429913550710761        0.0000000000000000     
  0.29570585218523998        0.0000000000000000     
  0.34684875028072154        0.0000000000000000     
  0.39758620514910942        0.0000000000000000     
  0.44785993027610921        0.0000000000000000     
  0.49767092108288941        0.0000000000000000     
  0.54706198722188681        0.0000000000000000     
  0.59610281898167339        0.0000000000000000     
  0.64488314347623310        0.0000000000000000     
  0.69351621916945305        0.0000000000000000     
  0.74214526809226933        0.0000000000000000     
  0.79095033706026341        0.0000000000000000     
  0.84016821100777206        0.0000000000000000     
  0.89017971105885929        0.0000000000000000     
  0.94188710962677069        0.0000000000000000     
   1.0000000000000000        0.0000000000000000     

  Outlet Beta deviation defined spanwise by a cubic B-spline using control points.
    span        out_Beta (spline)
   0.0000000000000000       -17.030736500000000     
   4.3387452907245522E-002  -12.199175097002344     
   9.1666814348395992E-002  -9.0196569166646867     
  0.14180684101438704       -7.0737827221137017     
  0.19287314220344681       -5.5194191938985959     
  0.24429913550710761       -4.3653485816677904     
  0.29570585218523998       -3.7632946288702693     
  0.34684875028072154       -3.7372275984285181     
  0.39758620514910942       -4.4238067579026747     
  0.44785993027610921       -5.7213314438828515     
  0.49767092108288941       -7.4737234733190432     
  0.54706198722188681        10.132745337069379     
  0.59610281898167339        13.249496150375533     
  0.64488314347623310        16.295172429361379     
  0.69351621916945305        19.281713088898382     
  0.74214526809226933        22.272221117866078     
  0.79095033706026341        25.282844110094072     
  0.84016821100777206        28.356318826643310     
  0.89017971105885929        31.552520583941639     
  0.94188710962677069        34.968833776259359     
   1.0000000000000000        38.897063910000000     
 
    span        chord_multipliers
   0.0000000000000000       0.82669089968600007     
   4.3387452907245522E-002  0.82432033588075426     
   9.1666814348395992E-002  0.82170155492606578     
  0.14180684101438704       0.81902542097516962     
  0.19287314220344681       0.81637012396424569     
  0.24429913550710761       0.81379345110598200     
  0.29570585218523998       0.81137335293731816     
  0.34684875028072154       0.80935499595252491     
  0.39758620514910942       0.80802752270817391     
  0.44785993027610921       0.80765918322639974     
  0.49767092108288941       0.80850026879117054     
  0.54706198722188681       0.81088158545216071     
  0.59610281898167339       0.81554738645685920     
  0.64488314347623310       0.82334702654095326     
  0.69351621916945305       0.83513192107253420     
  0.74214526809226933       0.85178703960528046     
  0.79095033706026341       0.87407350886345392     
  0.84016821100777206       0.90155861161876716     
  0.89017971105885929       0.93342432901778083     
  0.94188710962677069       0.96922790577128892     
   1.0000000000000000        1.0112431656156000     
 
 tm/c thickness ratio defined radially with 2D spline using control points.
   0.0000000000000000        0.0000000000000000     
   4.3387452907245522E-002   0.0000000000000000     
   9.1666814348395992E-002   0.0000000000000000     
  0.14180684101438704        0.0000000000000000     
  0.19287314220344681        0.0000000000000000     
  0.24429913550710761        0.0000000000000000     
  0.29570585218523998        0.0000000000000000     
  0.34684875028072154        0.0000000000000000     
  0.39758620514910942        0.0000000000000000     
  0.44785993027610921        0.0000000000000000     
  0.49767092108288941        0.0000000000000000     
  0.54706198722188681        0.0000000000000000     
  0.59610281898167339        0.0000000000000000     
  0.64488314347623310        0.0000000000000000     
  0.69351621916945305        0.0000000000000000     
  0.74214526809226933        0.0000000000000000     
  0.79095033706026341        0.0000000000000000     
  0.84016821100777206        0.0000000000000000     
  0.89017971105885929        0.0000000000000000     
  0.94188710962677069        0.0000000000000000     
   1.0000000000000000        0.0000000000000000     
 
 Chord multiplier calculated using spline control points...

 ---------------------------------------------------------------------------------
 airfoil type:           1 sect1
  =================================================== 
 Using sine function based clustering distribution
 
 lethk =    2.0000000000000000E-002

Using curvature control for camber definition...
 xcp -0.14999999999999999        0.0000000000000000       0.14999999999999999       0.24999999999999997       0.49999999999999994       0.75000000000000000       0.94999999999999996        1.0000000000000000        1.0500000000000000     
 ycp   0.0000000000000000        0.0000000000000000        0.0000000000000000       0.49999999999999994       0.29999999999999999       0.14999999999999999        0.0000000000000000        0.0000000000000000        0.0000000000000000     
Total camber is:  -16.908852478945750
Determinant is:    0.040035593824518
Possible values of scaling factor are:       -70.872600144962277        1.552566318238398
Camber line second derivative scaling factor:    1.552566318238398
Inlet u-v metal angle in deg:    9.237638700312687
Exit u-v metal angle in deg:   -7.671213778633080
Stagger angle in deg:   -9.237638700312687
 i_le =            0
 i_te =            0
         121
         241
 
 Stacking position on the chord as % of chord:   25.000000000000000     
 Stacking position in % above(+ve) or below(-ve) meanline :   0.0000000000000000     
 top curve points index range for % chord stacking:          44          45
 bottom curve points index range for % chord stacking:          45          46
 vtop_stack vbot_stack   8.8346067739056636E-002  -1.1165341858744179E-002
 
 u_stack  v_stack  0.25000000000000000        0.0000000000000000     
 
 chrd bladegen:   0.53896921538503961     
 pitch   0.31415926535897931     
 np_sidee         121
 n_normal_distance =           92
 Number of intersection points (k) =           92 from np_side of         121
 ******************************************
 
 Chord multiplier calculated using spline control points...

 ---------------------------------------------------------------------------------
 airfoil type:           2 sect1
  =================================================== 
 Using sine function based clustering distribution
 
 lethk =    2.0000000000000000E-002

Using curvature control for camber definition...
 xcp -0.14999999999999999        0.0000000000000000       0.14999999999999999       0.24999999999999994       0.49999999999999989       0.75000000000000000       0.94999999999999984        1.0000000000000000        1.0500000000000003     
 ycp   0.0000000000000000        0.0000000000000000        0.0000000000000000       0.49999999999999989       0.29999999999999999       0.14999999999999999        0.0000000000000000        0.0000000000000000        0.0000000000000000     
Total camber is:  -12.180344656682433
Determinant is:    0.038369914035670
Possible values of scaling factor are:       -98.741761515236576        1.114365494219652
Camber line second derivative scaling factor:    1.114365494219652
Inlet u-v metal angle in deg:    6.658299623789689
Exit u-v metal angle in deg:   -5.522045032892695
Stagger angle in deg:   -6.658299623789689
 i_le =            0
 i_te =            0
         121
         241
 
 Stacking position on the chord as % of chord:   25.000000000000000     
 Stacking position in % above(+ve) or below(-ve) meanline :   0.0000000000000000     
 top curve points index range for % chord stacking:          44          45
 bottom curve points index range for % chord stacking:          45          46
 vtop_stack vbot_stack   7.7294926601951419E-002  -2.1888572566931559E-002
 
 u_stack  v_stack  0.25000000000000000        0.0000000000000000     
 
 chrd bladegen:   0.48576361358387227     
 pitch   0.31415926535897931     
 np_sidee         121
 n_normal_distance =           94
 Number of intersection points (k) =           94 from np_side of         121
 ******************************************
 
 Chord multiplier calculated using spline control points...

 ---------------------------------------------------------------------------------
 airfoil type:           3 sect1
  =================================================== 
 Using sine function based clustering distribution
 
 lethk =    2.0000000000000000E-002

Using curvature control for camber definition...
 xcp -0.14999999999999999        0.0000000000000000       0.14999999999999999       0.25000000000000000       0.50000000000000000       0.75000000000000000       0.94999999999999996        1.0000000000000000        1.0500000000000000     
 ycp   0.0000000000000000        0.0000000000000000        0.0000000000000000       0.50000000000000000       0.29999999999999999       0.14999999999999999        0.0000000000000000        0.0000000000000000        0.0000000000000000     
Total camber is:   -9.018229168237845
Determinant is:    0.037591918820598
Possible values of scaling factor are:      -133.598222037195001        0.823621828143876
Camber line second derivative scaling factor:    0.823621828143876
Inlet u-v metal angle in deg:    4.931176377691592
Exit u-v metal angle in deg:   -4.087052790546251
Stagger angle in deg:   -4.931176377691592
 i_le =            0
 i_te =            0
         121
         241
 
 Stacking position on the chord as % of chord:   25.000000000000000     
 Stacking position in % above(+ve) or below(-ve) meanline :   0.0000000000000000     
 top curve points index range for % chord stacking:          44          45
 bottom curve points index range for % chord stacking:          45          46
 vtop_stack vbot_stack   6.9991477230795379E-002  -2.9036072570822923E-002
 
 u_stack  v_stack  0.25000000000000000        0.0000000000000000     
 
 chrd bladegen:   0.44312835787757798     
 pitch   0.31415926535897931     
 np_sidee         121
 n_normal_distance =           96
 Number of intersection points (k) =           96 from np_side of         121
 ******************************************
 
 Chord multiplier calculated using spline control points...

 ---------------------------------------------------------------------------------
 airfoil type:           4 sect1
  =================================================== 
 Using sine function based clustering distribution
 
 lethk =    2.0000000000000000E-002

Using curvature control for camber definition...
 xcp -0.14999999999999997        0.0000000000000000       0.14999999999999997       0.25000000000000000       0.50000000000000000       0.75000000000000000       0.94999999999999996        1.0000000000000000        1.0500000000000000     
 ycp   0.0000000000000000        0.0000000000000000        0.0000000000000000       0.50000000000000000       0.29999999999999993       0.14999999999999997        0.0000000000000000        0.0000000000000000        0.0000000000000000     
Total camber is:   -7.073547345905084
Determinant is:    0.037235983596410
Possible values of scaling factor are:      -170.466715803536573        0.645489128786056
Camber line second derivative scaling factor:    0.645489128786056
Inlet u-v metal angle in deg:    3.868344972301224
Exit u-v metal angle in deg:   -3.205202373603790
Stagger angle in deg:   -3.868344972301224
 i_le =            0
 i_te =            0
         121
         241
 
 Stacking position on the chord as % of chord:   25.000000000000000     
 Stacking position in % above(+ve) or below(-ve) meanline :   0.0000000000000000     
 top curve points index range for % chord stacking:          44          45
 bottom curve points index range for % chord stacking:          45          46
 vtop_stack vbot_stack   6.5528256049293659E-002  -3.3428161434473948E-002
 
 u_stack  v_stack  0.25000000000000000        0.0000000000000000     
 
 chrd bladegen:   0.40795263474439830     
 pitch   0.31415926535897931     
 np_sidee         121
 n_normal_distance =           97
 Number of intersection points (k) =           97 from np_side of         121
 ******************************************
 
 Chord multiplier calculated using spline control points...

 ---------------------------------------------------------------------------------
 airfoil type:           5 sect1
  =================================================== 
 Using sine function based clustering distribution
 
 lethk =    2.0000000000000000E-002

Using curvature control for camber definition...
 xcp -0.14999999999999999        0.0000000000000000       0.14999999999999999       0.25000000000000000       0.50000000000000000       0.75000000000000000       0.94999999999999984        1.0000000000000000        1.0500000000000003     
 ycp   0.0000000000000000        0.0000000000000000        0.0000000000000000       0.50000000000000000       0.29999999999999999       0.14999999999999999        0.0000000000000000        0.0000000000000000        0.0000000000000000     
Total camber is:   -5.517500009394674
Determinant is:    0.037015444216673
Possible values of scaling factor are:      -218.653549932604705        0.503236338513422
Camber line second derivative scaling factor:    0.503236338513422
Inlet u-v metal angle in deg:    3.017637197336793
Exit u-v metal angle in deg:   -2.499862812057858
Stagger angle in deg:   -3.017637197336793
 i_le =            0
 i_te =            0
         121
         241
 
 Stacking position on the chord as % of chord:   25.000000000000000     
 Stacking position in % above(+ve) or below(-ve) meanline :   0.0000000000000000     
 top curve points index range for % chord stacking:          44          45
 bottom curve points index range for % chord stacking:          45          46
 vtop_stack vbot_stack   6.1970292568564934E-002  -3.6942679330660783E-002
 
 u_stack  v_stack  0.25000000000000000        0.0000000000000000     
 
 chrd bladegen:   0.37825240804085147     
 pitch   0.31415926535897931     
 np_sidee         121
 n_normal_distance =           98
 Number of intersection points (k) =           98 from np_side of         121
 ******************************************
 
 Chord multiplier calculated using spline control points...

 ---------------------------------------------------------------------------------
 airfoil type:           6 sect1
  =================================================== 
 Using sine function based clustering distribution
 
 lethk =    2.0000000000000000E-002

Using curvature control for camber definition...
 xcp -0.14999999999999999        0.0000000000000000       0.14999999999999999       0.25000000000000000       0.50000000000000000       0.75000000000000000       0.95000000000000007        1.0000000000000000        1.0499999999999998     
 ycp   0.0000000000000000        0.0000000000000000        0.0000000000000000       0.50000000000000000       0.29999999999999999       0.14999999999999999        0.0000000000000000        0.0000000000000000        0.0000000000000000     
Total camber is:   -4.362227785149326
Determinant is:    0.036887775275511
Possible values of scaling factor are:      -276.643077777091889        0.397748654169128
Camber line second derivative scaling factor:    0.397748654169128
Inlet u-v metal angle in deg:    2.385912094517092
Exit u-v metal angle in deg:   -1.976315690632145
Stagger angle in deg:   -2.385912094517092
 i_le =            0
 i_te =            0
         121
         241
 
 Stacking position on the chord as % of chord:   25.000000000000000     
 Stacking position in % above(+ve) or below(-ve) meanline :   0.0000000000000000     
 top curve points index range for % chord stacking:          44          45
 bottom curve points index range for % chord stacking:          45          46
 vtop_stack vbot_stack   5.9335478844643449E-002  -3.9552947573519869E-002
 
 u_stack  v_stack  0.25000000000000000        0.0000000000000000     
 
 chrd bladegen:   0.35295038286990477     
 pitch   0.31415926535897931     
 np_sidee         121
 n_normal_distance =          100
 Number of intersection points (k) =          100 from np_side of         121
 ******************************************
 
 Chord multiplier calculated using spline control points...

 ---------------------------------------------------------------------------------
 airfoil type:           7 sect1
  =================================================== 
 Using sine function based clustering distribution
 
 lethk =    2.0000000000000000E-002

Using curvature control for camber definition...
 xcp -0.14999999999999999        0.0000000000000000       0.14999999999999999       0.25000000000000000       0.50000000000000000       0.75000000000000000       0.95000000000000007        1.0000000000000000        1.0499999999999998     
 ycp   0.0000000000000000        0.0000000000000000        0.0000000000000000       0.50000000000000000       0.29999999999999999       0.14999999999999999        0.0000000000000000        0.0000000000000000        0.0000000000000000     
Total camber is:   -3.759529999138413
Determinant is:    0.036833204078725
Possible values of scaling factor are:      -321.033251803875885        0.342750824884231
Camber line second derivative scaling factor:    0.342750824884231
Inlet u-v metal angle in deg:    2.056311197582385
Exit u-v metal angle in deg:   -1.703218801556010
Stagger angle in deg:   -2.056311197582385
 i_le =            0
 i_te =            0
         121
         241
 
 Stacking position on the chord as % of chord:   25.000000000000000     
 Stacking position in % above(+ve) or below(-ve) meanline :   0.0000000000000000     
 top curve points index range for % chord stacking:          44          45
 bottom curve points index range for % chord stacking:          45          46
 vtop_stack vbot_stack   5.7962988989815799E-002  -4.0915233440208865E-002
 
 u_stack  v_stack  0.25000000000000000        0.0000000000000000     
 
 chrd bladegen:   0.33110260867207786     
 pitch   0.31415926535897931     
 np_sidee         121
 n_normal_distance =          100
 Number of intersection points (k) =          100 from np_side of         121
 ******************************************
 
 Chord multiplier calculated using spline control points...

 ---------------------------------------------------------------------------------
 airfoil type:           8 sect1
  =================================================== 
 Using sine function based clustering distribution
 
 lethk =    2.0000000000000000E-002

Using curvature control for camber definition...
 xcp -0.14999999999999999        0.0000000000000000       0.14999999999999999       0.25000000000000000       0.50000000000000000       0.75000000000000000       0.94999999999999984        1.0000000000000000        1.0500000000000003     
 ycp   0.0000000000000000        0.0000000000000000        0.0000000000000000       0.50000000000000000       0.29999999999999999       0.14999999999999999        0.0000000000000000        0.0000000000000000        0.0000000000000000     
Total camber is:   -3.733000499436373
Determinant is:    0.036830990365697
Possible values of scaling factor are:      -323.316430135073233        0.340330405804229
Camber line second derivative scaling factor:    0.340330405804229
Inlet u-v metal angle in deg:    2.041802385811841
Exit u-v metal angle in deg:   -1.691198113624464
Stagger angle in deg:   -2.041802385811841
 i_le =            0
 i_te =            0
         121
         241
 
 Stacking position on the chord as % of chord:   25.000000000000000     
 Stacking position in % above(+ve) or below(-ve) meanline :   0.0000000000000000     
 top curve points index range for % chord stacking:          44          45
 bottom curve points index range for % chord stacking:          45          46
 vtop_stack vbot_stack   5.7902605745418431E-002  -4.0975208461318413E-002
 
 u_stack  v_stack  0.25000000000000000        0.0000000000000000     
 
 chrd bladegen:   0.31216108550048272     
 pitch   0.31415926535897931     
 np_sidee         121
 n_normal_distance =          100
 Number of intersection points (k) =          100 from np_side of         121
 ******************************************
 
 Chord multiplier calculated using spline control points...

 ---------------------------------------------------------------------------------
 airfoil type:           9 sect1
  =================================================== 
 Using sine function based clustering distribution
 
 lethk =    2.0000000000000000E-002

Using curvature control for camber definition...
 xcp -0.14999999999999997        0.0000000000000000       0.14999999999999997       0.25000000000000000       0.50000000000000000       0.75000000000000000       0.94999999999999984        1.0000000000000000        1.0500000000000003     
 ycp   0.0000000000000000        0.0000000000000000        0.0000000000000000       0.50000000000000000       0.29999999999999993       0.14999999999999997        0.0000000000000000        0.0000000000000000        0.0000000000000000     
Total camber is:   -4.418866079800511
Determinant is:    0.036893325992438
Possible values of scaling factor are:      -273.093696281962139        0.402918168266477
Camber line second derivative scaling factor:    0.402918168266477
Inlet u-v metal angle in deg:    2.416885106608623
Exit u-v metal angle in deg:   -2.001980973192035
Stagger angle in deg:   -2.416885106608623
 i_le =            0
 i_te =            0
         121
         241
 
 Stacking position on the chord as % of chord:   25.000000000000000     
 Stacking position in % above(+ve) or below(-ve) meanline :   0.0000000000000000     
 top curve points index range for % chord stacking:          44          45
 bottom curve points index range for % chord stacking:          45          46
 vtop_stack vbot_stack   5.9464528712941160E-002  -3.9424948234194450E-002
 
 u_stack  v_stack  0.25000000000000000        0.0000000000000000     
 
 chrd bladegen:   0.29571974246460198     
 pitch   0.31415926535897931     
 np_sidee         121
 n_normal_distance =           98
 Number of intersection points (k) =           98 from np_side of         121
 ******************************************
 
 Chord multiplier calculated using spline control points...

 ---------------------------------------------------------------------------------
 airfoil type:          10 sect1
  =================================================== 
 Using sine function based clustering distribution
 
 lethk =    2.0000000000000000E-002

Using curvature control for camber definition...
 xcp -0.15000000000000002        0.0000000000000000       0.15000000000000002       0.25000000000000000       0.50000000000000000       0.75000000000000000       0.94999999999999996        1.0000000000000000        1.0500000000000000     
 ycp   0.0000000000000000        0.0000000000000000        0.0000000000000000       0.50000000000000000       0.30000000000000004       0.15000000000000002        0.0000000000000000        0.0000000000000000        0.0000000000000000     
Total camber is:   -5.715633967768368
Determinant is:    0.037040408669792
Possible values of scaling factor are:      -211.061613152360252        0.521337870148918
Camber line second derivative scaling factor:    0.521337870148918
Inlet u-v metal angle in deg:    3.125970785136230
Exit u-v metal angle in deg:   -2.589663182632157
Stagger angle in deg:   -3.125970785136230
 i_le =            0
 i_te =            0
         121
         241
 
 Stacking position on the chord as % of chord:   25.000000000000000     
 Stacking position in % above(+ve) or below(-ve) meanline :   0.0000000000000000     
 top curve points index range for % chord stacking:          44          45
 bottom curve points index range for % chord stacking:          45          46
 vtop_stack vbot_stack   6.2422730781033837E-002  -3.6495110063488566E-002
 
 u_stack  v_stack  0.25000000000000000        0.0000000000000000     
 
 chrd bladegen:   0.28146850719833466     
 pitch   0.31415926535897931     
 np_sidee         121
 n_normal_distance =           96
 Number of intersection points (k) =           96 from np_side of         121
 ******************************************
 
 Chord multiplier calculated using spline control points...

 ---------------------------------------------------------------------------------
 airfoil type:          11 sect1
  =================================================== 
 Using sine function based clustering distribution
 
 lethk =    2.0000000000000000E-002

Using curvature control for camber definition...
 xcp -0.15000000000000002        0.0000000000000000       0.15000000000000002       0.25000000000000000       0.50000000000000000       0.75000000000000011       0.94999999999999984        1.0000000000000000        1.0500000000000003     
 ycp   0.0000000000000000        0.0000000000000000        0.0000000000000000       0.50000000000000000       0.30000000000000004       0.15000000000000002        0.0000000000000000        0.0000000000000000        0.0000000000000000     
Total camber is:   -7.467654319421418
Determinant is:    0.037300826077992
Possible values of scaling factor are:      -161.446147074297329        0.681554895332428
Camber line second derivative scaling factor:    0.681554895332428
Inlet u-v metal angle in deg:    4.083771104398402
Exit u-v metal angle in deg:   -3.383883215023047
Stagger angle in deg:   -4.083771104398402
 i_le =            0
 i_te =            0
         121
         241
 
 Stacking position on the chord as % of chord:   25.000000000000000     
 Stacking position in % above(+ve) or below(-ve) meanline :   0.0000000000000000     
 top curve points index range for % chord stacking:          44          45
 bottom curve points index range for % chord stacking:          45          46
 vtop_stack vbot_stack   6.6431201467286968E-002  -3.2538117048009317E-002
 
 u_stack  v_stack  0.25000000000000000        0.0000000000000000     
 
 chrd bladegen:   0.26917369599263746     
 pitch   0.31415926535897931     
 np_sidee         121
 n_normal_distance =           93
 Number of intersection points (k) =           93 from np_side of         121
 ******************************************
 
 Chord multiplier calculated using spline control points...

 ---------------------------------------------------------------------------------
 airfoil type:          12 sect1
  =================================================== 
 Using sine function based clustering distribution
 
 lethk =    2.0000000000000000E-002

Using curvature control for camber definition...
 xcp -0.14999999999999999        0.0000000000000000       0.14999999999999999       0.25000000000000000       0.50000000000000000       0.75000000000000011       0.95000000000000007        1.0000000000000000        1.0499999999999998     
 ycp   0.0000000000000000        0.0000000000000000        0.0000000000000000       0.50000000000000000       0.29999999999999999       0.14999999999999999        0.0000000000000000        0.0000000000000000        0.0000000000000000     
Total camber is:   10.126641028425936
Determinant is:    0.037835892315803
Possible values of scaling factor are:       118.909252299611239       -0.925364593108340
Camber line second derivative scaling factor:   -0.925364593108340
Inlet u-v metal angle in deg:   -5.536750195130450
Exit u-v metal angle in deg:    4.589890833295552
Stagger angle in deg:    5.536750195130450
 i_le =            0
 i_te =            0
         121
         241
 
 Stacking position on the chord as % of chord:   25.000000000000000     
 Stacking position in % above(+ve) or below(-ve) meanline :   0.0000000000000000     
 top curve points index range for % chord stacking:          45          46
 bottom curve points index range for % chord stacking:          44          45
 vtop_stack vbot_stack   2.6531898605332477E-002  -7.2544611057273820E-002
 
 u_stack  v_stack  0.25000000000000000        0.0000000000000000     
 
 chrd bladegen:   0.25881699353283710     
 pitch   0.31415926535897931     
 np_sidee         121
 n_normal_distance =           89
 Number of intersection points (k) =           89 from np_side of         121
 ******************************************
 
 Chord multiplier calculated using spline control points...

 ---------------------------------------------------------------------------------
 airfoil type:          13 sect1
  =================================================== 
 Using sine function based clustering distribution
 
 lethk =    2.0000000000000000E-002

Using curvature control for camber definition...
 xcp -0.14999999999999997        0.0000000000000000       0.14999999999999997       0.24999999999999997       0.49999999999999994       0.75000000000000000       0.94999999999999984        1.0000000000000000        1.0500000000000003     
 ycp   0.0000000000000000        0.0000000000000000        0.0000000000000000       0.49999999999999994       0.29999999999999993       0.14999999999999997        0.0000000000000000        0.0000000000000000        0.0000000000000000     
Total camber is:   13.244225918037849
Determinant is:    0.038689989745190
Possible values of scaling factor are:        90.745710460905968       -1.212557721044564
Camber line second derivative scaling factor:   -1.212557721044564
Inlet u-v metal angle in deg:   -7.239019522369030
Exit u-v metal angle in deg:    6.005206395668801
Stagger angle in deg:    7.239019522369030
 i_le =            0
 i_te =            0
         121
         241
 
 Stacking position on the chord as % of chord:   25.000000000000000     
 Stacking position in % above(+ve) or below(-ve) meanline :   0.0000000000000000     
 top curve points index range for % chord stacking:          45          46
 bottom curve points index range for % chord stacking:          44          45
 vtop_stack vbot_stack   1.9480569821540620E-002  -7.9766726631371784E-002
 
 u_stack  v_stack  0.25000000000000000        0.0000000000000000     
 
 chrd bladegen:   0.25039235394825032     
 pitch   0.31415926535897931     
 np_sidee         121
 n_normal_distance =           85
 Number of intersection points (k) =           85 from np_side of         121
 ******************************************
 
 Chord multiplier calculated using spline control points...

 ---------------------------------------------------------------------------------
 airfoil type:          14 sect1
  =================================================== 
 Using sine function based clustering distribution
 
 lethk =    2.0000000000000000E-002

Using curvature control for camber definition...
 xcp -0.14999999999999999        0.0000000000000000       0.14999999999999999       0.24999999999999997       0.49999999999999994       0.74999999999999989       0.94999999999999996        1.0000000000000000        1.0500000000000000     
 ycp   0.0000000000000000        0.0000000000000000        0.0000000000000000       0.49999999999999994       0.29999999999999999       0.14999999999999999        0.0000000000000000        0.0000000000000000        0.0000000000000000     
Total camber is:   16.291523805224159
Determinant is:    0.039781298846152
Possible values of scaling factor are:        73.597809322407926       -1.495077270425555
Camber line second derivative scaling factor:   -1.495077270425555
Inlet u-v metal angle in deg:   -8.901163400820819
Exit u-v metal angle in deg:    7.390360404403345
Stagger angle in deg:    8.901163400820819
 i_le =            0
 i_te =            0
         121
         241
 
 Stacking position on the chord as % of chord:   25.000000000000000     
 Stacking position in % above(+ve) or below(-ve) meanline :   0.0000000000000000     
 top curve points index range for % chord stacking:          45          46
 bottom curve points index range for % chord stacking:          44          45
 vtop_stack vbot_stack   1.2568799159723277E-002  -8.6893258017458619E-002
 
 u_stack  v_stack  0.25000000000000000        0.0000000000000000     
 
 chrd bladegen:   0.24382294942803984     
 pitch   0.31415926535897931     
 np_sidee         121
 n_normal_distance =           82
 Number of intersection points (k) =           82 from np_side of         121
 ******************************************
 
 Chord multiplier calculated using spline control points...

 ---------------------------------------------------------------------------------
 airfoil type:          15 sect1
  =================================================== 
 Using sine function based clustering distribution
 
 lethk =    2.0000000000000000E-002

Using curvature control for camber definition...
 xcp -0.14999999999999997        0.0000000000000000       0.14999999999999997       0.25000000000000000       0.50000000000000000       0.75000000000000000       0.94999999999999996        1.0000000000000000        1.0500000000000000     
 ycp   0.0000000000000000        0.0000000000000000        0.0000000000000000       0.50000000000000000       0.29999999999999993       0.14999999999999997        0.0000000000000000        0.0000000000000000        0.0000000000000000     
Total camber is:   19.279829540552502
Determinant is:    0.041124300474264
Possible values of scaling factor are:        62.016541763353558       -1.774275197267882
Camber line second derivative scaling factor:   -1.774275197267882
Inlet u-v metal angle in deg:  -10.529074244429019
Exit u-v metal angle in deg:    8.750755296123469
Stagger angle in deg:   10.529074244429019
 i_le =            0
 i_te =            0
         121
         241
 
 Stacking position on the chord as % of chord:   25.000000000000000     
 Stacking position in % above(+ve) or below(-ve) meanline :   0.0000000000000000     
 top curve points index range for % chord stacking:          45          46
 bottom curve points index range for % chord stacking:          44          45
 vtop_stack vbot_stack   5.7622962925496729E-003  -9.3957253554621895E-002
 
 u_stack  v_stack  0.25000000000000000        0.0000000000000000     
 
 chrd bladegen:   0.23913934055212402     
 pitch   0.31415926535897931     
 np_sidee         121
 n_normal_distance =           80
 Number of intersection points (k) =           80 from np_side of         121
 ******************************************
 
 Chord multiplier calculated using spline control points...

 ---------------------------------------------------------------------------------
 airfoil type:          16 sect1
  =================================================== 
 Using sine function based clustering distribution
 
 lethk =    2.0000000000000000E-002

Using curvature control for camber definition...
 xcp -0.14999999999999997        0.0000000000000000       0.14999999999999997       0.25000000000000000       0.50000000000000000       0.75000000000000000       0.94999999999999996        1.0000000000000000        1.0500000000000000     
 ycp   0.0000000000000000        0.0000000000000000        0.0000000000000000       0.50000000000000000       0.29999999999999993       0.14999999999999997        0.0000000000000000        0.0000000000000000        0.0000000000000000     
Total camber is:   22.271688012065798
Determinant is:    0.042773730601498
Possible values of scaling factor are:        53.509401366698228       -2.056356622586445
Camber line second derivative scaling factor:   -2.056356622586445
Inlet u-v metal angle in deg:  -12.156516131999947
Exit u-v metal angle in deg:   10.115171880065846
Stagger angle in deg:   12.156516131999947
 i_le =            0
 i_te =            0
         121
         241
 
 Stacking position on the chord as % of chord:   25.000000000000000     
 Stacking position in % above(+ve) or below(-ve) meanline :   0.0000000000000000     
 top curve points index range for % chord stacking:          45          46
 bottom curve points index range for % chord stacking:          44          45
 vtop_stack vbot_stack  -1.0904697042203142E-003 -0.10111550362254534     
 
 u_stack  v_stack  0.25000000000000000        0.0000000000000000     
 
 chrd bladegen:   0.23640541575861768     
 pitch   0.31415926535897931     
 np_sidee         121
 n_normal_distance =           78
 Number of intersection points (k) =           78 from np_side of         121
 ******************************************
 
 Chord multiplier calculated using spline control points...

 ---------------------------------------------------------------------------------
 airfoil type:          17 sect1
  =================================================== 
 Using sine function based clustering distribution
 
 lethk =    2.0000000000000000E-002

Using curvature control for camber definition...
 xcp -0.15000000000000002        0.0000000000000000       0.15000000000000002       0.25000000000000000       0.50000000000000000       0.75000000000000000       0.94999999999999996        1.0000000000000000        1.0500000000000000     
 ycp   0.0000000000000000        0.0000000000000000        0.0000000000000000       0.50000000000000000       0.30000000000000004       0.15000000000000002        0.0000000000000000        0.0000000000000000        0.0000000000000000     
Total camber is:   25.282843193284400
Determinant is:    0.044786323627050
Possible values of scaling factor are:        46.957563420892825       -2.343273454901805
Camber line second derivative scaling factor:   -2.343273454901805
Inlet u-v metal angle in deg:  -13.791664483235499
Exit u-v metal angle in deg:   11.491178710048924
Stagger angle in deg:   13.791664483235499
 i_le =            0
 i_te =            0
         121
         241
 
 Stacking position on the chord as % of chord:   25.000000000000000     
 Stacking position in % above(+ve) or below(-ve) meanline :   0.0000000000000000     
 top curve points index range for % chord stacking:          45          46
 bottom curve points index range for % chord stacking:          44          45
 vtop_stack vbot_stack  -8.0361636816462245E-003 -0.10841823476541435     
 
 u_stack  v_stack  0.25000000000000000        0.0000000000000000     
 
 chrd bladegen:   0.23563912824924083     
 pitch   0.31415926535897931     
 np_sidee         121
 n_normal_distance =           76
 Number of intersection points (k) =           76 from np_side of         121
 ******************************************
 
 Chord multiplier calculated using spline control points...

 ---------------------------------------------------------------------------------
 airfoil type:          18 sect1
  =================================================== 
 Using sine function based clustering distribution
 
 lethk =    2.0000000000000000E-002

Using curvature control for camber definition...
 xcp -0.14999999999999999        0.0000000000000000       0.14999999999999999       0.25000000000000000       0.50000000000000000       0.74999999999999989       0.94999999999999996        1.0000000000000000        1.0500000000000000     
 ycp   0.0000000000000000        0.0000000000000000        0.0000000000000000       0.50000000000000000       0.29999999999999999       0.14999999999999999        0.0000000000000000        0.0000000000000000        0.0000000000000000     
Total camber is:   28.355849935315728
Determinant is:    0.047264885327196
Possible values of scaling factor are:        41.684771148295880       -2.639678924458827
Camber line second derivative scaling factor:   -2.639678924458827
Inlet u-v metal angle in deg:  -15.457144769871240
Exit u-v metal angle in deg:   12.898705165444468
Stagger angle in deg:   15.457144769871240
 i_le =            0
 i_te =            0
         121
         241
 
 Stacking position on the chord as % of chord:   25.000000000000000     
 Stacking position in % above(+ve) or below(-ve) meanline :   0.0000000000000000     
 top curve points index range for % chord stacking:          45          46
 bottom curve points index range for % chord stacking:          44          45
 vtop_stack vbot_stack  -1.5185859554735465E-002 -0.11598530747825596     
 
 u_stack  v_stack  0.25000000000000000        0.0000000000000000     
 
 chrd bladegen:   0.23656126068674363     
 pitch   0.31415926535897931     
 np_sidee         121
 n_normal_distance =           74
 Number of intersection points (k) =           74 from np_side of         121
 ******************************************
 
 Chord multiplier calculated using spline control points...

 ---------------------------------------------------------------------------------
 airfoil type:          19 sect1
  =================================================== 
 Using sine function based clustering distribution
 
 lethk =    2.0000000000000000E-002

Using curvature control for camber definition...
 xcp -0.14999999999999997        0.0000000000000000       0.14999999999999997       0.25000000000000000       0.50000000000000000       0.75000000000000011       0.94999999999999996        1.0000000000000000        1.0500000000000000     
 ycp   0.0000000000000000        0.0000000000000000        0.0000000000000000       0.50000000000000000       0.29999999999999993       0.14999999999999997        0.0000000000000000        0.0000000000000000        0.0000000000000000     
Total camber is:   31.550657739152502
Determinant is:    0.050381683988206
Possible values of scaling factor are:        37.271660015168699       -2.952227290822696
Camber line second derivative scaling factor:   -2.952227290822696
Inlet u-v metal angle in deg:  -17.184756156404301
Exit u-v metal angle in deg:   14.365901582748197
Stagger angle in deg:   17.184756156404301
 i_le =            0
 i_te =            0
         121
         241
 
 Stacking position on the chord as % of chord:   25.000000000000000     
 Stacking position in % above(+ve) or below(-ve) meanline :   0.0000000000000000     
 top curve points index range for % chord stacking:          45          46
 bottom curve points index range for % chord stacking:          44          45
 vtop_stack vbot_stack  -2.2697022359447247E-002 -0.12398934286226475     
 
 u_stack  v_stack  0.25000000000000000        0.0000000000000000     
 
 chrd bladegen:   0.23883134501057390     
 pitch   0.31415926535897931     
 np_sidee         121
 n_normal_distance =           73
 Number of intersection points (k) =           73 from np_side of         121
 ******************************************
 
 Chord multiplier calculated using spline control points...

 ---------------------------------------------------------------------------------
 airfoil type:          20 sect1
  =================================================== 
 Using sine function based clustering distribution
 
 lethk =    2.0000000000000000E-002

Using curvature control for camber definition...
 xcp -0.14999999999999999        0.0000000000000000       0.14999999999999999       0.25000000000000000       0.50000000000000000       0.75000000000000000       0.95000000000000007        1.0000000000000000        1.0499999999999998     
 ycp   0.0000000000000000        0.0000000000000000        0.0000000000000000       0.50000000000000000       0.29999999999999999       0.14999999999999999        0.0000000000000000        0.0000000000000000        0.0000000000000000     
Total camber is:   34.965007832883032
Determinant is:    0.054453128018045
Possible values of scaling factor are:        33.426018189206353       -3.291879135833696
Camber line second derivative scaling factor:   -3.291879135833696
Inlet u-v metal angle in deg:  -19.026260597012591
Exit u-v metal angle in deg:   15.938747235870434
Stagger angle in deg:   19.026260597012591
 i_le =            0
 i_te =            0
         121
         241
 
 Stacking position on the chord as % of chord:   25.000000000000000     
 Stacking position in % above(+ve) or below(-ve) meanline :   0.0000000000000000     
 top curve points index range for % chord stacking:          45          46
 bottom curve points index range for % chord stacking:          44          45
 vtop_stack vbot_stack  -3.0827536024481142E-002 -0.13271598959476102     
 
 u_stack  v_stack  0.25000000000000000        0.0000000000000000     
 
 chrd bladegen:   0.24220523745221689     
 pitch   0.31415926535897931     
 np_sidee         121
 n_normal_distance =           71
 Number of intersection points (k) =           71 from np_side of         121
 ******************************************
 
 Chord multiplier calculated using spline control points...

 ---------------------------------------------------------------------------------
 airfoil type:          21 sect1
  =================================================== 
 Using sine function based clustering distribution
 
 lethk =    2.0000000000000000E-002

Using curvature control for camber definition...
 xcp -0.14999999999999999        0.0000000000000000       0.14999999999999999       0.25000000000000000       0.50000000000000000       0.75000000000000000       0.94999999999999996        1.0000000000000000        1.0500000000000000     
 ycp   0.0000000000000000        0.0000000000000000        0.0000000000000000       0.50000000000000000       0.29999999999999999       0.14999999999999999        0.0000000000000000        0.0000000000000000        0.0000000000000000     
Total camber is:   38.890781966588548
Determinant is:    0.060329068589181
Possible values of scaling factor are:        29.814910557520580       -3.690583329396932
Camber line second derivative scaling factor:   -3.690583329396932
Inlet u-v metal angle in deg:  -21.136829542826270
Exit u-v metal angle in deg:   17.753952423762271
Stagger angle in deg:   21.136829542826270
 i_le =            0
 i_te =            0
         121
         241
 
 Stacking position on the chord as % of chord:   25.000000000000000     
 Stacking position in % above(+ve) or below(-ve) meanline :   0.0000000000000000     
 top curve points index range for % chord stacking:          45          46
 bottom curve points index range for % chord stacking:          43          44
 vtop_stack vbot_stack  -4.0325185340130514E-002 -0.14299712821132984     
 
 u_stack  v_stack  0.25000000000000000        0.0000000000000000     
 
 chrd bladegen:   0.24667102139003594     
 pitch   0.31415926535897931     
 np_sidee         121
 n_normal_distance =           70
 Number of intersection points (k) =           70 from np_side of         121
 ******************************************
 Number of airfoil coordinates:         241
 
 Stacking Axis location:       25000
 
 Section #           1
 Section #           2
 Section #           3
 Section #           4
 Section #           5
 Section #           6
 Section #           7
 Section #           8
 Section #           9
 Section #          10
 Section #          11
 Section #          12
 Section #          13
 Section #          14
 Section #          15
 Section #          16
 Section #          17
 Section #          18
 Section #          19
 Section #          20
 Section #          21
 i_slope           0
 i_slope           0
 i_slope           0
 i_slope           0
 i_slope           0
 i_slope           0
 i_slope           0
 i_slope           0
 i_slope           0
 i_slope           0
 i_slope           0
 i_slope           0
 i_slope           0
 i_slope           0
 i_slope           0
 i_slope           0
 i_slope           0
 i_slope           0
 i_slope           0
 i_slope           0
 i_slope           0
 
 span          delta_m
   0.0000000000000000        0.0000000000000000     
   4.3387452907245522E-002   0.0000000000000000     
   9.1666814348395992E-002   0.0000000000000000     
  0.14180684101438704        0.0000000000000000     
  0.19287314220344681        0.0000000000000000     
  0.24429913550710761        0.0000000000000000     
  0.29570585218523998        0.0000000000000000     
  0.34684875028072154        0.0000000000000000     
  0.39758620514910942        0.0000000000000000     
  0.44785993027610921        0.0000000000000000     
  0.49767092108288941        0.0000000000000000     
  0.54706198722188681        0.0000000000000000     
  0.59610281898167339        0.0000000000000000     
  0.64488314347623310        0.0000000000000000     
  0.69351621916945305        0.0000000000000000     
  0.74214526809226933        0.0000000000000000     
  0.79095033706026341        0.0000000000000000     
  0.84016821100777206        0.0000000000000000     
  0.89017971105885929        0.0000000000000000     
  0.94188710962677069        0.0000000000000000     
   1.0000000000000000        0.0000000000000000     
 
 span         delta_theta
   0.0000000000000000        0.0000000000000000     
   4.3387452907245522E-002   0.0000000000000000     
   9.1666814348395992E-002   0.0000000000000000     
  0.14180684101438704        0.0000000000000000     
  0.19287314220344681        0.0000000000000000     
  0.24429913550710761        0.0000000000000000     
  0.29570585218523998        0.0000000000000000     
  0.34684875028072154        0.0000000000000000     
  0.39758620514910942        0.0000000000000000     
  0.44785993027610921        0.0000000000000000     
  0.49767092108288941        0.0000000000000000     
  0.54706198722188681        0.0000000000000000     
  0.59610281898167339        0.0000000000000000     
  0.64488314347623310        0.0000000000000000     
  0.69351621916945305        0.0000000000000000     
  0.74214526809226933        0.0000000000000000     
  0.79095033706026341        0.0000000000000000     
  0.84016821100777206        0.0000000000000000     
  0.89017971105885929        0.0000000000000000     
  0.94188710962677069        0.0000000000000000     
   1.0000000000000000        0.0000000000000000     
 
 section(           1 )
 3D throat line [mm] =   14.338499579895831     
 3D mouth line [mm] =   17.888776418340957     
 3D exit line [mm] =   15.232087923953317     
 section(           2 )
 3D throat line [mm] =   16.005369298997998     
 3D mouth line [mm] =   19.210139445087389     
 3D exit line [mm] =   17.430861789087885     
 section(           3 )
 3D throat line [mm] =   17.663062986488818     
 3D mouth line [mm] =   20.680485337473591     
 3D exit line [mm] =   19.523743281771544     
 section(           4 )
 3D throat line [mm] =   19.315823477974810     
 3D mouth line [mm] =   22.207497709879114     
 3D exit line [mm] =   21.366192624482359     
 section(           5 )
 3D throat line [mm] =   20.960421082069470     
 3D mouth line [mm] =   23.762719733356334     
 3D exit line [mm] =   23.196785207472281     
 section(           6 )
 3D throat line [mm] =   22.588912950301925     
 3D mouth line [mm] =   25.328896164833939     
 3D exit line [mm] =   25.132026565482651     
 section(           7 )
 3D throat line [mm] =   24.199257787807486     
 3D mouth line [mm] =   26.894485527503694     
 3D exit line [mm] =   26.734727931433884     
 section(           8 )
 3D throat line [mm] =   25.784315984020875     
 3D mouth line [mm] =   28.452040306497260     
 3D exit line [mm] =   28.407674159846348     
 section(           9 )
 3D throat line [mm] =   27.340913015991436     
 3D mouth line [mm] =   29.997247329311669     
 3D exit line [mm] =   29.844323344840145     
 section(          10 )
 3D throat line [mm] =   28.876730728893431     
 3D mouth line [mm] =   31.528331482641686     
 3D exit line [mm] =   31.335347465321583     
 section(          11 )
 3D throat line [mm] =   30.371453140627096     
 3D mouth line [mm] =   33.045323081996422     
 3D exit line [mm] =   32.553014145737116     
 section(          12 )
 3D throat line [mm] =   31.842206115936943     
 3D mouth line [mm] =   34.549525893513973     
 3D exit line [mm] =   33.496207267969780     
 section(          13 )
 3D throat line [mm] =   33.261849773690138     
 3D mouth line [mm] =   36.043062331958829     
 3D exit line [mm] =   34.323896364276678     
 section(          14 )
 3D throat line [mm] =   34.567923560970840     
 3D mouth line [mm] =   37.528665032758155     
 3D exit line [mm] =   35.118156779777685     
 section(          15 )
 3D throat line [mm] =   35.667678284819821     
 3D mouth line [mm] =   39.009783277596519     
 3D exit line [mm] =   35.884258013752444     
 section(          16 )
 3D throat line [mm] =   36.529425382407084     
 3D mouth line [mm] =   40.490778887314143     
 3D exit line [mm] =   36.593015672131408     
 section(          17 )
 3D throat line [mm] =   37.201157627883028     
 3D mouth line [mm] =   41.977135179995990     
 3D exit line [mm] =   37.201157627883028     
 section(          18 )
 3D throat line [mm] =   37.820288252998175     
 3D mouth line [mm] =   43.476063430712692     
 3D exit line [mm] =   37.820288252998175     
 section(          19 )
 3D throat line [mm] =   38.375789251217057     
 3D mouth line [mm] =   44.999161530546161     
 3D exit line [mm] =   38.375789251217057     
 section(          20 )
 3D throat line [mm] =   38.893096503622630     
 3D mouth line [mm] =   46.548942857505509     
 3D exit line [mm] =   38.893096503622630     
 section(          21 )
 3D throat line [mm] =   39.473703832727516     
 3D mouth line [mm] =   48.317340201439897     
 3D exit line [mm] =   39.473703832727516     
 Number of radial sections:          21
 
 Writing 3D blade geometry ...
 
 chord_actual(mm):   29.713282698429651     
 chord_actual(mm):   29.286733197789381     
 chord_actual(mm):   29.078243420371528     
 chord_actual(mm):   28.958398744325972     
 chord_actual(mm):   28.873530908003108     
 chord_actual(mm):   28.801641511537586     
 chord_actual(mm):   28.740360599411510     
 chord_actual(mm):   28.686178467457278     
 chord_actual(mm):   28.649884259717776     
 chord_actual(mm):   28.644241149275576     
 chord_actual(mm):   28.683480514565392     
 chord_actual(mm):   28.801464944538704     
 chord_actual(mm):   29.030281745331287     
 chord_actual(mm):   29.389953732848220     
 chord_actual(mm):   29.912563515467816     
 chord_actual(mm):   30.639280112050809     
 chord_actual(mm):   31.605439308162161     
 chord_actual(mm):   32.807569842897905     
 chord_actual(mm):   34.231253740093678     
 chord_actual(mm):   35.885819323407468     
 chord_actual(mm):   37.923721863936912     
 
 Calculating the meanline by taking the average of PS ans SS in 3D...
 Writing the meanline in 3D to meanline.sec#.dat files...
 
 Writing the top and bottom periodic wall coordinates...
 
         121
 throat_index           1          54
 throat_index           2          51
 throat_index           3          50
 throat_index           4          50
 throat_index           5          49
 throat_index           6          49
 throat_index           7          49
 throat_index           8          49
 throat_index           9          49
 throat_index          10          50
 throat_index          11          50
 throat_index          12          52
 throat_index          13          56
 throat_index          14          62
 throat_index          15          69
 throat_index          16          75
 throat_index          17          76
 throat_index          18          74
 throat_index          19          73
 throat_index          20          71
 throat_index          21          70
 
 casename:Case6_2
 
 fname: blade3d.Case6_2.dat
 
 Creating section data files for CAD system
 
 Number of points:          241
 
 Number of sections:           21
 
 bsf:    152.40000000000001     
 Number of blades in this row:           20

 
