
 ************************************************************
 ************************************************************
 ****  T-BLADE3:Turbomachinery BLADE 3D Geometry Builder ****
 ****                                                    ****
 ****  Master Version 1.13                               ****
 ****                                                    ****
 ****  ...was also called as below till Aug 2016...      ****
 ****  3DBGB: 3 Dimensional Blade Geometry Builder       ****
 ****                                                    ****
 ****  Develop Version 1.2                               ****
 ****                                                    ****
 ****  This software comes with ABSOLUTELY NO WARRANTY   ****
 ****                                                    ****
 ****  This is a program which generates a 3D blade...   ****
 ****  ...shape and outputs 3D blade section files.      ****
 ****                                                    ****
 ****  Inputs: LE and TE curve(x,r), inlet angle,        ****
 ****          exit angle, chord, tm/c, incidence,       ****
 ****          deviation, secondary flow angles,         ****
 ****          streamline coordinates:(x,r)              ****
 ****          control points for sweep, lean,           ****
 ****          blade scaling factor.                     ****
 ****                                                    ****
 ****  Outputs: 3D blade sections (x,y,z),               ****
 ****           2D airfoils (mprime,theta).              ****
 ****                                                    ****
 ****  ---------------by Kiran Siddappaji         ----   ****
 ****  ---------------by Mark G. Turner           ----   ****
 ****  ------------------- turnermr@ucmail.uc.edu ----   ****
 ****  ---------------by Karthik Balasubramanian  ----   ****
 ****  ---------------by Syed Moez Hussain Mahmood----   ****
 ****  ---------------by Ahmed Nemnem             ----   ****
 ****  ---------------by Marshall C. Galbraith    ----   ****
 ************************************************************
 ************************************************************

 T-Blade3 Copyright (C) 2017 University of Cincinnati, developed by Kiran Siddappaji,
 Dr. Mark G. Turner, Karthik  Balasubramanian, Syed Moez Hussain, Ahmed Farid Nemnem 
  and Marshall C. Galbraith.

 This program is free software; you can redistribute it and/or modify it under the 
 terms of the GNU General Public License as published by the Free Software Foundation; 
 either version 2 of the License, or (at your option) any later version.

 This program is distributed in the hope that it will be useful, but WITHOUT ANY WARRANTY;
 without even the implied warranty of MERCHANTABILITY or FITNESS FOR A PARTICULAR PURPOSE. 
 See the GNU General Public License for more details.  For the complete terms of the 
 GNU General Public License, please see this URL: http://www.gnu.org/licenses/gpl-2.0.html

 ************************************************************

 Row number and blade  type is 1nax9                                                                                                                                                                                                                                                           
 
 3dbgbinput.1nax9.dat                                                                                                                                                                                                                                            
 
 Incidence and Deviation defined spanwise as a B-spline using control points
 
 inci_dev_spline
 
 Reading inputs from file: 3dbgbinput.1nax9.dat                                                                                                                                                                                                                                            
 
 Reading the spanwise_input file ....
 
 Spanwise input file read successfully

 case:Case6_2                                                                                                                                                                                                                                                         
 bladerow #:           1
   1       

 Number of blades in this row:          20
 bsf:   152.40000000000001     

 Number of streamlines:          21

    in_betaZ*    out_betaZ*
   0.0000000000000000       -19.030736500000000     
   0.0000000000000000       -13.772680429999999     
   0.0000000000000000       -10.258185670000000     
   0.0000000000000000       -8.1097568599999992     
   0.0000000000000000       -6.3683073500000003     
   0.0000000000000000       -4.8750483899999999     
   0.0000000000000000       -3.6576954800000001     
   0.0000000000000000       -2.5996792599999998     
   0.0000000000000000       -1.7006599600000001     
   0.0000000000000000      -0.91793367999999997     
   0.0000000000000000      -0.25471163000000002     
   0.0000000000000000       0.33827494000000002     
   0.0000000000000000       0.85759470000000004     
   0.0000000000000000        1.3219841500000000     
   0.0000000000000000        1.7276708199999999     
   0.0000000000000000        2.1195313900000001     
   0.0000000000000000        2.4897911000000001     
   0.0000000000000000        2.8427144000000002     
   0.0000000000000000        3.1807965000000000     
   0.0000000000000000        3.5276307199999999     
   0.0000000000000000        3.8970639100000000     

 LE/TE defined by a curve with no. of points as:          27
 xLE    rLE     xTE     rTE
 -0.38559800000000000       0.33446199999999998      -0.15491800000000000       0.32155000000000000     
 -0.38349400000000000       0.35834300000000002      -0.15277499999999999       0.34657700000000002     
 -0.38139000000000001       0.38222299999999998      -0.15063299999999999       0.37160399999999999     
 -0.37928600000000001       0.40610400000000002      -0.14849000000000001       0.39663100000000001     
 -0.37718200000000002       0.42998500000000001      -0.14634700000000000       0.42165700000000000     
 -0.37507800000000002       0.45386599999999999      -0.14420500000000000       0.44668400000000003     
 -0.37297400000000003       0.47774600000000000      -0.14206199999999999       0.47171099999999999     
 -0.37086999999999998       0.50162700000000005      -0.13991899999999999       0.49673800000000001     
 -0.36876599999999998       0.52550799999999998      -0.13777600000000001       0.52176500000000003     
 -0.36666199999999999       0.54938799999999999      -0.13563400000000000       0.54679199999999994     
 -0.36455799999999999       0.57326900000000003      -0.13349100000000000       0.57181899999999997     
 -0.36245300000000003       0.59714999999999996      -0.13134799999999999       0.59684599999999999     
 -0.36034899999999997       0.62103100000000000      -0.12920599999999999       0.62187300000000001     
 -0.35824499999999998       0.64491200000000004      -0.12706300000000001       0.64690000000000003     
 -0.35614099999999999       0.66879299999999997      -0.12492000000000000       0.67192700000000005     
 -0.35403699999999999       0.69267299999999998      -0.12277800000000000       0.69695399999999996     
 -0.35193300000000000       0.71655400000000002      -0.12063500000000001       0.72198099999999998     
 -0.34982900000000000       0.74043499999999995      -0.11849200000000000       0.74700699999999998     
 -0.34772500000000001       0.76431600000000000      -0.11635000000000000       0.77203400000000000     
 -0.34562100000000001       0.78819600000000001      -0.11420700000000000       0.79706100000000002     
 -0.34351700000000002       0.81207700000000005      -0.11206400000000000       0.82208800000000004     
 -0.34141300000000002       0.83595799999999998      -0.10992100000000000       0.84711499999999995     
 -0.33930900000000003       0.85983799999999999      -0.10777900000000000       0.87214199999999997     
 -0.33720499999999998       0.88371900000000003      -0.10563599999999999       0.89716899999999999     
 -0.33510099999999998       0.90759999999999996      -0.10349300000000000       0.92219600000000002     
 -0.33299699999999999       0.93148100000000000      -0.10135100000000000       0.94722300000000004     
 -0.32559900000000003        1.0154440000000000       -9.4880000000000006E-002   1.0227999999999999     
 
 sect1                  25.000000000000000        0.0000000000000000       0.29999999999999999        2.0000000000000000E-002   2.0000000000000000E-002   15.000000000000000        10.000000000000000                0
 sect1                  25.000000000000000        0.0000000000000000       0.29999999999999999        2.0000000000000000E-002   2.0000000000000000E-002   15.000000000000000        10.000000000000000                0
 sect1                  25.000000000000000        0.0000000000000000       0.29999999999999999        2.0000000000000000E-002   2.0000000000000000E-002   15.000000000000000        10.000000000000000                0
 sect1                  25.000000000000000        0.0000000000000000       0.29999999999999999        2.0000000000000000E-002   2.0000000000000000E-002   15.000000000000000        10.000000000000000                0
 sect1                  25.000000000000000        0.0000000000000000       0.29999999999999999        2.0000000000000000E-002   2.0000000000000000E-002   15.000000000000000        10.000000000000000                0
 sect1                  25.000000000000000        0.0000000000000000       0.29999999999999999        2.0000000000000000E-002   2.0000000000000000E-002   15.000000000000000        10.000000000000000                0
 sect1                  25.000000000000000        0.0000000000000000       0.29999999999999999        2.0000000000000000E-002   2.0000000000000000E-002   15.000000000000000        10.000000000000000                0
 sect1                  25.000000000000000        0.0000000000000000       0.29999999999999999        2.0000000000000000E-002   2.0000000000000000E-002   15.000000000000000        10.000000000000000                0
 sect1                  25.000000000000000        0.0000000000000000       0.29999999999999999        2.0000000000000000E-002   2.0000000000000000E-002   15.000000000000000        10.000000000000000                0
 sect1                  25.000000000000000        0.0000000000000000       0.29999999999999999        2.0000000000000000E-002   2.0000000000000000E-002   15.000000000000000        10.000000000000000                0
 sect1                  25.000000000000000        0.0000000000000000       0.29999999999999999        2.0000000000000000E-002   2.0000000000000000E-002   15.000000000000000        10.000000000000000                0
 sect1                  25.000000000000000        0.0000000000000000       0.29999999999999999        2.0000000000000000E-002   2.0000000000000000E-002   15.000000000000000        10.000000000000000                0
 sect1                  25.000000000000000        0.0000000000000000       0.29999999999999999        2.0000000000000000E-002   2.0000000000000000E-002   15.000000000000000        10.000000000000000                0
 sect1                  25.000000000000000        0.0000000000000000       0.29999999999999999        2.0000000000000000E-002   2.0000000000000000E-002   15.000000000000000        10.000000000000000                0
 sect1                  25.000000000000000        0.0000000000000000       0.29999999999999999        2.0000000000000000E-002   2.0000000000000000E-002   15.000000000000000        10.000000000000000                0
 sect1                  25.000000000000000        0.0000000000000000       0.29999999999999999        2.0000000000000000E-002   2.0000000000000000E-002   15.000000000000000        10.000000000000000                0
 sect1                  25.000000000000000        0.0000000000000000       0.29999999999999999        2.0000000000000000E-002   2.0000000000000000E-002   15.000000000000000        10.000000000000000                0
 sect1                  25.000000000000000        0.0000000000000000       0.29999999999999999        2.0000000000000000E-002   2.0000000000000000E-002   15.000000000000000        10.000000000000000                0
 sect1                  25.000000000000000        0.0000000000000000       0.29999999999999999        2.0000000000000000E-002   2.0000000000000000E-002   15.000000000000000        10.000000000000000                0
 sect1                  25.000000000000000        0.0000000000000000       0.29999999999999999        2.0000000000000000E-002   2.0000000000000000E-002   15.000000000000000        10.000000000000000                0
 sect1                  25.000000000000000        0.0000000000000000       0.29999999999999999        2.0000000000000000E-002   2.0000000000000000E-002   15.000000000000000        10.000000000000000                0
 
 Sweep in the axial direction (m-prime).
 
 Lean in the tangential direction (theta).
 
 Writing dimensional hub and casing streamlines

 Using x_s and r_s coordinates for streamline from the input file...

 Calculating the m_prime coordinates for each streamline...

 
 hub offset:   0.0000000000000000     
 tip offset:   0.0000000000000000     

 xLE    rLE     xTE     rTE
 
 Calculating LE x, r points... 
 
 Calculating TE x, r points...
 
 i_slope           0
 i_slope           0
 i_slope           0
 i_slope           0
 i_slope           0
 i_slope           0
 i_slope           0
 i_slope           0
 i_slope           0
 i_slope           0
 i_slope           0
 i_slope           0
 i_slope           0
 i_slope           0
 i_slope           0
 i_slope           0
 i_slope           0
 i_slope           0
 i_slope           0
 i_slope           0
 i_slope           0
 
 ile:           2
 ite:           5
 ile:          14
 ite:          51
 ile:          14
 ite:          52
 ile:          15
 ite:          53
 ile:          15
 ite:          53
 ile:          15
 ite:          54
 ile:          16
 ite:          54
 ile:          16
 ite:          55
 ile:          17
 ite:          55
 ile:          17
 ite:          56
 ile:          18
 ite:          56
 ile:          18
 ite:          57
 ile:          19
 ite:          57
 ile:          19
 ite:          58
 ile:          20
 ite:          58
 ile:          20
 ite:          58
 ile:          21
 ite:          59
 ile:          21
 ite:          59
 ile:          22
 ite:          60
 ile:          22
 ite:          60
 ile:           4
 ite:           9

 Using x values for msLE due to a purely axial flow.
 Using x values for msTE due to a purely axial flow.
 msle:  0.31997201583567025     
 mste:  0.96347654244761249     
 chordm:  0.64350452661194224     
 Using x values for msLE due to a purely axial flow.
 Using x values for msTE due to a purely axial flow.
 msle:  0.19591061812972421     
 mste:  0.78122589299639089     
 chordm:  0.58531527486666668     
 Using x values for msLE due to a purely axial flow.
 Using x values for msTE due to a purely axial flow.
 msle:  0.18858472554247366     
 mste:  0.72587005897914580     
 chordm:  0.53728533343667217     
 Using x values for msLE due to a purely axial flow.
 Using x values for msTE due to a purely axial flow.
 msle:  0.18202228819863855     
 mste:  0.67898268460117983     
 chordm:  0.49696039640254130     
 Using x values for msLE due to a purely axial flow.
 Using x values for msTE due to a purely axial flow.
 msle:  0.17614470457452563     
 mste:  0.63883669129540321     
 chordm:  0.46269198672087758     
 Using x values for msLE due to a purely axial flow.
 Using x values for msTE due to a purely axial flow.
 msle:  0.17089595124690959     
 mste:  0.60422999736951954     
 chordm:  0.43333404612260995     
 Using x values for msLE due to a purely axial flow.
 Using x values for msTE due to a purely axial flow.
 msle:  0.16621265013027903     
 mste:  0.57402662646346414     
 chordm:  0.40781397633318511     
 Using x values for msLE due to a purely axial flow.
 Using x values for msTE due to a purely axial flow.
 msle:  0.16202686761307153     
 mste:  0.54747317435424436     
 chordm:  0.38544630674117286     
 Using x values for msLE due to a purely axial flow.
 Using x values for msTE due to a purely axial flow.
 msle:  0.15826704240584155     
 mste:  0.52391879987733658     
 chordm:  0.36565175747149503     
 Using x values for msLE due to a purely axial flow.
 Using x values for msTE due to a purely axial flow.
 msle:  0.15487455567161304     
 mste:  0.50285511902735058     
 chordm:  0.34798056335573757     
 Using x values for msLE due to a purely axial flow.
 Using x values for msTE due to a purely axial flow.
 msle:  0.15179715234105678     
 mste:  0.48388147294776918     
 chordm:  0.33208432060671239     
 Using x values for msLE due to a purely axial flow.
 Using x values for msTE due to a purely axial flow.
 msle:  0.14899024894909024     
 mste:  0.46668088574850536     
 chordm:  0.31769063679941512     
 Using x values for msLE due to a purely axial flow.
 Using x values for msTE due to a purely axial flow.
 msle:  0.14641641117394560     
 mste:  0.45099283419618041     
 chordm:  0.30457642302223481     
 Using x values for msLE due to a purely axial flow.
 Using x values for msTE due to a purely axial flow.
 msle:  0.14404389552946165     
 mste:  0.43661375322377421     
 chordm:  0.29256985769431254     
 Using x values for msLE due to a purely axial flow.
 Using x values for msTE due to a purely axial flow.
 msle:  0.14184575532997165     
 mste:  0.42337347550665283     
 chordm:  0.28152772017668115     
 Using x values for msLE due to a purely axial flow.
 Using x values for msTE due to a purely axial flow.
 msle:  0.13979964887105908     
 mste:  0.41111659638134473     
 chordm:  0.27131694751028568     
 Using x values for msLE due to a purely axial flow.
 Using x values for msTE due to a purely axial flow.
 msle:  0.13788623181072737     
 mste:  0.39970106503241376     
 chordm:  0.26181483322168642     
 Using x values for msLE due to a purely axial flow.
 Using x values for msTE due to a purely axial flow.
 msle:  0.13608793150139117     
 mste:  0.38898868932967218     
 chordm:  0.25290075782828103     
 Using x values for msLE due to a purely axial flow.
 Using x values for msTE due to a purely axial flow.
 msle:  0.13439292192103683     
 mste:  0.37883608768943461     
 chordm:  0.24444316576839778     
 Using x values for msLE due to a purely axial flow.
 Using x values for msTE due to a purely axial flow.
 msle:  0.13280531026374201     
 mste:  0.36904839003825551     
 chordm:  0.23624307977451350     
 Using x values for msLE due to a purely axial flow.
 Using x values for msTE due to a purely axial flow.
 msle:  0.13865186232444504     
 mste:  0.36616931882926257     
 chordm:  0.22751745650481753     
 
 phi_s_in(ia)  -8.1681972192684462     
 phi_s_in(ia)  -5.3489122838975414     
 phi_s_in(ia)  -2.8643540865073414     
 phi_s_in(ia) -0.98359490077386924     
 phi_s_in(ia)  0.37008750378295663     
 phi_s_in(ia)   1.3157268673562235     
 phi_s_in(ia)   1.9634820599118101     
 phi_s_in(ia)   2.3697212053073144     
 phi_s_in(ia)   2.5703248259334832     
 phi_s_in(ia)   2.5952992786169351     
 phi_s_in(ia)   2.4712304018026918     
 phi_s_in(ia)   2.2202643590329538     
 phi_s_in(ia)   1.8562541586298471     
 phi_s_in(ia)   1.3815300239749826     
 phi_s_in(ia)  0.80100011706022467     
 phi_s_in(ia)  0.13014569980949914     
 phi_s_in(ia) -0.61052704954440806     
 phi_s_in(ia)  -1.3994675440785769     
 phi_s_in(ia)  -2.2021210458103666     
 phi_s_in(ia)  -2.9642064555909902     
 phi_s_in(ia)  -3.6325789877822059     
 phi_s_out(ia)  -7.0643607153971786     
 phi_s_out(ia)  -3.2325674022299431     
 phi_s_out(ia)  -1.0279521760648429     
 phi_s_out(ia)  0.46979160250659852     
 phi_s_out(ia)   1.5156758427136672     
 phi_s_out(ia)   2.1708357199746748     
 phi_s_out(ia)   2.5666988827012571     
 phi_s_out(ia)   2.7292312715203839     
 phi_s_out(ia)   2.7135364675276850     
 phi_s_out(ia)   2.5657235809381937     
 phi_s_out(ia)   2.3223553537939505     
 phi_s_out(ia)   2.0098197735321470     
 phi_s_out(ia)   1.6453578005193750     
 phi_s_out(ia)   1.2459929945809223     
 phi_s_out(ia)  0.83215528710413889     
 phi_s_out(ia)  0.41734573751443399     
 phi_s_out(ia)   1.6493882429051643E-002
 phi_s_out(ia) -0.35854412563930482     
 phi_s_out(ia) -0.69188693013008074     
 phi_s_out(ia) -0.96615944959174838     
 phi_s_out(ia)  -1.2136468930237228     
 
 Creating cubic B-spline with spancontrolinput file
 B-spline created successfully

  Inlet Beta incidence defined spanwise by a cubic B-spline using control points.
    span         in_Beta (spline)
   0.0000000000000000       -9.2705098312484253     
   4.3387452907245522E-002  -8.5908747208835745     
   9.1666814348395992E-002  -7.7901365860619043     
  0.14180684101438704       -6.9118756406555359     
  0.19287314220344681       -5.9931902492630629     
  0.24429913550710761       -5.0657226621430862     
  0.29570585218523998       -4.1489650531219446     
  0.34684875028072154       -3.2589116112834291     
  0.39758620514910942       -2.4210454756187576     
  0.44785993027610921       -1.6840691984005713     
  0.49767092108288941       -1.0877158837173659     
  0.54706198722188681      -0.64774250795052790     
  0.59610281898167339      -0.35579283116831456     
  0.64488314347623310      -0.16327777715569136     
  0.69351621916945305       -1.5638588748662412E-002
  0.74214526809226933       0.13003634577939177     
  0.79095033706026341       0.32045605410976941     
  0.84016821100777206       0.62876159514463559     
  0.89017971105885929        1.1513169841547239     
  0.94188710962677069        1.9487843257659423     
   1.0000000000000000        3.0901699437494745     

  Outlet Beta deviation defined spanwise by a cubic B-spline using control points.
    span        out_Beta (spline)
   0.0000000000000000       -17.030736500000000     
   4.3387452907245522E-002  -12.199175097002344     
   9.1666814348395992E-002  -9.0196569166646867     
  0.14180684101438704       -7.0724627223053336     
  0.19287314220344681       -5.4511457411215058     
  0.24429913550710761       -5.7031516591274727     
  0.29570585218523998       -4.4022823544969976     
  0.34684875028072154       -3.2468996727880577     
  0.39758620514910942       -2.2221784204620496     
  0.44785993027610921       -1.2913627725053756     
  0.49767092108288941      -0.47026703440178108     
  0.54706198722188681       0.27859377897182036     
  0.59610281898167339       0.94371587123214207     
  0.64488314347623310        1.5398314855243533     
  0.69351621916945305        2.0598889061842405     
  0.74214526809226933        2.5437510651198401     
  0.79095033706026341        2.9748053125081757     
  0.84016821100777206        3.3392294603723909     
  0.89017971105885929        3.6121000249049908     
  0.94188710962677069        3.7978786570046501     
   1.0000000000000000        3.8970639100000000     
 
    span        chord_multipliers
   0.0000000000000000       0.82669089968600007     
   4.3387452907245522E-002  0.82432033588075426     
   9.1666814348395992E-002  0.82170155492606578     
  0.14180684101438704       0.81902542097516962     
  0.19287314220344681       0.81637012396424569     
  0.24429913550710761       0.81379345110598200     
  0.29570585218523998       0.81137335293731816     
  0.34684875028072154       0.80935499595252491     
  0.39758620514910942       0.80802752270817391     
  0.44785993027610921       0.80765918322639974     
  0.49767092108288941       0.80850026879117054     
  0.54706198722188681       0.81088158545216071     
  0.59610281898167339       0.81554738645685920     
  0.64488314347623310       0.82334702654095326     
  0.69351621916945305       0.83513192107253420     
  0.74214526809226933       0.85178703960528046     
  0.79095033706026341       0.87407350886345392     
  0.84016821100777206       0.90155861161876716     
  0.89017971105885929       0.93342432901778083     
  0.94188710962677069       0.96922790577128892     
   1.0000000000000000        1.0112431656156000     
 
 tm/c thickness ratio defined radially with 2D spline using control points.
   0.0000000000000000        0.0000000000000000     
   4.3387452907245522E-002   0.0000000000000000     
   9.1666814348395992E-002   0.0000000000000000     
  0.14180684101438704        0.0000000000000000     
  0.19287314220344681        0.0000000000000000     
  0.24429913550710761        0.0000000000000000     
  0.29570585218523998        0.0000000000000000     
  0.34684875028072154        0.0000000000000000     
  0.39758620514910942        0.0000000000000000     
  0.44785993027610921        0.0000000000000000     
  0.49767092108288941        0.0000000000000000     
  0.54706198722188681        0.0000000000000000     
  0.59610281898167339        0.0000000000000000     
  0.64488314347623310        0.0000000000000000     
  0.69351621916945305        0.0000000000000000     
  0.74214526809226933        0.0000000000000000     
  0.79095033706026341        0.0000000000000000     
  0.84016821100777206        0.0000000000000000     
  0.89017971105885929        0.0000000000000000     
  0.94188710962677069        0.0000000000000000     
   1.0000000000000000        0.0000000000000000     
 
 Chord multiplier calculated using spline control points...

 ---------------------------------------------------------------------------------
 airfoil type:           1 sect1
  =================================================== 
 Using sine function based clustering distribution
 
 lethk =    2.0000000000000000E-002

Using curvature control for camber definition...
 xcp -0.14999999999999999        0.0000000000000000       0.14999999999999999       0.24999999999999997       0.49999999999999994       0.75000000000000000       0.94999999999999996        1.0000000000000000        1.0500000000000000     
 ycp   0.0000000000000000        0.0000000000000000        0.0000000000000000       0.49999999999999994       0.29999999999999999       0.14999999999999999        0.0000000000000000        0.0000000000000000        0.0000000000000000     
Total camber is:   -7.730781108818034
Determinant is:    0.037346165144217
Possible values of scaling factor are:      -155.934844127847214        0.705643517242574
Camber line second derivative scaling factor:    0.705643517242574
Inlet u-v metal angle in deg:    4.227591970274212
Exit u-v metal angle in deg:   -3.503189138543854
Stagger angle in deg:  -13.405663340401929
 i_le =            0
 i_te =            0
         121
         241
 
 Stacking position on the chord as % of chord:   25.000000000000000     
 Stacking position in % above(+ve) or below(-ve) meanline :   0.0000000000000000     
 top curve points index range for % chord stacking:          44          45
 bottom curve points index range for % chord stacking:          45          46
 vtop_stack vbot_stack   6.7034485291932941E-002  -3.1943874582296611E-002
 
 u_stack  v_stack  0.25000000000000000        0.0000000000000000     
 
 chrd bladegen:   0.54688019911769703     
 pitch   0.31415926535897931     
 np_sidee         121
 n_normal_distance =           68
 Number of intersection points (k) =           68 from np_side of         121
 ******************************************
 
 Chord multiplier calculated using spline control points...

 ---------------------------------------------------------------------------------
 airfoil type:           2 sect1
  =================================================== 
 Using sine function based clustering distribution
 
 lethk =    2.0000000000000000E-002

Using curvature control for camber definition...
 xcp -0.14999999999999999        0.0000000000000000       0.14999999999999999       0.24999999999999994       0.49999999999999989       0.75000000000000000       0.94999999999999984        1.0000000000000000        1.0500000000000003     
 ycp   0.0000000000000000        0.0000000000000000        0.0000000000000000       0.49999999999999989       0.29999999999999999       0.14999999999999999        0.0000000000000000        0.0000000000000000        0.0000000000000000     
Total camber is:   -3.626324478572729
Determinant is:    0.036822248952917
Possible values of scaling factor are:      -332.834279952408224        0.330598194052548
Camber line second derivative scaling factor:    0.330598194052548
Inlet u-v metal angle in deg:    1.983461586694856
Exit u-v metal angle in deg:   -1.642862891877879
Stagger angle in deg:  -10.537481764804561
 i_le =            0
 i_te =            0
         121
         241
 
 Stacking position on the chord as % of chord:   25.000000000000000     
 Stacking position in % above(+ve) or below(-ve) meanline :   0.0000000000000000     
 top curve points index range for % chord stacking:          44          45
 bottom curve points index range for % chord stacking:          45          46
 vtop_stack vbot_stack   5.7659828338491870E-002  -4.1216379219169340E-002
 
 u_stack  v_stack  0.25000000000000000        0.0000000000000000     
 
 chrd bladegen:   0.49076377839852370     
 pitch   0.31415926535897931     
 np_sidee         121
 n_normal_distance =           70
 Number of intersection points (k) =           70 from np_side of         121
 ******************************************
 
 Chord multiplier calculated using spline control points...

 ---------------------------------------------------------------------------------
 airfoil type:           3 sect1
  =================================================== 
 Using sine function based clustering distribution
 
 lethk =    2.0000000000000000E-002

Using curvature control for camber definition...
 xcp -0.14999999999999999        0.0000000000000000       0.14999999999999999       0.25000000000000000       0.50000000000000000       0.75000000000000000       0.94999999999999996        1.0000000000000000        1.0500000000000000     
 ycp   0.0000000000000000        0.0000000000000000        0.0000000000000000       0.50000000000000000       0.29999999999999999       0.14999999999999999        0.0000000000000000        0.0000000000000000        0.0000000000000000     
Total camber is:   -1.237705986489121
Determinant is:    0.036693208694053
Possible values of scaling factor are:      -975.458352973610431        0.112802777828041
Camber line second derivative scaling factor:    0.112802777828041
Inlet u-v metal angle in deg:    0.677012104843096
Exit u-v metal angle in deg:   -0.560693881645384
Stagger angle in deg:   -8.457535286591821
 i_le =            0
 i_te =            0
         121
         241
 
 Stacking position on the chord as % of chord:   25.000000000000000     
 Stacking position in % above(+ve) or below(-ve) meanline :   0.0000000000000000     
 top curve points index range for % chord stacking:          44          45
 bottom curve points index range for % chord stacking:          45          46
 vtop_stack vbot_stack   5.2233588224201474E-002  -4.6621237270184607E-002
 
 u_stack  v_stack  0.25000000000000000        0.0000000000000000     
 
 chrd bladegen:   0.44634210155627313     
 pitch   0.31415926535897931     
 np_sidee         121
 n_normal_distance =           72
 Number of intersection points (k) =           72 from np_side of         121
 ******************************************
 
 Chord multiplier calculated using spline control points...

 ---------------------------------------------------------------------------------
 airfoil type:           4 sect1
  =================================================== 
 Using sine function based clustering distribution
 
 lethk =    2.0000000000000000E-002

Using curvature control for camber definition...
 xcp -0.14999999999999997        0.0000000000000000       0.14999999999999997       0.25000000000000000       0.50000000000000000       0.75000000000000000       0.94999999999999996        1.0000000000000000        1.0500000000000000     
 ycp   0.0000000000000000        0.0000000000000000        0.0000000000000000       0.50000000000000000       0.29999999999999993       0.14999999999999997        0.0000000000000000        0.0000000000000000        0.0000000000000000     
Total camber is:   -0.161360355007779
Determinant is:    0.036676528016759
Possible values of scaling factor are:     -7482.494817905461787        0.014705578092737
Camber line second derivative scaling factor:    0.014705578092737
Inlet u-v metal angle in deg:    0.088262984873279
Exit u-v metal angle in deg:   -0.073097370137671
Stagger angle in deg:   -6.999130018988474
 i_le =            0
 i_te =            0
         121
         241
 
 Stacking position on the chord as % of chord:   25.000000000000000     
 Stacking position in % above(+ve) or below(-ve) meanline :   0.0000000000000000     
 top curve points index range for % chord stacking:          44          45
 bottom curve points index range for % chord stacking:          44          45
 vtop_stack vbot_stack   4.9792393520007722E-002  -4.9060481602703390E-002
 
 u_stack  v_stack  0.25000000000000000        0.0000000000000000     
 
 chrd bladegen:   0.41007910655550367     
 pitch   0.31415926535897931     
 np_sidee         121
 n_normal_distance =           73
 Number of intersection points (k) =           73 from np_side of         121
 ******************************************
 
 Chord multiplier calculated using spline control points...

 ---------------------------------------------------------------------------------
 airfoil type:           5 sect1
  =================================================== 
 Using sine function based clustering distribution
 
 lethk =    2.0000000000000000E-002

Using curvature control for camber definition...
 xcp -0.14999999999999999        0.0000000000000000       0.14999999999999999       0.25000000000000000       0.50000000000000000       0.75000000000000000       0.94999999999999984        1.0000000000000000        1.0500000000000003     
 ycp   0.0000000000000000        0.0000000000000000        0.0000000000000000       0.50000000000000000       0.29999999999999999       0.14999999999999999        0.0000000000000000        0.0000000000000000        0.0000000000000000     
Total camber is:    0.543816128694216
Determinant is:    0.036679514730652
Possible values of scaling factor are:      2220.179710348513254       -0.049561038396216
Camber line second derivative scaling factor:   -0.049561038396216
Inlet u-v metal angle in deg:   -0.297463269545930
Exit u-v metal angle in deg:    0.246352859148467
Stagger angle in deg:   -5.695602866579292
 i_le =            0
 i_te =            0
         121
         241
 
 Stacking position on the chord as % of chord:   25.000000000000000     
 Stacking position in % above(+ve) or below(-ve) meanline :   0.0000000000000000     
 top curve points index range for % chord stacking:          44          45
 bottom curve points index range for % chord stacking:          44          45
 vtop_stack vbot_stack   4.8193435559341427E-002  -5.0660139999067218E-002
 
 u_stack  v_stack  0.25000000000000000        0.0000000000000000     
 
 chrd bladegen:   0.37960193747423054     
 pitch   0.31415926535897931     
 np_sidee         121
 n_normal_distance =           76
 Number of intersection points (k) =           76 from np_side of         121
 ******************************************
 
 Chord multiplier calculated using spline control points...

 ---------------------------------------------------------------------------------
 airfoil type:           6 sect1
  =================================================== 
 Using sine function based clustering distribution
 
 lethk =    2.0000000000000000E-002

Using curvature control for camber definition...
 xcp -0.14999999999999999        0.0000000000000000       0.14999999999999999       0.25000000000000000       0.50000000000000000       0.75000000000000000       0.95000000000000007        1.0000000000000000        1.0499999999999998     
 ycp   0.0000000000000000        0.0000000000000000        0.0000000000000000       0.50000000000000000       0.29999999999999999       0.14999999999999999        0.0000000000000000        0.0000000000000000        0.0000000000000000     
Total camber is:   -0.634691611252600
Determinant is:    0.036680700846152
Possible values of scaling factor are:     -1902.287889507502314        0.057843196331111
Camber line second derivative scaling factor:    0.057843196331111
Inlet u-v metal angle in deg:    0.347171303795958
Exit u-v metal angle in deg:   -0.287520307456827
Stagger angle in deg:   -5.411565306003912
 i_le =            0
 i_te =            0
         121
         241
 
 Stacking position on the chord as % of chord:   25.000000000000000     
 Stacking position in % above(+ve) or below(-ve) meanline :   0.0000000000000000     
 top curve points index range for % chord stacking:          44          45
 bottom curve points index range for % chord stacking:          45          46
 vtop_stack vbot_stack   5.0866371029788714E-002  -4.7987468822684357E-002
 
 u_stack  v_stack  0.25000000000000000        0.0000000000000000     
 
 chrd bladegen:   0.35422319998898621     
 pitch   0.31415926535897931     
 np_sidee         121
 n_normal_distance =           76
 Number of intersection points (k) =           76 from np_side of         121
 ******************************************
 
 Chord multiplier calculated using spline control points...

 ---------------------------------------------------------------------------------
 airfoil type:           7 sect1
  =================================================== 
 Using sine function based clustering distribution
 
 lethk =    2.0000000000000000E-002

Using curvature control for camber definition...
 xcp -0.14999999999999999        0.0000000000000000       0.14999999999999999       0.25000000000000000       0.50000000000000000       0.75000000000000000       0.95000000000000007        1.0000000000000000        1.0499999999999998     
 ycp   0.0000000000000000        0.0000000000000000        0.0000000000000000       0.50000000000000000       0.29999999999999999       0.14999999999999999        0.0000000000000000        0.0000000000000000        0.0000000000000000     
Total camber is:   -0.251345613337528
Determinant is:    0.036676939267019
Possible values of scaling factor are:     -4803.651974416467965        0.022906407969978
Camber line second derivative scaling factor:    0.022906407969978
Inlet u-v metal angle in deg:    0.137484269322939
Exit u-v metal angle in deg:   -0.113861344016254
Stagger angle in deg:   -4.284021829557607
 i_le =            0
 i_te =            0
         121
         241
 
 Stacking position on the chord as % of chord:   25.000000000000000     
 Stacking position in % above(+ve) or below(-ve) meanline :   0.0000000000000000     
 top curve points index range for % chord stacking:          44          45
 bottom curve points index range for % chord stacking:          44          45
 vtop_stack vbot_stack   4.9996523661191082E-002  -4.8856447910434600E-002
 
 u_stack  v_stack  0.25000000000000000        0.0000000000000000     
 
 chrd bladegen:   0.33181648722605783     
 pitch   0.31415926535897931     
 np_sidee         121
 n_normal_distance =           78
 Number of intersection points (k) =           78 from np_side of         121
 ******************************************
 
 Chord multiplier calculated using spline control points...

 ---------------------------------------------------------------------------------
 airfoil type:           8 sect1
  =================================================== 
 Using sine function based clustering distribution
 
 lethk =    2.0000000000000000E-002

Using curvature control for camber definition...
 xcp -0.14999999999999999        0.0000000000000000       0.14999999999999999       0.25000000000000000       0.50000000000000000       0.75000000000000000       0.94999999999999984        1.0000000000000000        1.0500000000000003     
 ycp   0.0000000000000000        0.0000000000000000        0.0000000000000000       0.50000000000000000       0.29999999999999999       0.14999999999999999        0.0000000000000000        0.0000000000000000        0.0000000000000000     
Total camber is:    0.012906035614539
Determinant is:    0.036676241536312
Possible values of scaling factor are:     93551.487857553787762       -0.001176190931278
Camber line second derivative scaling factor:   -0.001176190931278
Inlet u-v metal angle in deg:   -0.007059511929095
Exit u-v metal angle in deg:    0.005846523656663
Stagger angle in deg:   -3.249071143895968
 i_le =            0
 i_te =            0
         121
         241
 
 Stacking position on the chord as % of chord:   25.000000000000000     
 Stacking position in % above(+ve) or below(-ve) meanline :   0.0000000000000000     
 top curve points index range for % chord stacking:          44          45
 bottom curve points index range for % chord stacking:          44          45
 vtop_stack vbot_stack   4.9397133844433463E-002  -4.9455674090447196E-002
 
 u_stack  v_stack  0.25000000000000000        0.0000000000000000     
 
 chrd bladegen:   0.31246515379939616     
 pitch   0.31415926535897931     
 np_sidee         121
 n_normal_distance =           81
 Number of intersection points (k) =           81 from np_side of         121
 ******************************************
 
 Chord multiplier calculated using spline control points...

 ---------------------------------------------------------------------------------
 airfoil type:           9 sect1
  =================================================== 
 Using sine function based clustering distribution
 
 lethk =    2.0000000000000000E-002

Using curvature control for camber definition...
 xcp -0.14999999999999997        0.0000000000000000       0.14999999999999997       0.25000000000000000       0.50000000000000000       0.75000000000000000       0.94999999999999984        1.0000000000000000        1.0500000000000003     
 ycp   0.0000000000000000        0.0000000000000000        0.0000000000000000       0.50000000000000000       0.29999999999999993       0.14999999999999997        0.0000000000000000        0.0000000000000000        0.0000000000000000     
Total camber is:    0.198923404522555
Determinant is:    0.036676677880826
Possible values of scaling factor are:      6069.560277647850853       -0.018128893500965
Camber line second derivative scaling factor:   -0.018128893500965
Inlet u-v metal angle in deg:   -0.108809703696447
Exit u-v metal angle in deg:    0.090113700826325
Stagger angle in deg:   -2.309802926176079
 i_le =            0
 i_te =            0
         121
         241
 
 Stacking position on the chord as % of chord:   25.000000000000000     
 Stacking position in % above(+ve) or below(-ve) meanline :   0.0000000000000000     
 top curve points index range for % chord stacking:          44          45
 bottom curve points index range for % chord stacking:          44          45
 vtop_stack vbot_stack   4.8975308191933818E-002  -4.9877602077946295E-002
 
 u_stack  v_stack  0.25000000000000000        0.0000000000000000     
 
 chrd bladegen:   0.29569693332080382     
 pitch   0.31415926535897931     
 np_sidee         121
 n_normal_distance =           85
 Number of intersection points (k) =           85 from np_side of         121
 ******************************************
 
 Chord multiplier calculated using spline control points...

 ---------------------------------------------------------------------------------
 airfoil type:          10 sect1
  =================================================== 
 Using sine function based clustering distribution
 
 lethk =    2.0000000000000000E-002

Using curvature control for camber definition...
 xcp -0.15000000000000002        0.0000000000000000       0.15000000000000002       0.25000000000000000       0.50000000000000000       0.75000000000000000       0.94999999999999996        1.0000000000000000        1.0500000000000000     
 ycp   0.0000000000000000        0.0000000000000000        0.0000000000000000       0.50000000000000000       0.30000000000000004       0.15000000000000002        0.0000000000000000        0.0000000000000000        0.0000000000000000     
Total camber is:    0.392274165589002
Determinant is:    0.036677943729491
Possible values of scaling factor are:      3077.883031833095629       -0.035750030372587
Camber line second derivative scaling factor:   -0.035750030372587
Inlet u-v metal angle in deg:   -0.214571104567023
Exit u-v metal angle in deg:    0.177703061022900
Stagger angle in deg:   -1.467771717270459
 i_le =            0
 i_te =            0
         121
         241
 
 Stacking position on the chord as % of chord:   25.000000000000000     
 Stacking position in % above(+ve) or below(-ve) meanline :   0.0000000000000000     
 top curve points index range for % chord stacking:          44          45
 bottom curve points index range for % chord stacking:          44          45
 vtop_stack vbot_stack   4.8536945470062459E-002  -5.0316261669294565E-002
 
 u_stack  v_stack  0.25000000000000000        0.0000000000000000     
 
 chrd bladegen:   0.28114194275380300     
 pitch   0.31415926535897931     
 np_sidee         121
 n_normal_distance =           89
 Number of intersection points (k) =           89 from np_side of         121
 ******************************************
 
 Chord multiplier calculated using spline control points...

 ---------------------------------------------------------------------------------
 airfoil type:          11 sect1
  =================================================== 
 Using sine function based clustering distribution
 
 lethk =    2.0000000000000000E-002

Using curvature control for camber definition...
 xcp -0.15000000000000002        0.0000000000000000       0.15000000000000002       0.25000000000000000       0.50000000000000000       0.75000000000000011       0.94999999999999984        1.0000000000000000        1.0500000000000003     
 ycp   0.0000000000000000        0.0000000000000000        0.0000000000000000       0.50000000000000000       0.30000000000000004       0.15000000000000002        0.0000000000000000        0.0000000000000000        0.0000000000000000     
Total camber is:    0.616823745539777
Determinant is:    0.036680453181430
Possible values of scaling factor are:      1957.393628121494885       -0.056214759407692
Camber line second derivative scaling factor:   -0.056214759407692
Inlet u-v metal angle in deg:   -0.337397754841208
Exit u-v metal angle in deg:    0.279425990698309
Stagger angle in deg:   -0.749306793607474
 i_le =            0
 i_te =            0
         121
         241
 
 Stacking position on the chord as % of chord:   25.000000000000000     
 Stacking position in % above(+ve) or below(-ve) meanline :   0.0000000000000000     
 top curve points index range for % chord stacking:          44          45
 bottom curve points index range for % chord stacking:          44          45
 vtop_stack vbot_stack   4.8027964284424941E-002  -5.0825831344056556E-002
 
 u_stack  v_stack  0.25000000000000000        0.0000000000000000     
 
 chrd bladegen:   0.26851322414705758     
 pitch   0.31415926535897931     
 np_sidee         121
 n_normal_distance =           95
 Number of intersection points (k) =           95 from np_side of         121
 ******************************************
 
 Chord multiplier calculated using spline control points...

 ---------------------------------------------------------------------------------
 airfoil type:          12 sect1
  =================================================== 
 Using sine function based clustering distribution
 
 lethk =    2.0000000000000000E-002

Using curvature control for camber definition...
 xcp -0.14999999999999999        0.0000000000000000       0.14999999999999999       0.25000000000000000       0.50000000000000000       0.75000000000000011       0.95000000000000007        1.0000000000000000        1.0499999999999998     
 ycp   0.0000000000000000        0.0000000000000000        0.0000000000000000       0.50000000000000000       0.29999999999999999       0.14999999999999999        0.0000000000000000        0.0000000000000000        0.0000000000000000     
Total camber is:    0.925678673502147
Determinant is:    0.036685730043262
Possible values of scaling factor are:      1304.288318663456721       -0.084363564632577
Camber line second derivative scaling factor:   -0.084363564632577
Inlet u-v metal angle in deg:   -0.506337937141909
Exit u-v metal angle in deg:    0.419340736360527
Stagger angle in deg:   -0.140918336943827
 i_le =            0
 i_te =            0
         121
         241
 
 Stacking position on the chord as % of chord:   25.000000000000000     
 Stacking position in % above(+ve) or below(-ve) meanline :   0.0000000000000000     
 top curve points index range for % chord stacking:          45          46
 bottom curve points index range for % chord stacking:          44          45
 vtop_stack vbot_stack   4.7328085274945003E-002  -5.1526008258382813E-002
 
 u_stack  v_stack  0.25000000000000000        0.0000000000000000     
 
 chrd bladegen:   0.25761026640414186     
 pitch   0.31415926535897931     
 np_sidee         121
 n_normal_distance =          100
 Number of intersection points (k) =          100 from np_side of         121
 ******************************************
 
 Chord multiplier calculated using spline control points...

 ---------------------------------------------------------------------------------
 airfoil type:          13 sect1
  =================================================== 
 Using sine function based clustering distribution
 
 lethk =    2.0000000000000000E-002

Using curvature control for camber definition...
 xcp -0.14999999999999997        0.0000000000000000       0.14999999999999997       0.24999999999999997       0.49999999999999994       0.75000000000000000       0.94999999999999984        1.0000000000000000        1.0500000000000003     
 ycp   0.0000000000000000        0.0000000000000000        0.0000000000000000       0.49999999999999994       0.29999999999999993       0.14999999999999997        0.0000000000000000        0.0000000000000000        0.0000000000000000     
Total camber is:    1.298932975199282
Determinant is:    0.036694929657712
Possible values of scaling factor are:       929.475022782912447       -0.118383398341971
Camber line second derivative scaling factor:   -0.118383398341971
Inlet u-v metal angle in deg:   -0.710502144093401
Exit u-v metal angle in deg:    0.588430831105598
Stagger angle in deg:    0.354896014365718
 i_le =            0
 i_te =            0
         121
         241
 
 Stacking position on the chord as % of chord:   25.000000000000000     
 Stacking position in % above(+ve) or below(-ve) meanline :   0.0000000000000000     
 top curve points index range for % chord stacking:          45          46
 bottom curve points index range for % chord stacking:          44          45
 vtop_stack vbot_stack   4.6482562319508536E-002  -5.2372462670383556E-002
 
 u_stack  v_stack  0.25000000000000000        0.0000000000000000     
 
 chrd bladegen:   0.24840127095324155     
 pitch   0.31415926535897931     
 np_sidee         121
 n_normal_distance =           97
 Number of intersection points (k) =           97 from np_side of         121
 ******************************************
 
 Chord multiplier calculated using spline control points...

 ---------------------------------------------------------------------------------
 airfoil type:          14 sect1
  =================================================== 
 Using sine function based clustering distribution
 
 lethk =    2.0000000000000000E-002

Using curvature control for camber definition...
 xcp -0.14999999999999999        0.0000000000000000       0.14999999999999999       0.24999999999999997       0.49999999999999994       0.74999999999999989       0.94999999999999996        1.0000000000000000        1.0500000000000000     
 ycp   0.0000000000000000        0.0000000000000000        0.0000000000000000       0.49999999999999994       0.29999999999999999       0.14999999999999999        0.0000000000000000        0.0000000000000000        0.0000000000000000     
Total camber is:    1.702697882834471
Determinant is:    0.036708362768948
Possible values of scaling factor are:       709.043946478861471       -0.155187012621001
Camber line second derivative scaling factor:   -0.155187012621001
Inlet u-v metal angle in deg:   -0.931352257116063
Exit u-v metal angle in deg:    0.771345625718614
Stagger angle in deg:    0.768121942293381
 i_le =            0
 i_te =            0
         121
         241
 
 Stacking position on the chord as % of chord:   25.000000000000000     
 Stacking position in % above(+ve) or below(-ve) meanline :   0.0000000000000000     
 top curve points index range for % chord stacking:          45          46
 bottom curve points index range for % chord stacking:          44          45
 vtop_stack vbot_stack   4.5568259202944536E-002  -5.3288540404096155E-002
 
 u_stack  v_stack  0.25000000000000000        0.0000000000000000     
 
 chrd bladegen:   0.24090817100268400     
 pitch   0.31415926535897931     
 np_sidee         121
 n_normal_distance =           96
 Number of intersection points (k) =           96 from np_side of         121
 ******************************************
 
 Chord multiplier calculated using spline control points...

 ---------------------------------------------------------------------------------
 airfoil type:          15 sect1
  =================================================== 
 Using sine function based clustering distribution
 
 lethk =    2.0000000000000000E-002

Using curvature control for camber definition...
 xcp -0.14999999999999997        0.0000000000000000       0.14999999999999997       0.25000000000000000       0.50000000000000000       0.75000000000000000       0.94999999999999996        1.0000000000000000        1.0500000000000000     
 ycp   0.0000000000000000        0.0000000000000000        0.0000000000000000       0.50000000000000000       0.29999999999999993       0.14999999999999997        0.0000000000000000        0.0000000000000000        0.0000000000000000     
Total camber is:    2.075308898922161
Determinant is:    0.036723974113377
Possible values of scaling factor are:       581.717419082732022       -0.189154404288849
Camber line second derivative scaling factor:   -0.189154404288849
Inlet u-v metal angle in deg:   -1.135158435782473
Exit u-v metal angle in deg:    0.940150463139586
Stagger angle in deg:    1.119521375234400
 i_le =            0
 i_te =            0
         121
         241
 
 Stacking position on the chord as % of chord:   25.000000000000000     
 Stacking position in % above(+ve) or below(-ve) meanline :   0.0000000000000000     
 top curve points index range for % chord stacking:          45          46
 bottom curve points index range for % chord stacking:          44          45
 vtop_stack vbot_stack   4.4724791377113826E-002  -5.4134353335223276E-002
 
 u_stack  v_stack  0.25000000000000000        0.0000000000000000     
 
 chrd bladegen:   0.23515767426207712     
 pitch   0.31415926535897931     
 np_sidee         121
 n_normal_distance =           98
 Number of intersection points (k) =           98 from np_side of         121
 ******************************************
 
 Chord multiplier calculated using spline control points...

 ---------------------------------------------------------------------------------
 airfoil type:          16 sect1
  =================================================== 
 Using sine function based clustering distribution
 
 lethk =    2.0000000000000000E-002

Using curvature control for camber definition...
 xcp -0.14999999999999997        0.0000000000000000       0.14999999999999997       0.25000000000000000       0.50000000000000000       0.75000000000000000       0.94999999999999996        1.0000000000000000        1.0500000000000000     
 ycp   0.0000000000000000        0.0000000000000000        0.0000000000000000       0.50000000000000000       0.29999999999999993       0.14999999999999997        0.0000000000000000        0.0000000000000000        0.0000000000000000     
Total camber is:    2.413647661217550
Determinant is:    0.036740827115420
Possible values of scaling factor are:       500.154008030426837       -0.220001059882213
Camber line second derivative scaling factor:   -0.220001059882213
Inlet u-v metal angle in deg:   -1.320215278480329
Exit u-v metal angle in deg:    1.093432382736888
Stagger angle in deg:    1.450251288794529
 i_le =            0
 i_te =            0
         121
         241
 
 Stacking position on the chord as % of chord:   25.000000000000000     
 Stacking position in % above(+ve) or below(-ve) meanline :   0.0000000000000000     
 top curve points index range for % chord stacking:          45          46
 bottom curve points index range for % chord stacking:          44          45
 vtop_stack vbot_stack   4.3959129143311342E-002  -5.4902733360968160E-002
 
 u_stack  v_stack  0.25000000000000000        0.0000000000000000     
 
 chrd bladegen:   0.23117831123608151     
 pitch   0.31415926535897931     
 np_sidee         121
 n_normal_distance =           94
 Number of intersection points (k) =           94 from np_side of         121
 ******************************************
 
 Chord multiplier calculated using spline control points...

 ---------------------------------------------------------------------------------
 airfoil type:          17 sect1
  =================================================== 
 Using sine function based clustering distribution
 
 lethk =    2.0000000000000000E-002

Using curvature control for camber definition...
 xcp -0.15000000000000002        0.0000000000000000       0.15000000000000002       0.25000000000000000       0.50000000000000000       0.75000000000000000       0.94999999999999996        1.0000000000000000        1.0500000000000000     
 ycp   0.0000000000000000        0.0000000000000000        0.0000000000000000       0.50000000000000000       0.30000000000000004       0.15000000000000002        0.0000000000000000        0.0000000000000000        0.0000000000000000     
Total camber is:    2.654367327752766
Determinant is:    0.036754371874272
Possible values of scaling factor are:       454.781504988824508       -0.241950058795283
Camber line second derivative scaling factor:   -0.241950058795283
Inlet u-v metal angle in deg:   -1.451876293968037
Exit u-v metal angle in deg:    1.202491033784909
Stagger angle in deg:    1.772314155682884
 i_le =            0
 i_te =            0
         121
         241
 
 Stacking position on the chord as % of chord:   25.000000000000000     
 Stacking position in % above(+ve) or below(-ve) meanline :   0.0000000000000000     
 top curve points index range for % chord stacking:          45          46
 bottom curve points index range for % chord stacking:          44          45
 vtop_stack vbot_stack   4.3414501729886389E-002  -5.5449635479776743E-002
 
 u_stack  v_stack  0.25000000000000000        0.0000000000000000     
 
 chrd bladegen:   0.22895493703316611     
 pitch   0.31415926535897931     
 np_sidee         121
 n_normal_distance =           89
 Number of intersection points (k) =           89 from np_side of         121
 ******************************************
 
 Chord multiplier calculated using spline control points...

 ---------------------------------------------------------------------------------
 airfoil type:          18 sect1
  =================================================== 
 Using sine function based clustering distribution
 
 lethk =    2.0000000000000000E-002

Using curvature control for camber definition...
 xcp -0.14999999999999999        0.0000000000000000       0.14999999999999999       0.25000000000000000       0.50000000000000000       0.74999999999999989       0.94999999999999996        1.0000000000000000        1.0500000000000000     
 ycp   0.0000000000000000        0.0000000000000000        0.0000000000000000       0.50000000000000000       0.29999999999999999       0.14999999999999999        0.0000000000000000        0.0000000000000000        0.0000000000000000     
Total camber is:    2.710590165661772
Determinant is:    0.036757721799845
Possible values of scaling factor are:       445.344963301427924       -0.247076807729766
Camber line second derivative scaling factor:   -0.247076807729766
Inlet u-v metal angle in deg:   -1.482626926598131
Exit u-v metal angle in deg:    1.227963239063653
Stagger angle in deg:    2.111200987765469
 i_le =            0
 i_te =            0
         121
         241
 
 Stacking position on the chord as % of chord:   25.000000000000000     
 Stacking position in % above(+ve) or below(-ve) meanline :   0.0000000000000000     
 top curve points index range for % chord stacking:          45          46
 bottom curve points index range for % chord stacking:          44          45
 vtop_stack vbot_stack   4.3287311783468362E-002  -5.5577397568385846E-002
 
 u_stack  v_stack  0.25000000000000000        0.0000000000000000     
 
 chrd bladegen:   0.22815972840676452     
 pitch   0.31415926535897931     
 np_sidee         121
 n_normal_distance =           85
 Number of intersection points (k) =           85 from np_side of         121
 ******************************************
 
 Chord multiplier calculated using spline control points...

 ---------------------------------------------------------------------------------
 airfoil type:          19 sect1
  =================================================== 
 Using sine function based clustering distribution
 
 lethk =    2.0000000000000000E-002

Using curvature control for camber definition...
 xcp -0.14999999999999997        0.0000000000000000       0.14999999999999997       0.25000000000000000       0.50000000000000000       0.75000000000000011       0.94999999999999996        1.0000000000000000        1.0500000000000000     
 ycp   0.0000000000000000        0.0000000000000000        0.0000000000000000       0.50000000000000000       0.29999999999999993       0.14999999999999997        0.0000000000000000        0.0000000000000000        0.0000000000000000     
Total camber is:    2.461370403282669
Determinant is:    0.036743409591390
Possible values of scaling factor are:       490.453704312909508       -0.224352290345500
Camber line second derivative scaling factor:   -0.224352290345500
Inlet u-v metal angle in deg:   -1.346317276031006
Exit u-v metal angle in deg:    1.115053127251438
Stagger angle in deg:    2.496784235025327
 i_le =            0
 i_te =            0
         121
         241
 
 Stacking position on the chord as % of chord:   25.000000000000000     
 Stacking position in % above(+ve) or below(-ve) meanline :   0.0000000000000000     
 top curve points index range for % chord stacking:          45          46
 bottom curve points index range for % chord stacking:          44          45
 vtop_stack vbot_stack   4.3851148729447578E-002  -5.5011142196807000E-002
 
 u_stack  v_stack  0.25000000000000000        0.0000000000000000     
 
 chrd bladegen:   0.22838601209970433     
 pitch   0.31415926535897931     
 np_sidee         121
 n_normal_distance =           82
 Number of intersection points (k) =           82 from np_side of         121
 ******************************************
 
 Chord multiplier calculated using spline control points...

 ---------------------------------------------------------------------------------
 airfoil type:          20 sect1
  =================================================== 
 Using sine function based clustering distribution
 
 lethk =    2.0000000000000000E-002

Using curvature control for camber definition...
 xcp -0.14999999999999999        0.0000000000000000       0.14999999999999999       0.25000000000000000       0.50000000000000000       0.75000000000000000       0.95000000000000007        1.0000000000000000        1.0499999999999998     
 ycp   0.0000000000000000        0.0000000000000000        0.0000000000000000       0.50000000000000000       0.29999999999999999       0.14999999999999999        0.0000000000000000        0.0000000000000000        0.0000000000000000     
Total camber is:    1.851161360484172
Determinant is:    0.036714212879543
Possible values of scaling factor are:       652.169525768163339       -0.168720566545075
Camber line second derivative scaling factor:   -0.168720566545075
Inlet u-v metal angle in deg:   -1.012557422223599
Exit u-v metal angle in deg:    0.838603938260427
Stagger angle in deg:    2.958736349124578
 i_le =            0
 i_te =            0
         121
         241
 
 Stacking position on the chord as % of chord:   25.000000000000000     
 Stacking position in % above(+ve) or below(-ve) meanline :   0.0000000000000000     
 top curve points index range for % chord stacking:          45          46
 bottom curve points index range for % chord stacking:          44          45
 vtop_stack vbot_stack   4.5232154934342801E-002  -5.3625497671301023E-002
 
 u_stack  v_stack  0.25000000000000000        0.0000000000000000     
 
 chrd bladegen:   0.22927902186768853     
 pitch   0.31415926535897931     
 np_sidee         121
 n_normal_distance =           78
 Number of intersection points (k) =           78 from np_side of         121
 ******************************************
 
 Chord multiplier calculated using spline control points...

 ---------------------------------------------------------------------------------
 airfoil type:          21 sect1
  =================================================== 
 Using sine function based clustering distribution
 
 lethk =    2.0000000000000000E-002

Using curvature control for camber definition...
 xcp -0.14999999999999999        0.0000000000000000       0.14999999999999999       0.25000000000000000       0.50000000000000000       0.75000000000000000       0.94999999999999996        1.0000000000000000        1.0500000000000000     
 ycp   0.0000000000000000        0.0000000000000000        0.0000000000000000       0.50000000000000000       0.29999999999999999       0.14999999999999999        0.0000000000000000        0.0000000000000000        0.0000000000000000     
Total camber is:    0.812218994891815
Determinant is:    0.036683545876914
Possible values of scaling factor are:      1486.493287997914422       -0.074022811108133
Camber line second derivative scaling factor:   -0.074022811108133
Inlet u-v metal angle in deg:   -0.444276888646396
Exit u-v metal angle in deg:    0.367942106244911
Stagger angle in deg:    3.528250256558335
 i_le =            0
 i_te =            0
         121
         241
 
 Stacking position on the chord as % of chord:   25.000000000000000     
 Stacking position in % above(+ve) or below(-ve) meanline :   0.0000000000000000     
 top curve points index range for % chord stacking:          45          46
 bottom curve points index range for % chord stacking:          44          45
 vtop_stack vbot_stack   4.7585164249891905E-002  -5.1268781135790614E-002
 
 u_stack  v_stack  0.25000000000000000        0.0000000000000000     
 
 chrd bladegen:   0.23051239155195746     
 pitch   0.31415926535897931     
 np_sidee         121
 n_normal_distance =           75
 Number of intersection points (k) =           75 from np_side of         121
 ******************************************
 Number of airfoil coordinates:         241
 
 Stacking Axis location:       25000
 
 Section #           1
 Section #           2
 Section #           3
 Section #           4
 Section #           5
 Section #           6
 Section #           7
 Section #           8
 Section #           9
 Section #          10
 Section #          11
 Section #          12
 Section #          13
 Section #          14
 Section #          15
 Section #          16
 Section #          17
 Section #          18
 Section #          19
 Section #          20
 Section #          21
 i_slope           0
 i_slope           0
 i_slope           0
 i_slope           0
 i_slope           0
 i_slope           0
 i_slope           0
 i_slope           0
 i_slope           0
 i_slope           0
 i_slope           0
 i_slope           0
 i_slope           0
 i_slope           0
 i_slope           0
 i_slope           0
 i_slope           0
 i_slope           0
 i_slope           0
 i_slope           0
 i_slope           0
 
 span          delta_m
   0.0000000000000000        0.0000000000000000     
   4.3387452907245522E-002   0.0000000000000000     
   9.1666814348395992E-002   0.0000000000000000     
  0.14180684101438704        0.0000000000000000     
  0.19287314220344681        0.0000000000000000     
  0.24429913550710761        0.0000000000000000     
  0.29570585218523998        0.0000000000000000     
  0.34684875028072154        0.0000000000000000     
  0.39758620514910942        0.0000000000000000     
  0.44785993027610921        0.0000000000000000     
  0.49767092108288941        0.0000000000000000     
  0.54706198722188681        0.0000000000000000     
  0.59610281898167339        0.0000000000000000     
  0.64488314347623310        0.0000000000000000     
  0.69351621916945305        0.0000000000000000     
  0.74214526809226933        0.0000000000000000     
  0.79095033706026341        0.0000000000000000     
  0.84016821100777206        0.0000000000000000     
  0.89017971105885929        0.0000000000000000     
  0.94188710962677069        0.0000000000000000     
   1.0000000000000000        0.0000000000000000     
 
 span         delta_theta
   0.0000000000000000        0.0000000000000000     
   4.3387452907245522E-002   0.0000000000000000     
   9.1666814348395992E-002   0.0000000000000000     
  0.14180684101438704        0.0000000000000000     
  0.19287314220344681        0.0000000000000000     
  0.24429913550710761        0.0000000000000000     
  0.29570585218523998        0.0000000000000000     
  0.34684875028072154        0.0000000000000000     
  0.39758620514910942        0.0000000000000000     
  0.44785993027610921        0.0000000000000000     
  0.49767092108288941        0.0000000000000000     
  0.54706198722188681        0.0000000000000000     
  0.59610281898167339        0.0000000000000000     
  0.64488314347623310        0.0000000000000000     
  0.69351621916945305        0.0000000000000000     
  0.74214526809226933        0.0000000000000000     
  0.79095033706026341        0.0000000000000000     
  0.84016821100777206        0.0000000000000000     
  0.89017971105885929        0.0000000000000000     
  0.94188710962677069        0.0000000000000000     
   1.0000000000000000        0.0000000000000000     
 
 section(           1 )
 3D throat line [mm] =   14.059561513115614     
 3D mouth line [mm] =   16.337847661707460     
 3D exit line [mm] =   15.193119794082543     
 section(           2 )
 3D throat line [mm] =   15.769839120313877     
 3D mouth line [mm] =   17.776881107332109     
 3D exit line [mm] =   17.409437137319653     
 section(           3 )
 3D throat line [mm] =   17.477166796620814     
 3D mouth line [mm] =   19.314587694117652     
 3D exit line [mm] =   19.507856095378052     
 section(           4 )
 3D throat line [mm] =   19.168946342644084     
 3D mouth line [mm] =   20.871150575991191     
 3D exit line [mm] =   21.358294119682039     
 section(           5 )
 3D throat line [mm] =   20.849349250862232     
 3D mouth line [mm] =   22.602577105781172     
 3D exit line [mm] =   23.404324317974897     
 section(           6 )
 3D throat line [mm] =   22.492541346639971     
 3D mouth line [mm] =   24.327982153446573     
 3D exit line [mm] =   25.034091237865773     
 section(           7 )
 3D throat line [mm] =   24.134617978267116     
 3D mouth line [mm] =   25.989210092339068     
 3D exit line [mm] =   26.693397906609182     
 section(           8 )
 3D throat line [mm] =   25.745790511110567     
 3D mouth line [mm] =   27.590455651007279     
 3D exit line [mm] =   28.452147356747986     
 section(           9 )
 3D throat line [mm] =   27.324441508991978     
 3D mouth line [mm] =   29.369575639887117     
 3D exit line [mm] =   30.089843587865044     
 section(          10 )
 3D throat line [mm] =   28.868883059901421     
 3D mouth line [mm] =   30.857569693809911     
 3D exit line [mm] =   31.731880536581482     
 section(          11 )
 3D throat line [mm] =   30.382386433390550     
 3D mouth line [mm] =   32.490895444611411     
 3D exit line [mm] =   33.266498073517020     
 section(          12 )
 3D throat line [mm] =   31.867456054562268     
 3D mouth line [mm] =   34.195130406974748     
 3D exit line [mm] =   34.794577681635438     
 section(          13 )
 3D throat line [mm] =   33.326163226586125     
 3D mouth line [mm] =   35.742094053595444     
 3D exit line [mm] =   36.108076262472842     
 section(          14 )
 3D throat line [mm] =   34.759548189785534     
 3D mouth line [mm] =   37.284394652937785     
 3D exit line [mm] =   37.387193476111229     
 section(          15 )
 3D throat line [mm] =   36.167116038365386     
 3D mouth line [mm] =   38.904476233121841     
 3D exit line [mm] =   38.673516800759721     
 section(          16 )
 3D throat line [mm] =   37.551626831132843     
 3D mouth line [mm] =   40.316310271264840     
 3D exit line [mm] =   40.123082331862861     
 section(          17 )
 3D throat line [mm] =   38.916691808498229     
 3D mouth line [mm] =   41.646261967800157     
 3D exit line [mm] =   41.199988284847755     
 section(          18 )
 3D throat line [mm] =   40.272012653496134     
 3D mouth line [mm] =   42.975092642483368     
 3D exit line [mm] =   42.485769837046760     
 section(          19 )
 3D throat line [mm] =   41.632293285556308     
 3D mouth line [mm] =   44.284646733454764     
 3D exit line [mm] =   43.940699989376547     
 section(          20 )
 3D throat line [mm] =   43.025193864854671     
 3D mouth line [mm] =   45.584185377117009     
 3D exit line [mm] =   45.231010175479284     
 section(          21 )
 3D throat line [mm] =   44.595500933808722     
 3D mouth line [mm] =   47.013603438803990     
 3D exit line [mm] =   46.936426315534874     
 Number of radial sections:          21
 
 Writing 3D blade geometry ...
 
 chord_actual(mm):   30.148968352787943     
 chord_actual(mm):   29.588779611789480     
 chord_actual(mm):   29.289511676971951     
 chord_actual(mm):   29.109577358422182     
 chord_actual(mm):   28.976695468048163     
 chord_actual(mm):   28.905643076606282     
 chord_actual(mm):   28.802408030525847     
 chord_actual(mm):   28.714155859462629     
 chord_actual(mm):   28.647671935140366     
 chord_actual(mm):   28.610973710683183     
 chord_actual(mm):   28.613037373267382     
 chord_actual(mm):   28.667076698323847     
 chord_actual(mm):   28.799288863499282     
 chord_actual(mm):   29.038427619423349     
 chord_actual(mm):   29.414313083546642     
 chord_actual(mm):   29.961582341379636     
 chord_actual(mm):   30.708588217633917     
 chord_actual(mm):   31.641877547502379     
 chord_actual(mm):   32.733242248698090     
 chord_actual(mm):   33.969134269726958     
 chord_actual(mm):   35.437418297718082     
 
 Calculating the meanline by taking the average of PS ans SS in 3D...
 Writing the meanline in 3D to meanline.sec#.dat files...
 
 Writing the top and bottom periodic wall coordinates...
 
         121
 throat_index           1          29
 throat_index           2          27
 throat_index           3          26
 throat_index           4          26
 throat_index           5          26
 throat_index           6          27
 throat_index           7          28
 throat_index           8          29
 throat_index           9          31
 throat_index          10          32
 throat_index          11          34
 throat_index          12          37
 throat_index          13          39
 throat_index          14          41
 throat_index          15          45
 throat_index          16          42
 throat_index          17          39
 throat_index          18          36
 throat_index          19          33
 throat_index          20          30
 throat_index          21          27
 
 casename:Case6_2
 
 fname: blade3d.Case6_2.dat
 
 Creating section data files for CAD system
 
 Number of points:          241
 
 Number of sections:           21
 
 bsf:    152.40000000000001     
 Number of blades in this row:           20

 
