
 ************************************************************
 ************************************************************
 ****  T-BLADE3:Turbomachinery BLADE 3D Geometry Builder ****
 ****                                                    ****
 ****  Master Version 1.12                               ****
 ****                                                    ****
 ****  ...was also called as below till Aug 2016...      ****
 ****  3DBGB: 3 Dimensional Blade Geometry Builder       ****
 ****                                                    ****
 ****  Develop Version 1.12.8                            ****
 ****                                                    ****
 ****  This software comes with ABSOLUTELY NO WARRANTY   ****
 ****                                                    ****
 ****  This is a program which generates a 3D blade...   ****
 ****  ...shape and outputs 3D blade section files.      ****
 ****                                                    ****
 ****  Inputs: LE and TE curve(x,r), inlet angle,        ****
 ****          exit angle, chord, tm/c, incidence,       ****
 ****          deviation, secondary flow angles,         ****
 ****          streamline coordinates:(x,r)              ****
 ****          control points for sweep, lean,           ****
 ****          blade scaling factor.                     ****
 ****                                                    ****
 ****  Outputs: 3D blade sections (x,y,z),               ****
 ****           2D airfoils (mprime,theta).              ****
 ****                                                    ****
 ****  ---------------by Kiran Siddappaji         ----   ****
 ****  ---------------by Mark G. Turner           ----   ****
 ****  ------------------- turnermr@ucmail.uc.edu ----   ****
 ****  ---------------by Karthik Balasubramanian  ----   ****
 ****  ---------------by Syed Moez Hussain Mahmood----   ****
 ****  ---------------by Ahmed Nemnem             ----   ****
 ****  ---------------by Marshall C. Galbraith    ----   ****
 ************************************************************
 ************************************************************

 T-Blade3 Copyright (C) 2017 University of Cincinnati, developed by Kiran Siddappaji,
 Dr. Mark G. Turner, Karthik  Balasubramanian, Syed Moez Hussain, Ahmed Farid Nemnem 
  and Marshall C. Galbraith.

 This program is free software; you can redistribute it and/or modify it under the 
 terms of the GNU General Public License as published by the Free Software Foundation; 
 either version 2 of the License, or (at your option) any later version.

 This program is distributed in the hope that it will be useful, but WITHOUT ANY WARRANTY;
 without even the implied warranty of MERCHANTABILITY or FITNESS FOR A PARTICULAR PURPOSE. 
 See the GNU General Public License for more details.  For the complete terms of the 
 GNU General Public License, please see this URL: http://www.gnu.org/licenses/gpl-2.0.html

 ************************************************************

 Row number and blade  type is 1nax17                                                                                                                                                                                                                                                          
 
 3dbgbinput.1nax17.dat                                                                                                                                                                                                                                           
 
 Incidence and Deviation defined spanwise as a B-spline using control points
 
 inci_dev_spline
 
 Reading inputs from file: 3dbgbinput.1nax17.dat                                                                                                                                                                                                                                           
 
 Reading the spanwise_input file ....

 spanwise input file read successfully

 case:Case6_2                                                                                                                                                                                                                                                         
 bladerow #:           1
   1       

 Number of blades in this row:          20
 bsf:   152.40000000000001     


    in_betaZ*    out_betaZ*
   0.0000000000000000       -19.030736500000000     
   0.0000000000000000       -13.772680429999999     
   0.0000000000000000       -10.258185670000000     
   0.0000000000000000       -8.1097568599999992     
   0.0000000000000000       -6.3683073500000003     
   0.0000000000000000       -4.8750483899999999     
   0.0000000000000000       -3.6576954800000001     
   0.0000000000000000       -2.5996792599999998     
   0.0000000000000000       -1.7006599600000001     
   0.0000000000000000      -0.91793367999999997     
   0.0000000000000000      -0.25471163000000002     
   0.0000000000000000       0.33827494000000002     
   0.0000000000000000       0.85759470000000004     
   0.0000000000000000        1.3219841500000000     
   0.0000000000000000        1.7276708199999999     
   0.0000000000000000        2.1195313900000001     
   0.0000000000000000        2.4897911000000001     
   0.0000000000000000        2.8427144000000002     
   0.0000000000000000        3.1807965000000000     
   0.0000000000000000        3.5276307199999999     
   0.0000000000000000        3.8970639100000000     

 LE/TE defined by a curve with no. of points as:          27
 xLE    rLE     xTE     rTE
 -0.38559800000000000       0.33446199999999998      -0.15491800000000000       0.32155000000000000     
 -0.38349400000000000       0.35834300000000002      -0.15277499999999999       0.34657700000000002     
 -0.38139000000000001       0.38222299999999998      -0.15063299999999999       0.37160399999999999     
 -0.37928600000000001       0.40610400000000002      -0.14849000000000001       0.39663100000000001     
 -0.37718200000000002       0.42998500000000001      -0.14634700000000000       0.42165700000000000     
 -0.37507800000000002       0.45386599999999999      -0.14420500000000000       0.44668400000000003     
 -0.37297400000000003       0.47774600000000000      -0.14206199999999999       0.47171099999999999     
 -0.37086999999999998       0.50162700000000005      -0.13991899999999999       0.49673800000000001     
 -0.36876599999999998       0.52550799999999998      -0.13777600000000001       0.52176500000000003     
 -0.36666199999999999       0.54938799999999999      -0.13563400000000000       0.54679199999999994     
 -0.36455799999999999       0.57326900000000003      -0.13349100000000000       0.57181899999999997     
 -0.36245300000000003       0.59714999999999996      -0.13134799999999999       0.59684599999999999     
 -0.36034899999999997       0.62103100000000000      -0.12920599999999999       0.62187300000000001     
 -0.35824499999999998       0.64491200000000004      -0.12706300000000001       0.64690000000000003     
 -0.35614099999999999       0.66879299999999997      -0.12492000000000000       0.67192700000000005     
 -0.35403699999999999       0.69267299999999998      -0.12277800000000000       0.69695399999999996     
 -0.35193300000000000       0.71655400000000002      -0.12063500000000001       0.72198099999999998     
 -0.34982900000000000       0.74043499999999995      -0.11849200000000000       0.74700699999999998     
 -0.34772500000000001       0.76431600000000000      -0.11635000000000000       0.77203400000000000     
 -0.34562100000000001       0.78819600000000001      -0.11420700000000000       0.79706100000000002     
 -0.34351700000000002       0.81207700000000005      -0.11206400000000000       0.82208800000000004     
 -0.34141300000000002       0.83595799999999998      -0.10992100000000000       0.84711499999999995     
 -0.33930900000000003       0.85983799999999999      -0.10777900000000000       0.87214199999999997     
 -0.33720499999999998       0.88371900000000003      -0.10563599999999999       0.89716899999999999     
 -0.33510099999999998       0.90759999999999996      -0.10349300000000000       0.92219600000000002     
 -0.33299699999999999       0.93148100000000000      -0.10135100000000000       0.94722300000000004     
 -0.32559900000000003        1.0154440000000000       -9.4880000000000006E-002   1.0227999999999999     
 
 sect1                  25.000000000000000        0.0000000000000000       0.29999999999999999        2.0000000000000000E-002   2.0000000000000000E-002   15.000000000000000        10.000000000000000                0
 sect1                  25.000000000000000        0.0000000000000000       0.29999999999999999        2.0000000000000000E-002   2.0000000000000000E-002   15.000000000000000        10.000000000000000                0
 sect1                  25.000000000000000        0.0000000000000000       0.29999999999999999        2.0000000000000000E-002   2.0000000000000000E-002   15.000000000000000        10.000000000000000                0
 sect1                  25.000000000000000        0.0000000000000000       0.29999999999999999        2.0000000000000000E-002   2.0000000000000000E-002   15.000000000000000        10.000000000000000                0
 sect1                  25.000000000000000        0.0000000000000000       0.29999999999999999        2.0000000000000000E-002   2.0000000000000000E-002   15.000000000000000        10.000000000000000                0
 sect1                  25.000000000000000        0.0000000000000000       0.29999999999999999        2.0000000000000000E-002   2.0000000000000000E-002   15.000000000000000        10.000000000000000                0
 sect1                  25.000000000000000        0.0000000000000000       0.29999999999999999        2.0000000000000000E-002   2.0000000000000000E-002   15.000000000000000        10.000000000000000                0
 sect1                  25.000000000000000        0.0000000000000000       0.29999999999999999        2.0000000000000000E-002   2.0000000000000000E-002   15.000000000000000        10.000000000000000                0
 sect1                  25.000000000000000        0.0000000000000000       0.29999999999999999        2.0000000000000000E-002   2.0000000000000000E-002   15.000000000000000        10.000000000000000                0
 sect1                  25.000000000000000        0.0000000000000000       0.29999999999999999        2.0000000000000000E-002   2.0000000000000000E-002   15.000000000000000        10.000000000000000                0
 sect1                  25.000000000000000        0.0000000000000000       0.29999999999999999        2.0000000000000000E-002   2.0000000000000000E-002   15.000000000000000        10.000000000000000                0
 sect1                  25.000000000000000        0.0000000000000000       0.29999999999999999        2.0000000000000000E-002   2.0000000000000000E-002   15.000000000000000        10.000000000000000                0
 sect1                  25.000000000000000        0.0000000000000000       0.29999999999999999        2.0000000000000000E-002   2.0000000000000000E-002   15.000000000000000        10.000000000000000                0
 sect1                  25.000000000000000        0.0000000000000000       0.29999999999999999        2.0000000000000000E-002   2.0000000000000000E-002   15.000000000000000        10.000000000000000                0
 sect1                  25.000000000000000        0.0000000000000000       0.29999999999999999        2.0000000000000000E-002   2.0000000000000000E-002   15.000000000000000        10.000000000000000                0
 sect1                  25.000000000000000        0.0000000000000000       0.29999999999999999        2.0000000000000000E-002   2.0000000000000000E-002   15.000000000000000        10.000000000000000                0
 sect1                  25.000000000000000        0.0000000000000000       0.29999999999999999        2.0000000000000000E-002   2.0000000000000000E-002   15.000000000000000        10.000000000000000                0
 sect1                  25.000000000000000        0.0000000000000000       0.29999999999999999        2.0000000000000000E-002   2.0000000000000000E-002   15.000000000000000        10.000000000000000                0
 sect1                  25.000000000000000        0.0000000000000000       0.29999999999999999        2.0000000000000000E-002   2.0000000000000000E-002   15.000000000000000        10.000000000000000                0
 sect1                  25.000000000000000        0.0000000000000000       0.29999999999999999        2.0000000000000000E-002   2.0000000000000000E-002   15.000000000000000        10.000000000000000                0
 sect1                  25.000000000000000        0.0000000000000000       0.29999999999999999        2.0000000000000000E-002   2.0000000000000000E-002   15.000000000000000        10.000000000000000                0
 
 Sweep in the axial direction (m-prime).
 
 Lean in the tangential direction (theta).
 
 Writing dimensional hub and casing streamlines...

 Using x_s and r_s coordinates for streamline from the input file...

 Calculating the m_prime coordinates for each streamline...

 
 hub offset:   0.0000000000000000     
 tip offset:   0.0000000000000000     

 xLE    rLE     xTE     rTE
 
 Calculating LE x, r points... 
 
 Calculating TE x, r points...
 
 i_slope           0
 i_slope           0
 i_slope           0
 i_slope           0
 i_slope           0
 i_slope           0
 i_slope           0
 i_slope           0
 i_slope           0
 i_slope           0
 i_slope           0
 i_slope           0
 i_slope           0
 i_slope           0
 i_slope           0
 i_slope           0
 i_slope           0
 i_slope           0
 i_slope           0
 i_slope           0
 i_slope           0
 
 ile:           2
 ite:           5
 ile:          14
 ite:          51
 ile:          14
 ite:          52
 ile:          15
 ite:          53
 ile:          15
 ite:          53
 ile:          15
 ite:          54
 ile:          16
 ite:          54
 ile:          16
 ite:          55
 ile:          17
 ite:          55
 ile:          17
 ite:          56
 ile:          18
 ite:          56
 ile:          18
 ite:          57
 ile:          19
 ite:          57
 ile:          19
 ite:          58
 ile:          20
 ite:          58
 ile:          20
 ite:          58
 ile:          21
 ite:          59
 ile:          21
 ite:          59
 ile:          22
 ite:          60
 ile:          22
 ite:          60
 ile:           4
 ite:           9

 Using x values for msLE due to a purely axial flow.
 Using x values for msTE due to a purely axial flow.
 msle:  0.31997201583567025     
 mste:  0.96347654244761249     
 chordm:  0.64350452661194224     
 Using x values for msLE due to a purely axial flow.
 Using x values for msTE due to a purely axial flow.
 msle:  0.19591061812972421     
 mste:  0.78122589299639089     
 chordm:  0.58531527486666668     
 Using x values for msLE due to a purely axial flow.
 Using x values for msTE due to a purely axial flow.
 msle:  0.18858472554247366     
 mste:  0.72587005897914580     
 chordm:  0.53728533343667217     
 Using x values for msLE due to a purely axial flow.
 Using x values for msTE due to a purely axial flow.
 msle:  0.18202228819863855     
 mste:  0.67898268460117983     
 chordm:  0.49696039640254130     
 Using x values for msLE due to a purely axial flow.
 Using x values for msTE due to a purely axial flow.
 msle:  0.17614470457452563     
 mste:  0.63883669129540321     
 chordm:  0.46269198672087758     
 Using x values for msLE due to a purely axial flow.
 Using x values for msTE due to a purely axial flow.
 msle:  0.17089595124690959     
 mste:  0.60422999736951954     
 chordm:  0.43333404612260995     
 Using x values for msLE due to a purely axial flow.
 Using x values for msTE due to a purely axial flow.
 msle:  0.16621265013027903     
 mste:  0.57402662646346414     
 chordm:  0.40781397633318511     
 Using x values for msLE due to a purely axial flow.
 Using x values for msTE due to a purely axial flow.
 msle:  0.16202686761307153     
 mste:  0.54747317435424436     
 chordm:  0.38544630674117286     
 Using x values for msLE due to a purely axial flow.
 Using x values for msTE due to a purely axial flow.
 msle:  0.15826704240584155     
 mste:  0.52391879987733658     
 chordm:  0.36565175747149503     
 Using x values for msLE due to a purely axial flow.
 Using x values for msTE due to a purely axial flow.
 msle:  0.15487455567161304     
 mste:  0.50285511902735058     
 chordm:  0.34798056335573757     
 Using x values for msLE due to a purely axial flow.
 Using x values for msTE due to a purely axial flow.
 msle:  0.15179715234105678     
 mste:  0.48388147294776918     
 chordm:  0.33208432060671239     
 Using x values for msLE due to a purely axial flow.
 Using x values for msTE due to a purely axial flow.
 msle:  0.14899024894909024     
 mste:  0.46668088574850536     
 chordm:  0.31769063679941512     
 Using x values for msLE due to a purely axial flow.
 Using x values for msTE due to a purely axial flow.
 msle:  0.14641641117394560     
 mste:  0.45099283419618041     
 chordm:  0.30457642302223481     
 Using x values for msLE due to a purely axial flow.
 Using x values for msTE due to a purely axial flow.
 msle:  0.14404389552946165     
 mste:  0.43661375322377421     
 chordm:  0.29256985769431254     
 Using x values for msLE due to a purely axial flow.
 Using x values for msTE due to a purely axial flow.
 msle:  0.14184575532997165     
 mste:  0.42337347550665283     
 chordm:  0.28152772017668115     
 Using x values for msLE due to a purely axial flow.
 Using x values for msTE due to a purely axial flow.
 msle:  0.13979964887105908     
 mste:  0.41111659638134473     
 chordm:  0.27131694751028568     
 Using x values for msLE due to a purely axial flow.
 Using x values for msTE due to a purely axial flow.
 msle:  0.13788623181072737     
 mste:  0.39970106503241376     
 chordm:  0.26181483322168642     
 Using x values for msLE due to a purely axial flow.
 Using x values for msTE due to a purely axial flow.
 msle:  0.13608793150139117     
 mste:  0.38898868932967218     
 chordm:  0.25290075782828103     
 Using x values for msLE due to a purely axial flow.
 Using x values for msTE due to a purely axial flow.
 msle:  0.13439292192103683     
 mste:  0.37883608768943461     
 chordm:  0.24444316576839778     
 Using x values for msLE due to a purely axial flow.
 Using x values for msTE due to a purely axial flow.
 msle:  0.13280531026374201     
 mste:  0.36904839003825551     
 chordm:  0.23624307977451350     
 Using x values for msLE due to a purely axial flow.
 Using x values for msTE due to a purely axial flow.
 msle:  0.13865186232444504     
 mste:  0.36616931882926257     
 chordm:  0.22751745650481753     
 
 phi_s_in(ia)  -8.1681972192684462     
 phi_s_in(ia)  -5.3489122838975414     
 phi_s_in(ia)  -2.8643540865073414     
 phi_s_in(ia) -0.98359490077386924     
 phi_s_in(ia)  0.37008750378295663     
 phi_s_in(ia)   1.3157268673562235     
 phi_s_in(ia)   1.9634820599118101     
 phi_s_in(ia)   2.3697212053073144     
 phi_s_in(ia)   2.5703248259334832     
 phi_s_in(ia)   2.5952992786169351     
 phi_s_in(ia)   2.4712304018026918     
 phi_s_in(ia)   2.2202643590329538     
 phi_s_in(ia)   1.8562541586298471     
 phi_s_in(ia)   1.3815300239749826     
 phi_s_in(ia)  0.80100011706022467     
 phi_s_in(ia)  0.13014569980949914     
 phi_s_in(ia) -0.61052704954440806     
 phi_s_in(ia)  -1.3994675440785769     
 phi_s_in(ia)  -2.2021210458103666     
 phi_s_in(ia)  -2.9642064555909902     
 phi_s_in(ia)  -3.6325789877822059     
 phi_s_out(ia)  -7.0643607153971786     
 phi_s_out(ia)  -3.2325674022299431     
 phi_s_out(ia)  -1.0279521760648429     
 phi_s_out(ia)  0.46979160250659852     
 phi_s_out(ia)   1.5156758427136672     
 phi_s_out(ia)   2.1708357199746748     
 phi_s_out(ia)   2.5666988827012571     
 phi_s_out(ia)   2.7292312715203839     
 phi_s_out(ia)   2.7135364675276850     
 phi_s_out(ia)   2.5657235809381937     
 phi_s_out(ia)   2.3223553537939505     
 phi_s_out(ia)   2.0098197735321470     
 phi_s_out(ia)   1.6453578005193750     
 phi_s_out(ia)   1.2459929945809223     
 phi_s_out(ia)  0.83215528710413889     
 phi_s_out(ia)  0.41734573751443399     
 phi_s_out(ia)   1.6493882429051643E-002
 phi_s_out(ia) -0.35854412563930482     
 phi_s_out(ia) -0.69188693013008074     
 phi_s_out(ia) -0.96615944959174838     
 phi_s_out(ia)  -1.2136468930237228     
 
 Creating cubic bspline with spancontrolinput file
 bspline created successfully

  Inlet Beta incidence defined spanwise by a cubic B-spline using control points.
    span         in_Beta (spline)
   0.0000000000000000        0.0000000000000000     
   4.3387452907245522E-002   0.0000000000000000     
   9.1666814348395992E-002   0.0000000000000000     
  0.14180684101438704        0.0000000000000000     
  0.19287314220344681        0.0000000000000000     
  0.24429913550710761        0.0000000000000000     
  0.29570585218523998        0.0000000000000000     
  0.34684875028072154        0.0000000000000000     
  0.39758620514910942        0.0000000000000000     
  0.44785993027610921        0.0000000000000000     
  0.49767092108288941        0.0000000000000000     
  0.54706198722188681        0.0000000000000000     
  0.59610281898167339        0.0000000000000000     
  0.64488314347623310        0.0000000000000000     
  0.69351621916945305        0.0000000000000000     
  0.74214526809226933        0.0000000000000000     
  0.79095033706026341        0.0000000000000000     
  0.84016821100777206        0.0000000000000000     
  0.89017971105885929        0.0000000000000000     
  0.94188710962677069        0.0000000000000000     
   1.0000000000000000        0.0000000000000000     

  Outlet Beta deviation defined spanwise by a cubic B-spline using control points.
    span        out_Beta (spline)
   0.0000000000000000       -14.748416570183402     
   4.3387452907245522E-002  -11.086322713044146     
   9.1666814348395992E-002  -8.6153012735791457     
  0.14180684101438704       -6.7819421244182205     
  0.19287314220344681       -4.9553626747989288     
  0.24429913550710761       -3.3174626942318288     
  0.29570585218523998       -2.0940271757351590     
  0.34684875028072154       -1.3457955544558664     
  0.39758620514910942       -1.1848227911717253     
  0.44785993027610921       -1.3524791629432573     
  0.49767092108288941       -1.5497029607971640     
  0.54706198722188681        2.1626415568895587     
  0.59610281898167339        2.7563096664743458     
  0.64488314347623310        2.9265410769084310     
  0.69351621916945305        2.8137728233706554     
  0.74214526809226933        2.5622317060956106     
  0.79095033706026341        2.2535040320416941     
  0.84016821100777206        2.0106335556181607     
  0.89017971105885929        1.9712654185477920     
  0.94188710962677069        2.2126240077821606     
   1.0000000000000000        2.7349318864179031     
 
 Internally calculated chord...
 Stagger calculated from the inlet and exit angles...

 ---------------------------------------------------------------------------------
 airfoil type:           1 sect1
  =================================================== 
 Using sine function based clustering distribution
 
 lethk =    2.0000000000000000E-002

Using curvature control for camber definition...
 xcp -0.14999999999999999        0.0000000000000000       0.14999999999999999       0.24999999999999997       0.49999999999999994       0.75000000000000000       0.94999999999999996        1.0000000000000000        1.0500000000000000     
 ycp   0.0000000000000000        0.0000000000000000        0.0000000000000000       0.49999999999999994       0.29999999999999999       0.14999999999999999        0.0000000000000000        0.0000000000000000        0.0000000000000000     
Total camber is:  -14.641283767108813
Determinant is:    0.039157339658222
Possible values of scaling factor are:       -82.003006007866105        1.341833881802954
Camber line second derivative scaling factor:    1.341833881802954
Inlet u-v metal angle in deg:    8.001280942205780
Exit u-v metal angle in deg:   -6.640002824903005
Stagger angle in deg:   -8.001280942205780
 i_le =            0
 i_te =            0
         121
         241
 
 Stacking position on the chord as % of chord:   25.000000000000000     
 Stacking position in % above(+ve) or below(-ve) meanline :   0.0000000000000000     
 top curve points index range for % chord stacking:          44          45
 bottom curve points index range for % chord stacking:          45          46
 vtop_stack vbot_stack   8.3025013239272333E-002  -1.6314816689853764E-002
 
 u_stack  v_stack  0.25000000000000000        0.0000000000000000     
 
 chrd bladegen:   0.64983065595888401     
 pitch   0.31415926535897931     
 np_sidee         121
 n_normal_distance =           95
 Number of intersection points (k) =           95 from np_side of         121
 splinedata_section.1.Case6_2.dat                                                
 stingl:    0.0000000000000000     
 ******************************************
 
 Internally calculated chord...
 Stagger calculated from the inlet and exit angles...

 ---------------------------------------------------------------------------------
 airfoil type:           2 sect1
  =================================================== 
 Using sine function based clustering distribution
 
 lethk =    2.0000000000000000E-002

Using curvature control for camber definition...
 xcp -0.14999999999999999        0.0000000000000000       0.14999999999999999       0.24999999999999994       0.49999999999999989       0.75000000000000000       0.94999999999999984        1.0000000000000000        1.0500000000000003     
 ycp   0.0000000000000000        0.0000000000000000        0.0000000000000000       0.49999999999999989       0.29999999999999999       0.14999999999999999        0.0000000000000000        0.0000000000000000        0.0000000000000000     
Total camber is:  -11.069118956110966
Determinant is:    0.038067516801477
Possible values of scaling factor are:      -108.727922508672549        1.012016134698696
Camber line second derivative scaling factor:    1.012016134698696
Inlet u-v metal angle in deg:    6.051529610867963
Exit u-v metal angle in deg:   -5.017589345243005
Stagger angle in deg:   -6.051529610867963
 i_le =            0
 i_te =            0
         121
         241
 
 Stacking position on the chord as % of chord:   25.000000000000000     
 Stacking position in % above(+ve) or below(-ve) meanline :   0.0000000000000000     
 top curve points index range for % chord stacking:          44          45
 bottom curve points index range for % chord stacking:          45          46
 vtop_stack vbot_stack   7.4721282363217206E-002  -2.4401692929002954E-002
 
 u_stack  v_stack  0.25000000000000000        0.0000000000000000     
 
 chrd bladegen:   0.58859523102727807     
 pitch   0.31415926535897931     
 np_sidee         121
 n_normal_distance =           96
 Number of intersection points (k) =           96 from np_side of         121
 splinedata_section.2.Case6_2.dat                                                
 stingl:    0.0000000000000000     
 ******************************************
 
 Internally calculated chord...
 Stagger calculated from the inlet and exit angles...

 ---------------------------------------------------------------------------------
 airfoil type:           3 sect1
  =================================================== 
 Using sine function based clustering distribution
 
 lethk =    2.0000000000000000E-002

Using curvature control for camber definition...
 xcp -0.14999999999999999        0.0000000000000000       0.14999999999999999       0.25000000000000000       0.50000000000000000       0.75000000000000000       0.94999999999999996        1.0000000000000000        1.0500000000000000     
 ycp   0.0000000000000000        0.0000000000000000        0.0000000000000000       0.50000000000000000       0.29999999999999999       0.14999999999999999        0.0000000000000000        0.0000000000000000        0.0000000000000000     
Total camber is:   -8.613935543395380
Determinant is:    0.037510436043255
Possible values of scaling factor are:      -139.894683235633124        0.786551778281012
Camber line second derivative scaling factor:    0.786551778281012
Inlet u-v metal angle in deg:    4.710253125616990
Exit u-v metal angle in deg:   -3.903682417778391
Stagger angle in deg:   -4.710253125616990
 i_le =            0
 i_te =            0
         121
         241
 
 Stacking position on the chord as % of chord:   25.000000000000000     
 Stacking position in % above(+ve) or below(-ve) meanline :   0.0000000000000000     
 top curve points index range for % chord stacking:          44          45
 bottom curve points index range for % chord stacking:          45          46
 vtop_stack vbot_stack   6.9061946891149847E-002  -2.9949268999731545E-002
 
 u_stack  v_stack  0.25000000000000000        0.0000000000000000     
 
 chrd bladegen:   0.53910605204810402     
 pitch   0.31415926535897931     
 np_sidee         121
 n_normal_distance =           98
 Number of intersection points (k) =           98 from np_side of         121
 splinedata_section.3.Case6_2.dat                                                
 stingl:    0.0000000000000000     
 ******************************************
 
 Internally calculated chord...
 Stagger calculated from the inlet and exit angles...

 ---------------------------------------------------------------------------------
 airfoil type:           4 sect1
  =================================================== 
 Using sine function based clustering distribution
 
 lethk =    2.0000000000000000E-002

Using curvature control for camber definition...
 xcp -0.14999999999999997        0.0000000000000000       0.14999999999999997       0.25000000000000000       0.50000000000000000       0.75000000000000000       0.94999999999999996        1.0000000000000000        1.0500000000000000     
 ycp   0.0000000000000000        0.0000000000000000        0.0000000000000000       0.50000000000000000       0.29999999999999993       0.14999999999999997        0.0000000000000000        0.0000000000000000        0.0000000000000000     
Total camber is:   -6.781716272937897
Determinant is:    0.037190324791360
Possible values of scaling factor are:      -177.821010435314719        0.618793086383187
Camber line second derivative scaling factor:    0.618793086383187
Inlet u-v metal angle in deg:    3.708814661839138
Exit u-v metal angle in deg:   -3.072901611098709
Stagger angle in deg:   -3.708814661839138
 i_le =            0
 i_te =            0
         121
         241
 
 Stacking position on the chord as % of chord:   25.000000000000000     
 Stacking position in % above(+ve) or below(-ve) meanline :   0.0000000000000000     
 top curve points index range for % chord stacking:          44          45
 bottom curve points index range for % chord stacking:          45          46
 vtop_stack vbot_stack   6.4860122147976360E-002  -3.4087237119090300E-002
 
 u_stack  v_stack  0.25000000000000000        0.0000000000000000     
 
 chrd bladegen:   0.49800337558004276     
 pitch   0.31415926535897931     
 np_sidee         121
 n_normal_distance =           99
 Number of intersection points (k) =           99 from np_side of         121
 splinedata_section.4.Case6_2.dat                                                
 stingl:    0.0000000000000000     
 ******************************************
 
 Internally calculated chord...
 Stagger calculated from the inlet and exit angles...

 ---------------------------------------------------------------------------------
 airfoil type:           5 sect1
  =================================================== 
 Using sine function based clustering distribution
 
 lethk =    2.0000000000000000E-002

Using curvature control for camber definition...
 xcp -0.14999999999999999        0.0000000000000000       0.14999999999999999       0.25000000000000000       0.50000000000000000       0.75000000000000000       0.94999999999999984        1.0000000000000000        1.0500000000000003     
 ycp   0.0000000000000000        0.0000000000000000        0.0000000000000000       0.50000000000000000       0.29999999999999999       0.14999999999999999        0.0000000000000000        0.0000000000000000        0.0000000000000000     
Total camber is:   -4.953637548946041
Determinant is:    0.036949327700231
Possible values of scaling factor are:      -243.579944097418831        0.451738390362044
Camber line second derivative scaling factor:    0.451738390362044
Inlet u-v metal angle in deg:    2.709318027779413
Exit u-v metal angle in deg:   -2.244319521166569
Stagger angle in deg:   -2.709318027779413
 i_le =            0
 i_te =            0
         121
         241
 
 Stacking position on the chord as % of chord:   25.000000000000000     
 Stacking position in % above(+ve) or below(-ve) meanline :   0.0000000000000000     
 top curve points index range for % chord stacking:          44          45
 bottom curve points index range for % chord stacking:          45          46
 vtop_stack vbot_stack   6.0683622053989056E-002  -3.8216550349701790E-002
 
 u_stack  v_stack  0.25000000000000000        0.0000000000000000     
 
 chrd bladegen:   0.46320976221424814     
 pitch   0.31415926535897931     
 np_sidee         121
 n_normal_distance =          101
 Number of intersection points (k) =          101 from np_side of         121
 splinedata_section.5.Case6_2.dat                                                
 stingl:    0.0000000000000000     
 ******************************************
 
 Internally calculated chord...
 Stagger calculated from the inlet and exit angles...

 ---------------------------------------------------------------------------------
 airfoil type:           6 sect1
  =================================================== 
 Using sine function based clustering distribution
 
 lethk =    2.0000000000000000E-002

Using curvature control for camber definition...
 xcp -0.14999999999999999        0.0000000000000000       0.14999999999999999       0.25000000000000000       0.50000000000000000       0.75000000000000000       0.95000000000000007        1.0000000000000000        1.0499999999999998     
 ycp   0.0000000000000000        0.0000000000000000        0.0000000000000000       0.50000000000000000       0.29999999999999999       0.14999999999999999        0.0000000000000000        0.0000000000000000        0.0000000000000000     
Total camber is:   -3.315087152210448
Determinant is:    0.036798207750874
Possible values of scaling factor are:      -364.102968339943345        0.302206852014213
Camber line second derivative scaling factor:    0.302206852014213
Inlet u-v metal angle in deg:    1.813243535572059
Exit u-v metal angle in deg:   -1.501843616638361
Stagger angle in deg:   -1.813243535572059
 i_le =            0
 i_te =            0
         121
         241
 
 Stacking position on the chord as % of chord:   25.000000000000000     
 Stacking position in % above(+ve) or below(-ve) meanline :   0.0000000000000000     
 top curve points index range for % chord stacking:          44          45
 bottom curve points index range for % chord stacking:          45          46
 vtop_stack vbot_stack   5.6951733949640031E-002  -4.1920104805559251E-002
 
 u_stack  v_stack  0.25000000000000000        0.0000000000000000     
 
 chrd bladegen:   0.43355113676177337     
 pitch   0.31415926535897931     
 np_sidee         121
 n_normal_distance =          103
 Number of intersection points (k) =          103 from np_side of         121
 splinedata_section.6.Case6_2.dat                                                
 stingl:    0.0000000000000000     
 ******************************************
 
 Internally calculated chord...
 Stagger calculated from the inlet and exit angles...

 ---------------------------------------------------------------------------------
 airfoil type:           7 sect1
  =================================================== 
 Using sine function based clustering distribution
 
 lethk =    2.0000000000000000E-002

Using curvature control for camber definition...
 xcp -0.14999999999999999        0.0000000000000000       0.14999999999999999       0.25000000000000000       0.50000000000000000       0.75000000000000000       0.95000000000000007        1.0000000000000000        1.0499999999999998     
 ycp   0.0000000000000000        0.0000000000000000        0.0000000000000000       0.50000000000000000       0.29999999999999999       0.14999999999999999        0.0000000000000000        0.0000000000000000        0.0000000000000000     
Total camber is:   -2.091928245300367
Determinant is:    0.036724742384220
Possible values of scaling factor are:      -577.094917198410826        0.190669521757749
Camber line second derivative scaling factor:    0.190669521757749
Inlet u-v metal angle in deg:    1.144248591144475
Exit u-v metal angle in deg:   -0.947679654155948
Stagger angle in deg:   -1.144248591144475
 i_le =            0
 i_te =            0
         121
         241
 
 Stacking position on the chord as % of chord:   25.000000000000000     
 Stacking position in % above(+ve) or below(-ve) meanline :   0.0000000000000000     
 top curve points index range for % chord stacking:          44          45
 bottom curve points index range for % chord stacking:          45          46
 vtop_stack vbot_stack   5.4172088283800233E-002  -4.4687176847518544E-002
 
 u_stack  v_stack  0.25000000000000000        0.0000000000000000     
 
 chrd bladegen:   0.40789531551424146     
 pitch   0.31415926535897931     
 np_sidee         121
 n_normal_distance =          105
 Number of intersection points (k) =          105 from np_side of         121
 splinedata_section.7.Case6_2.dat                                                
 stingl:    0.0000000000000000     
 ******************************************
 
 Internally calculated chord...
 Stagger calculated from the inlet and exit angles...

 ---------------------------------------------------------------------------------
 airfoil type:           8 sect1
  =================================================== 
 Using sine function based clustering distribution
 
 lethk =    2.0000000000000000E-002

Using curvature control for camber definition...
 xcp -0.14999999999999999        0.0000000000000000       0.14999999999999999       0.25000000000000000       0.50000000000000000       0.75000000000000000       0.94999999999999984        1.0000000000000000        1.0500000000000003     
 ycp   0.0000000000000000        0.0000000000000000        0.0000000000000000       0.50000000000000000       0.29999999999999999       0.14999999999999999        0.0000000000000000        0.0000000000000000        0.0000000000000000     
Total camber is:   -1.344269595299190
Determinant is:    0.036696257584094
Possible values of scaling factor are:      -898.124893076773901        0.122515713259043
Camber line second derivative scaling factor:    0.122515713259043
Inlet u-v metal angle in deg:    0.735300398982714
Exit u-v metal angle in deg:   -0.608969196315944
Stagger angle in deg:   -0.735300398982714
 i_le =            0
 i_te =            0
         121
         241
 
 Stacking position on the chord as % of chord:   25.000000000000000     
 Stacking position in % above(+ve) or below(-ve) meanline :   0.0000000000000000     
 top curve points index range for % chord stacking:          44          45
 bottom curve points index range for % chord stacking:          45          46
 vtop_stack vbot_stack   5.2475301384820081E-002  -4.6379883136432813E-002
 
 u_stack  v_stack  0.25000000000000000        0.0000000000000000     
 
 chrd bladegen:   0.38547804974600963     
 pitch   0.31415926535897931     
 np_sidee         121
 n_normal_distance =          107
 Number of intersection points (k) =          107 from np_side of         121
 splinedata_section.8.Case6_2.dat                                                
 stingl:    0.0000000000000000     
 ******************************************
 
 Internally calculated chord...
 Stagger calculated from the inlet and exit angles...

 ---------------------------------------------------------------------------------
 airfoil type:           9 sect1
  =================================================== 
 Using sine function based clustering distribution
 
 lethk =    2.0000000000000000E-002

Using curvature control for camber definition...
 xcp -0.14999999999999997        0.0000000000000000       0.14999999999999997       0.25000000000000000       0.50000000000000000       0.75000000000000000       0.94999999999999984        1.0000000000000000        1.0500000000000003     
 ycp   0.0000000000000000        0.0000000000000000        0.0000000000000000       0.50000000000000000       0.29999999999999993       0.14999999999999997        0.0000000000000000        0.0000000000000000        0.0000000000000000     
Total camber is:   -1.183494648660756
Determinant is:    0.036691754354665
Possible values of scaling factor are:     -1020.143837534086856        0.107861664034567
Camber line second derivative scaling factor:    0.107861664034567
Inlet u-v metal angle in deg:    0.647359442832409
Exit u-v metal angle in deg:   -0.536135205828232
Stagger angle in deg:   -0.647359442832409
 i_le =            0
 i_te =            0
         121
         241
 
 Stacking position on the chord as % of chord:   25.000000000000000     
 Stacking position in % above(+ve) or below(-ve) meanline :   0.0000000000000000     
 top curve points index range for % chord stacking:          44          45
 bottom curve points index range for % chord stacking:          45          46
 vtop_stack vbot_stack   5.2110635154212118E-002  -4.6744029002965183E-002
 
 u_stack  v_stack  0.25000000000000000        0.0000000000000000     
 
 chrd bladegen:   0.36567509777398699     
 pitch   0.31415926535897931     
 np_sidee         121
 n_normal_distance =          108
 Number of intersection points (k) =          108 from np_side of         121
 splinedata_section.9.Case6_2.dat                                                
 stingl:    0.0000000000000000     
 ******************************************
 
 Internally calculated chord...
 Stagger calculated from the inlet and exit angles...

 ---------------------------------------------------------------------------------
 airfoil type:          10 sect1
  =================================================== 
 Using sine function based clustering distribution
 
 lethk =    2.0000000000000000E-002

Using curvature control for camber definition...
 xcp -0.15000000000000002        0.0000000000000000       0.15000000000000002       0.25000000000000000       0.50000000000000000       0.75000000000000000       0.94999999999999996        1.0000000000000000        1.0500000000000000     
 ycp   0.0000000000000000        0.0000000000000000        0.0000000000000000       0.50000000000000000       0.30000000000000004       0.15000000000000002        0.0000000000000000        0.0000000000000000        0.0000000000000000     
Total camber is:   -1.351123844395013
Determinant is:    0.036696462317477
Possible values of scaling factor are:      -893.568276736174084        0.123140463617363
Camber line second derivative scaling factor:    0.123140463617363
Inlet u-v metal angle in deg:    0.739049537375023
Exit u-v metal angle in deg:   -0.612074307020169
Stagger angle in deg:   -0.739049537375023
 i_le =            0
 i_te =            0
         121
         241
 
 Stacking position on the chord as % of chord:   25.000000000000000     
 Stacking position in % above(+ve) or below(-ve) meanline :   0.0000000000000000     
 top curve points index range for % chord stacking:          44          45
 bottom curve points index range for % chord stacking:          45          46
 vtop_stack vbot_stack   5.2490849623243394E-002  -4.6364359891460233E-002
 
 u_stack  v_stack  0.25000000000000000        0.0000000000000000     
 
 chrd bladegen:   0.34800951391340446     
 pitch   0.31415926535897931     
 np_sidee         121
 n_normal_distance =          107
 Number of intersection points (k) =          107 from np_side of         121
 splinedata_section.10.Case6_2.dat                                               
 stingl:    0.0000000000000000     
 ******************************************
 
 Internally calculated chord...
 Stagger calculated from the inlet and exit angles...

 ---------------------------------------------------------------------------------
 airfoil type:          11 sect1
  =================================================== 
 Using sine function based clustering distribution
 
 lethk =    2.0000000000000000E-002

Using curvature control for camber definition...
 xcp -0.15000000000000002        0.0000000000000000       0.15000000000000002       0.25000000000000000       0.50000000000000000       0.75000000000000011       0.94999999999999984        1.0000000000000000        1.0500000000000003     
 ycp   0.0000000000000000        0.0000000000000000        0.0000000000000000       0.50000000000000000       0.30000000000000004       0.15000000000000002        0.0000000000000000        0.0000000000000000        0.0000000000000000     
Total camber is:   -1.548430748698387
Determinant is:    0.036702802945620
Possible values of scaling factor are:      -779.694801964926796        0.141124978124419
Camber line second derivative scaling factor:    0.141124978124419
Inlet u-v metal angle in deg:    0.846972098834179
Exit u-v metal angle in deg:   -0.701458649863890
Stagger angle in deg:   -0.846972098834179
 i_le =            0
 i_te =            0
         121
         241
 
 Stacking position on the chord as % of chord:   25.000000000000000     
 Stacking position in % above(+ve) or below(-ve) meanline :   0.0000000000000000     
 top curve points index range for % chord stacking:          44          45
 bottom curve points index range for % chord stacking:          45          46
 vtop_stack vbot_stack   5.2938478590797013E-002  -4.5917548875405723E-002
 
 u_stack  v_stack  0.25000000000000000        0.0000000000000000     
 
 chrd bladegen:   0.33212060758982354     
 pitch   0.31415926535897931     
 np_sidee         121
 n_normal_distance =          106
 Number of intersection points (k) =          106 from np_side of         121
 splinedata_section.11.Case6_2.dat                                               
 stingl:    0.0000000000000000     
 ******************************************
 
 Internally calculated chord...
 Stagger calculated from the inlet and exit angles...

 ---------------------------------------------------------------------------------
 airfoil type:          12 sect1
  =================================================== 
 Using sine function based clustering distribution
 
 lethk =    2.0000000000000000E-002

Using curvature control for camber definition...
 xcp -0.14999999999999999        0.0000000000000000       0.14999999999999999       0.25000000000000000       0.50000000000000000       0.75000000000000011       0.95000000000000007        1.0000000000000000        1.0499999999999998     
 ycp   0.0000000000000000        0.0000000000000000        0.0000000000000000       0.50000000000000000       0.29999999999999999       0.14999999999999999        0.0000000000000000        0.0000000000000000        0.0000000000000000     
Total camber is:    2.161312428944356
Determinant is:    0.036728016279538
Possible values of scaling factor are:       558.564257797855362       -0.196995082185984
Camber line second derivative scaling factor:   -0.196995082185984
Inlet u-v metal angle in deg:   -1.182199032201813
Exit u-v metal angle in deg:    0.979113396742456
Stagger angle in deg:    1.182199032201813
 i_le =            0
 i_te =            0
         121
         241
 
 Stacking position on the chord as % of chord:   25.000000000000000     
 Stacking position in % above(+ve) or below(-ve) meanline :   0.0000000000000000     
 top curve points index range for % chord stacking:          45          46
 bottom curve points index range for % chord stacking:          44          45
 vtop_stack vbot_stack   4.4530145302437485E-002  -5.4329637163635598E-002
 
 u_stack  v_stack  0.25000000000000000        0.0000000000000000     
 
 chrd bladegen:   0.31775827427635617     
 pitch   0.31415926535897931     
 np_sidee         121
 n_normal_distance =          104
 Number of intersection points (k) =          104 from np_side of         121
 splinedata_section.12.Case6_2.dat                                               
 stingl:    0.0000000000000000     
 ******************************************
 
 Internally calculated chord...
 Stagger calculated from the inlet and exit angles...

 ---------------------------------------------------------------------------------
 airfoil type:          13 sect1
  =================================================== 
 Using sine function based clustering distribution
 
 lethk =    2.0000000000000000E-002

Using curvature control for camber definition...
 xcp -0.14999999999999997        0.0000000000000000       0.14999999999999997       0.24999999999999997       0.49999999999999994       0.75000000000000000       0.94999999999999984        1.0000000000000000        1.0500000000000003     
 ycp   0.0000000000000000        0.0000000000000000        0.0000000000000000       0.49999999999999994       0.29999999999999993       0.14999999999999997        0.0000000000000000        0.0000000000000000        0.0000000000000000     
Total camber is:    2.755174985498718
Determinant is:    0.036760428512961
Possible values of scaling factor are:       438.135514799708062       -0.251142416339711
Camber line second derivative scaling factor:   -0.251142416339711
Inlet u-v metal angle in deg:   -1.507012151821869
Exit u-v metal angle in deg:    1.248162833676743
Stagger angle in deg:    1.507012151821869
 i_le =            0
 i_te =            0
         121
         241
 
 Stacking position on the chord as % of chord:   25.000000000000000     
 Stacking position in % above(+ve) or below(-ve) meanline :   0.0000000000000000     
 top curve points index range for % chord stacking:          45          46
 bottom curve points index range for % chord stacking:          44          45
 vtop_stack vbot_stack   4.3186453595463754E-002  -5.5678720467363531E-002
 
 u_stack  v_stack  0.25000000000000000        0.0000000000000000     
 
 chrd bladegen:   0.30468180824910690     
 pitch   0.31415926535897931     
 np_sidee         121
 n_normal_distance =          102
 Number of intersection points (k) =          102 from np_side of         121
 splinedata_section.13.Case6_2.dat                                               
 stingl:    0.0000000000000000     
 ******************************************
 
 Internally calculated chord...
 Stagger calculated from the inlet and exit angles...

 ---------------------------------------------------------------------------------
 airfoil type:          14 sect1
  =================================================== 
 Using sine function based clustering distribution
 
 lethk =    2.0000000000000000E-002

Using curvature control for camber definition...
 xcp -0.14999999999999999        0.0000000000000000       0.14999999999999999       0.24999999999999997       0.49999999999999994       0.74999999999999989       0.94999999999999996        1.0000000000000000        1.0500000000000000     
 ycp   0.0000000000000000        0.0000000000000000        0.0000000000000000       0.49999999999999994       0.29999999999999999       0.14999999999999999        0.0000000000000000        0.0000000000000000        0.0000000000000000     
Total camber is:    2.925850299558766
Determinant is:    0.036771200821436
Possible values of scaling factor are:       412.567076259019643       -0.266706720441180
Camber line second derivative scaling factor:   -0.266706720441180
Inlet u-v metal angle in deg:   -1.600360594084740
Exit u-v metal angle in deg:    1.325489705474114
Stagger angle in deg:    1.600360594084740
 i_le =            0
 i_te =            0
         121
         241
 
 Stacking position on the chord as % of chord:   25.000000000000000     
 Stacking position in % above(+ve) or below(-ve) meanline :   0.0000000000000000     
 top curve points index range for % chord stacking:          45          46
 bottom curve points index range for % chord stacking:          44          45
 vtop_stack vbot_stack   4.2800387545107545E-002  -5.6066655416310257E-002
 
 u_stack  v_stack  0.25000000000000000        0.0000000000000000     
 
 chrd bladegen:   0.29268402223059564     
 pitch   0.31415926535897931     
 np_sidee         121
 n_normal_distance =          101
 Number of intersection points (k) =          101 from np_side of         121
 splinedata_section.14.Case6_2.dat                                               
 stingl:    0.0000000000000000     
 ******************************************
 
 Internally calculated chord...
 Stagger calculated from the inlet and exit angles...

 ---------------------------------------------------------------------------------
 airfoil type:          15 sect1
  =================================================== 
 Using sine function based clustering distribution
 
 lethk =    2.0000000000000000E-002

Using curvature control for camber definition...
 xcp -0.14999999999999997        0.0000000000000000       0.14999999999999997       0.25000000000000000       0.50000000000000000       0.75000000000000000       0.94999999999999996        1.0000000000000000        1.0500000000000000     
 ycp   0.0000000000000000        0.0000000000000000        0.0000000000000000       0.50000000000000000       0.29999999999999993       0.14999999999999997        0.0000000000000000        0.0000000000000000        0.0000000000000000     
Total camber is:    2.813476533706748
Determinant is:    0.036764035001379
Possible values of scaling factor are:       429.052732926926865       -0.256458946480552
Camber line second derivative scaling factor:   -0.256458946480552
Inlet u-v metal angle in deg:   -1.538899488251956
Exit u-v metal angle in deg:    1.274577045454671
Stagger angle in deg:    1.538899488251956
 i_le =            0
 i_te =            0
         121
         241
 
 Stacking position on the chord as % of chord:   25.000000000000000     
 Stacking position in % above(+ve) or below(-ve) meanline :   0.0000000000000000     
 top curve points index range for % chord stacking:          45          46
 bottom curve points index range for % chord stacking:          44          45
 vtop_stack vbot_stack   4.3054570778788083E-002  -5.5811225648728716E-002
 
 u_stack  v_stack  0.25000000000000000        0.0000000000000000     
 
 chrd bladegen:   0.28162929754888305     
 pitch   0.31415926535897931     
 np_sidee         121
 n_normal_distance =          101
 Number of intersection points (k) =          101 from np_side of         121
 splinedata_section.15.Case6_2.dat                                               
 stingl:    0.0000000000000000     
 ******************************************
 
 Internally calculated chord...
 Stagger calculated from the inlet and exit angles...

 ---------------------------------------------------------------------------------
 airfoil type:          16 sect1
  =================================================== 
 Using sine function based clustering distribution
 
 lethk =    2.0000000000000000E-002

Using curvature control for camber definition...
 xcp -0.14999999999999997        0.0000000000000000       0.14999999999999997       0.25000000000000000       0.50000000000000000       0.75000000000000000       0.94999999999999996        1.0000000000000000        1.0500000000000000     
 ycp   0.0000000000000000        0.0000000000000000        0.0000000000000000       0.50000000000000000       0.29999999999999993       0.14999999999999997        0.0000000000000000        0.0000000000000000        0.0000000000000000     
Total camber is:    2.562163824186893
Determinant is:    0.036749030951950
Possible values of scaling factor are:       471.153440610580731       -0.233542626216313
Camber line second derivative scaling factor:   -0.233542626216313
Inlet u-v metal angle in deg:   -1.401446066864363
Exit u-v metal angle in deg:    1.160717757322548
Stagger angle in deg:    1.401446066864363
 i_le =            0
 i_te =            0
         121
         241
 
 Stacking position on the chord as % of chord:   25.000000000000000     
 Stacking position in % above(+ve) or below(-ve) meanline :   0.0000000000000000     
 top curve points index range for % chord stacking:          45          46
 bottom curve points index range for % chord stacking:          44          45
 vtop_stack vbot_stack   4.3623100210806773E-002  -5.5240132200637893E-002
 
 u_stack  v_stack  0.25000000000000000        0.0000000000000000     
 
 chrd bladegen:   0.27139813006538327     
 pitch   0.31415926535897931     
 np_sidee         121
 n_normal_distance =          102
 Number of intersection points (k) =          102 from np_side of         121
 splinedata_section.16.Case6_2.dat                                               
 stingl:    0.0000000000000000     
 ******************************************
 
 Internally calculated chord...
 Stagger calculated from the inlet and exit angles...

 ---------------------------------------------------------------------------------
 airfoil type:          17 sect1
  =================================================== 
 Using sine function based clustering distribution
 
 lethk =    2.0000000000000000E-002

Using curvature control for camber definition...
 xcp -0.15000000000000002        0.0000000000000000       0.15000000000000002       0.25000000000000000       0.50000000000000000       0.75000000000000000       0.94999999999999996        1.0000000000000000        1.0500000000000000     
 ycp   0.0000000000000000        0.0000000000000000        0.0000000000000000       0.50000000000000000       0.30000000000000004       0.15000000000000002        0.0000000000000000        0.0000000000000000        0.0000000000000000     
Total camber is:    2.253503938763337
Determinant is:    0.036732532237344
Possible values of scaling factor are:       535.707547042089459       -0.205400152524630
Camber line second derivative scaling factor:   -0.205400152524630
Inlet u-v metal angle in deg:   -1.232623961577272
Exit u-v metal angle in deg:    1.020879977185954
Stagger angle in deg:    1.232623961577272
 i_le =            0
 i_te =            0
         121
         241
 
 Stacking position on the chord as % of chord:   25.000000000000000     
 Stacking position in % above(+ve) or below(-ve) meanline :   0.0000000000000000     
 top curve points index range for % chord stacking:          45          46
 bottom curve points index range for % chord stacking:          44          45
 vtop_stack vbot_stack   4.4321509433296859E-002  -5.4538996860945314E-002
 
 u_stack  v_stack  0.25000000000000000        0.0000000000000000     
 
 chrd bladegen:   0.26187543201244068     
 pitch   0.31415926535897931     
 np_sidee         121
 n_normal_distance =          102
 Number of intersection points (k) =          102 from np_side of         121
 splinedata_section.17.Case6_2.dat                                               
 stingl:    0.0000000000000000     
 ******************************************
 
 Internally calculated chord...
 Stagger calculated from the inlet and exit angles...

 ---------------------------------------------------------------------------------
 airfoil type:          18 sect1
  =================================================== 
 Using sine function based clustering distribution
 
 lethk =    2.0000000000000000E-002

Using curvature control for camber definition...
 xcp -0.14999999999999999        0.0000000000000000       0.14999999999999999       0.25000000000000000       0.50000000000000000       0.74999999999999989       0.94999999999999996        1.0000000000000000        1.0500000000000000     
 ycp   0.0000000000000000        0.0000000000000000        0.0000000000000000       0.50000000000000000       0.29999999999999999       0.14999999999999999        0.0000000000000000        0.0000000000000000        0.0000000000000000     
Total camber is:    2.010594220099685
Determinant is:    0.036721041102873
Possible values of scaling factor are:       600.445203505153472       -0.183254710386074
Camber line second derivative scaling factor:   -0.183254710386074
Inlet u-v metal angle in deg:   -1.099761871502072
Exit u-v metal angle in deg:    0.910832348597578
Stagger angle in deg:    1.099761871502072
 i_le =            0
 i_te =            0
         121
         241
 
 Stacking position on the chord as % of chord:   25.000000000000000     
 Stacking position in % above(+ve) or below(-ve) meanline :   0.0000000000000000     
 top curve points index range for % chord stacking:          45          46
 bottom curve points index range for % chord stacking:          44          45
 vtop_stack vbot_stack   4.4871264883640946E-002  -5.3987423799706287E-002
 
 u_stack  v_stack  0.25000000000000000        0.0000000000000000     
 
 chrd bladegen:   0.25294735277953528     
 pitch   0.31415926535897931     
 np_sidee         121
 n_normal_distance =          103
 Number of intersection points (k) =          103 from np_side of         121
 splinedata_section.18.Case6_2.dat                                               
 stingl:    0.0000000000000000     
 ******************************************
 
 Internally calculated chord...
 Stagger calculated from the inlet and exit angles...

 ---------------------------------------------------------------------------------
 airfoil type:          19 sect1
  =================================================== 
 Using sine function based clustering distribution
 
 lethk =    2.0000000000000000E-002

Using curvature control for camber definition...
 xcp -0.14999999999999997        0.0000000000000000       0.14999999999999997       0.25000000000000000       0.50000000000000000       0.75000000000000011       0.94999999999999996        1.0000000000000000        1.0500000000000000     
 ycp   0.0000000000000000        0.0000000000000000        0.0000000000000000       0.50000000000000000       0.29999999999999993       0.14999999999999997        0.0000000000000000        0.0000000000000000        0.0000000000000000     
Total camber is:    1.971121806100409
Determinant is:    0.036719297893611
Possible values of scaling factor are:       612.471840533672321       -0.179656279013861
Camber line second derivative scaling factor:   -0.179656279013861
Inlet u-v metal angle in deg:   -1.078171844693186
Exit u-v metal angle in deg:    0.892949961407302
Stagger angle in deg:    1.078171844693186
 i_le =            0
 i_te =            0
         121
         241
 
 Stacking position on the chord as % of chord:   25.000000000000000     
 Stacking position in % above(+ve) or below(-ve) meanline :   0.0000000000000000     
 top curve points index range for % chord stacking:          45          46
 bottom curve points index range for % chord stacking:          44          45
 vtop_stack vbot_stack   4.4960609582069842E-002  -5.3897811007672408E-002
 
 u_stack  v_stack  0.25000000000000000        0.0000000000000000     
 
 chrd bladegen:   0.24448645129384899     
 pitch   0.31415926535897931     
 np_sidee         121
 n_normal_distance =          103
 Number of intersection points (k) =          103 from np_side of         121
 splinedata_section.19.Case6_2.dat                                               
 stingl:    0.0000000000000000     
 ******************************************
 
 Internally calculated chord...
 Stagger calculated from the inlet and exit angles...

 ---------------------------------------------------------------------------------
 airfoil type:          20 sect1
  =================================================== 
 Using sine function based clustering distribution
 
 lethk =    2.0000000000000000E-002

Using curvature control for camber definition...
 xcp -0.14999999999999999        0.0000000000000000       0.14999999999999999       0.25000000000000000       0.50000000000000000       0.75000000000000000       0.95000000000000007        1.0000000000000000        1.0499999999999998     
 ycp   0.0000000000000000        0.0000000000000000        0.0000000000000000       0.50000000000000000       0.29999999999999999       0.14999999999999999        0.0000000000000000        0.0000000000000000        0.0000000000000000     
Total camber is:    2.212309748650412
Determinant is:    0.036730490957462
Possible values of scaling factor are:       545.685275771312263       -0.201644458365711
Camber line second derivative scaling factor:   -0.201644458365711
Inlet u-v metal angle in deg:   -1.210092482304258
Exit u-v metal angle in deg:    1.002217266346233
Stagger angle in deg:    1.210092482304258
 i_le =            0
 i_te =            0
         121
         241
 
 Stacking position on the chord as % of chord:   25.000000000000000     
 Stacking position in % above(+ve) or below(-ve) meanline :   0.0000000000000000     
 top curve points index range for % chord stacking:          45          46
 bottom curve points index range for % chord stacking:          44          45
 vtop_stack vbot_stack   4.4414732874548959E-002  -5.4445444850157419E-002
 
 u_stack  v_stack  0.25000000000000000        0.0000000000000000     
 
 chrd bladegen:   0.23629577869088814     
 pitch   0.31415926535897931     
 np_sidee         121
 n_normal_distance =          102
 Number of intersection points (k) =          102 from np_side of         121
 splinedata_section.20.Case6_2.dat                                               
 stingl:    0.0000000000000000     
 ******************************************
 
 Internally calculated chord...
 Stagger calculated from the inlet and exit angles...

 ---------------------------------------------------------------------------------
 airfoil type:          21 sect1
  =================================================== 
 Using sine function based clustering distribution
 
 lethk =    2.0000000000000000E-002

Using curvature control for camber definition...
 xcp -0.14999999999999999        0.0000000000000000       0.14999999999999999       0.25000000000000000       0.50000000000000000       0.75000000000000000       0.94999999999999996        1.0000000000000000        1.0500000000000000     
 ycp   0.0000000000000000        0.0000000000000000        0.0000000000000000       0.50000000000000000       0.29999999999999999       0.14999999999999999        0.0000000000000000        0.0000000000000000        0.0000000000000000     
Total camber is:    2.734319282115641
Determinant is:    0.036759156847646
Possible values of scaling factor are:       441.478660024044700       -0.249240613045826
Camber line second derivative scaling factor:   -0.249240613045826
Inlet u-v metal angle in deg:   -1.495605341199960
Exit u-v metal angle in deg:    1.238713940915597
Stagger angle in deg:    1.495605341199960
 i_le =            0
 i_te =            0
         121
         241
 
 Stacking position on the chord as % of chord:   25.000000000000000     
 Stacking position in % above(+ve) or below(-ve) meanline :   0.0000000000000000     
 top curve points index range for % chord stacking:          45          46
 bottom curve points index range for % chord stacking:          44          45
 vtop_stack vbot_stack   4.3233632219578766E-002  -5.5631323251296529E-002
 
 u_stack  v_stack  0.25000000000000000        0.0000000000000000     
 
 chrd bladegen:   0.22759499132690872     
 pitch   0.31415926535897931     
 np_sidee         121
 n_normal_distance =          100
 Number of intersection points (k) =          100 from np_side of         121
 splinedata_section.21.Case6_2.dat                                               
 stingl:    0.0000000000000000     
 ******************************************
 Number of airfoil coordinates:         241
 
 Stacking Axis location:       25000
 
 Section #           1
 Section #           2
 Section #           3
 Section #           4
 Section #           5
 Section #           6
 Section #           7
 Section #           8
 Section #           9
 Section #          10
 Section #          11
 Section #          12
 Section #          13
 Section #          14
 Section #          15
 Section #          16
 Section #          17
 Section #          18
 Section #          19
 Section #          20
 Section #          21
 i_slope           0
 i_slope           0
 i_slope           0
 i_slope           0
 i_slope           0
 i_slope           0
 i_slope           0
 i_slope           0
 i_slope           0
 i_slope           0
 i_slope           0
 i_slope           0
 i_slope           0
 i_slope           0
 i_slope           0
 i_slope           0
 i_slope           0
 i_slope           0
 i_slope           0
 i_slope           0
 i_slope           0
 
 span          delta_m
   0.0000000000000000        0.0000000000000000     
   4.3387452907245522E-002   0.0000000000000000     
   9.1666814348395992E-002   0.0000000000000000     
  0.14180684101438704        0.0000000000000000     
  0.19287314220344681        0.0000000000000000     
  0.24429913550710761        0.0000000000000000     
  0.29570585218523998        0.0000000000000000     
  0.34684875028072154        0.0000000000000000     
  0.39758620514910942        0.0000000000000000     
  0.44785993027610921        0.0000000000000000     
  0.49767092108288941        0.0000000000000000     
  0.54706198722188681        0.0000000000000000     
  0.59610281898167339        0.0000000000000000     
  0.64488314347623310        0.0000000000000000     
  0.69351621916945305        0.0000000000000000     
  0.74214526809226933        0.0000000000000000     
  0.79095033706026341        0.0000000000000000     
  0.84016821100777206        0.0000000000000000     
  0.89017971105885929        0.0000000000000000     
  0.94188710962677069        0.0000000000000000     
   1.0000000000000000        0.0000000000000000     
 
 span         delta_theta
   0.0000000000000000        0.0000000000000000     
   4.3387452907245522E-002   0.0000000000000000     
   9.1666814348395992E-002   0.0000000000000000     
  0.14180684101438704        0.0000000000000000     
  0.19287314220344681        0.0000000000000000     
  0.24429913550710761        0.0000000000000000     
  0.29570585218523998        0.0000000000000000     
  0.34684875028072154        0.0000000000000000     
  0.39758620514910942        0.0000000000000000     
  0.44785993027610921        0.0000000000000000     
  0.49767092108288941        0.0000000000000000     
  0.54706198722188681        0.0000000000000000     
  0.59610281898167339        0.0000000000000000     
  0.64488314347623310        0.0000000000000000     
  0.69351621916945305        0.0000000000000000     
  0.74214526809226933        0.0000000000000000     
  0.79095033706026341        0.0000000000000000     
  0.84016821100777206        0.0000000000000000     
  0.89017971105885929        0.0000000000000000     
  0.94188710962677069        0.0000000000000000     
   1.0000000000000000        0.0000000000000000     
 
 section(           1 )
 3D throat line [mm] =   13.715100948085517     
 3D mouth line [mm] =   17.888776418340957     
 3D exit line [mm] =   15.084404872053435     
 section(           2 )
 3D throat line [mm] =   15.366735026080883     
 3D mouth line [mm] =   19.210139445087503     
 3D exit line [mm] =   17.216608031319936     
 section(           3 )
 3D throat line [mm] =   17.024971333180428     
 3D mouth line [mm] =   20.680485337473705     
 3D exit line [mm] =   19.420183216386739     
 section(           4 )
 3D throat line [mm] =   18.686238555394858     
 3D mouth line [mm] =   22.207497709879242     
 3D exit line [mm] =   21.326851450927183     
 section(           5 )
 3D throat line [mm] =   20.338065513608889     
 3D mouth line [mm] =   23.762719733356398     
 3D exit line [mm] =   23.342051368905381     
 section(           6 )
 3D throat line [mm] =   21.969649168176051     
 3D mouth line [mm] =   25.328896164834010     
 3D exit line [mm] =   25.157480178155506     
 section(           7 )
 3D throat line [mm] =   23.581061547708956     
 3D mouth line [mm] =   26.894485527503615     
 3D exit line [mm] =   26.906727773778481     
 section(           8 )
 3D throat line [mm] =   25.165537034351601     
 3D mouth line [mm] =   28.452040306497256     
 3D exit line [mm] =   28.619428016706738     
 section(           9 )
 3D throat line [mm] =   26.722505919746123     
 3D mouth line [mm] =   29.997247329311744     
 3D exit line [mm] =   30.364974238003651     
 section(          10 )
 3D throat line [mm] =   28.253123938062039     
 3D mouth line [mm] =   31.528331482641761     
 3D exit line [mm] =   31.802563761311841     
 section(          11 )
 3D throat line [mm] =   29.759612946034554     
 3D mouth line [mm] =   33.045323081996514     
 3D exit line [mm] =   33.227835383021251     
 section(          12 )
 3D throat line [mm] =   31.244986810493952     
 3D mouth line [mm] =   34.549525893514080     
 3D exit line [mm] =   34.629289099590828     
 section(          13 )
 3D throat line [mm] =   32.712762475420021     
 3D mouth line [mm] =   36.043062331958893     
 3D exit line [mm] =   35.898492304525291     
 section(          14 )
 3D throat line [mm] =   34.165919758806318     
 3D mouth line [mm] =   37.528665032758063     
 3D exit line [mm] =   37.176114336508434     
 section(          15 )
 3D throat line [mm] =   35.607255778565154     
 3D mouth line [mm] =   39.009783277596625     
 3D exit line [mm] =   38.523607377378454     
 section(          16 )
 3D throat line [mm] =   37.043629993277008     
 3D mouth line [mm] =   40.490778887314185     
 3D exit line [mm] =   40.044871702422455     
 section(          17 )
 3D throat line [mm] =   38.482708534875563     
 3D mouth line [mm] =   41.977135179995820     
 3D exit line [mm] =   41.243285059132361     
 section(          18 )
 3D throat line [mm] =   39.934576588750986     
 3D mouth line [mm] =   43.476063430712735     
 3D exit line [mm] =   42.730532705482169     
 section(          19 )
 3D throat line [mm] =   41.413097483308519     
 3D mouth line [mm] =   44.999161530546168     
 3D exit line [mm] =   44.157342387176698     
 section(          20 )
 3D throat line [mm] =   42.949517365756066     
 3D mouth line [mm] =   46.573908147337413     
 3D exit line [mm] =   45.583164060554175     
 section(          21 )
 3D throat line [mm] =   44.700646461668711     
 3D mouth line [mm] =   48.343733743708093     
 3D exit line [mm] =   47.171043316539539     
 Number of radial sections:          21
 
 Writing 3D blade geometry ...
 
 chord_actual(mm):   35.567776449670113     
 chord_actual(mm):   35.372507234771682     
 chord_actual(mm):   35.338592983131925     
 chord_actual(mm):   35.364668624048619     
 chord_actual(mm):   35.409766717599496     
 chord_actual(mm):   35.452163037368891     
 chord_actual(mm):   35.493993670500409     
 chord_actual(mm):   35.517243183641092     
 chord_actual(mm):   35.519831892835640     
 chord_actual(mm):   35.502477469376778     
 chord_actual(mm):   35.468245623497410     
 chord_actual(mm):   35.426125162646670     
 chord_actual(mm):   35.377388531277489     
 chord_actual(mm):   35.318447678571509     
 chord_actual(mm):   35.251810770277281     
 chord_actual(mm):   35.185892326426149     
 chord_actual(mm):   35.125621126688962     
 chord_actual(mm):   35.075063718966106     
 chord_actual(mm):   35.034677194271957     
 chord_actual(mm):   35.004804904519816     
 chord_actual(mm):   34.990240012091640     
 
 Calculating the meanline by taking the average of PS ans SS in 3D...
 Writing the meanline in 3D to meanline.sec#.dat files...
 
 Writing the top and bottom periodic wall coordinates...
 
         121
 throat_index           1          52
 throat_index           2          50
 throat_index           3          50
 throat_index           4          49
 throat_index           5          49
 throat_index           6          49
 throat_index           7          49
 throat_index           8          49
 throat_index           9          49
 throat_index          10          49
 throat_index          11          49
 throat_index          12          49
 throat_index          13          49
 throat_index          14          49
 throat_index          15          49
 throat_index          16          49
 throat_index          17          49
 throat_index          18          49
 throat_index          19          49
 throat_index          20          49
 throat_index          21          49
 
 Casename:Case6_2
 
 Fname: blade3d.Case6_2.dat
 
 Creating section data files for CAD system...
 
 # of points:         241
 
 # of sections:          21
 
 bsf:   152.40000000000001     
 Number of blades in this row:          20
 
 --- END ---
 
