
 ************************************************************
 ************************************************************
 ****  T-BLADE3:Turbomachinery BLADE 3D Geometry Builder ****
 ****                                                    ****
 ****  Master Version 1.13                               ****
 ****                                                    ****
 ****  ...was also called as below till Aug 2016...      ****
 ****  3DBGB: 3 Dimensional Blade Geometry Builder       ****
 ****                                                    ****
 ****  Develop Version 1.2                               ****
 ****                                                    ****
 ****  This software comes with ABSOLUTELY NO WARRANTY   ****
 ****                                                    ****
 ****  This is a program which generates a 3D blade...   ****
 ****  ...shape and outputs 3D blade section files.      ****
 ****                                                    ****
 ****  Inputs: LE and TE curve(x,r), inlet angle,        ****
 ****          exit angle, chord, tm/c, incidence,       ****
 ****          deviation, secondary flow angles,         ****
 ****          streamline coordinates:(x,r)              ****
 ****          control points for sweep, lean,           ****
 ****          blade scaling factor.                     ****
 ****                                                    ****
 ****  Outputs: 3D blade sections (x,y,z),               ****
 ****           2D airfoils (mprime,theta).              ****
 ****                                                    ****
 ****  ---------------by Kiran Siddappaji         ----   ****
 ****  ---------------by Mark G. Turner           ----   ****
 ****  ------------------- turnermr@ucmail.uc.edu ----   ****
 ****  ---------------by Karthik Balasubramanian  ----   ****
 ****  ---------------by Syed Moez Hussain Mahmood----   ****
 ****  ---------------by Ahmed Nemnem             ----   ****
 ****  ---------------by Marshall C. Galbraith    ----   ****
 ************************************************************
 ************************************************************

 T-Blade3 Copyright (C) 2017 University of Cincinnati, developed by Kiran Siddappaji,
 Dr. Mark G. Turner, Karthik  Balasubramanian, Syed Moez Hussain, Ahmed Farid Nemnem 
  and Marshall C. Galbraith.

 This program is free software; you can redistribute it and/or modify it under the 
 terms of the GNU General Public License as published by the Free Software Foundation; 
 either version 2 of the License, or (at your option) any later version.

 This program is distributed in the hope that it will be useful, but WITHOUT ANY WARRANTY;
 without even the implied warranty of MERCHANTABILITY or FITNESS FOR A PARTICULAR PURPOSE. 
 See the GNU General Public License for more details.  For the complete terms of the 
 GNU General Public License, please see this URL: http://www.gnu.org/licenses/gpl-2.0.html

 ************************************************************

 Row number and blade  type is 1nax3                                                                                                                                                                                                                                                           
 
 3dbgbinput.1nax3.dat                                                                                                                                                                                                                                            
 
 Incidence and Deviation defined spanwise as a B-spline using control points
 
 inci_dev_spline
 
 Reading inputs from file: 3dbgbinput.1nax3.dat                                                                                                                                                                                                                                            
 
 Reading the spanwise_input file ....
 
 Spanwise input file read successfully

 case:Case6_2                                                                                                                                                                                                                                                         
 bladerow #:           1
   1       

 Number of blades in this row:          20
 bsf:   152.40000000000001     

 Number of streamlines:          21

    in_betaZ*    out_betaZ*
   0.0000000000000000       -19.030736500000000     
   0.0000000000000000       -13.772680429999999     
   0.0000000000000000       -10.258185670000000     
   0.0000000000000000       -8.1097568599999992     
   0.0000000000000000       -6.3683073500000003     
   0.0000000000000000       -4.8750483899999999     
   0.0000000000000000       -3.6576954800000001     
   0.0000000000000000       -2.5996792599999998     
   0.0000000000000000       -1.7006599600000001     
   0.0000000000000000      -0.91793367999999997     
   0.0000000000000000      -0.25471163000000002     
   0.0000000000000000       0.33827494000000002     
   0.0000000000000000       0.85759470000000004     
   0.0000000000000000        1.3219841500000000     
   0.0000000000000000        1.7276708199999999     
   0.0000000000000000        2.1195313900000001     
   0.0000000000000000        2.4897911000000001     
   0.0000000000000000        2.8427144000000002     
   0.0000000000000000        3.1807965000000000     
   0.0000000000000000        3.5276307199999999     
   0.0000000000000000        3.8970639100000000     

 LE/TE defined by a curve with no. of points as:          27
 xLE    rLE     xTE     rTE
 -0.38559800000000000       0.33446199999999998      -0.15491800000000000       0.32155000000000000     
 -0.38349400000000000       0.35834300000000002      -0.15277499999999999       0.34657700000000002     
 -0.38139000000000001       0.38222299999999998      -0.15063299999999999       0.37160399999999999     
 -0.37928600000000001       0.40610400000000002      -0.14849000000000001       0.39663100000000001     
 -0.37718200000000002       0.42998500000000001      -0.14634700000000000       0.42165700000000000     
 -0.37507800000000002       0.45386599999999999      -0.14420500000000000       0.44668400000000003     
 -0.37297400000000003       0.47774600000000000      -0.14206199999999999       0.47171099999999999     
 -0.37086999999999998       0.50162700000000005      -0.13991899999999999       0.49673800000000001     
 -0.36876599999999998       0.52550799999999998      -0.13777600000000001       0.52176500000000003     
 -0.36666199999999999       0.54938799999999999      -0.13563400000000000       0.54679199999999994     
 -0.36455799999999999       0.57326900000000003      -0.13349100000000000       0.57181899999999997     
 -0.36245300000000003       0.59714999999999996      -0.13134799999999999       0.59684599999999999     
 -0.36034899999999997       0.62103100000000000      -0.12920599999999999       0.62187300000000001     
 -0.35824499999999998       0.64491200000000004      -0.12706300000000001       0.64690000000000003     
 -0.35614099999999999       0.66879299999999997      -0.12492000000000000       0.67192700000000005     
 -0.35403699999999999       0.69267299999999998      -0.12277800000000000       0.69695399999999996     
 -0.35193300000000000       0.71655400000000002      -0.12063500000000001       0.72198099999999998     
 -0.34982900000000000       0.74043499999999995      -0.11849200000000000       0.74700699999999998     
 -0.34772500000000001       0.76431600000000000      -0.11635000000000000       0.77203400000000000     
 -0.34562100000000001       0.78819600000000001      -0.11420700000000000       0.79706100000000002     
 -0.34351700000000002       0.81207700000000005      -0.11206400000000000       0.82208800000000004     
 -0.34141300000000002       0.83595799999999998      -0.10992100000000000       0.84711499999999995     
 -0.33930900000000003       0.85983799999999999      -0.10777900000000000       0.87214199999999997     
 -0.33720499999999998       0.88371900000000003      -0.10563599999999999       0.89716899999999999     
 -0.33510099999999998       0.90759999999999996      -0.10349300000000000       0.92219600000000002     
 -0.33299699999999999       0.93148100000000000      -0.10135100000000000       0.94722300000000004     
 -0.32559900000000003        1.0154440000000000       -9.4880000000000006E-002   1.0227999999999999     
 
 sect1                  25.000000000000000        0.0000000000000000       0.29999999999999999        2.0000000000000000E-002   2.0000000000000000E-002   15.000000000000000        10.000000000000000                0
 sect1                  25.000000000000000        0.0000000000000000       0.29999999999999999        2.0000000000000000E-002   2.0000000000000000E-002   15.000000000000000        10.000000000000000                0
 sect1                  25.000000000000000        0.0000000000000000       0.29999999999999999        2.0000000000000000E-002   2.0000000000000000E-002   15.000000000000000        10.000000000000000                0
 sect1                  25.000000000000000        0.0000000000000000       0.29999999999999999        2.0000000000000000E-002   2.0000000000000000E-002   15.000000000000000        10.000000000000000                0
 sect1                  25.000000000000000        0.0000000000000000       0.29999999999999999        2.0000000000000000E-002   2.0000000000000000E-002   15.000000000000000        10.000000000000000                0
 sect1                  25.000000000000000        0.0000000000000000       0.29999999999999999        2.0000000000000000E-002   2.0000000000000000E-002   15.000000000000000        10.000000000000000                0
 sect1                  25.000000000000000        0.0000000000000000       0.29999999999999999        2.0000000000000000E-002   2.0000000000000000E-002   15.000000000000000        10.000000000000000                0
 sect1                  25.000000000000000        0.0000000000000000       0.29999999999999999        2.0000000000000000E-002   2.0000000000000000E-002   15.000000000000000        10.000000000000000                0
 sect1                  25.000000000000000        0.0000000000000000       0.29999999999999999        2.0000000000000000E-002   2.0000000000000000E-002   15.000000000000000        10.000000000000000                0
 sect1                  25.000000000000000        0.0000000000000000       0.29999999999999999        2.0000000000000000E-002   2.0000000000000000E-002   15.000000000000000        10.000000000000000                0
 sect1                  25.000000000000000        0.0000000000000000       0.29999999999999999        2.0000000000000000E-002   2.0000000000000000E-002   15.000000000000000        10.000000000000000                0
 sect1                  25.000000000000000        0.0000000000000000       0.29999999999999999        2.0000000000000000E-002   2.0000000000000000E-002   15.000000000000000        10.000000000000000                0
 sect1                  25.000000000000000        0.0000000000000000       0.29999999999999999        2.0000000000000000E-002   2.0000000000000000E-002   15.000000000000000        10.000000000000000                0
 sect1                  25.000000000000000        0.0000000000000000       0.29999999999999999        2.0000000000000000E-002   2.0000000000000000E-002   15.000000000000000        10.000000000000000                0
 sect1                  25.000000000000000        0.0000000000000000       0.29999999999999999        2.0000000000000000E-002   2.0000000000000000E-002   15.000000000000000        10.000000000000000                0
 sect1                  25.000000000000000        0.0000000000000000       0.29999999999999999        2.0000000000000000E-002   2.0000000000000000E-002   15.000000000000000        10.000000000000000                0
 sect1                  25.000000000000000        0.0000000000000000       0.29999999999999999        2.0000000000000000E-002   2.0000000000000000E-002   15.000000000000000        10.000000000000000                0
 sect1                  25.000000000000000        0.0000000000000000       0.29999999999999999        2.0000000000000000E-002   2.0000000000000000E-002   15.000000000000000        10.000000000000000                0
 sect1                  25.000000000000000        0.0000000000000000       0.29999999999999999        2.0000000000000000E-002   2.0000000000000000E-002   15.000000000000000        10.000000000000000                0
 sect1                  25.000000000000000        0.0000000000000000       0.29999999999999999        2.0000000000000000E-002   2.0000000000000000E-002   15.000000000000000        10.000000000000000                0
 sect1                  25.000000000000000        0.0000000000000000       0.29999999999999999        2.0000000000000000E-002   2.0000000000000000E-002   15.000000000000000        10.000000000000000                0
 
 Sweep in the axial direction (m-prime).
 
 Lean in the tangential direction (theta).
 
 Writing dimensional hub and casing streamlines

 Using x_s and r_s coordinates for streamline from the input file...

 Calculating the m_prime coordinates for each streamline...

 
 hub offset:   0.0000000000000000     
 tip offset:   0.0000000000000000     

 xLE    rLE     xTE     rTE
 
 Calculating LE x, r points... 
 
 Calculating TE x, r points...
 
 i_slope           0
 i_slope           0
 i_slope           0
 i_slope           0
 i_slope           0
 i_slope           0
 i_slope           0
 i_slope           0
 i_slope           0
 i_slope           0
 i_slope           0
 i_slope           0
 i_slope           0
 i_slope           0
 i_slope           0
 i_slope           0
 i_slope           0
 i_slope           0
 i_slope           0
 i_slope           0
 i_slope           0
 
 ile:           2
 ite:           5
 ile:          14
 ite:          51
 ile:          14
 ite:          52
 ile:          15
 ite:          53
 ile:          15
 ite:          53
 ile:          15
 ite:          54
 ile:          16
 ite:          54
 ile:          16
 ite:          55
 ile:          17
 ite:          55
 ile:          17
 ite:          56
 ile:          18
 ite:          56
 ile:          18
 ite:          57
 ile:          19
 ite:          57
 ile:          19
 ite:          58
 ile:          20
 ite:          58
 ile:          20
 ite:          58
 ile:          21
 ite:          59
 ile:          21
 ite:          59
 ile:          22
 ite:          60
 ile:          22
 ite:          60
 ile:           4
 ite:           9

 Using x values for msLE due to a purely axial flow.
 Using x values for msTE due to a purely axial flow.
 msle:  0.31997201583567025     
 mste:  0.96347654244761249     
 chordm:  0.64350452661194224     
 Using x values for msLE due to a purely axial flow.
 Using x values for msTE due to a purely axial flow.
 msle:  0.19591061812972421     
 mste:  0.78122589299639089     
 chordm:  0.58531527486666668     
 Using x values for msLE due to a purely axial flow.
 Using x values for msTE due to a purely axial flow.
 msle:  0.18858472554247366     
 mste:  0.72587005897914580     
 chordm:  0.53728533343667217     
 Using x values for msLE due to a purely axial flow.
 Using x values for msTE due to a purely axial flow.
 msle:  0.18202228819863855     
 mste:  0.67898268460117983     
 chordm:  0.49696039640254130     
 Using x values for msLE due to a purely axial flow.
 Using x values for msTE due to a purely axial flow.
 msle:  0.17614470457452563     
 mste:  0.63883669129540321     
 chordm:  0.46269198672087758     
 Using x values for msLE due to a purely axial flow.
 Using x values for msTE due to a purely axial flow.
 msle:  0.17089595124690959     
 mste:  0.60422999736951954     
 chordm:  0.43333404612260995     
 Using x values for msLE due to a purely axial flow.
 Using x values for msTE due to a purely axial flow.
 msle:  0.16621265013027903     
 mste:  0.57402662646346414     
 chordm:  0.40781397633318511     
 Using x values for msLE due to a purely axial flow.
 Using x values for msTE due to a purely axial flow.
 msle:  0.16202686761307153     
 mste:  0.54747317435424436     
 chordm:  0.38544630674117286     
 Using x values for msLE due to a purely axial flow.
 Using x values for msTE due to a purely axial flow.
 msle:  0.15826704240584155     
 mste:  0.52391879987733658     
 chordm:  0.36565175747149503     
 Using x values for msLE due to a purely axial flow.
 Using x values for msTE due to a purely axial flow.
 msle:  0.15487455567161304     
 mste:  0.50285511902735058     
 chordm:  0.34798056335573757     
 Using x values for msLE due to a purely axial flow.
 Using x values for msTE due to a purely axial flow.
 msle:  0.15179715234105678     
 mste:  0.48388147294776918     
 chordm:  0.33208432060671239     
 Using x values for msLE due to a purely axial flow.
 Using x values for msTE due to a purely axial flow.
 msle:  0.14899024894909024     
 mste:  0.46668088574850536     
 chordm:  0.31769063679941512     
 Using x values for msLE due to a purely axial flow.
 Using x values for msTE due to a purely axial flow.
 msle:  0.14641641117394560     
 mste:  0.45099283419618041     
 chordm:  0.30457642302223481     
 Using x values for msLE due to a purely axial flow.
 Using x values for msTE due to a purely axial flow.
 msle:  0.14404389552946165     
 mste:  0.43661375322377421     
 chordm:  0.29256985769431254     
 Using x values for msLE due to a purely axial flow.
 Using x values for msTE due to a purely axial flow.
 msle:  0.14184575532997165     
 mste:  0.42337347550665283     
 chordm:  0.28152772017668115     
 Using x values for msLE due to a purely axial flow.
 Using x values for msTE due to a purely axial flow.
 msle:  0.13979964887105908     
 mste:  0.41111659638134473     
 chordm:  0.27131694751028568     
 Using x values for msLE due to a purely axial flow.
 Using x values for msTE due to a purely axial flow.
 msle:  0.13788623181072737     
 mste:  0.39970106503241376     
 chordm:  0.26181483322168642     
 Using x values for msLE due to a purely axial flow.
 Using x values for msTE due to a purely axial flow.
 msle:  0.13608793150139117     
 mste:  0.38898868932967218     
 chordm:  0.25290075782828103     
 Using x values for msLE due to a purely axial flow.
 Using x values for msTE due to a purely axial flow.
 msle:  0.13439292192103683     
 mste:  0.37883608768943461     
 chordm:  0.24444316576839778     
 Using x values for msLE due to a purely axial flow.
 Using x values for msTE due to a purely axial flow.
 msle:  0.13280531026374201     
 mste:  0.36904839003825551     
 chordm:  0.23624307977451350     
 Using x values for msLE due to a purely axial flow.
 Using x values for msTE due to a purely axial flow.
 msle:  0.13865186232444504     
 mste:  0.36616931882926257     
 chordm:  0.22751745650481753     
 
 phi_s_in(ia)  -8.1681972192684462     
 phi_s_in(ia)  -5.3489122838975414     
 phi_s_in(ia)  -2.8643540865073414     
 phi_s_in(ia) -0.98359490077386924     
 phi_s_in(ia)  0.37008750378295663     
 phi_s_in(ia)   1.3157268673562235     
 phi_s_in(ia)   1.9634820599118101     
 phi_s_in(ia)   2.3697212053073144     
 phi_s_in(ia)   2.5703248259334832     
 phi_s_in(ia)   2.5952992786169351     
 phi_s_in(ia)   2.4712304018026918     
 phi_s_in(ia)   2.2202643590329538     
 phi_s_in(ia)   1.8562541586298471     
 phi_s_in(ia)   1.3815300239749826     
 phi_s_in(ia)  0.80100011706022467     
 phi_s_in(ia)  0.13014569980949914     
 phi_s_in(ia) -0.61052704954440806     
 phi_s_in(ia)  -1.3994675440785769     
 phi_s_in(ia)  -2.2021210458103666     
 phi_s_in(ia)  -2.9642064555909902     
 phi_s_in(ia)  -3.6325789877822059     
 phi_s_out(ia)  -7.0643607153971786     
 phi_s_out(ia)  -3.2325674022299431     
 phi_s_out(ia)  -1.0279521760648429     
 phi_s_out(ia)  0.46979160250659852     
 phi_s_out(ia)   1.5156758427136672     
 phi_s_out(ia)   2.1708357199746748     
 phi_s_out(ia)   2.5666988827012571     
 phi_s_out(ia)   2.7292312715203839     
 phi_s_out(ia)   2.7135364675276850     
 phi_s_out(ia)   2.5657235809381937     
 phi_s_out(ia)   2.3223553537939505     
 phi_s_out(ia)   2.0098197735321470     
 phi_s_out(ia)   1.6453578005193750     
 phi_s_out(ia)   1.2459929945809223     
 phi_s_out(ia)  0.83215528710413889     
 phi_s_out(ia)  0.41734573751443399     
 phi_s_out(ia)   1.6493882429051643E-002
 phi_s_out(ia) -0.35854412563930482     
 phi_s_out(ia) -0.69188693013008074     
 phi_s_out(ia) -0.96615944959174838     
 phi_s_out(ia)  -1.2136468930237228     
 
 Creating cubic B-spline with spancontrolinput file
 B-spline created successfully

  Inlet Beta incidence defined spanwise by a cubic B-spline using control points.
    span         in_Beta (spline)
   0.0000000000000000       -24.270509831248425     
   4.3387452907245522E-002  -22.491202012365463     
   9.1666814348395992E-002  -20.394842359314129     
  0.14180684101438704       -18.095525353248643     
  0.19287314220344681       -15.690375773615148     
  0.24429913550710761       -13.262234107071198     
  0.29570585218523998       -10.862131527208760     
  0.34684875028072154       -8.5319413646717006     
  0.39758620514910942       -6.3383793434790610     
  0.44785993027610921       -4.4089504008194842     
  0.49767092108288941       -2.8476771536751917     
  0.54706198722188681       -1.6958119017725808     
  0.59610281898167339      -0.93147772495220038     
  0.64488314347623310      -0.42746677020113105     
  0.69351621916945305       -4.0942356880079883E-002
  0.74214526809226933       0.34043957302328148     
  0.79095033706026341       0.83896484156005147     
  0.84016821100777206        1.6461192269092564     
  0.89017971105885929        3.0141869963420906     
  0.94188710962677069        5.1019836015982829     
   1.0000000000000000        8.0901699437494727     

  Outlet Beta deviation defined spanwise by a cubic B-spline using control points.
    span        out_Beta (spline)
   0.0000000000000000       -21.030736500000000     
   4.3387452907245522E-002  -15.346185762997655     
   9.1666814348395992E-002  -11.496714423335312     
  0.14180684101438704       -9.1470509976946648     
  0.19287314220344681       -7.2854689588784947     
  0.24429913550710761       -5.7031516591274727     
  0.29570585218523998       -4.4022823544969976     
  0.34684875028072154       -3.2468996727880577     
  0.39758620514910942       -2.2221784204620496     
  0.44785993027610921       -1.2913627725053756     
  0.49767092108288941      -0.47026703440178108     
  0.54706198722188681       0.27859377897182036     
  0.59610281898167339       0.94371587123214207     
  0.64488314347623310        1.5398314855243533     
  0.69351621916945305        2.0598889061842405     
  0.74214526809226933        2.5437510651198401     
  0.79095033706026341        2.9748053125081757     
  0.84016821100777206        3.3392294603723909     
  0.89017971105885929        3.6121000249049908     
  0.94188710962677069        3.2573827829953497     
   1.0000000000000000        3.8970639100000000     
 
    span        chord_multipliers
   0.0000000000000000       0.82669089968600007     
   4.3387452907245522E-002  0.82432033588075426     
   9.1666814348395992E-002  0.82170155492606578     
  0.14180684101438704       0.81902542097516962     
  0.19287314220344681       0.81637012396424569     
  0.24429913550710761       0.81379345110598200     
  0.29570585218523998       0.81137335293731816     
  0.34684875028072154       0.80935499595252491     
  0.39758620514910942       0.80802752270817391     
  0.44785993027610921       0.80765918322639974     
  0.49767092108288941       0.80850026879117054     
  0.54706198722188681       0.81088158545216071     
  0.59610281898167339       0.81554738645685920     
  0.64488314347623310       0.82334702654095326     
  0.69351621916945305       0.83513192107253420     
  0.74214526809226933       0.85178703960528046     
  0.79095033706026341       0.87407350886345392     
  0.84016821100777206       0.90155861161876716     
  0.89017971105885929       0.93342432901778083     
  0.94188710962677069       0.96922790577128892     
   1.0000000000000000        1.0112431656156000     
 
 tm/c thickness ratio defined radially with 2D spline using control points.
   0.0000000000000000        0.0000000000000000     
   4.3387452907245522E-002   0.0000000000000000     
   9.1666814348395992E-002   0.0000000000000000     
  0.14180684101438704        0.0000000000000000     
  0.19287314220344681        0.0000000000000000     
  0.24429913550710761        0.0000000000000000     
  0.29570585218523998        0.0000000000000000     
  0.34684875028072154        0.0000000000000000     
  0.39758620514910942        0.0000000000000000     
  0.44785993027610921        0.0000000000000000     
  0.49767092108288941        0.0000000000000000     
  0.54706198722188681        0.0000000000000000     
  0.59610281898167339        0.0000000000000000     
  0.64488314347623310        0.0000000000000000     
  0.69351621916945305        0.0000000000000000     
  0.74214526809226933        0.0000000000000000     
  0.79095033706026341        0.0000000000000000     
  0.84016821100777206        0.0000000000000000     
  0.89017971105885929        0.0000000000000000     
  0.94188710962677069        0.0000000000000000     
   1.0000000000000000        0.0000000000000000     
 
 Chord multiplier calculated using spline control points...

 ---------------------------------------------------------------------------------
 airfoil type:           1 sect1
  =================================================== 
 Using sine function based clustering distribution
 
 lethk =    2.0000000000000000E-002

Using curvature control for camber definition...
 xcp -0.14999999999999999        0.0000000000000000       0.14999999999999999       0.24999999999999997       0.49999999999999994       0.75000000000000000       0.94999999999999996        1.0000000000000000        1.0500000000000000     
 ycp   0.0000000000000000        0.0000000000000000        0.0000000000000000       0.49999999999999994       0.29999999999999999       0.14999999999999999        0.0000000000000000        0.0000000000000000        0.0000000000000000     
Total camber is:    3.167432706025815
Determinant is:    0.036787563091530
Possible values of scaling factor are:       381.085661679369309       -0.288739312274674
Camber line second derivative scaling factor:   -0.288739312274674
Inlet u-v metal angle in deg:   -1.732488581740643
Exit u-v metal angle in deg:    1.434944124285003
Stagger angle in deg:  -22.319844685161449
 i_le =            0
 i_te =            0
         121
         241
 
 Stacking position on the chord as % of chord:   25.000000000000000     
 Stacking position in % above(+ve) or below(-ve) meanline :   0.0000000000000000     
 top curve points index range for % chord stacking:          45          46
 bottom curve points index range for % chord stacking:          44          45
 vtop_stack vbot_stack   4.2254007721807575E-002  -5.6615924421521732E-002
 
 u_stack  v_stack  0.25000000000000000        0.0000000000000000     
 
 chrd bladegen:   0.57506415692309698     
 pitch   0.31415926535897931     
 np_sidee         121
 n_normal_distance =           57
 Number of intersection points (k) =           57 from np_side of         121
 ******************************************
 
 Chord multiplier calculated using spline control points...

 ---------------------------------------------------------------------------------
 airfoil type:           2 sect1
  =================================================== 
 Using sine function based clustering distribution
 
 lethk =    2.0000000000000000E-002

Using curvature control for camber definition...
 xcp -0.14999999999999999        0.0000000000000000       0.14999999999999999       0.24999999999999994       0.49999999999999989       0.75000000000000000       0.94999999999999984        1.0000000000000000        1.0500000000000003     
 ycp   0.0000000000000000        0.0000000000000000        0.0000000000000000       0.49999999999999989       0.29999999999999999       0.14999999999999999        0.0000000000000000        0.0000000000000000        0.0000000000000000     
Total camber is:    7.080046324651060
Determinant is:    0.037237023173564
Possible values of scaling factor are:       170.309830593867190       -0.646083737429354
Camber line second derivative scaling factor:   -0.646083737429354
Inlet u-v metal angle in deg:   -3.871897562293505
Exit u-v metal angle in deg:    3.208148762357532
Stagger angle in deg:  -18.531065371799823
 i_le =            0
 i_te =            0
         121
         241
 
 Stacking position on the chord as % of chord:   25.000000000000000     
 Stacking position in % above(+ve) or below(-ve) meanline :   0.0000000000000000     
 top curve points index range for % chord stacking:          45          46
 bottom curve points index range for % chord stacking:          44          45
 vtop_stack vbot_stack   3.3413484178422027E-002  -6.5543139819416993E-002
 
 u_stack  v_stack  0.25000000000000000        0.0000000000000000     
 
 chrd bladegen:   0.50887152155039250     
 pitch   0.31415926535897931     
 np_sidee         121
 n_normal_distance =           59
 Number of intersection points (k) =           59 from np_side of         121
 ******************************************
 
 Chord multiplier calculated using spline control points...

 ---------------------------------------------------------------------------------
 airfoil type:           3 sect1
  =================================================== 
 Using sine function based clustering distribution
 
 lethk =    2.0000000000000000E-002

Using curvature control for camber definition...
 xcp -0.14999999999999999        0.0000000000000000       0.14999999999999999       0.25000000000000000       0.50000000000000000       0.75000000000000000       0.94999999999999996        1.0000000000000000        1.0500000000000000     
 ycp   0.0000000000000000        0.0000000000000000        0.0000000000000000       0.50000000000000000       0.29999999999999999       0.14999999999999999        0.0000000000000000        0.0000000000000000        0.0000000000000000     
Total camber is:    8.876543345776222
Determinant is:    0.037562910378703
Possible values of scaling factor are:       135.739684986670426       -0.810628165829698
Camber line second derivative scaling factor:   -0.810628165829698
Inlet u-v metal angle in deg:   -4.853755535000549
Exit u-v metal angle in deg:    4.022787810775640
Stagger angle in deg:  -15.517701228875703
 i_le =            0
 i_te =            0
         121
         241
 
 Stacking position on the chord as % of chord:   25.000000000000000     
 Stacking position in % above(+ve) or below(-ve) meanline :   0.0000000000000000     
 top curve points index range for % chord stacking:          45          46
 bottom curve points index range for % chord stacking:          44          45
 vtop_stack vbot_stack   2.9356114347268505E-002  -6.9665618623154277E-002
 
 u_stack  v_stack  0.25000000000000000        0.0000000000000000     
 
 chrd bladegen:   0.45819021448819214     
 pitch   0.31415926535897931     
 np_sidee         121
 n_normal_distance =           61
 Number of intersection points (k) =           61 from np_side of         121
 ******************************************
 
 Chord multiplier calculated using spline control points...

 ---------------------------------------------------------------------------------
 airfoil type:           4 sect1
  =================================================== 
 Using sine function based clustering distribution
 
 lethk =    2.0000000000000000E-002

Using curvature control for camber definition...
 xcp -0.14999999999999997        0.0000000000000000       0.14999999999999997       0.25000000000000000       0.50000000000000000       0.75000000000000000       0.94999999999999996        1.0000000000000000        1.0500000000000000     
 ycp   0.0000000000000000        0.0000000000000000        0.0000000000000000       0.50000000000000000       0.29999999999999993       0.14999999999999997        0.0000000000000000        0.0000000000000000        0.0000000000000000     
Total camber is:    8.946284048801923
Determinant is:    0.037577127763363
Possible values of scaling factor are:       134.677153399509763       -0.817023593783847
Camber line second derivative scaling factor:   -0.817023593783847
Inlet u-v metal angle in deg:   -4.891863998208134
Exit u-v metal angle in deg:    4.054420050593771
Stagger angle in deg:  -13.201168768003631
 i_le =            0
 i_te =            0
         121
         241
 
 Stacking position on the chord as % of chord:   25.000000000000000     
 Stacking position in % above(+ve) or below(-ve) meanline :   0.0000000000000000     
 top curve points index range for % chord stacking:          45          46
 bottom curve points index range for % chord stacking:          44          45
 vtop_stack vbot_stack   2.9198584527521863E-002  -6.9825999119529747E-002
 
 u_stack  v_stack  0.25000000000000000        0.0000000000000000     
 
 chrd bladegen:   0.41807104094978903     
 pitch   0.31415926535897931     
 np_sidee         121
 n_normal_distance =           62
 Number of intersection points (k) =           62 from np_side of         121
 ******************************************
 
 Chord multiplier calculated using spline control points...

 ---------------------------------------------------------------------------------
 airfoil type:           5 sect1
  =================================================== 
 Using sine function based clustering distribution
 
 lethk =    2.0000000000000000E-002

Using curvature control for camber definition...
 xcp -0.14999999999999999        0.0000000000000000       0.14999999999999999       0.25000000000000000       0.50000000000000000       0.75000000000000000       0.94999999999999984        1.0000000000000000        1.0500000000000003     
 ycp   0.0000000000000000        0.0000000000000000        0.0000000000000000       0.50000000000000000       0.29999999999999999       0.14999999999999999        0.0000000000000000        0.0000000000000000        0.0000000000000000     
Total camber is:    8.407117245925381
Determinant is:    0.037470285503327
Possible values of scaling factor are:       143.349326489918866       -0.767596294767275
Camber line second derivative scaling factor:   -0.767596294767275
Inlet u-v metal angle in deg:   -4.597231046078105
Exit u-v metal angle in deg:    3.809886199847278
Stagger angle in deg:  -11.092833532967925
 i_le =            0
 i_te =            0
         121
         241
 
 Stacking position on the chord as % of chord:   25.000000000000000     
 Stacking position in % above(+ve) or below(-ve) meanline :   0.0000000000000000     
 top curve points index range for % chord stacking:          45          46
 bottom curve points index range for % chord stacking:          44          45
 vtop_stack vbot_stack   3.0416389935532907E-002  -6.8586784501928955E-002
 
 u_stack  v_stack  0.25000000000000000        0.0000000000000000     
 
 chrd bladegen:   0.38491946630859125     
 pitch   0.31415926535897931     
 np_sidee         121
 n_normal_distance =           64
 Number of intersection points (k) =           64 from np_side of         121
 ******************************************
 
 Chord multiplier calculated using spline control points...

 ---------------------------------------------------------------------------------
 airfoil type:           6 sect1
  =================================================== 
 Using sine function based clustering distribution
 
 lethk =    2.0000000000000000E-002

Using curvature control for camber definition...
 xcp -0.14999999999999999        0.0000000000000000       0.14999999999999999       0.25000000000000000       0.50000000000000000       0.75000000000000000       0.95000000000000007        1.0000000000000000        1.0499999999999998     
 ycp   0.0000000000000000        0.0000000000000000        0.0000000000000000       0.50000000000000000       0.29999999999999999       0.14999999999999999        0.0000000000000000        0.0000000000000000        0.0000000000000000     
Total camber is:    7.559775348467743
Determinant is:    0.037316512357851
Possible values of scaling factor are:       159.473051889504546       -0.689987496742003
Camber line second derivative scaling factor:   -0.689987496742003
Inlet u-v metal angle in deg:   -4.134123820939378
Exit u-v metal angle in deg:    3.425651527528411
Stagger angle in deg:   -9.124737140988918
 i_le =            0
 i_te =            0
         121
         241
 
 Stacking position on the chord as % of chord:   25.000000000000000     
 Stacking position in % above(+ve) or below(-ve) meanline :   0.0000000000000000     
 top curve points index range for % chord stacking:          45          46
 bottom curve points index range for % chord stacking:          44          45
 vtop_stack vbot_stack   3.2330072574862999E-002  -6.6642372327355454E-002
 
 u_stack  v_stack  0.25000000000000000        0.0000000000000000     
 
 chrd bladegen:   0.35716416753553271     
 pitch   0.31415926535897931     
 np_sidee         121
 n_normal_distance =           67
 Number of intersection points (k) =           67 from np_side of         121
 ******************************************
 
 Chord multiplier calculated using spline control points...

 ---------------------------------------------------------------------------------
 airfoil type:           7 sect1
  =================================================== 
 Using sine function based clustering distribution
 
 lethk =    2.0000000000000000E-002

Using curvature control for camber definition...
 xcp -0.14999999999999999        0.0000000000000000       0.14999999999999999       0.25000000000000000       0.50000000000000000       0.75000000000000000       0.95000000000000007        1.0000000000000000        1.0499999999999998     
 ycp   0.0000000000000000        0.0000000000000000        0.0000000000000000       0.50000000000000000       0.29999999999999999       0.14999999999999999        0.0000000000000000        0.0000000000000000        0.0000000000000000     
Total camber is:    6.458022426427206
Determinant is:    0.037142012937080
Possible values of scaling factor are:       186.754773332868155       -0.589191964988883
Camber line second derivative scaling factor:   -0.589191964988883
Inlet u-v metal angle in deg:   -3.531856922745371
Exit u-v metal angle in deg:    2.926165503681833
Stagger angle in deg:   -7.324048677254033
 i_le =            0
 i_te =            0
         121
         241
 
 Stacking position on the chord as % of chord:   25.000000000000000     
 Stacking position in % above(+ve) or below(-ve) meanline :   0.0000000000000000     
 top curve points index range for % chord stacking:          45          46
 bottom curve points index range for % chord stacking:          44          45
 vtop_stack vbot_stack   3.4818293328986727E-002  -6.4119510705776747E-002
 
 u_stack  v_stack  0.25000000000000000        0.0000000000000000     
 
 chrd bladegen:   0.33361132058742005     
 pitch   0.31415926535897931     
 np_sidee         121
 n_normal_distance =           69
 Number of intersection points (k) =           69 from np_side of         121
 ******************************************
 
 Chord multiplier calculated using spline control points...

 ---------------------------------------------------------------------------------
 airfoil type:           8 sect1
  =================================================== 
 Using sine function based clustering distribution
 
 lethk =    2.0000000000000000E-002

Using curvature control for camber definition...
 xcp -0.14999999999999999        0.0000000000000000       0.14999999999999999       0.25000000000000000       0.50000000000000000       0.75000000000000000       0.94999999999999984        1.0000000000000000        1.0500000000000003     
 ycp   0.0000000000000000        0.0000000000000000        0.0000000000000000       0.50000000000000000       0.29999999999999999       0.14999999999999999        0.0000000000000000        0.0000000000000000        0.0000000000000000     
Total camber is:    5.281527650503724
Determinant is:    0.036986888995986
Possible values of scaling factor are:       228.437912774887764       -0.481681917569773
Camber line second derivative scaling factor:   -0.481681917569773
Inlet u-v metal angle in deg:   -2.888610734759074
Exit u-v metal angle in deg:    2.392916915744579
Stagger angle in deg:   -5.636141535955173
 i_le =            0
 i_te =            0
         121
         241
 
 Stacking position on the chord as % of chord:   25.000000000000000     
 Stacking position in % above(+ve) or below(-ve) meanline :   0.0000000000000000     
 top curve points index range for % chord stacking:          45          46
 bottom curve points index range for % chord stacking:          44          45
 vtop_stack vbot_stack   3.7475756265022017E-002  -6.1431668886520983E-002
 
 u_stack  v_stack  0.25000000000000000        0.0000000000000000     
 
 chrd bladegen:   0.31347835882983932     
 pitch   0.31415926535897931     
 np_sidee         121
 n_normal_distance =           73
 Number of intersection points (k) =           73 from np_side of         121
 ******************************************
 
 Chord multiplier calculated using spline control points...

 ---------------------------------------------------------------------------------
 airfoil type:           9 sect1
  =================================================== 
 Using sine function based clustering distribution
 
 lethk =    2.0000000000000000E-002

Using curvature control for camber definition...
 xcp -0.14999999999999997        0.0000000000000000       0.14999999999999997       0.25000000000000000       0.50000000000000000       0.75000000000000000       0.94999999999999984        1.0000000000000000        1.0500000000000003     
 ycp   0.0000000000000000        0.0000000000000000        0.0000000000000000       0.50000000000000000       0.29999999999999993       0.14999999999999997        0.0000000000000000        0.0000000000000000        0.0000000000000000     
Total camber is:    4.112365090778633
Determinant is:    0.036864155298388
Possible values of scaling factor are:       293.467802903018480       -0.374945431091835
Camber line second derivative scaling factor:   -0.374945431091835
Inlet u-v metal angle in deg:   -2.249270756042808
Exit u-v metal angle in deg:    1.863094334735812
Stagger angle in deg:   -4.082783560085796
 i_le =            0
 i_te =            0
         121
         241
 
 Stacking position on the chord as % of chord:   25.000000000000000     
 Stacking position in % above(+ve) or below(-ve) meanline :   0.0000000000000000     
 top curve points index range for % chord stacking:          45          46
 bottom curve points index range for % chord stacking:          44          45
 vtop_stack vbot_stack   4.0117664509099094E-002  -5.8766315366157569E-002
 
 u_stack  v_stack  0.25000000000000000        0.0000000000000000     
 
 chrd bladegen:   0.29620839499840107     
 pitch   0.31415926535897931     
 np_sidee         121
 n_normal_distance =           77
 Number of intersection points (k) =           77 from np_side of         121
 ******************************************
 
 Chord multiplier calculated using spline control points...

 ---------------------------------------------------------------------------------
 airfoil type:          10 sect1
  =================================================== 
 Using sine function based clustering distribution
 
 lethk =    2.0000000000000000E-002

Using curvature control for camber definition...
 xcp -0.15000000000000002        0.0000000000000000       0.15000000000000002       0.25000000000000000       0.50000000000000000       0.75000000000000000       0.94999999999999996        1.0000000000000000        1.0500000000000000     
 ycp   0.0000000000000000        0.0000000000000000        0.0000000000000000       0.50000000000000000       0.30000000000000004       0.15000000000000002        0.0000000000000000        0.0000000000000000        0.0000000000000000     
Total camber is:    3.114377235773674
Determinant is:    0.036783857629241
Possible values of scaling factor are:       387.581074327515864       -0.283900373778498
Camber line second derivative scaling factor:   -0.283900373778498
Inlet u-v metal angle in deg:   -1.703471319970143
Exit u-v metal angle in deg:    1.410905915803740
Stagger angle in deg:   -2.700974572052011
 i_le =            0
 i_te =            0
         121
         241
 
 Stacking position on the chord as % of chord:   25.000000000000000     
 Stacking position in % above(+ve) or below(-ve) meanline :   0.0000000000000000     
 top curve points index range for % chord stacking:          45          46
 bottom curve points index range for % chord stacking:          44          45
 vtop_stack vbot_stack   4.2373994151520385E-002  -5.6495278985977219E-002
 
 u_stack  v_stack  0.25000000000000000        0.0000000000000000     
 
 chrd bladegen:   0.28136227036372180     
 pitch   0.31415926535897931     
 np_sidee         121
 n_normal_distance =           83
 Number of intersection points (k) =           83 from np_side of         121
 ******************************************
 
 Chord multiplier calculated using spline control points...

 ---------------------------------------------------------------------------------
 airfoil type:          11 sect1
  =================================================== 
 Using sine function based clustering distribution
 
 lethk =    2.0000000000000000E-002

Using curvature control for camber definition...
 xcp -0.15000000000000002        0.0000000000000000       0.15000000000000002       0.25000000000000000       0.50000000000000000       0.75000000000000011       0.94999999999999984        1.0000000000000000        1.0500000000000003     
 ycp   0.0000000000000000        0.0000000000000000        0.0000000000000000       0.50000000000000000       0.30000000000000004       0.15000000000000002        0.0000000000000000        0.0000000000000000        0.0000000000000000     
Total camber is:    2.375152358396652
Determinant is:    0.036738780989719
Possible values of scaling factor are:       508.262700484496349       -0.216491219533046
Camber line second derivative scaling factor:   -0.216491219533046
Inlet u-v metal angle in deg:   -1.299160180401420
Exit u-v metal angle in deg:    1.075992177995267
Stagger angle in deg:   -1.545872980904137
 i_le =            0
 i_te =            0
         121
         241
 
 Stacking position on the chord as % of chord:   25.000000000000000     
 Stacking position in % above(+ve) or below(-ve) meanline :   0.0000000000000000     
 top curve points index range for % chord stacking:          45          46
 bottom curve points index range for % chord stacking:          44          45
 vtop_stack vbot_stack   4.4046233877308105E-002  -5.4815291163833199E-002
 
 u_stack  v_stack  0.25000000000000000        0.0000000000000000     
 
 chrd bladegen:   0.26858801604440902     
 pitch   0.31415926535897931     
 np_sidee         121
 n_normal_distance =           90
 Number of intersection points (k) =           90 from np_side of         121
 ******************************************
 
 Chord multiplier calculated using spline control points...

 ---------------------------------------------------------------------------------
 airfoil type:          12 sect1
  =================================================== 
 Using sine function based clustering distribution
 
 lethk =    2.0000000000000000E-002

Using curvature control for camber definition...
 xcp -0.14999999999999999        0.0000000000000000       0.14999999999999999       0.25000000000000000       0.50000000000000000       0.75000000000000011       0.95000000000000007        1.0000000000000000        1.0499999999999998     
 ycp   0.0000000000000000        0.0000000000000000        0.0000000000000000       0.50000000000000000       0.29999999999999999       0.14999999999999999        0.0000000000000000        0.0000000000000000        0.0000000000000000     
Total camber is:    1.972961958580771
Determinant is:    0.036719378389234
Possible values of scaling factor are:       611.900481357205649       -0.179824032213541
Camber line second derivative scaling factor:   -0.179824032213541
Inlet u-v metal angle in deg:   -1.079178344571071
Exit u-v metal angle in deg:    0.893783614009938
Stagger angle in deg:   -0.615361214593290
 i_le =            0
 i_te =            0
         121
         241
 
 Stacking position on the chord as % of chord:   25.000000000000000     
 Stacking position in % above(+ve) or below(-ve) meanline :   0.0000000000000000     
 top curve points index range for % chord stacking:          45          46
 bottom curve points index range for % chord stacking:          44          45
 vtop_stack vbot_stack   4.4956444383092223E-002  -5.3901988535447316E-002
 
 u_stack  v_stack  0.25000000000000000        0.0000000000000000     
 
 chrd bladegen:   0.25762434550273883     
 pitch   0.31415926535897931     
 np_sidee         121
 n_normal_distance =           95
 Number of intersection points (k) =           95 from np_side of         121
 ******************************************
 
 Chord multiplier calculated using spline control points...

 ---------------------------------------------------------------------------------
 airfoil type:          13 sect1
  =================================================== 
 Using sine function based clustering distribution
 
 lethk =    2.0000000000000000E-002

Using curvature control for camber definition...
 xcp -0.14999999999999997        0.0000000000000000       0.14999999999999997       0.24999999999999997       0.49999999999999994       0.75000000000000000       0.94999999999999984        1.0000000000000000        1.0500000000000003     
 ycp   0.0000000000000000        0.0000000000000000        0.0000000000000000       0.49999999999999994       0.29999999999999993       0.14999999999999997        0.0000000000000000        0.0000000000000000        0.0000000000000000     
Total camber is:    1.874315853205928
Determinant is:    0.036715169446924
Possible values of scaling factor are:       644.111455685109036       -0.170831322591507
Camber line second derivative scaling factor:   -0.170831322591507
Inlet u-v metal angle in deg:   -1.025222199194933
Exit u-v metal angle in deg:    0.849093654010690
Stagger angle in deg:    0.094233191460604
 i_le =            0
 i_te =            0
         121
         241
 
 Stacking position on the chord as % of chord:   25.000000000000000     
 Stacking position in % above(+ve) or below(-ve) meanline :   0.0000000000000000     
 top curve points index range for % chord stacking:          45          46
 bottom curve points index range for % chord stacking:          44          45
 vtop_stack vbot_stack   4.5179739709378296E-002  -5.3678055648703801E-002
 
 u_stack  v_stack  0.25000000000000000        0.0000000000000000     
 
 chrd bladegen:   0.24839684172515267     
 pitch   0.31415926535897931     
 np_sidee         121
 n_normal_distance =           93
 Number of intersection points (k) =           93 from np_side of         121
 ******************************************
 
 Chord multiplier calculated using spline control points...

 ---------------------------------------------------------------------------------
 airfoil type:          14 sect1
  =================================================== 
 Using sine function based clustering distribution
 
 lethk =    2.0000000000000000E-002

Using curvature control for camber definition...
 xcp -0.14999999999999999        0.0000000000000000       0.14999999999999999       0.24999999999999997       0.49999999999999994       0.74999999999999989       0.94999999999999996        1.0000000000000000        1.0500000000000000     
 ycp   0.0000000000000000        0.0000000000000000        0.0000000000000000       0.49999999999999994       0.29999999999999999       0.14999999999999999        0.0000000000000000        0.0000000000000000        0.0000000000000000     
Total camber is:    1.966810084148410
Determinant is:    0.036719109576781
Possible values of scaling factor are:       613.814798100003145       -0.179263211332896
Camber line second derivative scaling factor:   -0.179263211332896
Inlet u-v metal angle in deg:   -1.075813481271641
Exit u-v metal angle in deg:    0.890996602877018
Stagger angle in deg:    0.648470965135020
 i_le =            0
 i_te =            0
         121
         241
 
 Stacking position on the chord as % of chord:   25.000000000000000     
 Stacking position in % above(+ve) or below(-ve) meanline :   0.0000000000000000     
 top curve points index range for % chord stacking:          45          46
 bottom curve points index range for % chord stacking:          44          45
 vtop_stack vbot_stack   4.4970369222333571E-002  -5.3888022544274626E-002
 
 u_stack  v_stack  0.25000000000000000        0.0000000000000000     
 
 chrd bladegen:   0.24090195152006519     
 pitch   0.31415926535897931     
 np_sidee         121
 n_normal_distance =           93
 Number of intersection points (k) =           93 from np_side of         121
 ******************************************
 
 Chord multiplier calculated using spline control points...

 ---------------------------------------------------------------------------------
 airfoil type:          15 sect1
  =================================================== 
 Using sine function based clustering distribution
 
 lethk =    2.0000000000000000E-002

Using curvature control for camber definition...
 xcp -0.14999999999999997        0.0000000000000000       0.14999999999999997       0.25000000000000000       0.50000000000000000       0.75000000000000000       0.94999999999999996        1.0000000000000000        1.0500000000000000     
 ycp   0.0000000000000000        0.0000000000000000        0.0000000000000000       0.50000000000000000       0.29999999999999993       0.14999999999999997        0.0000000000000000        0.0000000000000000        0.0000000000000000     
Total camber is:    2.100610194374247
Determinant is:    0.036725146174449
Possible values of scaling factor are:       574.709203798010208       -0.191461022624807
Camber line second derivative scaling factor:   -0.191461022624807
Inlet u-v metal angle in deg:   -1.148997286432014
Exit u-v metal angle in deg:    0.951612907942416
Stagger angle in deg:    1.108058930431856
 i_le =            0
 i_te =            0
         121
         241
 
 Stacking position on the chord as % of chord:   25.000000000000000     
 Stacking position in % above(+ve) or below(-ve) meanline :   0.0000000000000000     
 top curve points index range for % chord stacking:          45          46
 bottom curve points index range for % chord stacking:          44          45
 vtop_stack vbot_stack   4.4667527215635411E-002  -5.4191801359905450E-002
 
 u_stack  v_stack  0.25000000000000000        0.0000000000000000     
 
 chrd bladegen:   0.23515675962587085     
 pitch   0.31415926535897931     
 np_sidee         121
 n_normal_distance =           97
 Number of intersection points (k) =           97 from np_side of         121
 ******************************************
 
 Chord multiplier calculated using spline control points...

 ---------------------------------------------------------------------------------
 airfoil type:          16 sect1
  =================================================== 
 Using sine function based clustering distribution
 
 lethk =    2.0000000000000000E-002

Using curvature control for camber definition...
 xcp -0.14999999999999997        0.0000000000000000       0.14999999999999997       0.25000000000000000       0.50000000000000000       0.75000000000000000       0.94999999999999996        1.0000000000000000        1.0500000000000000     
 ycp   0.0000000000000000        0.0000000000000000        0.0000000000000000       0.50000000000000000       0.29999999999999993       0.14999999999999997        0.0000000000000000        0.0000000000000000        0.0000000000000000     
Total camber is:    2.203244976750088
Determinant is:    0.036730046849692
Possible values of scaling factor are:       547.930950637006958       -0.200818025963159
Camber line second derivative scaling factor:   -0.200818025963159
Inlet u-v metal angle in deg:   -1.205134428376302
Exit u-v metal angle in deg:    0.998110548373680
Stagger angle in deg:    1.545573123157965
 i_le =            0
 i_te =            0
         121
         241
 
 Stacking position on the chord as % of chord:   25.000000000000000     
 Stacking position in % above(+ve) or below(-ve) meanline :   0.0000000000000000     
 top curve points index range for % chord stacking:          45          46
 bottom curve points index range for % chord stacking:          44          45
 vtop_stack vbot_stack   4.4435247083546882E-002  -5.4424859454068178E-002
 
 u_stack  v_stack  0.25000000000000000        0.0000000000000000     
 
 chrd bladegen:   0.23118836871382495     
 pitch   0.31415926535897931     
 np_sidee         121
 n_normal_distance =           91
 Number of intersection points (k) =           91 from np_side of         121
 ******************************************
 
 Chord multiplier calculated using spline control points...

 ---------------------------------------------------------------------------------
 airfoil type:          17 sect1
  =================================================== 
 Using sine function based clustering distribution
 
 lethk =    2.0000000000000000E-002

Using curvature control for camber definition...
 xcp -0.15000000000000002        0.0000000000000000       0.15000000000000002       0.25000000000000000       0.50000000000000000       0.75000000000000000       0.94999999999999996        1.0000000000000000        1.0500000000000000     
 ycp   0.0000000000000000        0.0000000000000000        0.0000000000000000       0.50000000000000000       0.30000000000000004       0.15000000000000002        0.0000000000000000        0.0000000000000000        0.0000000000000000     
Total camber is:    2.135887970401784
Determinant is:    0.036726804180609
Possible values of scaling factor are:       565.214714842671583       -0.194677189007144
Camber line second derivative scaling factor:   -0.194677189007144
Inlet u-v metal angle in deg:   -1.168292862333233
Exit u-v metal angle in deg:    0.967595108068542
Stagger angle in deg:    2.007210081399062
 i_le =            0
 i_te =            0
         121
         241
 
 Stacking position on the chord as % of chord:   25.000000000000000     
 Stacking position in % above(+ve) or below(-ve) meanline :   0.0000000000000000     
 top curve points index range for % chord stacking:          45          46
 bottom curve points index range for % chord stacking:          44          45
 vtop_stack vbot_stack   4.4587685368489172E-002  -5.4271904796499897E-002
 
 u_stack  v_stack  0.25000000000000000        0.0000000000000000     
 
 chrd bladegen:   0.22898590943433333     
 pitch   0.31415926535897931     
 np_sidee         121
 n_normal_distance =           85
 Number of intersection points (k) =           85 from np_side of         121
 ******************************************
 
 Chord multiplier calculated using spline control points...

 ---------------------------------------------------------------------------------
 airfoil type:          18 sect1
  =================================================== 
 Using sine function based clustering distribution
 
 lethk =    2.0000000000000000E-002

Using curvature control for camber definition...
 xcp -0.14999999999999999        0.0000000000000000       0.14999999999999999       0.25000000000000000       0.50000000000000000       0.74999999999999989       0.94999999999999996        1.0000000000000000        1.0500000000000000     
 ycp   0.0000000000000000        0.0000000000000000        0.0000000000000000       0.50000000000000000       0.29999999999999999       0.14999999999999999        0.0000000000000000        0.0000000000000000        0.0000000000000000     
Total camber is:    1.693535739619799
Determinant is:    0.036708017792408
Possible values of scaling factor are:       712.880500396648813       -0.154351832894622
Camber line second derivative scaling factor:   -0.154351832894622
Inlet u-v metal angle in deg:   -0.926340815753945
Exit u-v metal angle in deg:    0.767194923866036
Stagger angle in deg:    2.571969302963256
 i_le =            0
 i_te =            0
         121
         241
 
 Stacking position on the chord as % of chord:   25.000000000000000     
 Stacking position in % above(+ve) or below(-ve) meanline :   0.0000000000000000     
 top curve points index range for % chord stacking:          45          46
 bottom curve points index range for % chord stacking:          44          45
 vtop_stack vbot_stack   4.5589002671769269E-002  -5.3267747825784591E-002
 
 u_stack  v_stack  0.25000000000000000        0.0000000000000000     
 
 chrd bladegen:   0.22823476997925099     
 pitch   0.31415926535897931     
 np_sidee         121
 n_normal_distance =           80
 Number of intersection points (k) =           80 from np_side of         121
 ******************************************
 
 Chord multiplier calculated using spline control points...

 ---------------------------------------------------------------------------------
 airfoil type:          19 sect1
  =================================================== 
 Using sine function based clustering distribution
 
 lethk =    2.0000000000000000E-002

Using curvature control for camber definition...
 xcp -0.14999999999999997        0.0000000000000000       0.14999999999999997       0.25000000000000000       0.50000000000000000       0.75000000000000011       0.94999999999999996        1.0000000000000000        1.0500000000000000     
 ycp   0.0000000000000000        0.0000000000000000        0.0000000000000000       0.50000000000000000       0.29999999999999993       0.14999999999999997        0.0000000000000000        0.0000000000000000        0.0000000000000000     
Total camber is:    0.599872258971967
Determinant is:    0.036680224757623
Possible values of scaling factor are:      2012.707705715230986       -0.054669841804942
Camber line second derivative scaling factor:   -0.054669841804942
Inlet u-v metal angle in deg:   -0.328125453792255
Exit u-v metal angle in deg:    0.271746805179675
Stagger angle in deg:    3.340090557097279
 i_le =            0
 i_te =            0
         121
         241
 
 Stacking position on the chord as % of chord:   25.000000000000000     
 Stacking position in % above(+ve) or below(-ve) meanline :   0.0000000000000000     
 top curve points index range for % chord stacking:          44          45
 bottom curve points index range for % chord stacking:          44          45
 vtop_stack vbot_stack   4.8066383580172865E-002  -5.0787358482668021E-002
 
 u_stack  v_stack  0.25000000000000000        0.0000000000000000     
 
 chrd bladegen:   0.22855744990835841     
 pitch   0.31415926535897931     
 np_sidee         121
 n_normal_distance =           76
 Number of intersection points (k) =           76 from np_side of         121
 ******************************************
 
 Chord multiplier calculated using spline control points...

 ---------------------------------------------------------------------------------
 airfoil type:          20 sect1
  =================================================== 
 Using sine function based clustering distribution
 
 lethk =    2.0000000000000000E-002

Using curvature control for camber definition...
 xcp -0.14999999999999999        0.0000000000000000       0.14999999999999999       0.25000000000000000       0.50000000000000000       0.75000000000000000       0.95000000000000007        1.0000000000000000        1.0499999999999998     
 ycp   0.0000000000000000        0.0000000000000000        0.0000000000000000       0.50000000000000000       0.29999999999999999       0.14999999999999999        0.0000000000000000        0.0000000000000000        0.0000000000000000     
Total camber is:   -1.838272608213630
Determinant is:    0.036713685580241
Possible values of scaling factor are:      -656.742921198022145        0.167545638208506
Camber line second derivative scaling factor:    0.167545638208506
Inlet u-v metal angle in deg:    1.005507675273601
Exit u-v metal angle in deg:   -0.832764932939946
Stagger angle in deg:    4.089685606487771
 i_le =            0
 i_te =            0
         121
         241
 
 Stacking position on the chord as % of chord:   25.000000000000000     
 Stacking position in % above(+ve) or below(-ve) meanline :   0.0000000000000000     
 top curve points index range for % chord stacking:          44          45
 bottom curve points index range for % chord stacking:          45          46
 vtop_stack vbot_stack   5.3596242403591621E-002  -4.5261331876251538E-002
 
 u_stack  v_stack  0.25000000000000000        0.0000000000000000     
 
 chrd bladegen:   0.22955792309288250     
 pitch   0.31415926535897931     
 np_sidee         121
 n_normal_distance =           73
 Number of intersection points (k) =           73 from np_side of         121
 ******************************************
 
 Chord multiplier calculated using spline control points...

 ---------------------------------------------------------------------------------
 airfoil type:          21 sect1
  =================================================== 
 Using sine function based clustering distribution
 
 lethk =    2.0000000000000000E-002

Using curvature control for camber definition...
 xcp -0.14999999999999999        0.0000000000000000       0.14999999999999999       0.25000000000000000       0.50000000000000000       0.75000000000000000       0.94999999999999996        1.0000000000000000        1.0500000000000000     
 ycp   0.0000000000000000        0.0000000000000000        0.0000000000000000       0.50000000000000000       0.29999999999999999       0.14999999999999999        0.0000000000000000        0.0000000000000000        0.0000000000000000     
Total camber is:   -4.177937875235290
Determinant is:    0.036870217273380
Possible values of scaling factor are:      -288.857728119401088        0.380929437434203
Camber line second derivative scaling factor:    0.380929437434203
Inlet u-v metal angle in deg:    2.285130624298487
Exit u-v metal angle in deg:   -1.892807250936778
Stagger angle in deg:    5.788999613740558
 i_le =            0
 i_te =            0
         121
         241
 
 Stacking position on the chord as % of chord:   25.000000000000000     
 Stacking position in % above(+ve) or below(-ve) meanline :   0.0000000000000000     
 top curve points index range for % chord stacking:          44          45
 bottom curve points index range for % chord stacking:          45          46
 vtop_stack vbot_stack   5.8915660993191357E-002  -3.9969456163838367E-002
 
 u_stack  v_stack  0.25000000000000000        0.0000000000000000     
 
 chrd bladegen:   0.23125485127839368     
 pitch   0.31415926535897931     
 np_sidee         121
 n_normal_distance =           66
 Number of intersection points (k) =           66 from np_side of         121
 ******************************************
 Number of airfoil coordinates:         241
 
 Stacking Axis location:       25000
 
 Section #           1
 Section #           2
 Section #           3
 Section #           4
 Section #           5
 Section #           6
 Section #           7
 Section #           8
 Section #           9
 Section #          10
 Section #          11
 Section #          12
 Section #          13
 Section #          14
 Section #          15
 Section #          16
 Section #          17
 Section #          18
 Section #          19
 Section #          20
 Section #          21
 i_slope           0
 i_slope           0
 i_slope           0
 i_slope           0
 i_slope           0
 i_slope           0
 i_slope           0
 i_slope           0
 i_slope           0
 i_slope           0
 i_slope           0
 i_slope           0
 i_slope           0
 i_slope           0
 i_slope           0
 i_slope           0
 i_slope           0
 i_slope           0
 i_slope           0
 i_slope           0
 i_slope           0
 
 span          delta_m
   0.0000000000000000        0.0000000000000000     
   4.3387452907245522E-002   0.0000000000000000     
   9.1666814348395992E-002   0.0000000000000000     
  0.14180684101438704        0.0000000000000000     
  0.19287314220344681        0.0000000000000000     
  0.24429913550710761        0.0000000000000000     
  0.29570585218523998        0.0000000000000000     
  0.34684875028072154        0.0000000000000000     
  0.39758620514910942        0.0000000000000000     
  0.44785993027610921        0.0000000000000000     
  0.49767092108288941        0.0000000000000000     
  0.54706198722188681        0.0000000000000000     
  0.59610281898167339        0.0000000000000000     
  0.64488314347623310        0.0000000000000000     
  0.69351621916945305        0.0000000000000000     
  0.74214526809226933        0.0000000000000000     
  0.79095033706026341        0.0000000000000000     
  0.84016821100777206        0.0000000000000000     
  0.89017971105885929        0.0000000000000000     
  0.94188710962677069        0.0000000000000000     
   1.0000000000000000        0.0000000000000000     
 
 span         delta_theta
   0.0000000000000000        0.0000000000000000     
   4.3387452907245522E-002   0.0000000000000000     
   9.1666814348395992E-002   0.0000000000000000     
  0.14180684101438704        0.0000000000000000     
  0.19287314220344681        0.0000000000000000     
  0.24429913550710761        0.0000000000000000     
  0.29570585218523998        0.0000000000000000     
  0.34684875028072154        0.0000000000000000     
  0.39758620514910942        0.0000000000000000     
  0.44785993027610921        0.0000000000000000     
  0.49767092108288941        0.0000000000000000     
  0.54706198722188681        0.0000000000000000     
  0.59610281898167339        0.0000000000000000     
  0.64488314347623310        0.0000000000000000     
  0.69351621916945305        0.0000000000000000     
  0.74214526809226933        0.0000000000000000     
  0.79095033706026341        0.0000000000000000     
  0.84016821100777206        0.0000000000000000     
  0.89017971105885929        0.0000000000000000     
  0.94188710962677069        0.0000000000000000     
   1.0000000000000000        0.0000000000000000     
 
 section(           1 )
 3D throat line [mm] =   13.017451372334913     
 3D mouth line [mm] =   14.358994062888680     
 3D exit line [mm] =   14.626821279718571     
 section(           2 )
 3D throat line [mm] =   14.857703417241842     
 3D mouth line [mm] =   16.045171529458706     
 3D exit line [mm] =   17.041755952770146     
 section(           3 )
 3D throat line [mm] =   16.711228506932240     
 3D mouth line [mm] =   17.811178440502669     
 3D exit line [mm] =   19.257284850963948     
 section(           4 )
 3D throat line [mm] =   18.539308873970796     
 3D mouth line [mm] =   19.515839664368453     
 3D exit line [mm] =   21.167574567739241     
 section(           5 )
 3D throat line [mm] =   20.354773725184440     
 3D mouth line [mm] =   21.439915585040524     
 3D exit line [mm] =   23.041971609094276     
 section(           6 )
 3D throat line [mm] =   22.139881767249445     
 3D mouth line [mm] =   23.248879791369372     
 3D exit line [mm] =   25.003069826930638     
 section(           7 )
 3D throat line [mm] =   23.885056120752733     
 3D mouth line [mm] =   24.965493140120394     
 3D exit line [mm] =   26.684748998998039     
 section(           8 )
 3D throat line [mm] =   25.590877754329242     
 3D mouth line [mm] =   26.813934971539471     
 3D exit line [mm] =   28.446015661601276     
 section(           9 )
 3D throat line [mm] =   27.235777389156365     
 3D mouth line [mm] =   28.571413511069199     
 3D exit line [mm] =   30.087197442187662     
 section(          10 )
 3D throat line [mm] =   28.825561589154415     
 3D mouth line [mm] =   30.427048201722229     
 3D exit line [mm] =   31.730649089071349     
 section(          11 )
 3D throat line [mm] =   30.364533594798306     
 3D mouth line [mm] =   32.205047791665358     
 3D exit line [mm] =   33.266247543561079     
 section(          12 )
 3D throat line [mm] =   31.861789798495419     
 3D mouth line [mm] =   33.913312509349801     
 3D exit line [mm] =   34.794507206604735     
 section(          13 )
 3D throat line [mm] =   33.325652956524436     
 3D mouth line [mm] =   35.574593748011253     
 3D exit line [mm] =   36.108044923350285     
 section(          14 )
 3D throat line [mm] =   34.759758794880170     
 3D mouth line [mm] =   37.171491275421083     
 3D exit line [mm] =   37.387200724017134     
 section(          15 )
 3D throat line [mm] =   36.167213612556708     
 3D mouth line [mm] =   38.876262597538066     
 3D exit line [mm] =   38.673518648462220     
 section(          16 )
 3D throat line [mm] =   37.550149731511269     
 3D mouth line [mm] =   40.184582217332171     
 3D exit line [mm] =   40.123062121090683     
 section(          17 )
 3D throat line [mm] =   38.911513832701310     
 3D mouth line [mm] =   41.459872497226677     
 3D exit line [mm] =   41.199884710098374     
 section(          18 )
 3D throat line [mm] =   40.257922917094199     
 3D mouth line [mm] =   42.643771707803367     
 3D exit line [mm] =   42.485456911549896     
 section(          19 )
 3D throat line [mm] =   41.593590427250895     
 3D mouth line [mm] =   43.771225752397299     
 3D exit line [mm] =   43.939445742429157     
 section(          20 )
 3D throat line [mm] =   42.938121201500323     
 3D mouth line [mm] =   44.886954618425897     
 3D exit line [mm] =   45.478603248409094     
 section(          21 )
 3D throat line [mm] =   44.377532942058401     
 3D mouth line [mm] =   45.880890476328538     
 3D exit line [mm] =   46.930001980100336     
 Number of radial sections:          21
 
 Writing 3D blade geometry ...
 
 chord_actual(mm):   31.696134891974530     
 chord_actual(mm):   30.680514246625258     
 chord_actual(mm):   30.067502035760377     
 chord_actual(mm):   29.677350626221646     
 chord_actual(mm):   29.383016852605678     
 chord_actual(mm):   29.145887260379972     
 chord_actual(mm):   28.958385284457233     
 chord_actual(mm):   28.807374443660319     
 chord_actual(mm):   28.697278835333506     
 chord_actual(mm):   28.633418815400784     
 chord_actual(mm):   28.621014578648097     
 chord_actual(mm):   28.668644712981681     
 chord_actual(mm):   28.798774968456744     
 chord_actual(mm):   29.037677450726886     
 chord_actual(mm):   29.414198611059820     
 chord_actual(mm):   29.962886570804390     
 chord_actual(mm):   30.712745031113222     
 chord_actual(mm):   31.652292829190543     
 chord_actual(mm):   32.757839082299050     
 chord_actual(mm):   34.010510910523330     
 chord_actual(mm):   35.551732730193450     
 
 Calculating the meanline by taking the average of PS ans SS in 3D...
 Writing the meanline in 3D to meanline.sec#.dat files...
 
 Writing the top and bottom periodic wall coordinates...
 
         121
 throat_index           1          17
 throat_index           2          16
 throat_index           3          15
 throat_index           4          15
 throat_index           5          16
 throat_index           6          17
 throat_index           7          18
 throat_index           8          21
 throat_index           9          23
 throat_index          10          26
 throat_index          11          29
 throat_index          12          32
 throat_index          13          35
 throat_index          14          38
 throat_index          15          44
 throat_index          16          39
 throat_index          17          35
 throat_index          18          31
 throat_index          19          27
 throat_index          20          23
 throat_index          21          18
 
 casename:Case6_2
 
 fname: blade3d.Case6_2.dat
 
 Creating section data files for CAD system
 
 Number of points:          241
 
 Number of sections:           21
 
 bsf:    152.40000000000001     
 Number of blades in this row:           20

 
