
 ************************************************************
 ************************************************************
 ****  T-BLADE3:Turbomachinery BLADE 3D Geometry Builder ****
 ****                                                    ****
 ****  Master Version 1.13                               ****
 ****                                                    ****
 ****  ...was also called as below till Aug 2016...      ****
 ****  3DBGB: 3 Dimensional Blade Geometry Builder       ****
 ****                                                    ****
 ****  Develop Version 1.2                               ****
 ****                                                    ****
 ****  This software comes with ABSOLUTELY NO WARRANTY   ****
 ****                                                    ****
 ****  This is a program which generates a 3D blade...   ****
 ****  ...shape and outputs 3D blade section files.      ****
 ****                                                    ****
 ****  Inputs: LE and TE curve(x,r), inlet angle,        ****
 ****          exit angle, chord, tm/c, incidence,       ****
 ****          deviation, secondary flow angles,         ****
 ****          streamline coordinates:(x,r)              ****
 ****          control points for sweep, lean,           ****
 ****          blade scaling factor.                     ****
 ****                                                    ****
 ****  Outputs: 3D blade sections (x,y,z),               ****
 ****           2D airfoils (mprime,theta).              ****
 ****                                                    ****
 ****  ---------------by Kiran Siddappaji         ----   ****
 ****  ---------------by Mark G. Turner           ----   ****
 ****  ------------------- turnermr@ucmail.uc.edu ----   ****
 ****  ---------------by Karthik Balasubramanian  ----   ****
 ****  ---------------by Syed Moez Hussain Mahmood----   ****
 ****  ---------------by Ahmed Nemnem             ----   ****
 ****  ---------------by Marshall C. Galbraith    ----   ****
 ************************************************************
 ************************************************************

 T-Blade3 Copyright (C) 2017 University of Cincinnati, developed by Kiran Siddappaji,
 Dr. Mark G. Turner, Karthik  Balasubramanian, Syed Moez Hussain, Ahmed Farid Nemnem 
  and Marshall C. Galbraith.

 This program is free software; you can redistribute it and/or modify it under the 
 terms of the GNU General Public License as published by the Free Software Foundation; 
 either version 2 of the License, or (at your option) any later version.

 This program is distributed in the hope that it will be useful, but WITHOUT ANY WARRANTY;
 without even the implied warranty of MERCHANTABILITY or FITNESS FOR A PARTICULAR PURPOSE. 
 See the GNU General Public License for more details.  For the complete terms of the 
 GNU General Public License, please see this URL: http://www.gnu.org/licenses/gpl-2.0.html

 ************************************************************

 Row number and blade  type is 1nax12                                                                                                                                                                                                                                                          
 
 3dbgbinput.1nax12.dat                                                                                                                                                                                                                                           
 
 Incidence and Deviation defined spanwise as a B-spline using control points
 
 inci_dev_spline
 
 Reading inputs from file: 3dbgbinput.1nax12.dat                                                                                                                                                                                                                                           
 
 Reading the spanwise_input file ....
 
 Spanwise input file read successfully

 case:Case6_2                                                                                                                                                                                                                                                         
 bladerow #:           1
   1       

 Number of blades in this row:          20
 bsf:   152.40000000000001     

 Number of streamlines:          21

    in_betaZ*    out_betaZ*
   0.0000000000000000       -19.030736500000000     
   0.0000000000000000       -13.772680429999999     
   0.0000000000000000       -10.258185670000000     
   0.0000000000000000       -8.1097568599999992     
   0.0000000000000000       -6.3683073500000003     
   0.0000000000000000       -4.8750483899999999     
   0.0000000000000000       -3.6576954800000001     
   0.0000000000000000       -2.5996792599999998     
   0.0000000000000000       -1.7006599600000001     
   0.0000000000000000      -0.91793367999999997     
   0.0000000000000000      -0.25471163000000002     
   0.0000000000000000       0.33827494000000002     
   0.0000000000000000       0.85759470000000004     
   0.0000000000000000        1.3219841500000000     
   0.0000000000000000        1.7276708199999999     
   0.0000000000000000        2.1195313900000001     
   0.0000000000000000        2.4897911000000001     
   0.0000000000000000        2.8427144000000002     
   0.0000000000000000        3.1807965000000000     
   0.0000000000000000        3.5276307199999999     
   0.0000000000000000        3.8970639100000000     

 LE/TE defined by a curve with no. of points as:          27
 xLE    rLE     xTE     rTE
 -0.38559800000000000       0.33446199999999998      -0.15491800000000000       0.32155000000000000     
 -0.38349400000000000       0.35834300000000002      -0.15277499999999999       0.34657700000000002     
 -0.38139000000000001       0.38222299999999998      -0.15063299999999999       0.37160399999999999     
 -0.37928600000000001       0.40610400000000002      -0.14849000000000001       0.39663100000000001     
 -0.37718200000000002       0.42998500000000001      -0.14634700000000000       0.42165700000000000     
 -0.37507800000000002       0.45386599999999999      -0.14420500000000000       0.44668400000000003     
 -0.37297400000000003       0.47774600000000000      -0.14206199999999999       0.47171099999999999     
 -0.37086999999999998       0.50162700000000005      -0.13991899999999999       0.49673800000000001     
 -0.36876599999999998       0.52550799999999998      -0.13777600000000001       0.52176500000000003     
 -0.36666199999999999       0.54938799999999999      -0.13563400000000000       0.54679199999999994     
 -0.36455799999999999       0.57326900000000003      -0.13349100000000000       0.57181899999999997     
 -0.36245300000000003       0.59714999999999996      -0.13134799999999999       0.59684599999999999     
 -0.36034899999999997       0.62103100000000000      -0.12920599999999999       0.62187300000000001     
 -0.35824499999999998       0.64491200000000004      -0.12706300000000001       0.64690000000000003     
 -0.35614099999999999       0.66879299999999997      -0.12492000000000000       0.67192700000000005     
 -0.35403699999999999       0.69267299999999998      -0.12277800000000000       0.69695399999999996     
 -0.35193300000000000       0.71655400000000002      -0.12063500000000001       0.72198099999999998     
 -0.34982900000000000       0.74043499999999995      -0.11849200000000000       0.74700699999999998     
 -0.34772500000000001       0.76431600000000000      -0.11635000000000000       0.77203400000000000     
 -0.34562100000000001       0.78819600000000001      -0.11420700000000000       0.79706100000000002     
 -0.34351700000000002       0.81207700000000005      -0.11206400000000000       0.82208800000000004     
 -0.34141300000000002       0.83595799999999998      -0.10992100000000000       0.84711499999999995     
 -0.33930900000000003       0.85983799999999999      -0.10777900000000000       0.87214199999999997     
 -0.33720499999999998       0.88371900000000003      -0.10563599999999999       0.89716899999999999     
 -0.33510099999999998       0.90759999999999996      -0.10349300000000000       0.92219600000000002     
 -0.33299699999999999       0.93148100000000000      -0.10135100000000000       0.94722300000000004     
 -0.32559900000000003        1.0154440000000000       -9.4880000000000006E-002   1.0227999999999999     
 
 sect1                  25.000000000000000        0.0000000000000000       0.29999999999999999        2.0000000000000000E-002   2.0000000000000000E-002   15.000000000000000        10.000000000000000                0
 sect1                  25.000000000000000        0.0000000000000000       0.29999999999999999        2.0000000000000000E-002   2.0000000000000000E-002   15.000000000000000        10.000000000000000                0
 sect1                  25.000000000000000        0.0000000000000000       0.29999999999999999        2.0000000000000000E-002   2.0000000000000000E-002   15.000000000000000        10.000000000000000                0
 sect1                  25.000000000000000        0.0000000000000000       0.29999999999999999        2.0000000000000000E-002   2.0000000000000000E-002   15.000000000000000        10.000000000000000                0
 sect1                  25.000000000000000        0.0000000000000000       0.29999999999999999        2.0000000000000000E-002   2.0000000000000000E-002   15.000000000000000        10.000000000000000                0
 sect1                  25.000000000000000        0.0000000000000000       0.29999999999999999        2.0000000000000000E-002   2.0000000000000000E-002   15.000000000000000        10.000000000000000                0
 sect1                  25.000000000000000        0.0000000000000000       0.29999999999999999        2.0000000000000000E-002   2.0000000000000000E-002   15.000000000000000        10.000000000000000                0
 sect1                  25.000000000000000        0.0000000000000000       0.29999999999999999        2.0000000000000000E-002   2.0000000000000000E-002   15.000000000000000        10.000000000000000                0
 sect1                  25.000000000000000        0.0000000000000000       0.29999999999999999        2.0000000000000000E-002   2.0000000000000000E-002   15.000000000000000        10.000000000000000                0
 sect1                  25.000000000000000        0.0000000000000000       0.29999999999999999        2.0000000000000000E-002   2.0000000000000000E-002   15.000000000000000        10.000000000000000                0
 sect1                  25.000000000000000        0.0000000000000000       0.29999999999999999        2.0000000000000000E-002   2.0000000000000000E-002   15.000000000000000        10.000000000000000                0
 sect1                  25.000000000000000        0.0000000000000000       0.29999999999999999        2.0000000000000000E-002   2.0000000000000000E-002   15.000000000000000        10.000000000000000                0
 sect1                  25.000000000000000        0.0000000000000000       0.29999999999999999        2.0000000000000000E-002   2.0000000000000000E-002   15.000000000000000        10.000000000000000                0
 sect1                  25.000000000000000        0.0000000000000000       0.29999999999999999        2.0000000000000000E-002   2.0000000000000000E-002   15.000000000000000        10.000000000000000                0
 sect1                  25.000000000000000        0.0000000000000000       0.29999999999999999        2.0000000000000000E-002   2.0000000000000000E-002   15.000000000000000        10.000000000000000                0
 sect1                  25.000000000000000        0.0000000000000000       0.29999999999999999        2.0000000000000000E-002   2.0000000000000000E-002   15.000000000000000        10.000000000000000                0
 sect1                  25.000000000000000        0.0000000000000000       0.29999999999999999        2.0000000000000000E-002   2.0000000000000000E-002   15.000000000000000        10.000000000000000                0
 sect1                  25.000000000000000        0.0000000000000000       0.29999999999999999        2.0000000000000000E-002   2.0000000000000000E-002   15.000000000000000        10.000000000000000                0
 sect1                  25.000000000000000        0.0000000000000000       0.29999999999999999        2.0000000000000000E-002   2.0000000000000000E-002   15.000000000000000        10.000000000000000                0
 sect1                  25.000000000000000        0.0000000000000000       0.29999999999999999        2.0000000000000000E-002   2.0000000000000000E-002   15.000000000000000        10.000000000000000                0
 sect1                  25.000000000000000        0.0000000000000000       0.29999999999999999        2.0000000000000000E-002   2.0000000000000000E-002   15.000000000000000        10.000000000000000                0
 
 Sweep in the axial direction (m-prime).
 
 Lean in the tangential direction (theta).
 
 Writing dimensional hub and casing streamlines

 Using x_s and r_s coordinates for streamline from the input file...

 Calculating the m_prime coordinates for each streamline...

 
 hub offset:   0.0000000000000000     
 tip offset:   0.0000000000000000     

 xLE    rLE     xTE     rTE
 
 Calculating LE x, r points... 
 
 Calculating TE x, r points...
 
 i_slope           0
 i_slope           0
 i_slope           0
 i_slope           0
 i_slope           0
 i_slope           0
 i_slope           0
 i_slope           0
 i_slope           0
 i_slope           0
 i_slope           0
 i_slope           0
 i_slope           0
 i_slope           0
 i_slope           0
 i_slope           0
 i_slope           0
 i_slope           0
 i_slope           0
 i_slope           0
 i_slope           0
 
 ile:           2
 ite:           5
 ile:          14
 ite:          51
 ile:          14
 ite:          52
 ile:          15
 ite:          53
 ile:          15
 ite:          53
 ile:          15
 ite:          54
 ile:          16
 ite:          54
 ile:          16
 ite:          55
 ile:          17
 ite:          55
 ile:          17
 ite:          56
 ile:          18
 ite:          56
 ile:          18
 ite:          57
 ile:          19
 ite:          57
 ile:          19
 ite:          58
 ile:          20
 ite:          58
 ile:          20
 ite:          58
 ile:          21
 ite:          59
 ile:          21
 ite:          59
 ile:          22
 ite:          60
 ile:          22
 ite:          60
 ile:           4
 ite:           9

 Using x values for msLE due to a purely axial flow.
 Using x values for msTE due to a purely axial flow.
 msle:  0.31997201583567025     
 mste:  0.96347654244761249     
 chordm:  0.64350452661194224     
 Using x values for msLE due to a purely axial flow.
 Using x values for msTE due to a purely axial flow.
 msle:  0.19591061812972421     
 mste:  0.78122589299639089     
 chordm:  0.58531527486666668     
 Using x values for msLE due to a purely axial flow.
 Using x values for msTE due to a purely axial flow.
 msle:  0.18858472554247366     
 mste:  0.72587005897914580     
 chordm:  0.53728533343667217     
 Using x values for msLE due to a purely axial flow.
 Using x values for msTE due to a purely axial flow.
 msle:  0.18202228819863855     
 mste:  0.67898268460117983     
 chordm:  0.49696039640254130     
 Using x values for msLE due to a purely axial flow.
 Using x values for msTE due to a purely axial flow.
 msle:  0.17614470457452563     
 mste:  0.63883669129540321     
 chordm:  0.46269198672087758     
 Using x values for msLE due to a purely axial flow.
 Using x values for msTE due to a purely axial flow.
 msle:  0.17089595124690959     
 mste:  0.60422999736951954     
 chordm:  0.43333404612260995     
 Using x values for msLE due to a purely axial flow.
 Using x values for msTE due to a purely axial flow.
 msle:  0.16621265013027903     
 mste:  0.57402662646346414     
 chordm:  0.40781397633318511     
 Using x values for msLE due to a purely axial flow.
 Using x values for msTE due to a purely axial flow.
 msle:  0.16202686761307153     
 mste:  0.54747317435424436     
 chordm:  0.38544630674117286     
 Using x values for msLE due to a purely axial flow.
 Using x values for msTE due to a purely axial flow.
 msle:  0.15826704240584155     
 mste:  0.52391879987733658     
 chordm:  0.36565175747149503     
 Using x values for msLE due to a purely axial flow.
 Using x values for msTE due to a purely axial flow.
 msle:  0.15487455567161304     
 mste:  0.50285511902735058     
 chordm:  0.34798056335573757     
 Using x values for msLE due to a purely axial flow.
 Using x values for msTE due to a purely axial flow.
 msle:  0.15179715234105678     
 mste:  0.48388147294776918     
 chordm:  0.33208432060671239     
 Using x values for msLE due to a purely axial flow.
 Using x values for msTE due to a purely axial flow.
 msle:  0.14899024894909024     
 mste:  0.46668088574850536     
 chordm:  0.31769063679941512     
 Using x values for msLE due to a purely axial flow.
 Using x values for msTE due to a purely axial flow.
 msle:  0.14641641117394560     
 mste:  0.45099283419618041     
 chordm:  0.30457642302223481     
 Using x values for msLE due to a purely axial flow.
 Using x values for msTE due to a purely axial flow.
 msle:  0.14404389552946165     
 mste:  0.43661375322377421     
 chordm:  0.29256985769431254     
 Using x values for msLE due to a purely axial flow.
 Using x values for msTE due to a purely axial flow.
 msle:  0.14184575532997165     
 mste:  0.42337347550665283     
 chordm:  0.28152772017668115     
 Using x values for msLE due to a purely axial flow.
 Using x values for msTE due to a purely axial flow.
 msle:  0.13979964887105908     
 mste:  0.41111659638134473     
 chordm:  0.27131694751028568     
 Using x values for msLE due to a purely axial flow.
 Using x values for msTE due to a purely axial flow.
 msle:  0.13788623181072737     
 mste:  0.39970106503241376     
 chordm:  0.26181483322168642     
 Using x values for msLE due to a purely axial flow.
 Using x values for msTE due to a purely axial flow.
 msle:  0.13608793150139117     
 mste:  0.38898868932967218     
 chordm:  0.25290075782828103     
 Using x values for msLE due to a purely axial flow.
 Using x values for msTE due to a purely axial flow.
 msle:  0.13439292192103683     
 mste:  0.37883608768943461     
 chordm:  0.24444316576839778     
 Using x values for msLE due to a purely axial flow.
 Using x values for msTE due to a purely axial flow.
 msle:  0.13280531026374201     
 mste:  0.36904839003825551     
 chordm:  0.23624307977451350     
 Using x values for msLE due to a purely axial flow.
 Using x values for msTE due to a purely axial flow.
 msle:  0.13865186232444504     
 mste:  0.36616931882926257     
 chordm:  0.22751745650481753     
 
 phi_s_in(ia)  -8.1681972192684462     
 phi_s_in(ia)  -5.3489122838975414     
 phi_s_in(ia)  -2.8643540865073414     
 phi_s_in(ia) -0.98359490077386924     
 phi_s_in(ia)  0.37008750378295663     
 phi_s_in(ia)   1.3157268673562235     
 phi_s_in(ia)   1.9634820599118101     
 phi_s_in(ia)   2.3697212053073144     
 phi_s_in(ia)   2.5703248259334832     
 phi_s_in(ia)   2.5952992786169351     
 phi_s_in(ia)   2.4712304018026918     
 phi_s_in(ia)   2.2202643590329538     
 phi_s_in(ia)   1.8562541586298471     
 phi_s_in(ia)   1.3815300239749826     
 phi_s_in(ia)  0.80100011706022467     
 phi_s_in(ia)  0.13014569980949914     
 phi_s_in(ia) -0.61052704954440806     
 phi_s_in(ia)  -1.3994675440785769     
 phi_s_in(ia)  -2.2021210458103666     
 phi_s_in(ia)  -2.9642064555909902     
 phi_s_in(ia)  -3.6325789877822059     
 phi_s_out(ia)  -7.0643607153971786     
 phi_s_out(ia)  -3.2325674022299431     
 phi_s_out(ia)  -1.0279521760648429     
 phi_s_out(ia)  0.46979160250659852     
 phi_s_out(ia)   1.5156758427136672     
 phi_s_out(ia)   2.1708357199746748     
 phi_s_out(ia)   2.5666988827012571     
 phi_s_out(ia)   2.7292312715203839     
 phi_s_out(ia)   2.7135364675276850     
 phi_s_out(ia)   2.5657235809381937     
 phi_s_out(ia)   2.3223553537939505     
 phi_s_out(ia)   2.0098197735321470     
 phi_s_out(ia)   1.6453578005193750     
 phi_s_out(ia)   1.2459929945809223     
 phi_s_out(ia)  0.83215528710413889     
 phi_s_out(ia)  0.41734573751443399     
 phi_s_out(ia)   1.6493882429051643E-002
 phi_s_out(ia) -0.35854412563930482     
 phi_s_out(ia) -0.69188693013008074     
 phi_s_out(ia) -0.96615944959174838     
 phi_s_out(ia)  -1.2136468930237228     
 
 Creating cubic B-spline with spancontrolinput file
 B-spline created successfully

  Inlet Beta incidence defined spanwise by a cubic B-spline using control points.
    span         in_Beta (spline)
   0.0000000000000000        0.0000000000000000     
   4.3387452907245522E-002   0.0000000000000000     
   9.1666814348395992E-002   0.0000000000000000     
  0.14180684101438704        0.0000000000000000     
  0.19287314220344681        0.0000000000000000     
  0.24429913550710761        0.0000000000000000     
  0.29570585218523998        0.0000000000000000     
  0.34684875028072154        0.0000000000000000     
  0.39758620514910942        0.0000000000000000     
  0.44785993027610921        0.0000000000000000     
  0.49767092108288941        0.0000000000000000     
  0.54706198722188681        0.0000000000000000     
  0.59610281898167339        0.0000000000000000     
  0.64488314347623310        0.0000000000000000     
  0.69351621916945305        0.0000000000000000     
  0.74214526809226933        0.0000000000000000     
  0.79095033706026341        0.0000000000000000     
  0.84016821100777206        0.0000000000000000     
  0.89017971105885929        0.0000000000000000     
  0.94188710962677069        0.0000000000000000     
   1.0000000000000000        0.0000000000000000     

  Outlet Beta deviation defined spanwise by a cubic B-spline using control points.
    span        out_Beta (spline)
   0.0000000000000000       -17.030736500000000     
   4.3387452907245522E-002  -11.190645164453535     
   9.1666814348395992E-002  -7.4073958692927260     
  0.14180684101438704       -5.3779028240442059     
  0.19287314220344681       -3.9886671652849923     
  0.24429913550710761       -2.9391620990782346     
  0.29570585218523998       -2.1840849221664640     
  0.34684875028072154       -1.5526067733298117     
  0.39758620514910942       -1.0174425141860453     
  0.44785993027610921      -0.60108101627474053     
  0.49767092108288941      -0.38786658623644865     
  0.54706198722188681        1.0621519233012604     
  0.59610281898167339        2.3311792031084808     
  0.64488314347623310        3.6159386391262531     
  0.69351621916945305        4.7841637723466546     
  0.74214526809226933        5.7592504858468070     
  0.79095033706026341        6.3735896134752057     
  0.84016821100777206        6.3463171330254493     
  0.89017971105885929        5.2750526727928762     
  0.94188710962677069        2.9146345177764141     
   1.0000000000000000      -0.95003563704266192     
 
    span        chord_multipliers
   0.0000000000000000       0.82669089968600007     
   4.3387452907245522E-002  0.82432033588075426     
   9.1666814348395992E-002  0.82170155492606578     
  0.14180684101438704       0.81902542097516962     
  0.19287314220344681       0.81637012396424569     
  0.24429913550710761       0.81379345110598200     
  0.29570585218523998       0.81137335293731816     
  0.34684875028072154       0.80935499595252491     
  0.39758620514910942       0.80802752270817391     
  0.44785993027610921       0.80765918322639974     
  0.49767092108288941       0.80850026879117054     
  0.54706198722188681       0.81088158545216071     
  0.59610281898167339       0.81554738645685920     
  0.64488314347623310       0.82334702654095326     
  0.69351621916945305       0.83513192107253420     
  0.74214526809226933       0.85178703960528046     
  0.79095033706026341       0.87407350886345392     
  0.84016821100777206       0.90155861161876716     
  0.89017971105885929       0.93342432901778083     
  0.94188710962677069       0.96922790577128892     
   1.0000000000000000        1.0112431656156000     
 
 tm/c thickness ratio defined radially with 2D spline using control points.
   0.0000000000000000        0.0000000000000000     
   4.3387452907245522E-002   0.0000000000000000     
   9.1666814348395992E-002   0.0000000000000000     
  0.14180684101438704        0.0000000000000000     
  0.19287314220344681        0.0000000000000000     
  0.24429913550710761        0.0000000000000000     
  0.29570585218523998        0.0000000000000000     
  0.34684875028072154        0.0000000000000000     
  0.39758620514910942        0.0000000000000000     
  0.44785993027610921        0.0000000000000000     
  0.49767092108288941        0.0000000000000000     
  0.54706198722188681        0.0000000000000000     
  0.59610281898167339        0.0000000000000000     
  0.64488314347623310        0.0000000000000000     
  0.69351621916945305        0.0000000000000000     
  0.74214526809226933        0.0000000000000000     
  0.79095033706026341        0.0000000000000000     
  0.84016821100777206        0.0000000000000000     
  0.89017971105885929        0.0000000000000000     
  0.94188710962677069        0.0000000000000000     
   1.0000000000000000        0.0000000000000000     
 
 Chord multiplier calculated using spline control points...

 ---------------------------------------------------------------------------------
 airfoil type:           1 sect1
  =================================================== 
 Using sine function based clustering distribution
 
 lethk =    2.0000000000000000E-002

Using curvature control for camber definition...
 xcp -0.14999999999999999        0.0000000000000000       0.14999999999999999       0.24999999999999997       0.49999999999999994       0.75000000000000000       0.94999999999999996        1.0000000000000000        1.0500000000000000     
 ycp   0.0000000000000000        0.0000000000000000        0.0000000000000000       0.49999999999999994       0.29999999999999999       0.14999999999999999        0.0000000000000000        0.0000000000000000        0.0000000000000000     
Total camber is:  -16.908852478945750
Determinant is:    0.040035593824518
Possible values of scaling factor are:       -70.872600144962277        1.552566318238398
Camber line second derivative scaling factor:    1.552566318238398
Inlet u-v metal angle in deg:    9.237638700312687
Exit u-v metal angle in deg:   -7.671213778633080
Stagger angle in deg:   -9.237638700312687
 i_le =            0
 i_te =            0
         121
         241
 
 Stacking position on the chord as % of chord:   25.000000000000000     
 Stacking position in % above(+ve) or below(-ve) meanline :   0.0000000000000000     
 top curve points index range for % chord stacking:          44          45
 bottom curve points index range for % chord stacking:          45          46
 vtop_stack vbot_stack   8.8346067739056636E-002  -1.1165341858744179E-002
 
 u_stack  v_stack  0.25000000000000000        0.0000000000000000     
 
 chrd bladegen:   0.53896921538503961     
 pitch   0.31415926535897931     
 np_sidee         121
 n_normal_distance =           92
 Number of intersection points (k) =           92 from np_side of         121
 ******************************************
 
 Chord multiplier calculated using spline control points...

 ---------------------------------------------------------------------------------
 airfoil type:           2 sect1
  =================================================== 
 Using sine function based clustering distribution
 
 lethk =    2.0000000000000000E-002

Using curvature control for camber definition...
 xcp -0.14999999999999999        0.0000000000000000       0.14999999999999999       0.24999999999999994       0.49999999999999989       0.75000000000000000       0.94999999999999984        1.0000000000000000        1.0500000000000003     
 ycp   0.0000000000000000        0.0000000000000000        0.0000000000000000       0.49999999999999989       0.29999999999999999       0.14999999999999999        0.0000000000000000        0.0000000000000000        0.0000000000000000     
Total camber is:  -11.173287778447509
Determinant is:    0.038094505056063
Possible values of scaling factor are:      -107.707719632662858        1.021601907888482
Camber line second derivative scaling factor:    1.021601907888482
Inlet u-v metal angle in deg:    6.108418097401519
Exit u-v metal angle in deg:   -5.064869681045981
Stagger angle in deg:   -6.108418097401519
 i_le =            0
 i_te =            0
         121
         241
 
 Stacking position on the chord as % of chord:   25.000000000000000     
 Stacking position in % above(+ve) or below(-ve) meanline :   0.0000000000000000     
 top curve points index range for % chord stacking:          44          45
 bottom curve points index range for % chord stacking:          45          46
 vtop_stack vbot_stack   7.4962201555007588E-002  -2.4166183108532191E-002
 
 u_stack  v_stack  0.25000000000000000        0.0000000000000000     
 
 chrd bladegen:   0.48524233432642222     
 pitch   0.31415926535897931     
 np_sidee         121
 n_normal_distance =           95
 Number of intersection points (k) =           95 from np_side of         121
 ******************************************
 
 Chord multiplier calculated using spline control points...

 ---------------------------------------------------------------------------------
 airfoil type:           3 sect1
  =================================================== 
 Using sine function based clustering distribution
 
 lethk =    2.0000000000000000E-002

Using curvature control for camber definition...
 xcp -0.14999999999999999        0.0000000000000000       0.14999999999999999       0.25000000000000000       0.50000000000000000       0.75000000000000000       0.94999999999999996        1.0000000000000000        1.0500000000000000     
 ycp   0.0000000000000000        0.0000000000000000        0.0000000000000000       0.50000000000000000       0.29999999999999999       0.14999999999999999        0.0000000000000000        0.0000000000000000        0.0000000000000000     
Total camber is:   -7.406216973175545
Determinant is:    0.037290476349042
Possible values of scaling factor are:      -162.789286784198339        0.675931531151136
Camber line second derivative scaling factor:    0.675931531151136
Inlet u-v metal angle in deg:    4.050189377216605
Exit u-v metal angle in deg:   -3.356027595958835
Stagger angle in deg:   -4.050189377216605
 i_le =            0
 i_te =            0
         121
         241
 
 Stacking position on the chord as % of chord:   25.000000000000000     
 Stacking position in % above(+ve) or below(-ve) meanline :   0.0000000000000000     
 top curve points index range for % chord stacking:          44          45
 bottom curve points index range for % chord stacking:          45          46
 vtop_stack vbot_stack   6.6290390940524108E-002  -3.2676865875157168E-002
 
 u_stack  v_stack  0.25000000000000000        0.0000000000000000     
 
 chrd bladegen:   0.44259354342823404     
 pitch   0.31415926535897931     
 np_sidee         121
 n_normal_distance =           97
 Number of intersection points (k) =           97 from np_side of         121
 ******************************************
 
 Chord multiplier calculated using spline control points...

 ---------------------------------------------------------------------------------
 airfoil type:           4 sect1
  =================================================== 
 Using sine function based clustering distribution
 
 lethk =    2.0000000000000000E-002

Using curvature control for camber definition...
 xcp -0.14999999999999997        0.0000000000000000       0.14999999999999997       0.25000000000000000       0.50000000000000000       0.75000000000000000       0.94999999999999996        1.0000000000000000        1.0500000000000000     
 ycp   0.0000000000000000        0.0000000000000000        0.0000000000000000       0.50000000000000000       0.29999999999999993       0.14999999999999997        0.0000000000000000        0.0000000000000000        0.0000000000000000     
Total camber is:   -5.377723105828957
Determinant is:    0.036998375455849
Possible values of scaling factor are:      -224.345668757366866        0.490468180110270
Camber line second derivative scaling factor:    0.490468180110270
Inlet u-v metal angle in deg:    2.941209609407962
Exit u-v metal angle in deg:   -2.436513496421044
Stagger angle in deg:   -2.941209609407962
 i_le =            0
 i_te =            0
         121
         241
 
 Stacking position on the chord as % of chord:   25.000000000000000     
 Stacking position in % above(+ve) or below(-ve) meanline :   0.0000000000000000     
 top curve points index range for % chord stacking:          44          45
 bottom curve points index range for % chord stacking:          45          46
 vtop_stack vbot_stack   6.1651213460510709E-002  -3.7258439780561592E-002
 
 u_stack  v_stack  0.25000000000000000        0.0000000000000000     
 
 chrd bladegen:   0.40756007258729693     
 pitch   0.31415926535897931     
 np_sidee         121
 n_normal_distance =           99
 Number of intersection points (k) =           99 from np_side of         121
 ******************************************
 
 Chord multiplier calculated using spline control points...

 ---------------------------------------------------------------------------------
 airfoil type:           5 sect1
  =================================================== 
 Using sine function based clustering distribution
 
 lethk =    2.0000000000000000E-002

Using curvature control for camber definition...
 xcp -0.14999999999999999        0.0000000000000000       0.14999999999999999       0.25000000000000000       0.50000000000000000       0.75000000000000000       0.94999999999999984        1.0000000000000000        1.0500000000000003     
 ycp   0.0000000000000000        0.0000000000000000        0.0000000000000000       0.50000000000000000       0.29999999999999999       0.14999999999999999        0.0000000000000000        0.0000000000000000        0.0000000000000000     
Total camber is:   -3.987276135118592
Determinant is:    0.036852860790744
Possible values of scaling factor are:      -302.682479625096164        0.363530826122919
Camber line second derivative scaling factor:    0.363530826122919
Inlet u-v metal angle in deg:    2.180862515082177
Exit u-v metal angle in deg:   -1.806413620036372
Stagger angle in deg:   -2.180862515082177
 i_le =            0
 i_te =            0
         121
         241
 
 Stacking position on the chord as % of chord:   25.000000000000000     
 Stacking position in % above(+ve) or below(-ve) meanline :   0.0000000000000000     
 top curve points index range for % chord stacking:          44          45
 bottom curve points index range for % chord stacking:          45          46
 vtop_stack vbot_stack   5.8481463130605996E-002  -4.0400405724998395E-002
 
 u_stack  v_stack  0.25000000000000000        0.0000000000000000     
 
 chrd bladegen:   0.37800170774690878     
 pitch   0.31415926535897931     
 np_sidee         121
 n_normal_distance =          101
 Number of intersection points (k) =          101 from np_side of         121
 ******************************************
 
 Chord multiplier calculated using spline control points...

 ---------------------------------------------------------------------------------
 airfoil type:           6 sect1
  =================================================== 
 Using sine function based clustering distribution
 
 lethk =    2.0000000000000000E-002

Using curvature control for camber definition...
 xcp -0.14999999999999999        0.0000000000000000       0.14999999999999999       0.25000000000000000       0.50000000000000000       0.75000000000000000       0.95000000000000007        1.0000000000000000        1.0499999999999998     
 ycp   0.0000000000000000        0.0000000000000000        0.0000000000000000       0.50000000000000000       0.29999999999999999       0.14999999999999999        0.0000000000000000        0.0000000000000000        0.0000000000000000     
Total camber is:   -2.937056435913924
Determinant is:    0.036771930903414
Possible values of scaling factor are:      -410.992251203975229        0.267728677484100
Camber line second derivative scaling factor:    0.267728677484100
Inlet u-v metal angle in deg:    1.606489589901412
Exit u-v metal angle in deg:   -1.330566846012708
Stagger angle in deg:   -1.606489589901412
 i_le =            0
 i_te =            0
         121
         241
 
 Stacking position on the chord as % of chord:   25.000000000000000     
 Stacking position in % above(+ve) or below(-ve) meanline :   0.0000000000000000     
 top curve points index range for % chord stacking:          44          45
 bottom curve points index range for % chord stacking:          45          46
 vtop_stack vbot_stack   5.6092129682495530E-002  -4.2775040976227988E-002
 
 u_stack  v_stack  0.25000000000000000        0.0000000000000000     
 
 chrd bladegen:   0.35278307164079492     
 pitch   0.31415926535897931     
 np_sidee         121
 n_normal_distance =          102
 Number of intersection points (k) =          102 from np_side of         121
 ******************************************
 
 Chord multiplier calculated using spline control points...

 ---------------------------------------------------------------------------------
 airfoil type:           7 sect1
  =================================================== 
 Using sine function based clustering distribution
 
 lethk =    2.0000000000000000E-002

Using curvature control for camber definition...
 xcp -0.14999999999999999        0.0000000000000000       0.14999999999999999       0.25000000000000000       0.50000000000000000       0.75000000000000000       0.95000000000000007        1.0000000000000000        1.0499999999999998     
 ycp   0.0000000000000000        0.0000000000000000        0.0000000000000000       0.50000000000000000       0.29999999999999999       0.14999999999999999        0.0000000000000000        0.0000000000000000        0.0000000000000000     
Total camber is:   -2.181895894196610
Determinant is:    0.036729008132805
Possible values of scaling factor are:      -553.293611887911652        0.198871647000597
Camber line second derivative scaling factor:    0.198871647000597
Inlet u-v metal angle in deg:    1.193457356346448
Exit u-v metal angle in deg:   -0.988438537850406
Stagger angle in deg:   -1.193457356346448
 i_le =            0
 i_te =            0
         121
         241
 
 Stacking position on the chord as % of chord:   25.000000000000000     
 Stacking position in % above(+ve) or below(-ve) meanline :   0.0000000000000000     
 top curve points index range for % chord stacking:          44          45
 bottom curve points index range for % chord stacking:          45          46
 vtop_stack vbot_stack   5.4376378336063437E-002  -4.4483562132269588E-002
 
 u_stack  v_stack  0.25000000000000000        0.0000000000000000     
 
 chrd bladegen:   0.33096118929727197     
 pitch   0.31415926535897931     
 np_sidee         121
 n_normal_distance =          104
 Number of intersection points (k) =          104 from np_side of         121
 ******************************************
 
 Chord multiplier calculated using spline control points...

 ---------------------------------------------------------------------------------
 airfoil type:           8 sect1
  =================================================== 
 Using sine function based clustering distribution
 
 lethk =    2.0000000000000000E-002

Using curvature control for camber definition...
 xcp -0.14999999999999999        0.0000000000000000       0.14999999999999999       0.25000000000000000       0.50000000000000000       0.75000000000000000       0.94999999999999984        1.0000000000000000        1.0500000000000003     
 ycp   0.0000000000000000        0.0000000000000000        0.0000000000000000       0.50000000000000000       0.29999999999999999       0.14999999999999999        0.0000000000000000        0.0000000000000000        0.0000000000000000     
Total camber is:   -1.550846530795640
Determinant is:    0.036702885936053
Possible values of scaling factor are:      -778.480105174054302        0.141345181642689
Camber line second derivative scaling factor:    0.141345181642689
Inlet u-v metal angle in deg:    0.848293473730076
Exit u-v metal angle in deg:   -0.702553057065569
Stagger angle in deg:   -0.848293473730076
 i_le =            0
 i_te =            0
         121
         241
 
 Stacking position on the chord as % of chord:   25.000000000000000     
 Stacking position in % above(+ve) or below(-ve) meanline :   0.0000000000000000     
 top curve points index range for % chord stacking:          44          45
 bottom curve points index range for % chord stacking:          45          46
 vtop_stack vbot_stack   5.2943959940708718E-002  -4.5912078720010380E-002
 
 u_stack  v_stack  0.25000000000000000        0.0000000000000000     
 
 chrd bladegen:   0.31199708879553956     
 pitch   0.31415926535897931     
 np_sidee         121
 n_normal_distance =          105
 Number of intersection points (k) =          105 from np_side of         121
 ******************************************
 
 Chord multiplier calculated using spline control points...

 ---------------------------------------------------------------------------------
 airfoil type:           9 sect1
  =================================================== 
 Using sine function based clustering distribution
 
 lethk =    2.0000000000000000E-002

Using curvature control for camber definition...
 xcp -0.14999999999999997        0.0000000000000000       0.14999999999999997       0.25000000000000000       0.50000000000000000       0.75000000000000000       0.94999999999999984        1.0000000000000000        1.0500000000000003     
 ycp   0.0000000000000000        0.0000000000000000        0.0000000000000000       0.50000000000000000       0.29999999999999993       0.14999999999999997        0.0000000000000000        0.0000000000000000        0.0000000000000000     
Total camber is:   -1.016301913527901
Determinant is:    0.036687679606587
Possible values of scaling factor are:     -1187.979996646503650        0.092623118387206
Camber line second derivative scaling factor:    0.092623118387206
Inlet u-v metal angle in deg:    0.555907614199051
Exit u-v metal angle in deg:   -0.460394299328629
Stagger angle in deg:   -0.555907614199051
 i_le =            0
 i_te =            0
         121
         241
 
 Stacking position on the chord as % of chord:   25.000000000000000     
 Stacking position in % above(+ve) or below(-ve) meanline :   0.0000000000000000     
 top curve points index range for % chord stacking:          44          45
 bottom curve points index range for % chord stacking:          45          46
 vtop_stack vbot_stack   5.1731486550543604E-002  -4.7122770520842773E-002
 
 u_stack  v_stack  0.25000000000000000        0.0000000000000000     
 
 chrd bladegen:   0.29547059100003159     
 pitch   0.31415926535897931     
 np_sidee         121
 n_normal_distance =          107
 Number of intersection points (k) =          107 from np_side of         121
 ******************************************
 
 Chord multiplier calculated using spline control points...

 ---------------------------------------------------------------------------------
 airfoil type:          10 sect1
  =================================================== 
 Using sine function based clustering distribution
 
 lethk =    2.0000000000000000E-002

Using curvature control for camber definition...
 xcp -0.15000000000000002        0.0000000000000000       0.15000000000000002       0.25000000000000000       0.50000000000000000       0.75000000000000000       0.94999999999999996        1.0000000000000000        1.0500000000000000     
 ycp   0.0000000000000000        0.0000000000000000        0.0000000000000000       0.50000000000000000       0.30000000000000004       0.15000000000000002        0.0000000000000000        0.0000000000000000        0.0000000000000000     
Total camber is:   -0.600478494022597
Determinant is:    0.036680232816953
Possible values of scaling factor are:     -2010.675664827379478        0.054725092562598
Camber line second derivative scaling factor:    0.054725092562598
Inlet u-v metal angle in deg:    0.328457058610236
Exit u-v metal angle in deg:   -0.272021435412334
Stagger angle in deg:   -0.328457058610236
 i_le =            0
 i_te =            0
         121
         241
 
 Stacking position on the chord as % of chord:   25.000000000000000     
 Stacking position in % above(+ve) or below(-ve) meanline :   0.0000000000000000     
 top curve points index range for % chord stacking:          44          45
 bottom curve points index range for % chord stacking:          44          45
 vtop_stack vbot_stack   5.0788734371490056E-002  -4.8065009581279017E-002
 
 u_stack  v_stack  0.25000000000000000        0.0000000000000000     
 
 chrd bladegen:   0.28105431576016648     
 pitch   0.31415926535897931     
 np_sidee         121
 n_normal_distance =          109
 Number of intersection points (k) =          109 from np_side of         121
 ******************************************
 
 Chord multiplier calculated using spline control points...

 ---------------------------------------------------------------------------------
 airfoil type:          11 sect1
  =================================================== 
 Using sine function based clustering distribution
 
 lethk =    2.0000000000000000E-002

Using curvature control for camber definition...
 xcp -0.15000000000000002        0.0000000000000000       0.15000000000000002       0.25000000000000000       0.50000000000000000       0.75000000000000011       0.94999999999999984        1.0000000000000000        1.0500000000000003     
 ycp   0.0000000000000000        0.0000000000000000        0.0000000000000000       0.50000000000000000       0.30000000000000004       0.15000000000000002        0.0000000000000000        0.0000000000000000        0.0000000000000000     
Total camber is:   -0.387548025869116
Determinant is:    0.036677902914926
Possible values of scaling factor are:     -3115.418047446735727        0.035319308739625
Camber line second derivative scaling factor:    0.035319308739625
Inlet u-v metal angle in deg:    0.211985944022575
Exit u-v metal angle in deg:   -0.175562081845573
Stagger angle in deg:   -0.211985944022575
 i_le =            0
 i_te =            0
         121
         241
 
 Stacking position on the chord as % of chord:   25.000000000000000     
 Stacking position in % above(+ve) or below(-ve) meanline :   0.0000000000000000     
 top curve points index range for % chord stacking:          44          45
 bottom curve points index range for % chord stacking:          44          45
 vtop_stack vbot_stack   5.0305538151521223E-002  -4.8547659416091876E-002
 
 u_stack  v_stack  0.25000000000000000        0.0000000000000000     
 
 chrd bladegen:   0.26849210015185265     
 pitch   0.31415926535897931     
 np_sidee         121
 n_normal_distance =          111
 Number of intersection points (k) =          111 from np_side of         121
 ******************************************
 
 Chord multiplier calculated using spline control points...

 ---------------------------------------------------------------------------------
 airfoil type:          12 sect1
  =================================================== 
 Using sine function based clustering distribution
 
 lethk =    2.0000000000000000E-002

Using curvature control for camber definition...
 xcp -0.14999999999999999        0.0000000000000000       0.14999999999999999       0.25000000000000000       0.50000000000000000       0.75000000000000011       0.95000000000000007        1.0000000000000000        1.0499999999999998     
 ycp   0.0000000000000000        0.0000000000000000        0.0000000000000000       0.50000000000000000       0.29999999999999999       0.14999999999999999        0.0000000000000000        0.0000000000000000        0.0000000000000000     
Total camber is:    1.061498669923488
Determinant is:    0.036688719976575
Possible values of scaling factor are:      1137.395103252043555       -0.096742470190404
Camber line second derivative scaling factor:   -0.096742470190404
Inlet u-v metal angle in deg:   -0.580629580297757
Exit u-v metal angle in deg:    0.480869089625990
Stagger angle in deg:    0.580629580297757
 i_le =            0
 i_te =            0
         121
         241
 
 Stacking position on the chord as % of chord:   25.000000000000000     
 Stacking position in % above(+ve) or below(-ve) meanline :   0.0000000000000000     
 top curve points index range for % chord stacking:          45          46
 bottom curve points index range for % chord stacking:          44          45
 vtop_stack vbot_stack   4.7020380260062659E-002  -5.1833973378832290E-002
 
 u_stack  v_stack  0.25000000000000000        0.0000000000000000     
 
 chrd bladegen:   0.25762271553463223     
 pitch   0.31415926535897931     
 np_sidee         121
 n_normal_distance =          106
 Number of intersection points (k) =          106 from np_side of         121
 ******************************************
 
 Chord multiplier calculated using spline control points...

 ---------------------------------------------------------------------------------
 airfoil type:          13 sect1
  =================================================== 
 Using sine function based clustering distribution
 
 lethk =    2.0000000000000000E-002

Using curvature control for camber definition...
 xcp -0.14999999999999997        0.0000000000000000       0.14999999999999997       0.24999999999999997       0.49999999999999994       0.75000000000000000       0.94999999999999984        1.0000000000000000        1.0500000000000003     
 ycp   0.0000000000000000        0.0000000000000000        0.0000000000000000       0.49999999999999994       0.29999999999999993       0.14999999999999997        0.0000000000000000        0.0000000000000000        0.0000000000000000     
Total camber is:    2.330219112630564
Determinant is:    0.036736434467626
Possible values of scaling factor are:       518.066304256505305       -0.212394457942921
Camber line second derivative scaling factor:   -0.212394457942921
Inlet u-v metal angle in deg:   -1.274583770917091
Exit u-v metal angle in deg:    1.055635341713610
Stagger angle in deg:    1.274583770917091
 i_le =            0
 i_te =            0
         121
         241
 
 Stacking position on the chord as % of chord:   25.000000000000000     
 Stacking position in % above(+ve) or below(-ve) meanline :   0.0000000000000000     
 top curve points index range for % chord stacking:          45          46
 bottom curve points index range for % chord stacking:          44          45
 vtop_stack vbot_stack   4.4147909276524025E-002  -5.4713231036557085E-002
 
 u_stack  v_stack  0.25000000000000000        0.0000000000000000     
 
 chrd bladegen:   0.24845798049071641     
 pitch   0.31415926535897931     
 np_sidee         121
 n_normal_distance =          102
 Number of intersection points (k) =          102 from np_side of         121
 ******************************************
 
 Chord multiplier calculated using spline control points...

 ---------------------------------------------------------------------------------
 airfoil type:          14 sect1
  =================================================== 
 Using sine function based clustering distribution
 
 lethk =    2.0000000000000000E-002

Using curvature control for camber definition...
 xcp -0.14999999999999999        0.0000000000000000       0.14999999999999999       0.24999999999999997       0.49999999999999994       0.74999999999999989       0.94999999999999996        1.0000000000000000        1.0500000000000000     
 ycp   0.0000000000000000        0.0000000000000000        0.0000000000000000       0.49999999999999994       0.29999999999999999       0.14999999999999999        0.0000000000000000        0.0000000000000000        0.0000000000000000     
Total camber is:    3.615085919003427
Determinant is:    0.036821342940563
Possible values of scaling factor are:       333.869701688794294       -0.329572918160785
Camber line second derivative scaling factor:   -0.329572918160785
Inlet u-v metal angle in deg:   -1.977315217461395
Exit u-v metal angle in deg:    1.637770701542048
Stagger angle in deg:    1.977315217461395
 i_le =            0
 i_te =            0
         121
         241
 
 Stacking position on the chord as % of chord:   25.000000000000000     
 Stacking position in % above(+ve) or below(-ve) meanline :   0.0000000000000000     
 top curve points index range for % chord stacking:          45          46
 bottom curve points index range for % chord stacking:          44          45
 vtop_stack vbot_stack   4.1241787968078911E-002  -5.7634253573477408E-002
 
 u_stack  v_stack  0.25000000000000000        0.0000000000000000     
 
 chrd bladegen:   0.24103003981053570     
 pitch   0.31415926535897931     
 np_sidee         121
 n_normal_distance =           97
 Number of intersection points (k) =           97 from np_side of         121
 ******************************************
 
 Chord multiplier calculated using spline control points...

 ---------------------------------------------------------------------------------
 airfoil type:          15 sect1
  =================================================== 
 Using sine function based clustering distribution
 
 lethk =    2.0000000000000000E-002

Using curvature control for camber definition...
 xcp -0.14999999999999997        0.0000000000000000       0.14999999999999997       0.25000000000000000       0.50000000000000000       0.75000000000000000       0.94999999999999996        1.0000000000000000        1.0500000000000000     
 ycp   0.0000000000000000        0.0000000000000000        0.0000000000000000       0.50000000000000000       0.29999999999999993       0.14999999999999997        0.0000000000000000        0.0000000000000000        0.0000000000000000     
Total camber is:    4.783661531892493
Determinant is:    0.036930822221158
Possible values of scaling factor are:       252.245864384001777       -0.436218893577325
Camber line second derivative scaling factor:   -0.436218893577325
Inlet u-v metal angle in deg:   -2.616370895797890
Exit u-v metal angle in deg:    2.167290636094570
Stagger angle in deg:    2.616370895797890
 i_le =            0
 i_te =            0
         121
         241
 
 Stacking position on the chord as % of chord:   25.000000000000000     
 Stacking position in % above(+ve) or below(-ve) meanline :   0.0000000000000000     
 top curve points index range for % chord stacking:          45          46
 bottom curve points index range for % chord stacking:          44          45
 vtop_stack vbot_stack   3.8600608215077020E-002  -6.0296012377490792E-002
 
 u_stack  v_stack  0.25000000000000000        0.0000000000000000     
 
 chrd bladegen:   0.23535813072113432     
 pitch   0.31415926535897931     
 np_sidee         121
 n_normal_distance =           96
 Number of intersection points (k) =           96 from np_side of         121
 ******************************************
 
 Chord multiplier calculated using spline control points...

 ---------------------------------------------------------------------------------
 airfoil type:          16 sect1
  =================================================== 
 Using sine function based clustering distribution
 
 lethk =    2.0000000000000000E-002

Using curvature control for camber definition...
 xcp -0.14999999999999997        0.0000000000000000       0.14999999999999997       0.25000000000000000       0.50000000000000000       0.75000000000000000       0.94999999999999996        1.0000000000000000        1.0500000000000000     
 ycp   0.0000000000000000        0.0000000000000000        0.0000000000000000       0.50000000000000000       0.29999999999999993       0.14999999999999997        0.0000000000000000        0.0000000000000000        0.0000000000000000     
Total camber is:    5.759098727861057
Determinant is:    0.037046006029257
Possible values of scaling factor are:       209.465975052921522       -0.525309238616180
Camber line second derivative scaling factor:   -0.525309238616180
Inlet u-v metal angle in deg:   -3.149735565106575
Exit u-v metal angle in deg:    2.609363162754472
Stagger angle in deg:    3.149735565106575
 i_le =            0
 i_te =            0
         121
         241
 
 Stacking position on the chord as % of chord:   25.000000000000000     
 Stacking position in % above(+ve) or below(-ve) meanline :   0.0000000000000000     
 top curve points index range for % chord stacking:          45          46
 bottom curve points index range for % chord stacking:          44          45
 vtop_stack vbot_stack   3.6396929692764951E-002  -6.2522005102597866E-002
 
 u_stack  v_stack  0.25000000000000000        0.0000000000000000     
 
 chrd bladegen:   0.23145390511343500     
 pitch   0.31415926535897931     
 np_sidee         121
 n_normal_distance =           94
 Number of intersection points (k) =           94 from np_side of         121
 ******************************************
 
 Chord multiplier calculated using spline control points...

 ---------------------------------------------------------------------------------
 airfoil type:          17 sect1
  =================================================== 
 Using sine function based clustering distribution
 
 lethk =    2.0000000000000000E-002

Using curvature control for camber definition...
 xcp -0.15000000000000002        0.0000000000000000       0.15000000000000002       0.25000000000000000       0.50000000000000000       0.75000000000000000       0.94999999999999996        1.0000000000000000        1.0500000000000000     
 ycp   0.0000000000000000        0.0000000000000000        0.0000000000000000       0.50000000000000000       0.30000000000000004       0.15000000000000002        0.0000000000000000        0.0000000000000000        0.0000000000000000     
Total camber is:    6.373589351556844
Determinant is:    0.037129812993728
Possible values of scaling factor are:       189.234125965180823       -0.581472349713990
Camber line second derivative scaling factor:   -0.581472349713990
Inlet u-v metal angle in deg:   -3.485697249020460
Exit u-v metal angle in deg:    2.887892102536437
Stagger angle in deg:    3.485697249020460
 i_le =            0
 i_te =            0
         121
         241
 
 Stacking position on the chord as % of chord:   25.000000000000000     
 Stacking position in % above(+ve) or below(-ve) meanline :   0.0000000000000000     
 top curve points index range for % chord stacking:          45          46
 bottom curve points index range for % chord stacking:          44          45
 vtop_stack vbot_stack   3.5008988845343376E-002  -6.3926407808062066E-002
 
 u_stack  v_stack  0.25000000000000000        0.0000000000000000     
 
 chrd bladegen:   0.22926955705088203     
 pitch   0.31415926535897931     
 np_sidee         121
 n_normal_distance =           93
 Number of intersection points (k) =           93 from np_side of         121
 ******************************************
 
 Chord multiplier calculated using spline control points...

 ---------------------------------------------------------------------------------
 airfoil type:          18 sect1
  =================================================== 
 Using sine function based clustering distribution
 
 lethk =    2.0000000000000000E-002

Using curvature control for camber definition...
 xcp -0.14999999999999999        0.0000000000000000       0.14999999999999999       0.25000000000000000       0.50000000000000000       0.74999999999999989       0.94999999999999996        1.0000000000000000        1.0500000000000000     
 ycp   0.0000000000000000        0.0000000000000000        0.0000000000000000       0.50000000000000000       0.29999999999999999       0.14999999999999999        0.0000000000000000        0.0000000000000000        0.0000000000000000     
Total camber is:    6.346193887136837
Determinant is:    0.037125890199690
Possible values of scaling factor are:       190.052746263716415       -0.578967755184985
Camber line second derivative scaling factor:   -0.578967755184985
Inlet u-v metal angle in deg:   -3.470719973711089
Exit u-v metal angle in deg:    2.875473913425711
Stagger angle in deg:    3.470719973711089
 i_le =            0
 i_te =            0
         121
         241
 
 Stacking position on the chord as % of chord:   25.000000000000000     
 Stacking position in % above(+ve) or below(-ve) meanline :   0.0000000000000000     
 top curve points index range for % chord stacking:          45          46
 bottom curve points index range for % chord stacking:          44          45
 vtop_stack vbot_stack   3.5070863139287346E-002  -6.3863759962448280E-002
 
 u_stack  v_stack  0.25000000000000000        0.0000000000000000     
 
 chrd bladegen:   0.22842381601594594     
 pitch   0.31415926535897931     
 np_sidee         121
 n_normal_distance =           93
 Number of intersection points (k) =           93 from np_side of         121
 ******************************************
 
 Chord multiplier calculated using spline control points...

 ---------------------------------------------------------------------------------
 airfoil type:          19 sect1
  =================================================== 
 Using sine function based clustering distribution
 
 lethk =    2.0000000000000000E-002

Using curvature control for camber definition...
 xcp -0.14999999999999997        0.0000000000000000       0.14999999999999997       0.25000000000000000       0.50000000000000000       0.75000000000000011       0.94999999999999996        1.0000000000000000        1.0500000000000000     
 ycp   0.0000000000000000        0.0000000000000000        0.0000000000000000       0.50000000000000000       0.29999999999999993       0.14999999999999997        0.0000000000000000        0.0000000000000000        0.0000000000000000     
Total camber is:    5.274670235837101
Determinant is:    0.036986078266864
Possible values of scaling factor are:       228.735328786072984       -0.481055604549637
Camber line second derivative scaling factor:   -0.481055604549637
Inlet u-v metal angle in deg:   -2.884861130879203
Exit u-v metal angle in deg:    2.389809104957817
Stagger angle in deg:    2.884861130879203
 i_le =            0
 i_te =            0
         121
         241
 
 Stacking position on the chord as % of chord:   25.000000000000000     
 Stacking position in % above(+ve) or below(-ve) meanline :   0.0000000000000000     
 top curve points index range for % chord stacking:          45          46
 bottom curve points index range for % chord stacking:          44          45
 vtop_stack vbot_stack   3.7491248201564603E-002  -6.1416019855684512E-002
 
 u_stack  v_stack  0.25000000000000000        0.0000000000000000     
 
 chrd bladegen:   0.22845872598505879     
 pitch   0.31415926535897931     
 np_sidee         121
 n_normal_distance =           94
 Number of intersection points (k) =           94 from np_side of         121
 ******************************************
 
 Chord multiplier calculated using spline control points...

 ---------------------------------------------------------------------------------
 airfoil type:          20 sect1
  =================================================== 
 Using sine function based clustering distribution
 
 lethk =    2.0000000000000000E-002

Using curvature control for camber definition...
 xcp -0.14999999999999999        0.0000000000000000       0.14999999999999999       0.25000000000000000       0.50000000000000000       0.75000000000000000       0.95000000000000007        1.0000000000000000        1.0499999999999998     
 ycp   0.0000000000000000        0.0000000000000000        0.0000000000000000       0.50000000000000000       0.29999999999999999       0.14999999999999999        0.0000000000000000        0.0000000000000000        0.0000000000000000     
Total camber is:    2.914220854627375
Determinant is:    0.036770446132350
Possible values of scaling factor are:       414.214193349286063       -0.265646164805037
Camber line second derivative scaling factor:   -0.265646164805037
Inlet u-v metal angle in deg:   -1.594000071705017
Exit u-v metal angle in deg:    1.320220782922457
Stagger angle in deg:    1.594000071705017
 i_le =            0
 i_te =            0
         121
         241
 
 Stacking position on the chord as % of chord:   25.000000000000000     
 Stacking position in % above(+ve) or below(-ve) meanline :   0.0000000000000000     
 top curve points index range for % chord stacking:          45          46
 bottom curve points index range for % chord stacking:          44          45
 vtop_stack vbot_stack   4.2826691780942741E-002  -5.6040219309635833E-002
 
 u_stack  v_stack  0.25000000000000000        0.0000000000000000     
 
 chrd bladegen:   0.22906202479930626     
 pitch   0.31415926535897931     
 np_sidee         121
 n_normal_distance =           99
 Number of intersection points (k) =           99 from np_side of         121
 ******************************************
 
 Chord multiplier calculated using spline control points...

 ---------------------------------------------------------------------------------
 airfoil type:          21 sect1
  =================================================== 
 Using sine function based clustering distribution
 
 lethk =    2.0000000000000000E-002

Using curvature control for camber definition...
 xcp -0.14999999999999999        0.0000000000000000       0.14999999999999999       0.25000000000000000       0.50000000000000000       0.75000000000000000       0.94999999999999996        1.0000000000000000        1.0500000000000000     
 ycp   0.0000000000000000        0.0000000000000000        0.0000000000000000       0.50000000000000000       0.29999999999999999       0.14999999999999999        0.0000000000000000        0.0000000000000000        0.0000000000000000     
Total camber is:   -0.949822551730223
Determinant is:    0.036686231652737
Possible values of scaling factor are:     -1271.132648779045212        0.086564067075746
Camber line second derivative scaling factor:    0.086564067075746
Inlet u-v metal angle in deg:    0.519544320416029
Exit u-v metal angle in deg:   -0.430278231314490
Stagger angle in deg:   -0.519544320416029
 i_le =            0
 i_te =            0
         121
         241
 
 Stacking position on the chord as % of chord:   25.000000000000000     
 Stacking position in % above(+ve) or below(-ve) meanline :   0.0000000000000000     
 top curve points index range for % chord stacking:          44          45
 bottom curve points index range for % chord stacking:          45          46
 vtop_stack vbot_stack   5.1580749750193847E-002  -4.7273383429491361E-002
 
 u_stack  v_stack  0.25000000000000000        0.0000000000000000     
 
 chrd bladegen:   0.23008493216479828     
 pitch   0.31415926535897931     
 np_sidee         121
 n_normal_distance =          106
 Number of intersection points (k) =          106 from np_side of         121
 ******************************************
 Number of airfoil coordinates:         241
 
 Stacking Axis location:       25000
 
 Section #           1
 Section #           2
 Section #           3
 Section #           4
 Section #           5
 Section #           6
 Section #           7
 Section #           8
 Section #           9
 Section #          10
 Section #          11
 Section #          12
 Section #          13
 Section #          14
 Section #          15
 Section #          16
 Section #          17
 Section #          18
 Section #          19
 Section #          20
 Section #          21
 i_slope           0
 i_slope           0
 i_slope           0
 i_slope           0
 i_slope           0
 i_slope           0
 i_slope           0
 i_slope           0
 i_slope           0
 i_slope           0
 i_slope           0
 i_slope           0
 i_slope           0
 i_slope           0
 i_slope           0
 i_slope           0
 i_slope           0
 i_slope           0
 i_slope           0
 i_slope           0
 i_slope           0
 
 span          delta_m
   0.0000000000000000        0.0000000000000000     
   4.3387452907245522E-002   0.0000000000000000     
   9.1666814348395992E-002   0.0000000000000000     
  0.14180684101438704        0.0000000000000000     
  0.19287314220344681        0.0000000000000000     
  0.24429913550710761        0.0000000000000000     
  0.29570585218523998        0.0000000000000000     
  0.34684875028072154        0.0000000000000000     
  0.39758620514910942        0.0000000000000000     
  0.44785993027610921        0.0000000000000000     
  0.49767092108288941        0.0000000000000000     
  0.54706198722188681        0.0000000000000000     
  0.59610281898167339        0.0000000000000000     
  0.64488314347623310        0.0000000000000000     
  0.69351621916945305        0.0000000000000000     
  0.74214526809226933        0.0000000000000000     
  0.79095033706026341        0.0000000000000000     
  0.84016821100777206        0.0000000000000000     
  0.89017971105885929        0.0000000000000000     
  0.94188710962677069        0.0000000000000000     
   1.0000000000000000        0.0000000000000000     
 
 span         delta_theta
   0.0000000000000000        0.0000000000000000     
   4.3387452907245522E-002   0.0000000000000000     
   9.1666814348395992E-002   0.0000000000000000     
  0.14180684101438704        0.0000000000000000     
  0.19287314220344681        0.0000000000000000     
  0.24429913550710761        0.0000000000000000     
  0.29570585218523998        0.0000000000000000     
  0.34684875028072154        0.0000000000000000     
  0.39758620514910942        0.0000000000000000     
  0.44785993027610921        0.0000000000000000     
  0.49767092108288941        0.0000000000000000     
  0.54706198722188681        0.0000000000000000     
  0.59610281898167339        0.0000000000000000     
  0.64488314347623310        0.0000000000000000     
  0.69351621916945305        0.0000000000000000     
  0.74214526809226933        0.0000000000000000     
  0.79095033706026341        0.0000000000000000     
  0.84016821100777206        0.0000000000000000     
  0.89017971105885929        0.0000000000000000     
  0.94188710962677069        0.0000000000000000     
   1.0000000000000000        0.0000000000000000     
 
 section(           1 )
 3D throat line [mm] =   14.338499579895831     
 3D mouth line [mm] =   17.888776418340981     
 3D exit line [mm] =   15.232087923953264     
 section(           2 )
 3D throat line [mm] =   16.015032963518902     
 3D mouth line [mm] =   19.210139445087410     
 3D exit line [mm] =   17.606065367029593     
 section(           3 )
 3D throat line [mm] =   17.672976699669309     
 3D mouth line [mm] =   20.680485337473652     
 3D exit line [mm] =   19.525912641346373     
 section(           4 )
 3D throat line [mm] =   19.322859767321287     
 3D mouth line [mm] =   22.207497709879203     
 3D exit line [mm] =   21.482406530739866     
 section(           5 )
 3D throat line [mm] =   20.965322053826625     
 3D mouth line [mm] =   23.762719733356263     
 3D exit line [mm] =   23.419634965768157     
 section(           6 )
 3D throat line [mm] =   22.592450537644616     
 3D mouth line [mm] =   25.328896164833903     
 3D exit line [mm] =   25.124278449337652     
 section(           7 )
 3D throat line [mm] =   24.202473289046594     
 3D mouth line [mm] =   26.894485527503626     
 3D exit line [mm] =   26.946657605909344     
 section(           8 )
 3D throat line [mm] =   25.788337223485222     
 3D mouth line [mm] =   28.452040306497267     
 3D exit line [mm] =   28.543738945981605     
 section(           9 )
 3D throat line [mm] =   27.347601399018771     
 3D mouth line [mm] =   29.997247329311630     
 3D exit line [mm] =   30.183391898510465     
 section(          10 )
 3D throat line [mm] =   28.879809488155551     
 3D mouth line [mm] =   31.528331482641686     
 3D exit line [mm] =   31.748382496364052     
 section(          11 )
 3D throat line [mm] =   30.385890263546575     
 3D mouth line [mm] =   33.045323081996337     
 3D exit line [mm] =   33.317781490158588     
 section(          12 )
 3D throat line [mm] =   31.867655160813172     
 3D mouth line [mm] =   34.549525893513973     
 3D exit line [mm] =   34.600981497080809     
 section(          13 )
 3D throat line [mm] =   33.324346948453005     
 3D mouth line [mm] =   36.043062331958943     
 3D exit line [mm] =   36.013156573737504     
 section(          14 )
 3D throat line [mm] =   34.754618239221635     
 3D mouth line [mm] =   37.508653865528345     
 3D exit line [mm] =   37.126540740404586     
 section(          15 )
 3D throat line [mm] =   36.158466806167233     
 3D mouth line [mm] =   39.009783277596583     
 3D exit line [mm] =   38.465528957563969     
 section(          16 )
 3D throat line [mm] =   37.541357513151908     
 3D mouth line [mm] =   40.490778887314079     
 3D exit line [mm] =   39.621779175024727     
 section(          17 )
 3D throat line [mm] =   38.902505997402848     
 3D mouth line [mm] =   41.977135179995948     
 3D exit line [mm] =   40.891839238978783     
 section(          18 )
 3D throat line [mm] =   40.260063688534196     
 3D mouth line [mm] =   43.476063430712728     
 3D exit line [mm] =   42.228624206872396     
 section(          19 )
 3D throat line [mm] =   41.633526534345101     
 3D mouth line [mm] =   44.999161530546125     
 3D exit line [mm] =   43.584458806639141     
 section(          20 )
 3D throat line [mm] =   43.058361656456867     
 3D mouth line [mm] =   46.573908147337612     
 3D exit line [mm] =   45.338854468875198     
 section(          21 )
 3D throat line [mm] =   44.663624142916319     
 3D mouth line [mm] =   48.343733743708107     
 3D exit line [mm] =   47.317635122885278     
 Number of radial sections:          21
 
 Writing 3D blade geometry ...
 
 chord_actual(mm):   29.713282698429651     
 chord_actual(mm):   29.255229627626477     
 chord_actual(mm):   29.043075220217858     
 chord_actual(mm):   28.930485147750549     
 chord_actual(mm):   28.854364168660386     
 chord_actual(mm):   28.787969356389414     
 chord_actual(mm):   28.728068398791706     
 chord_actual(mm):   28.671088712281534     
 chord_actual(mm):   28.625718061098294     
 chord_actual(mm):   28.602046883278383     
 chord_actual(mm):   28.610784305686643     
 chord_actual(mm):   28.668463180588201     
 chord_actual(mm):   28.805868491640801     
 chord_actual(mm):   29.053126861195999     
 chord_actual(mm):   29.439401268753780     
 chord_actual(mm):   29.997320312507945     
 chord_actual(mm):   30.750812972927555     
 chord_actual(mm):   31.678530912642366     
 chord_actual(mm):   32.743674827599030     
 chord_actual(mm):   33.936940818152671     
 chord_actual(mm):   35.371600362816409     
 
 Calculating the meanline by taking the average of PS ans SS in 3D...
 Writing the meanline in 3D to meanline.sec#.dat files...
 
 Writing the top and bottom periodic wall coordinates...
 
         121
 throat_index           1          54
 throat_index           2          51
 throat_index           3          50
 throat_index           4          49
 throat_index           5          49
 throat_index           6          49
 throat_index           7          49
 throat_index           8          49
 throat_index           9          49
 throat_index          10          49
 throat_index          11          49
 throat_index          12          49
 throat_index          13          49
 throat_index          14          48
 throat_index          15          49
 throat_index          16          50
 throat_index          17          50
 throat_index          18          50
 throat_index          19          50
 throat_index          20          49
 throat_index          21          49
 
 casename:Case6_2
 
 fname: blade3d.Case6_2.dat
 
 Creating section data files for CAD system
 
 Number of points:          241
 
 Number of sections:           21
 
 bsf:    152.40000000000001     
 Number of blades in this row:           20

 
