
 ************************************************************
 ************************************************************
 ****  T-BLADE3:Turbomachinery BLADE 3D Geometry Builder ****
 ****                                                    ****
 ****  Master Version 1.13                               ****
 ****                                                    ****
 ****  ...was also called as below till Aug 2016...      ****
 ****  3DBGB: 3 Dimensional Blade Geometry Builder       ****
 ****                                                    ****
 ****  Develop Version 1.2                               ****
 ****                                                    ****
 ****  This software comes with ABSOLUTELY NO WARRANTY   ****
 ****                                                    ****
 ****  This is a program which generates a 3D blade...   ****
 ****  ...shape and outputs 3D blade section files.      ****
 ****                                                    ****
 ****  Inputs: LE and TE curve(x,r), inlet angle,        ****
 ****          exit angle, chord, tm/c, incidence,       ****
 ****          deviation, secondary flow angles,         ****
 ****          streamline coordinates:(x,r)              ****
 ****          control points for sweep, lean,           ****
 ****          blade scaling factor.                     ****
 ****                                                    ****
 ****  Outputs: 3D blade sections (x,y,z),               ****
 ****           2D airfoils (mprime,theta).              ****
 ****                                                    ****
 ****  ---------------by Kiran Siddappaji         ----   ****
 ****  ---------------by Mark G. Turner           ----   ****
 ****  ------------------- turnermr@ucmail.uc.edu ----   ****
 ****  ---------------by Karthik Balasubramanian  ----   ****
 ****  ---------------by Syed Moez Hussain Mahmood----   ****
 ****  ---------------by Ahmed Nemnem             ----   ****
 ****  ---------------by Marshall C. Galbraith    ----   ****
 ************************************************************
 ************************************************************

 T-Blade3 Copyright (C) 2017 University of Cincinnati, developed by Kiran Siddappaji,
 Dr. Mark G. Turner, Karthik  Balasubramanian, Syed Moez Hussain, Ahmed Farid Nemnem 
  and Marshall C. Galbraith.

 This program is free software; you can redistribute it and/or modify it under the 
 terms of the GNU General Public License as published by the Free Software Foundation; 
 either version 2 of the License, or (at your option) any later version.

 This program is distributed in the hope that it will be useful, but WITHOUT ANY WARRANTY;
 without even the implied warranty of MERCHANTABILITY or FITNESS FOR A PARTICULAR PURPOSE. 
 See the GNU General Public License for more details.  For the complete terms of the 
 GNU General Public License, please see this URL: http://www.gnu.org/licenses/gpl-2.0.html

 ************************************************************

 Row number and blade  type is 1nax4                                                                                                                                                                                                                                                           
 
 3dbgbinput.1nax4.dat                                                                                                                                                                                                                                            
 
 Incidence and Deviation defined spanwise as a B-spline using control points
 
 inci_dev_spline
 
 Reading inputs from file: 3dbgbinput.1nax4.dat                                                                                                                                                                                                                                            
 
 Reading the spanwise_input file ....
 
 Spanwise input file read successfully

 case:Case6_2                                                                                                                                                                                                                                                         
 bladerow #:           1
   1       

 Number of blades in this row:          20
 bsf:   152.40000000000001     

 Number of streamlines:          21

    in_betaZ*    out_betaZ*
   0.0000000000000000       -19.030736500000000     
   0.0000000000000000       -13.772680429999999     
   0.0000000000000000       -10.258185670000000     
   0.0000000000000000       -8.1097568599999992     
   0.0000000000000000       -6.3683073500000003     
   0.0000000000000000       -4.8750483899999999     
   0.0000000000000000       -3.6576954800000001     
   0.0000000000000000       -2.5996792599999998     
   0.0000000000000000       -1.7006599600000001     
   0.0000000000000000      -0.91793367999999997     
   0.0000000000000000      -0.25471163000000002     
   0.0000000000000000       0.33827494000000002     
   0.0000000000000000       0.85759470000000004     
   0.0000000000000000        1.3219841500000000     
   0.0000000000000000        1.7276708199999999     
   0.0000000000000000        2.1195313900000001     
   0.0000000000000000        2.4897911000000001     
   0.0000000000000000        2.8427144000000002     
   0.0000000000000000        3.1807965000000000     
   0.0000000000000000        3.5276307199999999     
   0.0000000000000000        3.8970639100000000     

 LE/TE defined by a curve with no. of points as:          27
 xLE    rLE     xTE     rTE
 -0.38559800000000000       0.33446199999999998      -0.15491800000000000       0.32155000000000000     
 -0.38349400000000000       0.35834300000000002      -0.15277499999999999       0.34657700000000002     
 -0.38139000000000001       0.38222299999999998      -0.15063299999999999       0.37160399999999999     
 -0.37928600000000001       0.40610400000000002      -0.14849000000000001       0.39663100000000001     
 -0.37718200000000002       0.42998500000000001      -0.14634700000000000       0.42165700000000000     
 -0.37507800000000002       0.45386599999999999      -0.14420500000000000       0.44668400000000003     
 -0.37297400000000003       0.47774600000000000      -0.14206199999999999       0.47171099999999999     
 -0.37086999999999998       0.50162700000000005      -0.13991899999999999       0.49673800000000001     
 -0.36876599999999998       0.52550799999999998      -0.13777600000000001       0.52176500000000003     
 -0.36666199999999999       0.54938799999999999      -0.13563400000000000       0.54679199999999994     
 -0.36455799999999999       0.57326900000000003      -0.13349100000000000       0.57181899999999997     
 -0.36245300000000003       0.59714999999999996      -0.13134799999999999       0.59684599999999999     
 -0.36034899999999997       0.62103100000000000      -0.12920599999999999       0.62187300000000001     
 -0.35824499999999998       0.64491200000000004      -0.12706300000000001       0.64690000000000003     
 -0.35614099999999999       0.66879299999999997      -0.12492000000000000       0.67192700000000005     
 -0.35403699999999999       0.69267299999999998      -0.12277800000000000       0.69695399999999996     
 -0.35193300000000000       0.71655400000000002      -0.12063500000000001       0.72198099999999998     
 -0.34982900000000000       0.74043499999999995      -0.11849200000000000       0.74700699999999998     
 -0.34772500000000001       0.76431600000000000      -0.11635000000000000       0.77203400000000000     
 -0.34562100000000001       0.78819600000000001      -0.11420700000000000       0.79706100000000002     
 -0.34351700000000002       0.81207700000000005      -0.11206400000000000       0.82208800000000004     
 -0.34141300000000002       0.83595799999999998      -0.10992100000000000       0.84711499999999995     
 -0.33930900000000003       0.85983799999999999      -0.10777900000000000       0.87214199999999997     
 -0.33720499999999998       0.88371900000000003      -0.10563599999999999       0.89716899999999999     
 -0.33510099999999998       0.90759999999999996      -0.10349300000000000       0.92219600000000002     
 -0.33299699999999999       0.93148100000000000      -0.10135100000000000       0.94722300000000004     
 -0.32559900000000003        1.0154440000000000       -9.4880000000000006E-002   1.0227999999999999     
 
 sect1                  25.000000000000000        0.0000000000000000       0.29999999999999999        2.0000000000000000E-002   2.0000000000000000E-002   15.000000000000000        10.000000000000000                0
 sect1                  25.000000000000000        0.0000000000000000       0.29999999999999999        2.0000000000000000E-002   2.0000000000000000E-002   15.000000000000000        10.000000000000000                0
 sect1                  25.000000000000000        0.0000000000000000       0.29999999999999999        2.0000000000000000E-002   2.0000000000000000E-002   15.000000000000000        10.000000000000000                0
 sect1                  25.000000000000000        0.0000000000000000       0.29999999999999999        2.0000000000000000E-002   2.0000000000000000E-002   15.000000000000000        10.000000000000000                0
 sect1                  25.000000000000000        0.0000000000000000       0.29999999999999999        2.0000000000000000E-002   2.0000000000000000E-002   15.000000000000000        10.000000000000000                0
 sect1                  25.000000000000000        0.0000000000000000       0.29999999999999999        2.0000000000000000E-002   2.0000000000000000E-002   15.000000000000000        10.000000000000000                0
 sect1                  25.000000000000000        0.0000000000000000       0.29999999999999999        2.0000000000000000E-002   2.0000000000000000E-002   15.000000000000000        10.000000000000000                0
 sect1                  25.000000000000000        0.0000000000000000       0.29999999999999999        2.0000000000000000E-002   2.0000000000000000E-002   15.000000000000000        10.000000000000000                0
 sect1                  25.000000000000000        0.0000000000000000       0.29999999999999999        2.0000000000000000E-002   2.0000000000000000E-002   15.000000000000000        10.000000000000000                0
 sect1                  25.000000000000000        0.0000000000000000       0.29999999999999999        2.0000000000000000E-002   2.0000000000000000E-002   15.000000000000000        10.000000000000000                0
 sect1                  25.000000000000000        0.0000000000000000       0.29999999999999999        2.0000000000000000E-002   2.0000000000000000E-002   15.000000000000000        10.000000000000000                0
 sect1                  25.000000000000000        0.0000000000000000       0.29999999999999999        2.0000000000000000E-002   2.0000000000000000E-002   15.000000000000000        10.000000000000000                0
 sect1                  25.000000000000000        0.0000000000000000       0.29999999999999999        2.0000000000000000E-002   2.0000000000000000E-002   15.000000000000000        10.000000000000000                0
 sect1                  25.000000000000000        0.0000000000000000       0.29999999999999999        2.0000000000000000E-002   2.0000000000000000E-002   15.000000000000000        10.000000000000000                0
 sect1                  25.000000000000000        0.0000000000000000       0.29999999999999999        2.0000000000000000E-002   2.0000000000000000E-002   15.000000000000000        10.000000000000000                0
 sect1                  25.000000000000000        0.0000000000000000       0.29999999999999999        2.0000000000000000E-002   2.0000000000000000E-002   15.000000000000000        10.000000000000000                0
 sect1                  25.000000000000000        0.0000000000000000       0.29999999999999999        2.0000000000000000E-002   2.0000000000000000E-002   15.000000000000000        10.000000000000000                0
 sect1                  25.000000000000000        0.0000000000000000       0.29999999999999999        2.0000000000000000E-002   2.0000000000000000E-002   15.000000000000000        10.000000000000000                0
 sect1                  25.000000000000000        0.0000000000000000       0.29999999999999999        2.0000000000000000E-002   2.0000000000000000E-002   15.000000000000000        10.000000000000000                0
 sect1                  25.000000000000000        0.0000000000000000       0.29999999999999999        2.0000000000000000E-002   2.0000000000000000E-002   15.000000000000000        10.000000000000000                0
 sect1                  25.000000000000000        0.0000000000000000       0.29999999999999999        2.0000000000000000E-002   2.0000000000000000E-002   15.000000000000000        10.000000000000000                0
 
 Sweep in the axial direction (m-prime).
 
 Lean in the tangential direction (theta).
 
 Writing dimensional hub and casing streamlines

 Using x_s and r_s coordinates for streamline from the input file...

 Calculating the m_prime coordinates for each streamline...

 
 hub offset:   0.0000000000000000     
 tip offset:   0.0000000000000000     

 xLE    rLE     xTE     rTE
 
 Calculating LE x, r points... 
 
 Calculating TE x, r points...
 
 i_slope           0
 i_slope           0
 i_slope           0
 i_slope           0
 i_slope           0
 i_slope           0
 i_slope           0
 i_slope           0
 i_slope           0
 i_slope           0
 i_slope           0
 i_slope           0
 i_slope           0
 i_slope           0
 i_slope           0
 i_slope           0
 i_slope           0
 i_slope           0
 i_slope           0
 i_slope           0
 i_slope           0
 
 ile:           2
 ite:           5
 ile:          14
 ite:          51
 ile:          14
 ite:          52
 ile:          15
 ite:          53
 ile:          15
 ite:          53
 ile:          15
 ite:          54
 ile:          16
 ite:          54
 ile:          16
 ite:          55
 ile:          17
 ite:          55
 ile:          17
 ite:          56
 ile:          18
 ite:          56
 ile:          18
 ite:          57
 ile:          19
 ite:          57
 ile:          19
 ite:          58
 ile:          20
 ite:          58
 ile:          20
 ite:          58
 ile:          21
 ite:          59
 ile:          21
 ite:          59
 ile:          22
 ite:          60
 ile:          22
 ite:          60
 ile:           4
 ite:           9

 Using x values for msLE due to a purely axial flow.
 Using x values for msTE due to a purely axial flow.
 msle:  0.31997201583567025     
 mste:  0.96347654244761249     
 chordm:  0.64350452661194224     
 Using x values for msLE due to a purely axial flow.
 Using x values for msTE due to a purely axial flow.
 msle:  0.19591061812972421     
 mste:  0.78122589299639089     
 chordm:  0.58531527486666668     
 Using x values for msLE due to a purely axial flow.
 Using x values for msTE due to a purely axial flow.
 msle:  0.18858472554247366     
 mste:  0.72587005897914580     
 chordm:  0.53728533343667217     
 Using x values for msLE due to a purely axial flow.
 Using x values for msTE due to a purely axial flow.
 msle:  0.18202228819863855     
 mste:  0.67898268460117983     
 chordm:  0.49696039640254130     
 Using x values for msLE due to a purely axial flow.
 Using x values for msTE due to a purely axial flow.
 msle:  0.17614470457452563     
 mste:  0.63883669129540321     
 chordm:  0.46269198672087758     
 Using x values for msLE due to a purely axial flow.
 Using x values for msTE due to a purely axial flow.
 msle:  0.17089595124690959     
 mste:  0.60422999736951954     
 chordm:  0.43333404612260995     
 Using x values for msLE due to a purely axial flow.
 Using x values for msTE due to a purely axial flow.
 msle:  0.16621265013027903     
 mste:  0.57402662646346414     
 chordm:  0.40781397633318511     
 Using x values for msLE due to a purely axial flow.
 Using x values for msTE due to a purely axial flow.
 msle:  0.16202686761307153     
 mste:  0.54747317435424436     
 chordm:  0.38544630674117286     
 Using x values for msLE due to a purely axial flow.
 Using x values for msTE due to a purely axial flow.
 msle:  0.15826704240584155     
 mste:  0.52391879987733658     
 chordm:  0.36565175747149503     
 Using x values for msLE due to a purely axial flow.
 Using x values for msTE due to a purely axial flow.
 msle:  0.15487455567161304     
 mste:  0.50285511902735058     
 chordm:  0.34798056335573757     
 Using x values for msLE due to a purely axial flow.
 Using x values for msTE due to a purely axial flow.
 msle:  0.15179715234105678     
 mste:  0.48388147294776918     
 chordm:  0.33208432060671239     
 Using x values for msLE due to a purely axial flow.
 Using x values for msTE due to a purely axial flow.
 msle:  0.14899024894909024     
 mste:  0.46668088574850536     
 chordm:  0.31769063679941512     
 Using x values for msLE due to a purely axial flow.
 Using x values for msTE due to a purely axial flow.
 msle:  0.14641641117394560     
 mste:  0.45099283419618041     
 chordm:  0.30457642302223481     
 Using x values for msLE due to a purely axial flow.
 Using x values for msTE due to a purely axial flow.
 msle:  0.14404389552946165     
 mste:  0.43661375322377421     
 chordm:  0.29256985769431254     
 Using x values for msLE due to a purely axial flow.
 Using x values for msTE due to a purely axial flow.
 msle:  0.14184575532997165     
 mste:  0.42337347550665283     
 chordm:  0.28152772017668115     
 Using x values for msLE due to a purely axial flow.
 Using x values for msTE due to a purely axial flow.
 msle:  0.13979964887105908     
 mste:  0.41111659638134473     
 chordm:  0.27131694751028568     
 Using x values for msLE due to a purely axial flow.
 Using x values for msTE due to a purely axial flow.
 msle:  0.13788623181072737     
 mste:  0.39970106503241376     
 chordm:  0.26181483322168642     
 Using x values for msLE due to a purely axial flow.
 Using x values for msTE due to a purely axial flow.
 msle:  0.13608793150139117     
 mste:  0.38898868932967218     
 chordm:  0.25290075782828103     
 Using x values for msLE due to a purely axial flow.
 Using x values for msTE due to a purely axial flow.
 msle:  0.13439292192103683     
 mste:  0.37883608768943461     
 chordm:  0.24444316576839778     
 Using x values for msLE due to a purely axial flow.
 Using x values for msTE due to a purely axial flow.
 msle:  0.13280531026374201     
 mste:  0.36904839003825551     
 chordm:  0.23624307977451350     
 Using x values for msLE due to a purely axial flow.
 Using x values for msTE due to a purely axial flow.
 msle:  0.13865186232444504     
 mste:  0.36616931882926257     
 chordm:  0.22751745650481753     
 
 phi_s_in(ia)  -8.1681972192684462     
 phi_s_in(ia)  -5.3489122838975414     
 phi_s_in(ia)  -2.8643540865073414     
 phi_s_in(ia) -0.98359490077386924     
 phi_s_in(ia)  0.37008750378295663     
 phi_s_in(ia)   1.3157268673562235     
 phi_s_in(ia)   1.9634820599118101     
 phi_s_in(ia)   2.3697212053073144     
 phi_s_in(ia)   2.5703248259334832     
 phi_s_in(ia)   2.5952992786169351     
 phi_s_in(ia)   2.4712304018026918     
 phi_s_in(ia)   2.2202643590329538     
 phi_s_in(ia)   1.8562541586298471     
 phi_s_in(ia)   1.3815300239749826     
 phi_s_in(ia)  0.80100011706022467     
 phi_s_in(ia)  0.13014569980949914     
 phi_s_in(ia) -0.61052704954440806     
 phi_s_in(ia)  -1.3994675440785769     
 phi_s_in(ia)  -2.2021210458103666     
 phi_s_in(ia)  -2.9642064555909902     
 phi_s_in(ia)  -3.6325789877822059     
 phi_s_out(ia)  -7.0643607153971786     
 phi_s_out(ia)  -3.2325674022299431     
 phi_s_out(ia)  -1.0279521760648429     
 phi_s_out(ia)  0.46979160250659852     
 phi_s_out(ia)   1.5156758427136672     
 phi_s_out(ia)   2.1708357199746748     
 phi_s_out(ia)   2.5666988827012571     
 phi_s_out(ia)   2.7292312715203839     
 phi_s_out(ia)   2.7135364675276850     
 phi_s_out(ia)   2.5657235809381937     
 phi_s_out(ia)   2.3223553537939505     
 phi_s_out(ia)   2.0098197735321470     
 phi_s_out(ia)   1.6453578005193750     
 phi_s_out(ia)   1.2459929945809223     
 phi_s_out(ia)  0.83215528710413889     
 phi_s_out(ia)  0.41734573751443399     
 phi_s_out(ia)   1.6493882429051643E-002
 phi_s_out(ia) -0.35854412563930482     
 phi_s_out(ia) -0.69188693013008074     
 phi_s_out(ia) -0.96615944959174838     
 phi_s_out(ia)  -1.2136468930237228     
 
 Creating cubic B-spline with spancontrolinput file
 B-spline created successfully

  Inlet Beta incidence defined spanwise by a cubic B-spline using control points.
    span         in_Beta (spline)
   0.0000000000000000        0.0000000000000000     
   4.3387452907245522E-002   0.0000000000000000     
   9.1666814348395992E-002   0.0000000000000000     
  0.14180684101438704        0.0000000000000000     
  0.19287314220344681        0.0000000000000000     
  0.24429913550710761        0.0000000000000000     
  0.29570585218523998        0.0000000000000000     
  0.34684875028072154        0.0000000000000000     
  0.39758620514910942        0.0000000000000000     
  0.44785993027610921        0.0000000000000000     
  0.49767092108288941        0.0000000000000000     
  0.54706198722188681        0.0000000000000000     
  0.59610281898167339        0.0000000000000000     
  0.64488314347623310        0.0000000000000000     
  0.69351621916945305        0.0000000000000000     
  0.74214526809226933        0.0000000000000000     
  0.79095033706026341        0.0000000000000000     
  0.84016821100777206        0.0000000000000000     
  0.89017971105885929        0.0000000000000000     
  0.94188710962677069        0.0000000000000000     
   1.0000000000000000        0.0000000000000000     

  Outlet Beta deviation defined spanwise by a cubic B-spline using control points.
    span        out_Beta (spline)
   0.0000000000000000       -17.030736500000000     
   4.3387452907245522E-002  -13.487943404010782     
   9.1666814348395992E-002  -11.079914003160884     
  0.14180684101438704       -9.2378868914096977     
  0.19287314220344681       -7.3200005736732594     
  0.24429913550710761       -5.4625457921609115     
  0.29570585218523998       -3.8447047711896536     
  0.34684875028072154       -2.4634185188791022     
  0.39758620514910942       -1.3876732970061236     
  0.44785993027610921      -0.48550348214846500     
  0.49767092108288941       0.36492083498353606     
  0.54706198722188681      -0.63207786227287366     
  0.59610281898167339      -0.66907670109296602     
  0.64488314347623310      -0.87667906950172902     
  0.69351621916945305       -1.1209796475222926     
  0.74214526809226933       -1.2318380762880015     
  0.79095033706026341       -1.0578870232831612     
  0.84016821100777206      -0.31672634251701437     
  0.89017971105885929        1.3846172256305072     
  0.94188710962677069        4.3256054306202705     
   1.0000000000000000        8.7396524249950218     
 
    span        chord_multipliers
   0.0000000000000000       0.82669089968600007     
   4.3387452907245522E-002  0.82432033588075426     
   9.1666814348395992E-002  0.82170155492606578     
  0.14180684101438704       0.81902542097516962     
  0.19287314220344681       0.81637012396424569     
  0.24429913550710761       0.81379345110598200     
  0.29570585218523998       0.81137335293731816     
  0.34684875028072154       0.80935499595252491     
  0.39758620514910942       0.80802752270817391     
  0.44785993027610921       0.80765918322639974     
  0.49767092108288941       0.80850026879117054     
  0.54706198722188681       0.81088158545216071     
  0.59610281898167339       0.81554738645685920     
  0.64488314347623310       0.82334702654095326     
  0.69351621916945305       0.83513192107253420     
  0.74214526809226933       0.85178703960528046     
  0.79095033706026341       0.87407350886345392     
  0.84016821100777206       0.90155861161876716     
  0.89017971105885929       0.93342432901778083     
  0.94188710962677069       0.96922790577128892     
   1.0000000000000000        1.0112431656156000     
 
 tm/c thickness ratio defined radially with 2D spline using control points.
   0.0000000000000000        0.0000000000000000     
   4.3387452907245522E-002   0.0000000000000000     
   9.1666814348395992E-002   0.0000000000000000     
  0.14180684101438704        0.0000000000000000     
  0.19287314220344681        0.0000000000000000     
  0.24429913550710761        0.0000000000000000     
  0.29570585218523998        0.0000000000000000     
  0.34684875028072154        0.0000000000000000     
  0.39758620514910942        0.0000000000000000     
  0.44785993027610921        0.0000000000000000     
  0.49767092108288941        0.0000000000000000     
  0.54706198722188681        0.0000000000000000     
  0.59610281898167339        0.0000000000000000     
  0.64488314347623310        0.0000000000000000     
  0.69351621916945305        0.0000000000000000     
  0.74214526809226933        0.0000000000000000     
  0.79095033706026341        0.0000000000000000     
  0.84016821100777206        0.0000000000000000     
  0.89017971105885929        0.0000000000000000     
  0.94188710962677069        0.0000000000000000     
   1.0000000000000000        0.0000000000000000     
 
 Chord multiplier calculated using spline control points...

 ---------------------------------------------------------------------------------
 airfoil type:           1 sect1
  =================================================== 
 Using sine function based clustering distribution
 
 lethk =    2.0000000000000000E-002

Using curvature control for camber definition...
 xcp -0.14999999999999999        0.0000000000000000       0.14999999999999999       0.24999999999999997       0.49999999999999994       0.75000000000000000       0.94999999999999996        1.0000000000000000        1.0500000000000000     
 ycp   0.0000000000000000        0.0000000000000000        0.0000000000000000       0.49999999999999994       0.29999999999999999       0.14999999999999999        0.0000000000000000        0.0000000000000000        0.0000000000000000     
Total camber is:  -16.908852478945750
Determinant is:    0.040035593824518
Possible values of scaling factor are:       -70.872600144962277        1.552566318238398
Camber line second derivative scaling factor:    1.552566318238398
Inlet u-v metal angle in deg:    9.237638700312687
Exit u-v metal angle in deg:   -7.671213778633080
Stagger angle in deg:   -9.237638700312687
 i_le =            0
 i_te =            0
         121
         241
 
 Stacking position on the chord as % of chord:   25.000000000000000     
 Stacking position in % above(+ve) or below(-ve) meanline :   0.0000000000000000     
 top curve points index range for % chord stacking:          44          45
 bottom curve points index range for % chord stacking:          45          46
 vtop_stack vbot_stack   8.8346067739056636E-002  -1.1165341858744179E-002
 
 u_stack  v_stack  0.25000000000000000        0.0000000000000000     
 
 chrd bladegen:   0.53896921538503961     
 pitch   0.31415926535897931     
 np_sidee         121
 n_normal_distance =           92
 Number of intersection points (k) =           92 from np_side of         121
 ******************************************
 
 Chord multiplier calculated using spline control points...

 ---------------------------------------------------------------------------------
 airfoil type:           2 sect1
  =================================================== 
 Using sine function based clustering distribution
 
 lethk =    2.0000000000000000E-002

Using curvature control for camber definition...
 xcp -0.14999999999999999        0.0000000000000000       0.14999999999999999       0.24999999999999994       0.49999999999999989       0.75000000000000000       0.94999999999999984        1.0000000000000000        1.0500000000000003     
 ycp   0.0000000000000000        0.0000000000000000        0.0000000000000000       0.49999999999999989       0.29999999999999999       0.14999999999999999        0.0000000000000000        0.0000000000000000        0.0000000000000000     
Total camber is:  -13.467264725152379
Determinant is:    0.038760971916107
Possible values of scaling factor are:       -89.228884487359934        1.233170318145503
Camber line second derivative scaling factor:    1.233170318145503
Inlet u-v metal angle in deg:    7.360739129949030
Exit u-v metal angle in deg:   -6.106525595203327
Stagger angle in deg:   -7.360739129949030
 i_le =            0
 i_te =            0
         121
         241
 
 Stacking position on the chord as % of chord:   25.000000000000000     
 Stacking position in % above(+ve) or below(-ve) meanline :   0.0000000000000000     
 top curve points index range for % chord stacking:          44          45
 bottom curve points index range for % chord stacking:          45          46
 vtop_stack vbot_stack   8.0285943078924976E-002  -1.8975457520955523E-002
 
 u_stack  v_stack  0.25000000000000000        0.0000000000000000     
 
 chrd bladegen:   0.48649641121154108     
 pitch   0.31415926535897931     
 np_sidee         121
 n_normal_distance =           93
 Number of intersection points (k) =           93 from np_side of         121
 ******************************************
 
 Chord multiplier calculated using spline control points...

 ---------------------------------------------------------------------------------
 airfoil type:           3 sect1
  =================================================== 
 Using sine function based clustering distribution
 
 lethk =    2.0000000000000000E-002

Using curvature control for camber definition...
 xcp -0.14999999999999999        0.0000000000000000       0.14999999999999999       0.25000000000000000       0.50000000000000000       0.75000000000000000       0.94999999999999996        1.0000000000000000        1.0500000000000000     
 ycp   0.0000000000000000        0.0000000000000000        0.0000000000000000       0.50000000000000000       0.29999999999999999       0.14999999999999999        0.0000000000000000        0.0000000000000000        0.0000000000000000     
Total camber is:  -11.078174937153417
Determinant is:    0.038069851991108
Possible values of scaling factor are:      -108.638471518742918        1.012849410828299
Camber line second derivative scaling factor:    1.012849410828299
Inlet u-v metal angle in deg:    6.056475314132260
Exit u-v metal angle in deg:   -5.021699623021118
Stagger angle in deg:   -6.056475314132260
 i_le =            0
 i_te =            0
         121
         241
 
 Stacking position on the chord as % of chord:   25.000000000000000     
 Stacking position in % above(+ve) or below(-ve) meanline :   0.0000000000000000     
 top curve points index range for % chord stacking:          44          45
 bottom curve points index range for % chord stacking:          45          46
 vtop_stack vbot_stack   7.4742224090346615E-002  -2.4381219303264368E-002
 
 u_stack  v_stack  0.25000000000000000        0.0000000000000000     
 
 chrd bladegen:   0.44396624451424110     
 pitch   0.31415926535897931     
 np_sidee         121
 n_normal_distance =           94
 Number of intersection points (k) =           94 from np_side of         121
 ******************************************
 
 Chord multiplier calculated using spline control points...

 ---------------------------------------------------------------------------------
 airfoil type:           4 sect1
  =================================================== 
 Using sine function based clustering distribution
 
 lethk =    2.0000000000000000E-002

Using curvature control for camber definition...
 xcp -0.14999999999999997        0.0000000000000000       0.14999999999999997       0.25000000000000000       0.50000000000000000       0.75000000000000000       0.94999999999999996        1.0000000000000000        1.0500000000000000     
 ycp   0.0000000000000000        0.0000000000000000        0.0000000000000000       0.50000000000000000       0.29999999999999993       0.14999999999999997        0.0000000000000000        0.0000000000000000        0.0000000000000000     
Total camber is:   -9.237581713523197
Determinant is:    0.037637796112797
Possible values of scaling factor are:      -130.412196397857059        0.843743261062464
Camber line second derivative scaling factor:    0.843743261062464
Inlet u-v metal angle in deg:    5.051031289236448
Exit u-v metal angle in deg:   -4.186550424286774
Stagger angle in deg:   -5.051031289236448
 i_le =            0
 i_te =            0
         121
         241
 
 Stacking position on the chord as % of chord:   25.000000000000000     
 Stacking position in % above(+ve) or below(-ve) meanline :   0.0000000000000000     
 top curve points index range for % chord stacking:          44          45
 bottom curve points index range for % chord stacking:          45          46
 vtop_stack vbot_stack   7.0496179432558051E-002  -2.8540572957644637E-002
 
 u_stack  v_stack  0.25000000000000000        0.0000000000000000     
 
 chrd bladegen:   0.40860996254715676     
 pitch   0.31415926535897931     
 np_sidee         121
 n_normal_distance =           95
 Number of intersection points (k) =           95 from np_side of         121
 ******************************************
 
 Chord multiplier calculated using spline control points...

 ---------------------------------------------------------------------------------
 airfoil type:           5 sect1
  =================================================== 
 Using sine function based clustering distribution
 
 lethk =    2.0000000000000000E-002

Using curvature control for camber definition...
 xcp -0.14999999999999999        0.0000000000000000       0.14999999999999999       0.25000000000000000       0.50000000000000000       0.75000000000000000       0.94999999999999984        1.0000000000000000        1.0500000000000003     
 ycp   0.0000000000000000        0.0000000000000000        0.0000000000000000       0.50000000000000000       0.29999999999999999       0.14999999999999999        0.0000000000000000        0.0000000000000000        0.0000000000000000     
Total camber is:   -7.317467256410033
Determinant is:    0.037275683257830
Possible values of scaling factor are:      -164.769292983879240        0.667808970217592
Camber line second derivative scaling factor:    0.667808970217592
Inlet u-v metal angle in deg:    4.001677977856398
Exit u-v metal angle in deg:   -3.315789278553571
Stagger angle in deg:   -4.001677977856398
 i_le =            0
 i_te =            0
         121
         241
 
 Stacking position on the chord as % of chord:   25.000000000000000     
 Stacking position in % above(+ve) or below(-ve) meanline :   0.0000000000000000     
 top curve points index range for % chord stacking:          44          45
 bottom curve points index range for % chord stacking:          45          46
 vtop_stack vbot_stack   6.6087015212032932E-002  -3.2877296342754637E-002
 
 u_stack  v_stack  0.25000000000000000        0.0000000000000000     
 
 chrd bladegen:   0.37865106322569708     
 pitch   0.31415926535897931     
 np_sidee         121
 n_normal_distance =           96
 Number of intersection points (k) =           96 from np_side of         121
 ******************************************
 
 Chord multiplier calculated using spline control points...

 ---------------------------------------------------------------------------------
 airfoil type:           6 sect1
  =================================================== 
 Using sine function based clustering distribution
 
 lethk =    2.0000000000000000E-002

Using curvature control for camber definition...
 xcp -0.14999999999999999        0.0000000000000000       0.14999999999999999       0.25000000000000000       0.50000000000000000       0.75000000000000000       0.95000000000000007        1.0000000000000000        1.0499999999999998     
 ycp   0.0000000000000000        0.0000000000000000        0.0000000000000000       0.50000000000000000       0.29999999999999999       0.14999999999999999        0.0000000000000000        0.0000000000000000        0.0000000000000000     
Total camber is:   -5.458649157297533
Determinant is:    0.037008203012387
Possible values of scaling factor are:      -221.014623965818231        0.497860322075625
Camber line second derivative scaling factor:    0.497860322075625
Inlet u-v metal angle in deg:    2.985458755476514
Exit u-v metal angle in deg:   -2.473190401820989
Stagger angle in deg:   -2.985458755476514
 i_le =            0
 i_te =            0
         121
         241
 
 Stacking position on the chord as % of chord:   25.000000000000000     
 Stacking position in % above(+ve) or below(-ve) meanline :   0.0000000000000000     
 top curve points index range for % chord stacking:          44          45
 bottom curve points index range for % chord stacking:          45          46
 vtop_stack vbot_stack   6.1835939255232626E-002  -3.7075623659185944E-002
 
 u_stack  v_stack  0.25000000000000000        0.0000000000000000     
 
 chrd bladegen:   0.35312367359730851     
 pitch   0.31415926535897931     
 np_sidee         121
 n_normal_distance =           98
 Number of intersection points (k) =           98 from np_side of         121
 ******************************************
 
 Chord multiplier calculated using spline control points...

 ---------------------------------------------------------------------------------
 airfoil type:           7 sect1
  =================================================== 
 Using sine function based clustering distribution
 
 lethk =    2.0000000000000000E-002

Using curvature control for camber definition...
 xcp -0.14999999999999999        0.0000000000000000       0.14999999999999999       0.25000000000000000       0.50000000000000000       0.75000000000000000       0.95000000000000007        1.0000000000000000        1.0499999999999998     
 ycp   0.0000000000000000        0.0000000000000000        0.0000000000000000       0.50000000000000000       0.29999999999999999       0.14999999999999999        0.0000000000000000        0.0000000000000000        0.0000000000000000     
Total camber is:   -3.840859186006766
Determinant is:    0.036840089304201
Possible values of scaling factor are:      -314.230393024006560        0.350171130208408
Camber line second derivative scaling factor:    0.350171130208408
Inlet u-v metal angle in deg:    2.100789368831625
Exit u-v metal angle in deg:   -1.740069817175230
Stagger angle in deg:   -2.100789368831625
 i_le =            0
 i_te =            0
         121
         241
 
 Stacking position on the chord as % of chord:   25.000000000000000     
 Stacking position in % above(+ve) or below(-ve) meanline :   0.0000000000000000     
 top curve points index range for % chord stacking:          44          45
 bottom curve points index range for % chord stacking:          45          46
 vtop_stack vbot_stack   5.8148116627805078E-002  -4.0731378761303408E-002
 
 u_stack  v_stack  0.25000000000000000        0.0000000000000000     
 
 chrd bladegen:   0.33111193738037248     
 pitch   0.31415926535897931     
 np_sidee         121
 n_normal_distance =          100
 Number of intersection points (k) =          100 from np_side of         121
 ******************************************
 
 Chord multiplier calculated using spline control points...

 ---------------------------------------------------------------------------------
 airfoil type:           8 sect1
  =================================================== 
 Using sine function based clustering distribution
 
 lethk =    2.0000000000000000E-002

Using curvature control for camber definition...
 xcp -0.14999999999999999        0.0000000000000000       0.14999999999999999       0.25000000000000000       0.50000000000000000       0.75000000000000000       0.94999999999999984        1.0000000000000000        1.0500000000000003     
 ycp   0.0000000000000000        0.0000000000000000        0.0000000000000000       0.50000000000000000       0.29999999999999999       0.14999999999999999        0.0000000000000000        0.0000000000000000        0.0000000000000000     
Total camber is:   -2.460627729463391
Determinant is:    0.036743369013035
Possible values of scaling factor are:      -490.601781216700886        0.224284574748519
Camber line second derivative scaling factor:    0.224284574748519
Inlet u-v metal angle in deg:    1.345911070509562
Exit u-v metal angle in deg:   -1.114716658954000
Stagger angle in deg:   -1.345911070509562
 i_le =            0
 i_te =            0
         121
         241
 
 Stacking position on the chord as % of chord:   25.000000000000000     
 Stacking position in % above(+ve) or below(-ve) meanline :   0.0000000000000000     
 top curve points index range for % chord stacking:          44          45
 bottom curve points index range for % chord stacking:          45          46
 vtop_stack vbot_stack   5.5009455054944555E-002  -4.3852829118718045E-002
 
 u_stack  v_stack  0.25000000000000000        0.0000000000000000     
 
 chrd bladegen:   0.31204898553238331     
 pitch   0.31415926535897931     
 np_sidee         121
 n_normal_distance =          103
 Number of intersection points (k) =          103 from np_side of         121
 ******************************************
 
 Chord multiplier calculated using spline control points...

 ---------------------------------------------------------------------------------
 airfoil type:           9 sect1
  =================================================== 
 Using sine function based clustering distribution
 
 lethk =    2.0000000000000000E-002

Using curvature control for camber definition...
 xcp -0.14999999999999997        0.0000000000000000       0.14999999999999997       0.25000000000000000       0.50000000000000000       0.75000000000000000       0.94999999999999984        1.0000000000000000        1.0500000000000003     
 ycp   0.0000000000000000        0.0000000000000000        0.0000000000000000       0.50000000000000000       0.29999999999999993       0.14999999999999997        0.0000000000000000        0.0000000000000000        0.0000000000000000     
Total camber is:   -1.386117931163896
Determinant is:    0.036697523828518
Possible values of scaling factor are:      -871.006978930024388        0.126330115065462
Camber line second derivative scaling factor:    0.126330115065462
Inlet u-v metal angle in deg:    0.758190595058864
Exit u-v metal angle in deg:   -0.627927336105089
Stagger angle in deg:   -0.758190595058864
 i_le =            0
 i_te =            0
         121
         241
 
 Stacking position on the chord as % of chord:   25.000000000000000     
 Stacking position in % above(+ve) or below(-ve) meanline :   0.0000000000000000     
 top curve points index range for % chord stacking:          44          45
 bottom curve points index range for % chord stacking:          45          46
 vtop_stack vbot_stack   5.2570232546226198E-002  -4.6285108151889694E-002
 
 u_stack  v_stack  0.25000000000000000        0.0000000000000000     
 
 chrd bladegen:   0.29548255439524651     
 pitch   0.31415926535897931     
 np_sidee         121
 n_normal_distance =          106
 Number of intersection points (k) =          106 from np_side of         121
 ******************************************
 
 Chord multiplier calculated using spline control points...

 ---------------------------------------------------------------------------------
 airfoil type:          10 sect1
  =================================================== 
 Using sine function based clustering distribution
 
 lethk =    2.0000000000000000E-002

Using curvature control for camber definition...
 xcp -0.15000000000000002        0.0000000000000000       0.15000000000000002       0.25000000000000000       0.50000000000000000       0.75000000000000000       0.94999999999999996        1.0000000000000000        1.0500000000000000     
 ycp   0.0000000000000000        0.0000000000000000        0.0000000000000000       0.50000000000000000       0.30000000000000004       0.15000000000000002        0.0000000000000000        0.0000000000000000        0.0000000000000000     
Total camber is:   -0.485016802161753
Determinant is:    0.036678844768545
Possible values of scaling factor are:     -2489.339406281063020        0.044202253655515
Camber line second derivative scaling factor:    0.044202253655515
Inlet u-v metal angle in deg:    0.265300556336814
Exit u-v metal angle in deg:   -0.219716245825199
Stagger angle in deg:   -0.265300556336814
 i_le =            0
 i_te =            0
         121
         241
 
 Stacking position on the chord as % of chord:   25.000000000000000     
 Stacking position in % above(+ve) or below(-ve) meanline :   0.0000000000000000     
 top curve points index range for % chord stacking:          44          45
 bottom curve points index range for % chord stacking:          44          45
 vtop_stack vbot_stack   5.0526705296367484E-002  -4.8326713149794961E-002
 
 u_stack  v_stack  0.25000000000000000        0.0000000000000000     
 
 chrd bladegen:   0.28105271050176744     
 pitch   0.31415926535897931     
 np_sidee         121
 n_normal_distance =          110
 Number of intersection points (k) =          110 from np_side of         121
 ******************************************
 
 Chord multiplier calculated using spline control points...

 ---------------------------------------------------------------------------------
 airfoil type:          11 sect1
  =================================================== 
 Using sine function based clustering distribution
 
 lethk =    2.0000000000000000E-002

Using curvature control for camber definition...
 xcp -0.15000000000000002        0.0000000000000000       0.15000000000000002       0.25000000000000000       0.50000000000000000       0.75000000000000011       0.94999999999999984        1.0000000000000000        1.0500000000000003     
 ycp   0.0000000000000000        0.0000000000000000        0.0000000000000000       0.50000000000000000       0.30000000000000004       0.15000000000000002        0.0000000000000000        0.0000000000000000        0.0000000000000000     
Total camber is:    0.364621119239385
Determinant is:    0.036677711941848
Possible values of scaling factor are:      3311.313012013138632       -0.033229843108024
Camber line second derivative scaling factor:   -0.033229843108024
Inlet u-v metal angle in deg:   -0.199445108155747
Exit u-v metal angle in deg:    0.165176011082676
Stagger angle in deg:    0.199445108155747
 i_le =            0
 i_te =            0
         121
         241
 
 Stacking position on the chord as % of chord:   25.000000000000000     
 Stacking position in % above(+ve) or below(-ve) meanline :   0.0000000000000000     
 top curve points index range for % chord stacking:          44          45
 bottom curve points index range for % chord stacking:          44          45
 vtop_stack vbot_stack   4.8599634461895212E-002  -5.0253518318968682E-002
 
 u_stack  v_stack  0.25000000000000000        0.0000000000000000     
 
 chrd bladegen:   0.26849188915231725     
 pitch   0.31415926535897931     
 np_sidee         121
 n_normal_distance =          111
 Number of intersection points (k) =          111 from np_side of         121
 ******************************************
 
 Chord multiplier calculated using spline control points...

 ---------------------------------------------------------------------------------
 airfoil type:          12 sect1
  =================================================== 
 Using sine function based clustering distribution
 
 lethk =    2.0000000000000000E-002

Using curvature control for camber definition...
 xcp -0.14999999999999999        0.0000000000000000       0.14999999999999999       0.25000000000000000       0.50000000000000000       0.75000000000000011       0.95000000000000007        1.0000000000000000        1.0499999999999998     
 ycp   0.0000000000000000        0.0000000000000000        0.0000000000000000       0.50000000000000000       0.29999999999999999       0.14999999999999999        0.0000000000000000        0.0000000000000000        0.0000000000000000     
Total camber is:   -0.631689059089417
Determinant is:    0.036680658733581
Possible values of scaling factor are:     -1911.330056952494715        0.057569550309133
Camber line second derivative scaling factor:    0.057569550309133
Inlet u-v metal angle in deg:    0.345528937131964
Exit u-v metal angle in deg:   -0.286160121957676
Stagger angle in deg:   -0.345528937131964
 i_le =            0
 i_te =            0
         121
         241
 
 Stacking position on the chord as % of chord:   25.000000000000000     
 Stacking position in % above(+ve) or below(-ve) meanline :   0.0000000000000000     
 top curve points index range for % chord stacking:          44          45
 bottom curve points index range for % chord stacking:          45          46
 vtop_stack vbot_stack   5.0859565683799256E-002  -4.7994273708690874E-002
 
 u_stack  v_stack  0.25000000000000000        0.0000000000000000     
 
 chrd bladegen:   0.25761417173804640     
 pitch   0.31415926535897931     
 np_sidee         121
 n_normal_distance =          109
 Number of intersection points (k) =          109 from np_side of         121
 ******************************************
 
 Chord multiplier calculated using spline control points...

 ---------------------------------------------------------------------------------
 airfoil type:          13 sect1
  =================================================== 
 Using sine function based clustering distribution
 
 lethk =    2.0000000000000000E-002

Using curvature control for camber definition...
 xcp -0.14999999999999997        0.0000000000000000       0.14999999999999997       0.24999999999999997       0.49999999999999994       0.75000000000000000       0.94999999999999984        1.0000000000000000        1.0500000000000003     
 ycp   0.0000000000000000        0.0000000000000000        0.0000000000000000       0.49999999999999994       0.29999999999999993       0.14999999999999997        0.0000000000000000        0.0000000000000000        0.0000000000000000     
Total camber is:   -0.668800864391075
Determinant is:    0.036681193273220
Possible values of scaling factor are:     -1805.267952141351316        0.060951844705610
Camber line second derivative scaling factor:    0.060951844705610
Inlet u-v metal angle in deg:    0.365828725832342
Exit u-v metal angle in deg:   -0.302972138558050
Stagger angle in deg:   -0.365828725832342
 i_le =            0
 i_te =            0
         121
         241
 
 Stacking position on the chord as % of chord:   25.000000000000000     
 Stacking position in % above(+ve) or below(-ve) meanline :   0.0000000000000000     
 top curve points index range for % chord stacking:          44          45
 bottom curve points index range for % chord stacking:          45          46
 vtop_stack vbot_stack   5.0943681945797473E-002  -4.7910166226187795E-002
 
 u_stack  v_stack  0.25000000000000000        0.0000000000000000     
 
 chrd bladegen:   0.24840156906688912     
 pitch   0.31415926535897931     
 np_sidee         121
 n_normal_distance =          108
 Number of intersection points (k) =          108 from np_side of         121
 ******************************************
 
 Chord multiplier calculated using spline control points...

 ---------------------------------------------------------------------------------
 airfoil type:          14 sect1
  =================================================== 
 Using sine function based clustering distribution
 
 lethk =    2.0000000000000000E-002

Using curvature control for camber definition...
 xcp -0.14999999999999999        0.0000000000000000       0.14999999999999999       0.24999999999999997       0.49999999999999994       0.74999999999999989       0.94999999999999996        1.0000000000000000        1.0500000000000000     
 ycp   0.0000000000000000        0.0000000000000000        0.0000000000000000       0.49999999999999994       0.29999999999999999       0.14999999999999999        0.0000000000000000        0.0000000000000000        0.0000000000000000     
Total camber is:   -0.876471811311902
Determinant is:    0.036684747738482
Possible values of scaling factor are:     -1377.516829458423445        0.079878814921160
Camber line second derivative scaling factor:    0.079878814921160
Inlet u-v metal angle in deg:    0.479422408379453
Exit u-v metal angle in deg:   -0.397049402932815
Stagger angle in deg:   -0.479422408379453
 i_le =            0
 i_te =            0
         121
         241
 
 Stacking position on the chord as % of chord:   25.000000000000000     
 Stacking position in % above(+ve) or below(-ve) meanline :   0.0000000000000000     
 top curve points index range for % chord stacking:          44          45
 bottom curve points index range for % chord stacking:          45          46
 vtop_stack vbot_stack   5.1414446105719699E-002  -4.7439575448411486E-002
 
 u_stack  v_stack  0.25000000000000000        0.0000000000000000     
 
 chrd bladegen:   0.24089495547490808     
 pitch   0.31415926535897931     
 np_sidee         121
 n_normal_distance =          106
 Number of intersection points (k) =          106 from np_side of         121
 ******************************************
 
 Chord multiplier calculated using spline control points...

 ---------------------------------------------------------------------------------
 airfoil type:          15 sect1
  =================================================== 
 Using sine function based clustering distribution
 
 lethk =    2.0000000000000000E-002

Using curvature control for camber definition...
 xcp -0.14999999999999997        0.0000000000000000       0.14999999999999997       0.25000000000000000       0.50000000000000000       0.75000000000000000       0.94999999999999996        1.0000000000000000        1.0500000000000000     
 ycp   0.0000000000000000        0.0000000000000000        0.0000000000000000       0.50000000000000000       0.29999999999999993       0.14999999999999997        0.0000000000000000        0.0000000000000000        0.0000000000000000     
Total camber is:   -1.120861448802705
Determinant is:    0.036690155257899
Possible values of scaling factor are:     -1077.153036798238190        0.102152997867524
Camber line second derivative scaling factor:    0.102152997867524
Inlet u-v metal angle in deg:    0.613100106993572
Exit u-v metal angle in deg:   -0.507761341809143
Stagger angle in deg:   -0.613100106993572
 i_le =            0
 i_te =            0
         121
         241
 
 Stacking position on the chord as % of chord:   25.000000000000000     
 Stacking position in % above(+ve) or below(-ve) meanline :   0.0000000000000000     
 top curve points index range for % chord stacking:          44          45
 bottom curve points index range for % chord stacking:          45          46
 vtop_stack vbot_stack   5.1968590945873416E-002  -4.6885904700827805E-002
 
 u_stack  v_stack  0.25000000000000000        0.0000000000000000     
 
 chrd bladegen:   0.23512624700846513     
 pitch   0.31415926535897931     
 np_sidee         121
 n_normal_distance =          106
 Number of intersection points (k) =          106 from np_side of         121
 ******************************************
 
 Chord multiplier calculated using spline control points...

 ---------------------------------------------------------------------------------
 airfoil type:          16 sect1
  =================================================== 
 Using sine function based clustering distribution
 
 lethk =    2.0000000000000000E-002

Using curvature control for camber definition...
 xcp -0.14999999999999997        0.0000000000000000       0.14999999999999997       0.25000000000000000       0.50000000000000000       0.75000000000000000       0.94999999999999996        1.0000000000000000        1.0500000000000000     
 ycp   0.0000000000000000        0.0000000000000000        0.0000000000000000       0.50000000000000000       0.29999999999999993       0.14999999999999997        0.0000000000000000        0.0000000000000000        0.0000000000000000     
Total camber is:   -1.231805407383263
Determinant is:    0.036693047235585
Possible values of scaling factor are:      -980.131353746295190        0.112264964742132
Camber line second derivative scaling factor:    0.112264964742132
Inlet u-v metal angle in deg:    0.673784592824028
Exit u-v metal angle in deg:   -0.558020814558565
Stagger angle in deg:   -0.673784592824028
 i_le =            0
 i_te =            0
         121
         241
 
 Stacking position on the chord as % of chord:   25.000000000000000     
 Stacking position in % above(+ve) or below(-ve) meanline :   0.0000000000000000     
 top curve points index range for % chord stacking:          44          45
 bottom curve points index range for % chord stacking:          45          46
 vtop_stack vbot_stack   5.2220205131504195E-002  -4.6634602105404634E-002
 
 u_stack  v_stack  0.25000000000000000        0.0000000000000000     
 
 chrd bladegen:   0.23112024036422396     
 pitch   0.31415926535897931     
 np_sidee         121
 n_normal_distance =          105
 Number of intersection points (k) =          105 from np_side of         121
 ******************************************
 
 Chord multiplier calculated using spline control points...

 ---------------------------------------------------------------------------------
 airfoil type:          17 sect1
  =================================================== 
 Using sine function based clustering distribution
 
 lethk =    2.0000000000000000E-002

Using curvature control for camber definition...
 xcp -0.15000000000000002        0.0000000000000000       0.15000000000000002       0.25000000000000000       0.50000000000000000       0.75000000000000000       0.94999999999999996        1.0000000000000000        1.0500000000000000     
 ycp   0.0000000000000000        0.0000000000000000        0.0000000000000000       0.50000000000000000       0.30000000000000004       0.15000000000000002        0.0000000000000000        0.0000000000000000        0.0000000000000000     
Total camber is:   -1.057886979459253
Determinant is:    0.036688635174827
Possible values of scaling factor are:     -1141.278466931211824        0.096413290059669
Camber line second derivative scaling factor:    0.096413290059669
Inlet u-v metal angle in deg:    0.578654039440445
Exit u-v metal angle in deg:   -0.479232940019260
Stagger angle in deg:   -0.578654039440445
 i_le =            0
 i_te =            0
         121
         241
 
 Stacking position on the chord as % of chord:   25.000000000000000     
 Stacking position in % above(+ve) or below(-ve) meanline :   0.0000000000000000     
 top curve points index range for % chord stacking:          44          45
 bottom curve points index range for % chord stacking:          45          46
 vtop_stack vbot_stack   5.1825783416419934E-002  -4.7028562138579047E-002
 
 u_stack  v_stack  0.25000000000000000        0.0000000000000000     
 
 chrd bladegen:   0.22885708135808369     
 pitch   0.31415926535897931     
 np_sidee         121
 n_normal_distance =          106
 Number of intersection points (k) =          106 from np_side of         121
 ******************************************
 
 Chord multiplier calculated using spline control points...

 ---------------------------------------------------------------------------------
 airfoil type:          18 sect1
  =================================================== 
 Using sine function based clustering distribution
 
 lethk =    2.0000000000000000E-002

Using curvature control for camber definition...
 xcp -0.14999999999999999        0.0000000000000000       0.14999999999999999       0.25000000000000000       0.50000000000000000       0.74999999999999989       0.94999999999999996        1.0000000000000000        1.0500000000000000     
 ycp   0.0000000000000000        0.0000000000000000        0.0000000000000000       0.50000000000000000       0.29999999999999999       0.14999999999999999        0.0000000000000000        0.0000000000000000        0.0000000000000000     
Total camber is:   -0.316720141200708
Determinant is:    0.036677350518801
Possible values of scaling factor are:     -3812.121574630885334        0.028864350130591
Camber line second derivative scaling factor:    0.028864350130591
Inlet u-v metal angle in deg:    0.173243644968273
Exit u-v metal angle in deg:   -0.143476496230940
Stagger angle in deg:   -0.173243644968273
 i_le =            0
 i_te =            0
         121
         241
 
 Stacking position on the chord as % of chord:   25.000000000000000     
 Stacking position in % above(+ve) or below(-ve) meanline :   0.0000000000000000     
 top curve points index range for % chord stacking:          44          45
 bottom curve points index range for % chord stacking:          44          45
 vtop_stack vbot_stack   5.0144838374848962E-002  -4.8708229644877393E-002
 
 u_stack  v_stack  0.25000000000000000        0.0000000000000000     
 
 chrd bladegen:   0.22800589838670660     
 pitch   0.31415926535897931     
 np_sidee         121
 n_normal_distance =          111
 Number of intersection points (k) =          111 from np_side of         121
 ******************************************
 
 Chord multiplier calculated using spline control points...

 ---------------------------------------------------------------------------------
 airfoil type:          19 sect1
  =================================================== 
 Using sine function based clustering distribution
 
 lethk =    2.0000000000000000E-002

Using curvature control for camber definition...
 xcp -0.14999999999999997        0.0000000000000000       0.14999999999999997       0.25000000000000000       0.50000000000000000       0.75000000000000011       0.94999999999999996        1.0000000000000000        1.0500000000000000     
 ycp   0.0000000000000000        0.0000000000000000        0.0000000000000000       0.50000000000000000       0.29999999999999993       0.14999999999999997        0.0000000000000000        0.0000000000000000        0.0000000000000000     
Total camber is:    1.384516311875803
Determinant is:    0.036697474651381
Possible values of scaling factor are:       872.014667446856834       -0.126184129669743
Camber line second derivative scaling factor:   -0.126184129669743
Inlet u-v metal angle in deg:   -0.757314542223202
Exit u-v metal angle in deg:    0.627201769652424
Stagger angle in deg:    0.757314542223202
 i_le =            0
 i_te =            0
         121
         241
 
 Stacking position on the chord as % of chord:   25.000000000000000     
 Stacking position in % above(+ve) or below(-ve) meanline :   0.0000000000000000     
 top curve points index range for % chord stacking:          45          46
 bottom curve points index range for % chord stacking:          44          45
 vtop_stack vbot_stack   4.6288735311541034E-002  -5.2566599251777646E-002
 
 u_stack  v_stack  0.25000000000000000        0.0000000000000000     
 
 chrd bladegen:   0.22818913068268035     
 pitch   0.31415926535897931     
 np_sidee         121
 n_normal_distance =          104
 Number of intersection points (k) =          104 from np_side of         121
 ******************************************
 
 Chord multiplier calculated using spline control points...

 ---------------------------------------------------------------------------------
 airfoil type:          20 sect1
  =================================================== 
 Using sine function based clustering distribution
 
 lethk =    2.0000000000000000E-002

Using curvature control for camber definition...
 xcp -0.14999999999999999        0.0000000000000000       0.14999999999999999       0.25000000000000000       0.50000000000000000       0.75000000000000000       0.95000000000000007        1.0000000000000000        1.0499999999999998     
 ycp   0.0000000000000000        0.0000000000000000        0.0000000000000000       0.50000000000000000       0.29999999999999999       0.14999999999999999        0.0000000000000000        0.0000000000000000        0.0000000000000000     
Total camber is:    4.324992787108565
Determinant is:    0.036884165751558
Possible values of scaling factor are:       279.027123970922219       -0.394350234862876
Camber line second derivative scaling factor:   -0.394350234862876
Inlet u-v metal angle in deg:   -2.365549790499713
Exit u-v metal angle in deg:    1.959442996608851
Stagger angle in deg:    2.365549790499713
 i_le =            0
 i_te =            0
         121
         241
 
 Stacking position on the chord as % of chord:   25.000000000000000     
 Stacking position in % above(+ve) or below(-ve) meanline :   0.0000000000000000     
 top curve points index range for % chord stacking:          45          46
 bottom curve points index range for % chord stacking:          44          45
 vtop_stack vbot_stack   3.9637098406707948E-002  -5.9250645953552325E-002
 
 u_stack  v_stack  0.25000000000000000        0.0000000000000000     
 
 chrd bladegen:   0.22916867658075740     
 pitch   0.31415926535897931     
 np_sidee         121
 n_normal_distance =           96
 Number of intersection points (k) =           96 from np_side of         121
 ******************************************
 
 Chord multiplier calculated using spline control points...

 ---------------------------------------------------------------------------------
 airfoil type:          21 sect1
  =================================================== 
 Using sine function based clustering distribution
 
 lethk =    2.0000000000000000E-002

Using curvature control for camber definition...
 xcp -0.14999999999999999        0.0000000000000000       0.14999999999999999       0.25000000000000000       0.50000000000000000       0.75000000000000000       0.94999999999999996        1.0000000000000000        1.0500000000000000     
 ycp   0.0000000000000000        0.0000000000000000        0.0000000000000000       0.50000000000000000       0.29999999999999999       0.14999999999999999        0.0000000000000000        0.0000000000000000        0.0000000000000000     
Total camber is:    8.737722092785525
Determinant is:    0.037534962481260
Possible values of scaling factor are:       137.905069370166245       -0.797899688340612
Camber line second derivative scaling factor:   -0.797899688340612
Inlet u-v metal angle in deg:   -4.777897524669191
Exit u-v metal angle in deg:    3.959824568116333
Stagger angle in deg:    4.777897524669191
 i_le =            0
 i_te =            0
         121
         241
 
 Stacking position on the chord as % of chord:   25.000000000000000     
 Stacking position in % above(+ve) or below(-ve) meanline :   0.0000000000000000     
 top curve points index range for % chord stacking:          45          46
 bottom curve points index range for % chord stacking:          44          45
 vtop_stack vbot_stack   2.9669675314852345E-002  -6.9346455321213044E-002
 
 u_stack  v_stack  0.25000000000000000        0.0000000000000000     
 
 chrd bladegen:   0.23087775820925632     
 pitch   0.31415926535897931     
 np_sidee         121
 n_normal_distance =           89
 Number of intersection points (k) =           89 from np_side of         121
 ******************************************
 Number of airfoil coordinates:         241
 
 Stacking Axis location:       25000
 
 Section #           1
 Section #           2
 Section #           3
 Section #           4
 Section #           5
 Section #           6
 Section #           7
 Section #           8
 Section #           9
 Section #          10
 Section #          11
 Section #          12
 Section #          13
 Section #          14
 Section #          15
 Section #          16
 Section #          17
 Section #          18
 Section #          19
 Section #          20
 Section #          21
 i_slope           0
 i_slope           0
 i_slope           0
 i_slope           0
 i_slope           0
 i_slope           0
 i_slope           0
 i_slope           0
 i_slope           0
 i_slope           0
 i_slope           0
 i_slope           0
 i_slope           0
 i_slope           0
 i_slope           0
 i_slope           0
 i_slope           0
 i_slope           0
 i_slope           0
 i_slope           0
 i_slope           0
 
 span          delta_m
   0.0000000000000000        0.0000000000000000     
   4.3387452907245522E-002   0.0000000000000000     
   9.1666814348395992E-002   0.0000000000000000     
  0.14180684101438704        0.0000000000000000     
  0.19287314220344681        0.0000000000000000     
  0.24429913550710761        0.0000000000000000     
  0.29570585218523998        0.0000000000000000     
  0.34684875028072154        0.0000000000000000     
  0.39758620514910942        0.0000000000000000     
  0.44785993027610921        0.0000000000000000     
  0.49767092108288941        0.0000000000000000     
  0.54706198722188681        0.0000000000000000     
  0.59610281898167339        0.0000000000000000     
  0.64488314347623310        0.0000000000000000     
  0.69351621916945305        0.0000000000000000     
  0.74214526809226933        0.0000000000000000     
  0.79095033706026341        0.0000000000000000     
  0.84016821100777206        0.0000000000000000     
  0.89017971105885929        0.0000000000000000     
  0.94188710962677069        0.0000000000000000     
   1.0000000000000000        0.0000000000000000     
 
 span         delta_theta
   0.0000000000000000        0.0000000000000000     
   4.3387452907245522E-002   0.0000000000000000     
   9.1666814348395992E-002   0.0000000000000000     
  0.14180684101438704        0.0000000000000000     
  0.19287314220344681        0.0000000000000000     
  0.24429913550710761        0.0000000000000000     
  0.29570585218523998        0.0000000000000000     
  0.34684875028072154        0.0000000000000000     
  0.39758620514910942        0.0000000000000000     
  0.44785993027610921        0.0000000000000000     
  0.49767092108288941        0.0000000000000000     
  0.54706198722188681        0.0000000000000000     
  0.59610281898167339        0.0000000000000000     
  0.64488314347623310        0.0000000000000000     
  0.69351621916945305        0.0000000000000000     
  0.74214526809226933        0.0000000000000000     
  0.79095033706026341        0.0000000000000000     
  0.84016821100777206        0.0000000000000000     
  0.89017971105885929        0.0000000000000000     
  0.94188710962677069        0.0000000000000000     
   1.0000000000000000        0.0000000000000000     
 
 section(           1 )
 3D throat line [mm] =   14.338499579895831     
 3D mouth line [mm] =   17.888776418340957     
 3D exit line [mm] =   15.232087923953319     
 section(           2 )
 3D throat line [mm] =   15.982005171939498     
 3D mouth line [mm] =   19.210139445087442     
 3D exit line [mm] =   17.291730768863559     
 section(           3 )
 3D throat line [mm] =   17.643543053848216     
 3D mouth line [mm] =   20.680485337473620     
 3D exit line [mm] =   19.287700652443558     
 section(           4 )
 3D throat line [mm] =   19.302537803064475     
 3D mouth line [mm] =   22.207497709879174     
 3D exit line [mm] =   21.243730746523184     
 section(           5 )
 3D throat line [mm] =   20.955369519419143     
 3D mouth line [mm] =   23.762719733356302     
 3D exit line [mm] =   23.073357143642376     
 section(           6 )
 3D throat line [mm] =   22.585169323721491     
 3D mouth line [mm] =   25.328896164833907     
 3D exit line [mm] =   24.965744817337914     
 section(           7 )
 3D throat line [mm] =   24.199040439547780     
 3D mouth line [mm] =   26.894485527503658     
 3D exit line [mm] =   26.748047585066459     
 section(           8 )
 3D throat line [mm] =   25.787118884929647     
 3D mouth line [mm] =   28.452040306497217     
 3D exit line [mm] =   28.562413114889445     
 section(           9 )
 3D throat line [mm] =   27.347334313306483     
 3D mouth line [mm] =   29.997247329311630     
 3D exit line [mm] =   30.227571647687199     
 section(          10 )
 3D throat line [mm] =   28.879830805334649     
 3D mouth line [mm] =   31.528331482641647     
 3D exit line [mm] =   31.781929988944949     
 section(          11 )
 3D throat line [mm] =   30.385891213870803     
 3D mouth line [mm] =   33.045323081996379     
 3D exit line [mm] =   33.295238329022844     
 section(          12 )
 3D throat line [mm] =   31.867857549596863     
 3D mouth line [mm] =   34.549525893513923     
 3D exit line [mm] =   34.733391362340846     
 section(          13 )
 3D throat line [mm] =   33.326183530166993     
 3D mouth line [mm] =   36.043062331958858     
 3D exit line [mm] =   36.067869794263096     
 section(          14 )
 3D throat line [mm] =   34.759765783126511     
 3D mouth line [mm] =   37.508665079422777     
 3D exit line [mm] =   37.466917490365951     
 section(          15 )
 3D throat line [mm] =   36.168258542124590     
 3D mouth line [mm] =   39.009783277596512     
 3D exit line [mm] =   38.864164776416246     
 section(          16 )
 3D throat line [mm] =   37.554554306978559     
 3D mouth line [mm] =   40.490778887314143     
 3D exit line [mm] =   40.111238400548004     
 section(          17 )
 3D throat line [mm] =   38.922779167242901     
 3D mouth line [mm] =   41.977135179995990     
 3D exit line [mm] =   41.508701914458833     
 section(          18 )
 3D throat line [mm] =   40.283393496689072     
 3D mouth line [mm] =   43.476063430712685     
 3D exit line [mm] =   42.942274195931184     
 section(          19 )
 3D throat line [mm] =   41.651600584416556     
 3D mouth line [mm] =   44.999161530546154     
 3D exit line [mm] =   44.111677150497130     
 section(          20 )
 3D throat line [mm] =   43.052593794707278     
 3D mouth line [mm] =   46.573908147337576     
 3D exit line [mm] =   45.172605193037924     
 section(          21 )
 3D throat line [mm] =   44.600896286823073     
 3D mouth line [mm] =   48.343733743708022     
 3D exit line [mm] =   46.131511309416922     
 Number of radial sections:          21
 
 Writing 3D blade geometry ...
 
 chord_actual(mm):   29.713282698429651     
 chord_actual(mm):   29.331015272149841     
 chord_actual(mm):   29.133335207504388     
 chord_actual(mm):   29.005135377596485     
 chord_actual(mm):   28.904007925025848     
 chord_actual(mm):   28.815801999523149     
 chord_actual(mm):   28.741171445625138     
 chord_actual(mm):   28.675863892362493     
 chord_actual(mm):   28.626878452822794     
 chord_actual(mm):   28.601883350029663     
 chord_actual(mm):   28.610761800631160     
 chord_actual(mm):   28.667511642616454     
 chord_actual(mm):   28.799323451714539     
 chord_actual(mm):   29.036833615752787     
 chord_actual(mm):   29.410379759796172     
 chord_actual(mm):   29.954051830559596     
 chord_actual(mm):   30.695454916810725     
 chord_actual(mm):   31.620526747872521     
 chord_actual(mm):   32.704994503995316     
 chord_actual(mm):   33.952763633590088     
 chord_actual(mm):   35.493673658768223     
 
 Calculating the meanline by taking the average of PS ans SS in 3D...
 Writing the meanline in 3D to meanline.sec#.dat files...
 
 Writing the top and bottom periodic wall coordinates...
 
         121
 throat_index           1          54
 throat_index           2          52
 throat_index           3          51
 throat_index           4          50
 throat_index           5          50
 throat_index           6          49
 throat_index           7          49
 throat_index           8          49
 throat_index           9          49
 throat_index          10          49
 throat_index          11          49
 throat_index          12          49
 throat_index          13          49
 throat_index          14          48
 throat_index          15          49
 throat_index          16          49
 throat_index          17          49
 throat_index          18          49
 throat_index          19          49
 throat_index          20          49
 throat_index          21          51
 
 casename:Case6_2
 
 fname: blade3d.Case6_2.dat
 
 Creating section data files for CAD system
 
 Number of points:          241
 
 Number of sections:           21
 
 bsf:    152.40000000000001     
 Number of blades in this row:           20

 
